[3.152s] Invoking command in '/home/marc/ros2_ws/build/thorn_drivers': CMAKE_PREFIX_PATH=${CMAKE_PREFIX_PATH}:/home/marc/ros2_ws/install/thorn_planners:/home/marc/ros2_ws/install/thorn_launchers:/home/marc/ros2_ws/install/test_stand:/opt/ros/iron /usr/bin/cmake --build /home/marc/ros2_ws/build/thorn_drivers -- -j4 -l4
[3.716s] [100%] Built target Servo_Driver_node
[6.232s] Invoked command in '/home/marc/ros2_ws/build/thorn_drivers' returned '0': CMAKE_PREFIX_PATH=${CMAKE_PREFIX_PATH}:/home/marc/ros2_ws/install/thorn_planners:/home/marc/ros2_ws/install/thorn_launchers:/home/marc/ros2_ws/install/test_stand:/opt/ros/iron /usr/bin/cmake --build /home/marc/ros2_ws/build/thorn_drivers -- -j4 -l4
[6.606s] Invoking command in '/home/marc/ros2_ws/build/thorn_drivers': CMAKE_PREFIX_PATH=${CMAKE_PREFIX_PATH}:/home/marc/ros2_ws/install/thorn_planners:/home/marc/ros2_ws/install/thorn_launchers:/home/marc/ros2_ws/install/test_stand:/opt/ros/iron /usr/bin/cmake --install /home/marc/ros2_ws/build/thorn_drivers
[6.733s] -- Install configuration: ""
[6.742s] -- Up-to-date: /home/marc/ros2_ws/install/thorn_drivers/lib/thorn_drivers/Servo_Driver_node
[6.761s] -- Up-to-date: /home/marc/ros2_ws/install/thorn_drivers/share/ament_index/resource_index/package_run_dependencies/thorn_drivers
[6.770s] -- Up-to-date: /home/marc/ros2_ws/install/thorn_drivers/share/ament_index/resource_index/parent_prefix_path/thorn_drivers
[6.780s] -- Up-to-date: /home/marc/ros2_ws/install/thorn_drivers/share/thorn_drivers/environment/ament_prefix_path.sh
[6.782s] -- Up-to-date: /home/marc/ros2_ws/install/thorn_drivers/share/thorn_drivers/environment/ament_prefix_path.dsv
[6.785s] -- Up-to-date: /home/marc/ros2_ws/install/thorn_drivers/share/thorn_drivers/environment/path.sh
[6.787s] -- Up-to-date: /home/marc/ros2_ws/install/thorn_drivers/share/thorn_drivers/environment/path.dsv
[6.790s] -- Up-to-date: /home/marc/ros2_ws/install/thorn_drivers/share/thorn_drivers/local_setup.bash
[6.792s] -- Up-to-date: /home/marc/ros2_ws/install/thorn_drivers/share/thorn_drivers/local_setup.sh
[6.794s] -- Up-to-date: /home/marc/ros2_ws/install/thorn_drivers/share/thorn_drivers/local_setup.zsh
[6.796s] -- Up-to-date: /home/marc/ros2_ws/install/thorn_drivers/share/thorn_drivers/local_setup.dsv
[6.798s] -- Installing: /home/marc/ros2_ws/install/thorn_drivers/share/thorn_drivers/package.dsv
[6.801s] -- Up-to-date: /home/marc/ros2_ws/install/thorn_drivers/share/ament_index/resource_index/packages/thorn_drivers
[6.803s] -- Up-to-date: /home/marc/ros2_ws/install/thorn_drivers/share/thorn_drivers/cmake/thorn_driversConfig.cmake
[6.804s] -- Up-to-date: /home/marc/ros2_ws/install/thorn_drivers/share/thorn_drivers/cmake/thorn_driversConfig-version.cmake
[6.808s] -- Up-to-date: /home/marc/ros2_ws/install/thorn_drivers/share/thorn_drivers/package.xml
[6.960s] Invoked command in '/home/marc/ros2_ws/build/thorn_drivers' returned '0': CMAKE_PREFIX_PATH=${CMAKE_PREFIX_PATH}:/home/marc/ros2_ws/install/thorn_planners:/home/marc/ros2_ws/install/thorn_launchers:/home/marc/ros2_ws/install/test_stand:/opt/ros/iron /usr/bin/cmake --install /home/marc/ros2_ws/build/thorn_drivers
