running egg_info
creating ../../build/thorn_launchers/thorn_launchers.egg-info
writing ../../build/thorn_launchers/thorn_launchers.egg-info/PKG-INFO
writing dependency_links to ../../build/thorn_launchers/thorn_launchers.egg-info/dependency_links.txt
writing entry points to ../../build/thorn_launchers/thorn_launchers.egg-info/entry_points.txt
writing requirements to ../../build/thorn_launchers/thorn_launchers.egg-info/requires.txt
writing top-level names to ../../build/thorn_launchers/thorn_launchers.egg-info/top_level.txt
writing manifest file '../../build/thorn_launchers/thorn_launchers.egg-info/SOURCES.txt'
reading manifest file '../../build/thorn_launchers/thorn_launchers.egg-info/SOURCES.txt'
writing manifest file '../../build/thorn_launchers/thorn_launchers.egg-info/SOURCES.txt'
running build
running build_py
creating /home/marc/ros2_ws/build/thorn_launchers/build
creating /home/marc/ros2_ws/build/thorn_launchers/build/lib
creating /home/marc/ros2_ws/build/thorn_launchers/build/lib/thorn_launchers
copying thorn_launchers/__init__.py -> /home/marc/ros2_ws/build/thorn_launchers/build/lib/thorn_launchers
running install
running install_lib
creating /home/marc/ros2_ws/install/thorn_launchers/lib/python3.10/site-packages/thorn_launchers
copying /home/marc/ros2_ws/build/thorn_launchers/build/lib/thorn_launchers/__init__.py -> /home/marc/ros2_ws/install/thorn_launchers/lib/python3.10/site-packages/thorn_launchers
byte-compiling /home/marc/ros2_ws/install/thorn_launchers/lib/python3.10/site-packages/thorn_launchers/__init__.py to __init__.cpython-310.pyc
running install_data
creating /home/marc/ros2_ws/install/thorn_launchers/share/ament_index
creating /home/marc/ros2_ws/install/thorn_launchers/share/ament_index/resource_index
creating /home/marc/ros2_ws/install/thorn_launchers/share/ament_index/resource_index/packages
copying resource/thorn_launchers -> /home/marc/ros2_ws/install/thorn_launchers/share/ament_index/resource_index/packages
copying package.xml -> /home/marc/ros2_ws/install/thorn_launchers/share/thorn_launchers
running install_egg_info
Copying ../../build/thorn_launchers/thorn_launchers.egg-info to /home/marc/ros2_ws/install/thorn_launchers/lib/python3.10/site-packages/thorn_launchers-0.0.0-py3.10.egg-info
running install_scripts
writing list of installed files to '/home/marc/ros2_ws/build/thorn_launchers/install.log'
