[9.608s] Invoking command in '/home/marc/ros2_ws/src/thorn_planners': PYTHONPATH=/home/marc/ros2_ws/build/thorn_planners/prefix_override:/usr/lib/python3/dist-packages/colcon_core/task/python/colcon_distutils_commands:/home/marc/ros2_ws/install/thorn_planners/lib/python3.10/site-packages:${PYTHONPATH} /usr/bin/python3 -W ignore:setup.py install is deprecated setup.py egg_info --egg-base ../../build/thorn_planners build --build-base /home/marc/ros2_ws/build/thorn_planners/build install --record /home/marc/ros2_ws/build/thorn_planners/install.log --single-version-externally-managed install_data
[12.568s] running egg_info
[12.575s] writing ../../build/thorn_planners/thorn_planners.egg-info/PKG-INFO
[12.578s] writing dependency_links to ../../build/thorn_planners/thorn_planners.egg-info/dependency_links.txt
[12.580s] writing entry points to ../../build/thorn_planners/thorn_planners.egg-info/entry_points.txt
[12.582s] writing requirements to ../../build/thorn_planners/thorn_planners.egg-info/requires.txt
[12.584s] writing top-level names to ../../build/thorn_planners/thorn_planners.egg-info/top_level.txt
[12.603s] reading manifest file '../../build/thorn_planners/thorn_planners.egg-info/SOURCES.txt'
[12.615s] writing manifest file '../../build/thorn_planners/thorn_planners.egg-info/SOURCES.txt'
[12.618s] running build
[12.619s] running build_py
[12.624s] running install
[12.627s] running install_lib
[12.640s] running install_data
[12.646s] running install_egg_info
[12.664s] removing '/home/marc/ros2_ws/install/thorn_planners/lib/python3.10/site-packages/thorn_planners-0.0.0-py3.10.egg-info' (and everything under it)
[12.668s] Copying ../../build/thorn_planners/thorn_planners.egg-info to /home/marc/ros2_ws/install/thorn_planners/lib/python3.10/site-packages/thorn_planners-0.0.0-py3.10.egg-info
[12.684s] running install_scripts
[12.891s] Installing Flight_Planner_node script to /home/marc/ros2_ws/install/thorn_planners/lib/thorn_planners
[12.898s] writing list of installed files to '/home/marc/ros2_ws/build/thorn_planners/install.log'
[13.182s] Invoked command in '/home/marc/ros2_ws/src/thorn_planners' returned '0': PYTHONPATH=/home/marc/ros2_ws/build/thorn_planners/prefix_override:/usr/lib/python3/dist-packages/colcon_core/task/python/colcon_distutils_commands:/home/marc/ros2_ws/install/thorn_planners/lib/python3.10/site-packages:${PYTHONPATH} /usr/bin/python3 -W ignore:setup.py install is deprecated setup.py egg_info --egg-base ../../build/thorn_planners build --build-base /home/marc/ros2_ws/build/thorn_planners/build install --record /home/marc/ros2_ws/build/thorn_planners/install.log --single-version-externally-managed install_data
