[12.494s] Invoking command in '/home/marc/ros2_ws/src/thorn_launchers': PYTHONPATH=/home/marc/ros2_ws/build/thorn_launchers/prefix_override:/usr/lib/python3/dist-packages/colcon_core/task/python/colcon_distutils_commands:/home/marc/ros2_ws/install/thorn_launchers/lib/python3.10/site-packages:${PYTHONPATH} /usr/bin/python3 -W ignore:setup.py install is deprecated setup.py egg_info --egg-base ../../build/thorn_launchers build --build-base /home/marc/ros2_ws/build/thorn_launchers/build install --record /home/marc/ros2_ws/build/thorn_launchers/install.log --single-version-externally-managed install_data
[15.488s] running egg_info
[15.495s] writing ../../build/thorn_launchers/thorn_launchers.egg-info/PKG-INFO
[15.498s] writing dependency_links to ../../build/thorn_launchers/thorn_launchers.egg-info/dependency_links.txt
[15.504s] writing entry points to ../../build/thorn_launchers/thorn_launchers.egg-info/entry_points.txt
[15.507s] writing requirements to ../../build/thorn_launchers/thorn_launchers.egg-info/requires.txt
[15.508s] writing top-level names to ../../build/thorn_launchers/thorn_launchers.egg-info/top_level.txt
[15.526s] reading manifest file '../../build/thorn_launchers/thorn_launchers.egg-info/SOURCES.txt'
[15.538s] writing manifest file '../../build/thorn_launchers/thorn_launchers.egg-info/SOURCES.txt'
[15.540s] running build
[15.541s] running build_py
[15.549s] running install
[15.553s] running install_lib
[15.568s] running install_data
[15.574s] running install_egg_info
[15.594s] removing '/home/marc/ros2_ws/install/thorn_launchers/lib/python3.10/site-packages/thorn_launchers-0.0.0-py3.10.egg-info' (and everything under it)
[15.599s] Copying ../../build/thorn_launchers/thorn_launchers.egg-info to /home/marc/ros2_ws/install/thorn_launchers/lib/python3.10/site-packages/thorn_launchers-0.0.0-py3.10.egg-info
[15.618s] running install_scripts
[15.843s] writing list of installed files to '/home/marc/ros2_ws/build/thorn_launchers/install.log'
[16.164s] Invoked command in '/home/marc/ros2_ws/src/thorn_launchers' returned '0': PYTHONPATH=/home/marc/ros2_ws/build/thorn_launchers/prefix_override:/usr/lib/python3/dist-packages/colcon_core/task/python/colcon_distutils_commands:/home/marc/ros2_ws/install/thorn_launchers/lib/python3.10/site-packages:${PYTHONPATH} /usr/bin/python3 -W ignore:setup.py install is deprecated setup.py egg_info --egg-base ../../build/thorn_launchers build --build-base /home/marc/ros2_ws/build/thorn_launchers/build install --record /home/marc/ros2_ws/build/thorn_launchers/install.log --single-version-externally-managed install_data
