[11.634s] Invoking command in '/home/marc/ros2_ws/src/thorn_planners': PYTHONPATH=/home/marc/ros2_ws/build/thorn_planners/prefix_override:/usr/lib/python3/dist-packages/colcon_core/task/python/colcon_distutils_commands:/home/marc/ros2_ws/install/thorn_planners/lib/python3.10/site-packages:${PYTHONPATH} /usr/bin/python3 -W ignore:setup.py install is deprecated setup.py egg_info --egg-base ../../build/thorn_planners build --build-base /home/marc/ros2_ws/build/thorn_planners/build install --record /home/marc/ros2_ws/build/thorn_planners/install.log --single-version-externally-managed install_data
[14.653s] running egg_info
[14.658s] writing ../../build/thorn_planners/thorn_planners.egg-info/PKG-INFO
[14.670s] writing dependency_links to ../../build/thorn_planners/thorn_planners.egg-info/dependency_links.txt
[14.672s] writing entry points to ../../build/thorn_planners/thorn_planners.egg-info/entry_points.txt
[14.674s] writing requirements to ../../build/thorn_planners/thorn_planners.egg-info/requires.txt
[14.677s] writing top-level names to ../../build/thorn_planners/thorn_planners.egg-info/top_level.txt
[14.690s] reading manifest file '../../build/thorn_planners/thorn_planners.egg-info/SOURCES.txt'
[14.700s] writing manifest file '../../build/thorn_planners/thorn_planners.egg-info/SOURCES.txt'
[14.703s] running build
[14.705s] running build_py
[14.711s] copying thorn_planners/Flight_Planner_node.py -> /home/marc/ros2_ws/build/thorn_planners/build/lib/thorn_planners
[14.714s] running install
[14.717s] running install_lib
[14.722s] copying /home/marc/ros2_ws/build/thorn_planners/build/lib/thorn_planners/Flight_Planner_node.py -> /home/marc/ros2_ws/install/thorn_planners/lib/python3.10/site-packages/thorn_planners
[14.730s] byte-compiling /home/marc/ros2_ws/install/thorn_planners/lib/python3.10/site-packages/thorn_planners/Flight_Planner_node.py to Flight_Planner_node.cpython-310.pyc
[14.739s] running install_data
[14.742s] running install_egg_info
[14.762s] removing '/home/marc/ros2_ws/install/thorn_planners/lib/python3.10/site-packages/thorn_planners-0.0.0-py3.10.egg-info' (and everything under it)
[14.766s] Copying ../../build/thorn_planners/thorn_planners.egg-info to /home/marc/ros2_ws/install/thorn_planners/lib/python3.10/site-packages/thorn_planners-0.0.0-py3.10.egg-info
[14.782s] running install_scripts
[15.005s] Installing Flight_Planner_node script to /home/marc/ros2_ws/install/thorn_planners/lib/thorn_planners
[15.010s] writing list of installed files to '/home/marc/ros2_ws/build/thorn_planners/install.log'
[15.409s] Invoked command in '/home/marc/ros2_ws/src/thorn_planners' returned '0': PYTHONPATH=/home/marc/ros2_ws/build/thorn_planners/prefix_override:/usr/lib/python3/dist-packages/colcon_core/task/python/colcon_distutils_commands:/home/marc/ros2_ws/install/thorn_planners/lib/python3.10/site-packages:${PYTHONPATH} /usr/bin/python3 -W ignore:setup.py install is deprecated setup.py egg_info --egg-base ../../build/thorn_planners build --build-base /home/marc/ros2_ws/build/thorn_planners/build install --record /home/marc/ros2_ws/build/thorn_planners/install.log --single-version-externally-managed install_data
