[1.260s] DEBUG:colcon:Command line arguments: ['/usr/bin/colcon', 'build']
[1.260s] DEBUG:colcon:Parsed command line arguments: Namespace(log_base=None, log_level=None, verb_name='build', build_base='build', install_base='install', merge_install=False, symlink_install=False, test_result_base=None, continue_on_error=False, executor='parallel', parallel_workers=4, event_handlers=None, ignore_user_meta=False, metas=['./colcon.meta'], base_paths=['.'], packages_ignore=None, packages_ignore_regex=None, paths=None, packages_up_to=None, packages_up_to_regex=None, packages_above=None, packages_above_and_dependencies=None, packages_above_depth=None, packages_select_by_dep=None, packages_skip_by_dep=None, packages_skip_up_to=None, packages_select_build_failed=False, packages_skip_build_finished=False, packages_select_test_failures=False, packages_skip_test_passed=False, packages_select=None, packages_skip=None, packages_select_regex=None, packages_skip_regex=None, packages_start=None, packages_end=None, allow_overriding=[], cmake_args=None, cmake_target=None, cmake_target_skip_unavailable=False, cmake_clean_cache=False, cmake_clean_first=False, cmake_force_configure=False, ament_cmake_args=None, catkin_cmake_args=None, catkin_skip_building_tests=False, mixin_files=None, mixin=None, verb_parser=<colcon_mixin.mixin.mixin_argument.MixinArgumentDecorator object at 0xffffa8868970>, verb_extension=<colcon_core.verb.build.BuildVerb object at 0xffffa89a10c0>, main=<bound method BuildVerb.main of <colcon_core.verb.build.BuildVerb object at 0xffffa89a10c0>>, mixin_verb=('build',))
[3.221s] Level 1:colcon.colcon_core.package_discovery:discover_packages(colcon_meta) check parameters
[3.222s] Level 1:colcon.colcon_core.package_discovery:discover_packages(recursive) check parameters
[3.222s] Level 1:colcon.colcon_core.package_discovery:discover_packages(ignore) check parameters
[3.223s] Level 1:colcon.colcon_core.package_discovery:discover_packages(path) check parameters
[3.223s] Level 1:colcon.colcon_core.package_discovery:discover_packages(colcon_meta) discover
[3.223s] Level 1:colcon.colcon_core.package_discovery:discover_packages(recursive) discover
[3.224s] INFO:colcon.colcon_core.package_discovery:Crawling recursively for packages in '/home/marc/ros2_ws'
[3.225s] Level 1:colcon.colcon_core.package_identification:_identify(.) by extensions ['ignore', 'ignore_ament_install']
[3.226s] Level 1:colcon.colcon_core.package_identification:_identify(.) by extension 'ignore'
[3.226s] Level 1:colcon.colcon_core.package_identification:_identify(.) by extension 'ignore_ament_install'
[3.227s] Level 1:colcon.colcon_core.package_identification:_identify(.) by extensions ['colcon_pkg']
[3.227s] Level 1:colcon.colcon_core.package_identification:_identify(.) by extension 'colcon_pkg'
[3.228s] Level 1:colcon.colcon_core.package_identification:_identify(.) by extensions ['colcon_meta']
[3.228s] Level 1:colcon.colcon_core.package_identification:_identify(.) by extension 'colcon_meta'
[3.229s] Level 1:colcon.colcon_core.package_identification:_identify(.) by extensions ['ros']
[3.229s] Level 1:colcon.colcon_core.package_identification:_identify(.) by extension 'ros'
[3.360s] Level 1:colcon.colcon_core.package_identification:_identify(.) by extensions ['cmake', 'python']
[3.361s] Level 1:colcon.colcon_core.package_identification:_identify(.) by extension 'cmake'
[3.361s] Level 1:colcon.colcon_core.package_identification:_identify(.) by extension 'python'
[3.362s] Level 1:colcon.colcon_core.package_identification:_identify(.) by extensions ['python_setup_py']
[3.362s] Level 1:colcon.colcon_core.package_identification:_identify(.) by extension 'python_setup_py'
[3.364s] Level 1:colcon.colcon_core.package_identification:_identify(build) by extensions ['ignore', 'ignore_ament_install']
[3.364s] Level 1:colcon.colcon_core.package_identification:_identify(build) by extension 'ignore'
[3.365s] Level 1:colcon.colcon_core.package_identification:_identify(build) ignored
[3.367s] Level 1:colcon.colcon_core.package_identification:_identify(install) by extensions ['ignore', 'ignore_ament_install']
[3.368s] Level 1:colcon.colcon_core.package_identification:_identify(install) by extension 'ignore'
[3.368s] Level 1:colcon.colcon_core.package_identification:_identify(install) ignored
[3.371s] Level 1:colcon.colcon_core.package_identification:_identify(log) by extensions ['ignore', 'ignore_ament_install']
[3.372s] Level 1:colcon.colcon_core.package_identification:_identify(log) by extension 'ignore'
[3.373s] Level 1:colcon.colcon_core.package_identification:_identify(log) ignored
[3.374s] Level 1:colcon.colcon_core.package_identification:_identify(src) by extensions ['ignore', 'ignore_ament_install']
[3.375s] Level 1:colcon.colcon_core.package_identification:_identify(src) by extension 'ignore'
[3.375s] Level 1:colcon.colcon_core.package_identification:_identify(src) by extension 'ignore_ament_install'
[3.376s] Level 1:colcon.colcon_core.package_identification:_identify(src) by extensions ['colcon_pkg']
[3.376s] Level 1:colcon.colcon_core.package_identification:_identify(src) by extension 'colcon_pkg'
[3.377s] Level 1:colcon.colcon_core.package_identification:_identify(src) by extensions ['colcon_meta']
[3.377s] Level 1:colcon.colcon_core.package_identification:_identify(src) by extension 'colcon_meta'
[3.378s] Level 1:colcon.colcon_core.package_identification:_identify(src) by extensions ['ros']
[3.378s] Level 1:colcon.colcon_core.package_identification:_identify(src) by extension 'ros'
[3.379s] Level 1:colcon.colcon_core.package_identification:_identify(src) by extensions ['cmake', 'python']
[3.379s] Level 1:colcon.colcon_core.package_identification:_identify(src) by extension 'cmake'
[3.380s] Level 1:colcon.colcon_core.package_identification:_identify(src) by extension 'python'
[3.380s] Level 1:colcon.colcon_core.package_identification:_identify(src) by extensions ['python_setup_py']
[3.380s] Level 1:colcon.colcon_core.package_identification:_identify(src) by extension 'python_setup_py'
[3.382s] Level 1:colcon.colcon_core.package_identification:_identify(src/test_stand) by extensions ['ignore', 'ignore_ament_install']
[3.383s] Level 1:colcon.colcon_core.package_identification:_identify(src/test_stand) by extension 'ignore'
[3.383s] Level 1:colcon.colcon_core.package_identification:_identify(src/test_stand) by extension 'ignore_ament_install'
[3.384s] Level 1:colcon.colcon_core.package_identification:_identify(src/test_stand) by extensions ['colcon_pkg']
[3.384s] Level 1:colcon.colcon_core.package_identification:_identify(src/test_stand) by extension 'colcon_pkg'
[3.385s] Level 1:colcon.colcon_core.package_identification:_identify(src/test_stand) by extensions ['colcon_meta']
[3.385s] Level 1:colcon.colcon_core.package_identification:_identify(src/test_stand) by extension 'colcon_meta'
[3.386s] Level 1:colcon.colcon_core.package_identification:_identify(src/test_stand) by extensions ['ros']
[3.386s] Level 1:colcon.colcon_core.package_identification:_identify(src/test_stand) by extension 'ros'
[3.408s] DEBUG:colcon.colcon_core.package_identification:Package 'src/test_stand' with type 'ros.ament_python' and name 'test_stand'
[3.409s] Level 1:colcon.colcon_core.package_identification:_identify(src/thorn_controllers) by extensions ['ignore', 'ignore_ament_install']
[3.410s] Level 1:colcon.colcon_core.package_identification:_identify(src/thorn_controllers) by extension 'ignore'
[3.411s] Level 1:colcon.colcon_core.package_identification:_identify(src/thorn_controllers) by extension 'ignore_ament_install'
[3.412s] Level 1:colcon.colcon_core.package_identification:_identify(src/thorn_controllers) by extensions ['colcon_pkg']
[3.412s] Level 1:colcon.colcon_core.package_identification:_identify(src/thorn_controllers) by extension 'colcon_pkg'
[3.413s] Level 1:colcon.colcon_core.package_identification:_identify(src/thorn_controllers) by extensions ['colcon_meta']
[3.413s] Level 1:colcon.colcon_core.package_identification:_identify(src/thorn_controllers) by extension 'colcon_meta'
[3.414s] Level 1:colcon.colcon_core.package_identification:_identify(src/thorn_controllers) by extensions ['ros']
[3.414s] Level 1:colcon.colcon_core.package_identification:_identify(src/thorn_controllers) by extension 'ros'
[3.419s] DEBUG:colcon.colcon_core.package_identification:Package 'src/thorn_controllers' with type 'ros.ament_cmake' and name 'thorn_controllers'
[3.421s] Level 1:colcon.colcon_core.package_identification:_identify(src/thorn_drivers) by extensions ['ignore', 'ignore_ament_install']
[3.422s] Level 1:colcon.colcon_core.package_identification:_identify(src/thorn_drivers) by extension 'ignore'
[3.422s] Level 1:colcon.colcon_core.package_identification:_identify(src/thorn_drivers) by extension 'ignore_ament_install'
[3.423s] Level 1:colcon.colcon_core.package_identification:_identify(src/thorn_drivers) by extensions ['colcon_pkg']
[3.423s] Level 1:colcon.colcon_core.package_identification:_identify(src/thorn_drivers) by extension 'colcon_pkg'
[3.424s] Level 1:colcon.colcon_core.package_identification:_identify(src/thorn_drivers) by extensions ['colcon_meta']
[3.424s] Level 1:colcon.colcon_core.package_identification:_identify(src/thorn_drivers) by extension 'colcon_meta'
[3.425s] Level 1:colcon.colcon_core.package_identification:_identify(src/thorn_drivers) by extensions ['ros']
[3.425s] Level 1:colcon.colcon_core.package_identification:_identify(src/thorn_drivers) by extension 'ros'
[3.431s] DEBUG:colcon.colcon_core.package_identification:Package 'src/thorn_drivers' with type 'ros.ament_cmake' and name 'thorn_drivers'
[3.433s] Level 1:colcon.colcon_core.package_identification:_identify(src/thorn_launchers) by extensions ['ignore', 'ignore_ament_install']
[3.434s] Level 1:colcon.colcon_core.package_identification:_identify(src/thorn_launchers) by extension 'ignore'
[3.434s] Level 1:colcon.colcon_core.package_identification:_identify(src/thorn_launchers) by extension 'ignore_ament_install'
[3.435s] Level 1:colcon.colcon_core.package_identification:_identify(src/thorn_launchers) by extensions ['colcon_pkg']
[3.435s] Level 1:colcon.colcon_core.package_identification:_identify(src/thorn_launchers) by extension 'colcon_pkg'
[3.436s] Level 1:colcon.colcon_core.package_identification:_identify(src/thorn_launchers) by extensions ['colcon_meta']
[3.436s] Level 1:colcon.colcon_core.package_identification:_identify(src/thorn_launchers) by extension 'colcon_meta'
[3.437s] Level 1:colcon.colcon_core.package_identification:_identify(src/thorn_launchers) by extensions ['ros']
[3.437s] Level 1:colcon.colcon_core.package_identification:_identify(src/thorn_launchers) by extension 'ros'
[3.443s] DEBUG:colcon.colcon_core.package_identification:Package 'src/thorn_launchers' with type 'ros.ament_python' and name 'thorn_launchers'
[3.444s] Level 1:colcon.colcon_core.package_identification:_identify(src/thorn_planners) by extensions ['ignore', 'ignore_ament_install']
[3.445s] Level 1:colcon.colcon_core.package_identification:_identify(src/thorn_planners) by extension 'ignore'
[3.446s] Level 1:colcon.colcon_core.package_identification:_identify(src/thorn_planners) by extension 'ignore_ament_install'
[3.447s] Level 1:colcon.colcon_core.package_identification:_identify(src/thorn_planners) by extensions ['colcon_pkg']
[3.447s] Level 1:colcon.colcon_core.package_identification:_identify(src/thorn_planners) by extension 'colcon_pkg'
[3.448s] Level 1:colcon.colcon_core.package_identification:_identify(src/thorn_planners) by extensions ['colcon_meta']
[3.448s] Level 1:colcon.colcon_core.package_identification:_identify(src/thorn_planners) by extension 'colcon_meta'
[3.448s] Level 1:colcon.colcon_core.package_identification:_identify(src/thorn_planners) by extensions ['ros']
[3.449s] Level 1:colcon.colcon_core.package_identification:_identify(src/thorn_planners) by extension 'ros'
[3.458s] DEBUG:colcon.colcon_core.package_identification:Package 'src/thorn_planners' with type 'ros.ament_python' and name 'thorn_planners'
[3.458s] Level 1:colcon.colcon_core.package_discovery:discover_packages(recursive) using defaults
[3.459s] Level 1:colcon.colcon_core.package_discovery:discover_packages(ignore) discover
[3.459s] Level 1:colcon.colcon_core.package_discovery:discover_packages(ignore) using defaults
[3.459s] Level 1:colcon.colcon_core.package_discovery:discover_packages(path) discover
[3.460s] Level 1:colcon.colcon_core.package_discovery:discover_packages(path) using defaults
[3.665s] Level 1:colcon.colcon_core.package_discovery:discover_packages(prefix_path) check parameters
[3.666s] Level 1:colcon.colcon_core.package_discovery:discover_packages(prefix_path) discover
[3.690s] DEBUG:colcon.colcon_installed_package_information.package_discovery:Found 5 installed packages in /home/marc/ros2_ws/install
[3.708s] DEBUG:colcon.colcon_installed_package_information.package_discovery:Found 194 installed packages in /opt/ros/iron
[3.722s] Level 1:colcon.colcon_core.package_discovery:discover_packages(prefix_path) using defaults
[4.215s] Level 5:colcon.colcon_core.verb:set package 'test_stand' build argument 'cmake_args' from command line to 'None'
[4.216s] Level 5:colcon.colcon_core.verb:set package 'test_stand' build argument 'cmake_target' from command line to 'None'
[4.216s] Level 5:colcon.colcon_core.verb:set package 'test_stand' build argument 'cmake_target_skip_unavailable' from command line to 'False'
[4.216s] Level 5:colcon.colcon_core.verb:set package 'test_stand' build argument 'cmake_clean_cache' from command line to 'False'
[4.216s] Level 5:colcon.colcon_core.verb:set package 'test_stand' build argument 'cmake_clean_first' from command line to 'False'
[4.217s] Level 5:colcon.colcon_core.verb:set package 'test_stand' build argument 'cmake_force_configure' from command line to 'False'
[4.217s] Level 5:colcon.colcon_core.verb:set package 'test_stand' build argument 'ament_cmake_args' from command line to 'None'
[4.217s] Level 5:colcon.colcon_core.verb:set package 'test_stand' build argument 'catkin_cmake_args' from command line to 'None'
[4.217s] Level 5:colcon.colcon_core.verb:set package 'test_stand' build argument 'catkin_skip_building_tests' from command line to 'False'
[4.218s] DEBUG:colcon.colcon_core.verb:Building package 'test_stand' with the following arguments: {'ament_cmake_args': None, 'build_base': '/home/marc/ros2_ws/build/test_stand', 'catkin_cmake_args': None, 'catkin_skip_building_tests': False, 'cmake_args': None, 'cmake_clean_cache': False, 'cmake_clean_first': False, 'cmake_force_configure': False, 'cmake_target': None, 'cmake_target_skip_unavailable': False, 'install_base': '/home/marc/ros2_ws/install/test_stand', 'merge_install': False, 'path': '/home/marc/ros2_ws/src/test_stand', 'symlink_install': False, 'test_result_base': None}
[4.222s] Level 5:colcon.colcon_core.verb:set package 'thorn_controllers' build argument 'cmake_args' from command line to 'None'
[4.223s] Level 5:colcon.colcon_core.verb:set package 'thorn_controllers' build argument 'cmake_target' from command line to 'None'
[4.223s] Level 5:colcon.colcon_core.verb:set package 'thorn_controllers' build argument 'cmake_target_skip_unavailable' from command line to 'False'
[4.223s] Level 5:colcon.colcon_core.verb:set package 'thorn_controllers' build argument 'cmake_clean_cache' from command line to 'False'
[4.223s] Level 5:colcon.colcon_core.verb:set package 'thorn_controllers' build argument 'cmake_clean_first' from command line to 'False'
[4.224s] Level 5:colcon.colcon_core.verb:set package 'thorn_controllers' build argument 'cmake_force_configure' from command line to 'False'
[4.224s] Level 5:colcon.colcon_core.verb:set package 'thorn_controllers' build argument 'ament_cmake_args' from command line to 'None'
[4.224s] Level 5:colcon.colcon_core.verb:set package 'thorn_controllers' build argument 'catkin_cmake_args' from command line to 'None'
[4.224s] Level 5:colcon.colcon_core.verb:set package 'thorn_controllers' build argument 'catkin_skip_building_tests' from command line to 'False'
[4.225s] DEBUG:colcon.colcon_core.verb:Building package 'thorn_controllers' with the following arguments: {'ament_cmake_args': None, 'build_base': '/home/marc/ros2_ws/build/thorn_controllers', 'catkin_cmake_args': None, 'catkin_skip_building_tests': False, 'cmake_args': None, 'cmake_clean_cache': False, 'cmake_clean_first': False, 'cmake_force_configure': False, 'cmake_target': None, 'cmake_target_skip_unavailable': False, 'install_base': '/home/marc/ros2_ws/install/thorn_controllers', 'merge_install': False, 'path': '/home/marc/ros2_ws/src/thorn_controllers', 'symlink_install': False, 'test_result_base': None}
[4.229s] Level 5:colcon.colcon_core.verb:set package 'thorn_drivers' build argument 'cmake_args' from command line to 'None'
[4.230s] Level 5:colcon.colcon_core.verb:set package 'thorn_drivers' build argument 'cmake_target' from command line to 'None'
[4.230s] Level 5:colcon.colcon_core.verb:set package 'thorn_drivers' build argument 'cmake_target_skip_unavailable' from command line to 'False'
[4.230s] Level 5:colcon.colcon_core.verb:set package 'thorn_drivers' build argument 'cmake_clean_cache' from command line to 'False'
[4.230s] Level 5:colcon.colcon_core.verb:set package 'thorn_drivers' build argument 'cmake_clean_first' from command line to 'False'
[4.231s] Level 5:colcon.colcon_core.verb:set package 'thorn_drivers' build argument 'cmake_force_configure' from command line to 'False'
[4.231s] Level 5:colcon.colcon_core.verb:set package 'thorn_drivers' build argument 'ament_cmake_args' from command line to 'None'
[4.231s] Level 5:colcon.colcon_core.verb:set package 'thorn_drivers' build argument 'catkin_cmake_args' from command line to 'None'
[4.232s] Level 5:colcon.colcon_core.verb:set package 'thorn_drivers' build argument 'catkin_skip_building_tests' from command line to 'False'
[4.232s] DEBUG:colcon.colcon_core.verb:Building package 'thorn_drivers' with the following arguments: {'ament_cmake_args': None, 'build_base': '/home/marc/ros2_ws/build/thorn_drivers', 'catkin_cmake_args': None, 'catkin_skip_building_tests': False, 'cmake_args': None, 'cmake_clean_cache': False, 'cmake_clean_first': False, 'cmake_force_configure': False, 'cmake_target': None, 'cmake_target_skip_unavailable': False, 'install_base': '/home/marc/ros2_ws/install/thorn_drivers', 'merge_install': False, 'path': '/home/marc/ros2_ws/src/thorn_drivers', 'symlink_install': False, 'test_result_base': None}
[4.236s] Level 5:colcon.colcon_core.verb:set package 'thorn_launchers' build argument 'cmake_args' from command line to 'None'
[4.237s] Level 5:colcon.colcon_core.verb:set package 'thorn_launchers' build argument 'cmake_target' from command line to 'None'
[4.237s] Level 5:colcon.colcon_core.verb:set package 'thorn_launchers' build argument 'cmake_target_skip_unavailable' from command line to 'False'
[4.237s] Level 5:colcon.colcon_core.verb:set package 'thorn_launchers' build argument 'cmake_clean_cache' from command line to 'False'
[4.237s] Level 5:colcon.colcon_core.verb:set package 'thorn_launchers' build argument 'cmake_clean_first' from command line to 'False'
[4.238s] Level 5:colcon.colcon_core.verb:set package 'thorn_launchers' build argument 'cmake_force_configure' from command line to 'False'
[4.238s] Level 5:colcon.colcon_core.verb:set package 'thorn_launchers' build argument 'ament_cmake_args' from command line to 'None'
[4.238s] Level 5:colcon.colcon_core.verb:set package 'thorn_launchers' build argument 'catkin_cmake_args' from command line to 'None'
[4.238s] Level 5:colcon.colcon_core.verb:set package 'thorn_launchers' build argument 'catkin_skip_building_tests' from command line to 'False'
[4.239s] DEBUG:colcon.colcon_core.verb:Building package 'thorn_launchers' with the following arguments: {'ament_cmake_args': None, 'build_base': '/home/marc/ros2_ws/build/thorn_launchers', 'catkin_cmake_args': None, 'catkin_skip_building_tests': False, 'cmake_args': None, 'cmake_clean_cache': False, 'cmake_clean_first': False, 'cmake_force_configure': False, 'cmake_target': None, 'cmake_target_skip_unavailable': False, 'install_base': '/home/marc/ros2_ws/install/thorn_launchers', 'merge_install': False, 'path': '/home/marc/ros2_ws/src/thorn_launchers', 'symlink_install': False, 'test_result_base': None}
[4.243s] Level 5:colcon.colcon_core.verb:set package 'thorn_planners' build argument 'cmake_args' from command line to 'None'
[4.243s] Level 5:colcon.colcon_core.verb:set package 'thorn_planners' build argument 'cmake_target' from command line to 'None'
[4.244s] Level 5:colcon.colcon_core.verb:set package 'thorn_planners' build argument 'cmake_target_skip_unavailable' from command line to 'False'
[4.244s] Level 5:colcon.colcon_core.verb:set package 'thorn_planners' build argument 'cmake_clean_cache' from command line to 'False'
[4.244s] Level 5:colcon.colcon_core.verb:set package 'thorn_planners' build argument 'cmake_clean_first' from command line to 'False'
[4.245s] Level 5:colcon.colcon_core.verb:set package 'thorn_planners' build argument 'cmake_force_configure' from command line to 'False'
[4.245s] Level 5:colcon.colcon_core.verb:set package 'thorn_planners' build argument 'ament_cmake_args' from command line to 'None'
[4.245s] Level 5:colcon.colcon_core.verb:set package 'thorn_planners' build argument 'catkin_cmake_args' from command line to 'None'
[4.245s] Level 5:colcon.colcon_core.verb:set package 'thorn_planners' build argument 'catkin_skip_building_tests' from command line to 'False'
[4.246s] DEBUG:colcon.colcon_core.verb:Building package 'thorn_planners' with the following arguments: {'ament_cmake_args': None, 'build_base': '/home/marc/ros2_ws/build/thorn_planners', 'catkin_cmake_args': None, 'catkin_skip_building_tests': False, 'cmake_args': None, 'cmake_clean_cache': False, 'cmake_clean_first': False, 'cmake_force_configure': False, 'cmake_target': None, 'cmake_target_skip_unavailable': False, 'install_base': '/home/marc/ros2_ws/install/thorn_planners', 'merge_install': False, 'path': '/home/marc/ros2_ws/src/thorn_planners', 'symlink_install': False, 'test_result_base': None}
[4.247s] INFO:colcon.colcon_core.executor:Executing jobs using 'parallel' executor
[4.255s] DEBUG:colcon.colcon_parallel_executor.executor.parallel:run_until_complete
[4.257s] INFO:colcon.colcon_ros.task.ament_python.build:Building ROS package in '/home/marc/ros2_ws/src/test_stand' with build type 'ament_python'
[4.258s] Level 1:colcon.colcon_core.shell:create_environment_hook('test_stand', 'ament_prefix_path')
[4.284s] INFO:colcon.colcon_core.plugin_system:Skipping extension 'colcon_core.shell.bat': Not used on non-Windows systems
[4.287s] INFO:colcon.colcon_core.shell:Creating environment hook '/home/marc/ros2_ws/install/test_stand/share/test_stand/hook/ament_prefix_path.ps1'
[4.294s] INFO:colcon.colcon_core.shell:Creating environment descriptor '/home/marc/ros2_ws/install/test_stand/share/test_stand/hook/ament_prefix_path.dsv'
[4.299s] INFO:colcon.colcon_core.shell:Creating environment hook '/home/marc/ros2_ws/install/test_stand/share/test_stand/hook/ament_prefix_path.sh'
[4.308s] INFO:colcon.colcon_core.shell:Skip shell extension 'powershell' for command environment: Not usable outside of PowerShell
[4.308s] DEBUG:colcon.colcon_core.shell:Skip shell extension 'dsv' for command environment
[4.351s] INFO:colcon.colcon_ros.task.ament_cmake.build:Building ROS package in '/home/marc/ros2_ws/src/thorn_controllers' with build type 'ament_cmake'
[4.353s] INFO:colcon.colcon_cmake.task.cmake.build:Building CMake package in '/home/marc/ros2_ws/src/thorn_controllers'
[4.356s] INFO:colcon.colcon_core.shell:Skip shell extension 'powershell' for command environment: Not usable outside of PowerShell
[4.357s] DEBUG:colcon.colcon_core.shell:Skip shell extension 'dsv' for command environment
[4.399s] INFO:colcon.colcon_ros.task.ament_cmake.build:Building ROS package in '/home/marc/ros2_ws/src/thorn_drivers' with build type 'ament_cmake'
[4.400s] INFO:colcon.colcon_cmake.task.cmake.build:Building CMake package in '/home/marc/ros2_ws/src/thorn_drivers'
[4.404s] INFO:colcon.colcon_core.shell:Skip shell extension 'powershell' for command environment: Not usable outside of PowerShell
[4.405s] DEBUG:colcon.colcon_core.shell:Skip shell extension 'dsv' for command environment
[4.446s] INFO:colcon.colcon_ros.task.ament_python.build:Building ROS package in '/home/marc/ros2_ws/src/thorn_launchers' with build type 'ament_python'
[4.448s] Level 1:colcon.colcon_core.shell:create_environment_hook('thorn_launchers', 'ament_prefix_path')
[4.451s] INFO:colcon.colcon_core.shell:Creating environment hook '/home/marc/ros2_ws/install/thorn_launchers/share/thorn_launchers/hook/ament_prefix_path.ps1'
[4.456s] INFO:colcon.colcon_core.shell:Creating environment descriptor '/home/marc/ros2_ws/install/thorn_launchers/share/thorn_launchers/hook/ament_prefix_path.dsv'
[4.462s] INFO:colcon.colcon_core.shell:Creating environment hook '/home/marc/ros2_ws/install/thorn_launchers/share/thorn_launchers/hook/ament_prefix_path.sh'
[4.469s] INFO:colcon.colcon_core.shell:Skip shell extension 'powershell' for command environment: Not usable outside of PowerShell
[4.470s] DEBUG:colcon.colcon_core.shell:Skip shell extension 'dsv' for command environment
[7.392s] INFO:colcon.colcon_core.task.python.build:Building Python package in '/home/marc/ros2_ws/src/test_stand'
[7.394s] INFO:colcon.colcon_core.shell:Skip shell extension 'powershell' for command environment: Not usable outside of PowerShell
[7.395s] DEBUG:colcon.colcon_core.shell:Skip shell extension 'dsv' for command environment
[7.465s] DEBUG:colcon.colcon_core.event_handler.log_command:Invoking command in '/home/marc/ros2_ws/build/thorn_controllers': CMAKE_PREFIX_PATH=${CMAKE_PREFIX_PATH}:/home/marc/ros2_ws/install/thorn_planners:/home/marc/ros2_ws/install/thorn_launchers:/home/marc/ros2_ws/install/test_stand:/opt/ros/iron /usr/bin/cmake --build /home/marc/ros2_ws/build/thorn_controllers -- -j4 -l4
[7.528s] DEBUG:colcon.colcon_core.event_handler.log_command:Invoking command in '/home/marc/ros2_ws/build/thorn_drivers': CMAKE_PREFIX_PATH=${CMAKE_PREFIX_PATH}:/home/marc/ros2_ws/install/thorn_planners:/home/marc/ros2_ws/install/thorn_launchers:/home/marc/ros2_ws/install/test_stand:/opt/ros/iron /usr/bin/cmake --build /home/marc/ros2_ws/build/thorn_drivers -- -j4 -l4
[10.482s] INFO:colcon.colcon_core.task.python.build:Building Python package in '/home/marc/ros2_ws/src/thorn_launchers'
[10.485s] INFO:colcon.colcon_core.shell:Skip shell extension 'powershell' for command environment: Not usable outside of PowerShell
[10.486s] DEBUG:colcon.colcon_core.shell:Skip shell extension 'dsv' for command environment
[10.561s] DEBUG:colcon.colcon_core.event_handler.log_command:Invoked command in '/home/marc/ros2_ws/build/thorn_controllers' returned '0': CMAKE_PREFIX_PATH=${CMAKE_PREFIX_PATH}:/home/marc/ros2_ws/install/thorn_planners:/home/marc/ros2_ws/install/thorn_launchers:/home/marc/ros2_ws/install/test_stand:/opt/ros/iron /usr/bin/cmake --build /home/marc/ros2_ws/build/thorn_controllers -- -j4 -l4
[10.573s] DEBUG:colcon.colcon_core.event_handler.log_command:Invoked command in '/home/marc/ros2_ws/build/thorn_drivers' returned '0': CMAKE_PREFIX_PATH=${CMAKE_PREFIX_PATH}:/home/marc/ros2_ws/install/thorn_planners:/home/marc/ros2_ws/install/thorn_launchers:/home/marc/ros2_ws/install/test_stand:/opt/ros/iron /usr/bin/cmake --build /home/marc/ros2_ws/build/thorn_drivers -- -j4 -l4
[10.953s] DEBUG:colcon.colcon_core.event_handler.log_command:Invoking command in '/home/marc/ros2_ws/build/thorn_controllers': CMAKE_PREFIX_PATH=${CMAKE_PREFIX_PATH}:/home/marc/ros2_ws/install/thorn_planners:/home/marc/ros2_ws/install/thorn_launchers:/home/marc/ros2_ws/install/test_stand:/opt/ros/iron /usr/bin/cmake --install /home/marc/ros2_ws/build/thorn_controllers
[10.986s] DEBUG:colcon.colcon_core.event_handler.log_command:Invoking command in '/home/marc/ros2_ws/build/thorn_drivers': CMAKE_PREFIX_PATH=${CMAKE_PREFIX_PATH}:/home/marc/ros2_ws/install/thorn_planners:/home/marc/ros2_ws/install/thorn_launchers:/home/marc/ros2_ws/install/test_stand:/opt/ros/iron /usr/bin/cmake --install /home/marc/ros2_ws/build/thorn_drivers
[11.091s] Level 1:colcon.colcon_core.environment:create_environment_scripts_only(thorn_controllers)
[11.104s] DEBUG:colcon.colcon_core.event_handler.log_command:Invoked command in '/home/marc/ros2_ws/build/thorn_controllers' returned '0': CMAKE_PREFIX_PATH=${CMAKE_PREFIX_PATH}:/home/marc/ros2_ws/install/thorn_planners:/home/marc/ros2_ws/install/thorn_launchers:/home/marc/ros2_ws/install/test_stand:/opt/ros/iron /usr/bin/cmake --install /home/marc/ros2_ws/build/thorn_controllers
[11.177s] Level 1:colcon.colcon_core.environment:checking '/home/marc/ros2_ws/install/thorn_controllers' for CMake module files
[11.188s] Level 1:colcon.colcon_core.environment:checking '/home/marc/ros2_ws/install/thorn_controllers' for CMake config files
[11.192s] Level 1:colcon.colcon_core.shell:create_environment_hook('thorn_controllers', 'cmake_prefix_path')
[11.196s] INFO:colcon.colcon_core.shell:Creating environment hook '/home/marc/ros2_ws/install/thorn_controllers/share/thorn_controllers/hook/cmake_prefix_path.ps1'
[11.205s] INFO:colcon.colcon_core.shell:Creating environment descriptor '/home/marc/ros2_ws/install/thorn_controllers/share/thorn_controllers/hook/cmake_prefix_path.dsv'
[11.211s] INFO:colcon.colcon_core.shell:Creating environment hook '/home/marc/ros2_ws/install/thorn_controllers/share/thorn_controllers/hook/cmake_prefix_path.sh'
[11.222s] Level 1:colcon.colcon_core.environment:checking '/home/marc/ros2_ws/install/thorn_controllers/bin'
[11.223s] Level 1:colcon.colcon_core.environment:checking '/home/marc/ros2_ws/install/thorn_controllers/lib/pkgconfig/thorn_controllers.pc'
[11.227s] Level 1:colcon.colcon_core.environment:checking '/home/marc/ros2_ws/install/thorn_controllers/lib/python3.10/site-packages'
[11.231s] Level 1:colcon.colcon_core.environment:checking '/home/marc/ros2_ws/install/thorn_controllers/bin'
[11.236s] INFO:colcon.colcon_core.shell:Creating package script '/home/marc/ros2_ws/install/thorn_controllers/share/thorn_controllers/package.ps1'
[11.250s] INFO:colcon.colcon_core.shell:Creating package descriptor '/home/marc/ros2_ws/install/thorn_controllers/share/thorn_controllers/package.dsv'
[11.258s] INFO:colcon.colcon_core.shell:Creating package script '/home/marc/ros2_ws/install/thorn_controllers/share/thorn_controllers/package.sh'
[11.273s] INFO:colcon.colcon_core.shell:Creating package script '/home/marc/ros2_ws/install/thorn_controllers/share/thorn_controllers/package.bash'
[11.287s] INFO:colcon.colcon_core.shell:Creating package script '/home/marc/ros2_ws/install/thorn_controllers/share/thorn_controllers/package.zsh'
[11.299s] Level 1:colcon.colcon_core.environment:create_file_with_runtime_dependencies(/home/marc/ros2_ws/install/thorn_controllers/share/colcon-core/packages/thorn_controllers)
[11.322s] Level 1:colcon.colcon_core.environment:create_environment_scripts_only(thorn_drivers)
[11.325s] DEBUG:colcon.colcon_core.event_handler.log_command:Invoked command in '/home/marc/ros2_ws/build/thorn_drivers' returned '0': CMAKE_PREFIX_PATH=${CMAKE_PREFIX_PATH}:/home/marc/ros2_ws/install/thorn_planners:/home/marc/ros2_ws/install/thorn_launchers:/home/marc/ros2_ws/install/test_stand:/opt/ros/iron /usr/bin/cmake --install /home/marc/ros2_ws/build/thorn_drivers
[11.329s] Level 1:colcon.colcon_core.environment:checking '/home/marc/ros2_ws/install/thorn_drivers' for CMake module files
[11.339s] Level 1:colcon.colcon_core.environment:checking '/home/marc/ros2_ws/install/thorn_drivers' for CMake config files
[11.343s] Level 1:colcon.colcon_core.shell:create_environment_hook('thorn_drivers', 'cmake_prefix_path')
[11.346s] INFO:colcon.colcon_core.shell:Creating environment hook '/home/marc/ros2_ws/install/thorn_drivers/share/thorn_drivers/hook/cmake_prefix_path.ps1'
[11.352s] INFO:colcon.colcon_core.shell:Creating environment descriptor '/home/marc/ros2_ws/install/thorn_drivers/share/thorn_drivers/hook/cmake_prefix_path.dsv'
[11.359s] INFO:colcon.colcon_core.shell:Creating environment hook '/home/marc/ros2_ws/install/thorn_drivers/share/thorn_drivers/hook/cmake_prefix_path.sh'
[11.367s] Level 1:colcon.colcon_core.environment:checking '/home/marc/ros2_ws/install/thorn_drivers/lib'
[11.370s] Level 1:colcon.colcon_core.environment:checking '/home/marc/ros2_ws/install/thorn_drivers/bin'
[11.371s] Level 1:colcon.colcon_core.environment:checking '/home/marc/ros2_ws/install/thorn_drivers/lib/pkgconfig/thorn_drivers.pc'
[11.375s] Level 1:colcon.colcon_core.environment:checking '/home/marc/ros2_ws/install/thorn_drivers/lib/python3.10/site-packages'
[11.378s] Level 1:colcon.colcon_core.environment:checking '/home/marc/ros2_ws/install/thorn_drivers/bin'
[11.383s] INFO:colcon.colcon_core.shell:Creating package script '/home/marc/ros2_ws/install/thorn_drivers/share/thorn_drivers/package.ps1'
[11.390s] INFO:colcon.colcon_core.shell:Creating package descriptor '/home/marc/ros2_ws/install/thorn_drivers/share/thorn_drivers/package.dsv'
[11.397s] INFO:colcon.colcon_core.shell:Creating package script '/home/marc/ros2_ws/install/thorn_drivers/share/thorn_drivers/package.sh'
[11.404s] INFO:colcon.colcon_core.shell:Creating package script '/home/marc/ros2_ws/install/thorn_drivers/share/thorn_drivers/package.bash'
[11.413s] INFO:colcon.colcon_core.shell:Creating package script '/home/marc/ros2_ws/install/thorn_drivers/share/thorn_drivers/package.zsh'
[11.418s] Level 1:colcon.colcon_core.environment:create_file_with_runtime_dependencies(/home/marc/ros2_ws/install/thorn_drivers/share/colcon-core/packages/thorn_drivers)
[11.623s] Level 1:colcon.colcon_core.environment:create_environment_scripts_only(thorn_controllers)
[11.627s] Level 1:colcon.colcon_core.environment:checking '/home/marc/ros2_ws/install/thorn_controllers' for CMake module files
[11.637s] Level 1:colcon.colcon_core.environment:checking '/home/marc/ros2_ws/install/thorn_controllers' for CMake config files
[11.642s] Level 1:colcon.colcon_core.shell:create_environment_hook('thorn_controllers', 'cmake_prefix_path')
[11.647s] INFO:colcon.colcon_core.shell:Creating environment hook '/home/marc/ros2_ws/install/thorn_controllers/share/thorn_controllers/hook/cmake_prefix_path.ps1'
[11.654s] INFO:colcon.colcon_core.shell:Creating environment descriptor '/home/marc/ros2_ws/install/thorn_controllers/share/thorn_controllers/hook/cmake_prefix_path.dsv'
[11.662s] INFO:colcon.colcon_core.shell:Creating environment hook '/home/marc/ros2_ws/install/thorn_controllers/share/thorn_controllers/hook/cmake_prefix_path.sh'
[11.673s] Level 1:colcon.colcon_core.environment:checking '/home/marc/ros2_ws/install/thorn_controllers/bin'
[11.674s] Level 1:colcon.colcon_core.environment:checking '/home/marc/ros2_ws/install/thorn_controllers/lib/pkgconfig/thorn_controllers.pc'
[11.679s] Level 1:colcon.colcon_core.environment:checking '/home/marc/ros2_ws/install/thorn_controllers/lib/python3.10/site-packages'
[11.683s] Level 1:colcon.colcon_core.environment:checking '/home/marc/ros2_ws/install/thorn_controllers/bin'
[11.689s] INFO:colcon.colcon_core.shell:Creating package script '/home/marc/ros2_ws/install/thorn_controllers/share/thorn_controllers/package.ps1'
[11.697s] INFO:colcon.colcon_core.shell:Creating package descriptor '/home/marc/ros2_ws/install/thorn_controllers/share/thorn_controllers/package.dsv'
[11.706s] INFO:colcon.colcon_core.shell:Creating package script '/home/marc/ros2_ws/install/thorn_controllers/share/thorn_controllers/package.sh'
[11.714s] INFO:colcon.colcon_core.shell:Creating package script '/home/marc/ros2_ws/install/thorn_controllers/share/thorn_controllers/package.bash'
[11.727s] INFO:colcon.colcon_core.shell:Creating package script '/home/marc/ros2_ws/install/thorn_controllers/share/thorn_controllers/package.zsh'
[11.735s] Level 1:colcon.colcon_core.environment:create_file_with_runtime_dependencies(/home/marc/ros2_ws/install/thorn_controllers/share/colcon-core/packages/thorn_controllers)
[11.742s] INFO:colcon.colcon_ros.task.ament_python.build:Building ROS package in '/home/marc/ros2_ws/src/thorn_planners' with build type 'ament_python'
[11.744s] Level 1:colcon.colcon_core.shell:create_environment_hook('thorn_planners', 'ament_prefix_path')
[11.747s] INFO:colcon.colcon_core.shell:Creating environment hook '/home/marc/ros2_ws/install/thorn_planners/share/thorn_planners/hook/ament_prefix_path.ps1'
[11.755s] INFO:colcon.colcon_core.shell:Creating environment descriptor '/home/marc/ros2_ws/install/thorn_planners/share/thorn_planners/hook/ament_prefix_path.dsv'
[11.760s] INFO:colcon.colcon_core.shell:Creating environment hook '/home/marc/ros2_ws/install/thorn_planners/share/thorn_planners/hook/ament_prefix_path.sh'
[11.769s] INFO:colcon.colcon_core.shell:Skip shell extension 'powershell' for command environment: Not usable outside of PowerShell
[11.770s] DEBUG:colcon.colcon_core.shell:Skip shell extension 'dsv' for command environment
[11.825s] Level 1:colcon.colcon_core.environment:create_environment_scripts_only(thorn_drivers)
[11.828s] Level 1:colcon.colcon_core.environment:checking '/home/marc/ros2_ws/install/thorn_drivers' for CMake module files
[11.839s] Level 1:colcon.colcon_core.environment:checking '/home/marc/ros2_ws/install/thorn_drivers' for CMake config files
[11.843s] Level 1:colcon.colcon_core.shell:create_environment_hook('thorn_drivers', 'cmake_prefix_path')
[11.846s] INFO:colcon.colcon_core.shell:Creating environment hook '/home/marc/ros2_ws/install/thorn_drivers/share/thorn_drivers/hook/cmake_prefix_path.ps1'
[11.851s] INFO:colcon.colcon_core.shell:Creating environment descriptor '/home/marc/ros2_ws/install/thorn_drivers/share/thorn_drivers/hook/cmake_prefix_path.dsv'
[11.857s] INFO:colcon.colcon_core.shell:Creating environment hook '/home/marc/ros2_ws/install/thorn_drivers/share/thorn_drivers/hook/cmake_prefix_path.sh'
[11.865s] Level 1:colcon.colcon_core.environment:checking '/home/marc/ros2_ws/install/thorn_drivers/lib'
[11.866s] Level 1:colcon.colcon_core.environment:checking '/home/marc/ros2_ws/install/thorn_drivers/bin'
[11.867s] Level 1:colcon.colcon_core.environment:checking '/home/marc/ros2_ws/install/thorn_drivers/lib/pkgconfig/thorn_drivers.pc'
[11.870s] Level 1:colcon.colcon_core.environment:checking '/home/marc/ros2_ws/install/thorn_drivers/lib/python3.10/site-packages'
[11.873s] Level 1:colcon.colcon_core.environment:checking '/home/marc/ros2_ws/install/thorn_drivers/bin'
[11.877s] INFO:colcon.colcon_core.shell:Creating package script '/home/marc/ros2_ws/install/thorn_drivers/share/thorn_drivers/package.ps1'
[11.883s] INFO:colcon.colcon_core.shell:Creating package descriptor '/home/marc/ros2_ws/install/thorn_drivers/share/thorn_drivers/package.dsv'
[11.890s] INFO:colcon.colcon_core.shell:Creating package script '/home/marc/ros2_ws/install/thorn_drivers/share/thorn_drivers/package.sh'
[11.896s] INFO:colcon.colcon_core.shell:Creating package script '/home/marc/ros2_ws/install/thorn_drivers/share/thorn_drivers/package.bash'
[11.903s] INFO:colcon.colcon_core.shell:Creating package script '/home/marc/ros2_ws/install/thorn_drivers/share/thorn_drivers/package.zsh'
[11.908s] Level 1:colcon.colcon_core.environment:create_file_with_runtime_dependencies(/home/marc/ros2_ws/install/thorn_drivers/share/colcon-core/packages/thorn_drivers)
[15.537s] INFO:colcon.colcon_core.task.python.build:Building Python package in '/home/marc/ros2_ws/src/thorn_planners'
[15.540s] INFO:colcon.colcon_core.shell:Skip shell extension 'powershell' for command environment: Not usable outside of PowerShell
[15.541s] DEBUG:colcon.colcon_core.shell:Skip shell extension 'dsv' for command environment
[15.605s] DEBUG:colcon.colcon_core.event_handler.log_command:Invoking command in '/home/marc/ros2_ws/src/test_stand': PYTHONPATH=/home/marc/ros2_ws/build/test_stand/prefix_override:/usr/lib/python3/dist-packages/colcon_core/task/python/colcon_distutils_commands:/home/marc/ros2_ws/install/test_stand/lib/python3.10/site-packages:${PYTHONPATH} /usr/bin/python3 -W ignore:setup.py install is deprecated setup.py egg_info --egg-base ../../build/test_stand build --build-base /home/marc/ros2_ws/build/test_stand/build install --record /home/marc/ros2_ws/build/test_stand/install.log --single-version-externally-managed install_data
[15.678s] DEBUG:colcon.colcon_core.event_handler.log_command:Invoking command in '/home/marc/ros2_ws/src/thorn_launchers': PYTHONPATH=/home/marc/ros2_ws/build/thorn_launchers/prefix_override:/usr/lib/python3/dist-packages/colcon_core/task/python/colcon_distutils_commands:/home/marc/ros2_ws/install/thorn_launchers/lib/python3.10/site-packages:${PYTHONPATH} /usr/bin/python3 -W ignore:setup.py install is deprecated setup.py egg_info --egg-base ../../build/thorn_launchers build --build-base /home/marc/ros2_ws/build/thorn_launchers/build install --record /home/marc/ros2_ws/build/thorn_launchers/install.log --single-version-externally-managed install_data
[19.630s] Level 1:colcon.colcon_core.environment:checking '/home/marc/ros2_ws/install/test_stand' for CMake module files
[19.636s] DEBUG:colcon.colcon_core.event_handler.log_command:Invoked command in '/home/marc/ros2_ws/src/test_stand' returned '0': PYTHONPATH=/home/marc/ros2_ws/build/test_stand/prefix_override:/usr/lib/python3/dist-packages/colcon_core/task/python/colcon_distutils_commands:/home/marc/ros2_ws/install/test_stand/lib/python3.10/site-packages:${PYTHONPATH} /usr/bin/python3 -W ignore:setup.py install is deprecated setup.py egg_info --egg-base ../../build/test_stand build --build-base /home/marc/ros2_ws/build/test_stand/build install --record /home/marc/ros2_ws/build/test_stand/install.log --single-version-externally-managed install_data
[19.643s] Level 1:colcon.colcon_core.environment:checking '/home/marc/ros2_ws/install/test_stand' for CMake config files
[19.656s] Level 1:colcon.colcon_core.environment:checking '/home/marc/ros2_ws/install/test_stand/lib'
[19.658s] Level 1:colcon.colcon_core.environment:checking '/home/marc/ros2_ws/install/test_stand/bin'
[19.659s] Level 1:colcon.colcon_core.environment:checking '/home/marc/ros2_ws/install/test_stand/lib/pkgconfig/test_stand.pc'
[19.664s] Level 1:colcon.colcon_core.environment:checking '/home/marc/ros2_ws/install/test_stand/lib/python3.10/site-packages'
[19.665s] Level 1:colcon.colcon_core.shell:create_environment_hook('test_stand', 'pythonpath')
[19.669s] INFO:colcon.colcon_core.shell:Creating environment hook '/home/marc/ros2_ws/install/test_stand/share/test_stand/hook/pythonpath.ps1'
[19.678s] INFO:colcon.colcon_core.shell:Creating environment descriptor '/home/marc/ros2_ws/install/test_stand/share/test_stand/hook/pythonpath.dsv'
[19.684s] INFO:colcon.colcon_core.shell:Creating environment hook '/home/marc/ros2_ws/install/test_stand/share/test_stand/hook/pythonpath.sh'
[19.695s] Level 1:colcon.colcon_core.environment:checking '/home/marc/ros2_ws/install/test_stand/bin'
[19.696s] Level 1:colcon.colcon_core.environment:create_environment_scripts_only(test_stand)
[19.702s] INFO:colcon.colcon_core.shell:Creating package script '/home/marc/ros2_ws/install/test_stand/share/test_stand/package.ps1'
[19.712s] INFO:colcon.colcon_core.shell:Creating package descriptor '/home/marc/ros2_ws/install/test_stand/share/test_stand/package.dsv'
[19.721s] INFO:colcon.colcon_core.shell:Creating package script '/home/marc/ros2_ws/install/test_stand/share/test_stand/package.sh'
[19.729s] INFO:colcon.colcon_core.shell:Creating package script '/home/marc/ros2_ws/install/test_stand/share/test_stand/package.bash'
[19.736s] INFO:colcon.colcon_core.shell:Creating package script '/home/marc/ros2_ws/install/test_stand/share/test_stand/package.zsh'
[19.741s] Level 1:colcon.colcon_core.environment:create_file_with_runtime_dependencies(/home/marc/ros2_ws/install/test_stand/share/colcon-core/packages/test_stand)
[19.802s] Level 1:colcon.colcon_core.environment:checking '/home/marc/ros2_ws/install/thorn_launchers' for CMake module files
[19.808s] DEBUG:colcon.colcon_core.event_handler.log_command:Invoked command in '/home/marc/ros2_ws/src/thorn_launchers' returned '0': PYTHONPATH=/home/marc/ros2_ws/build/thorn_launchers/prefix_override:/usr/lib/python3/dist-packages/colcon_core/task/python/colcon_distutils_commands:/home/marc/ros2_ws/install/thorn_launchers/lib/python3.10/site-packages:${PYTHONPATH} /usr/bin/python3 -W ignore:setup.py install is deprecated setup.py egg_info --egg-base ../../build/thorn_launchers build --build-base /home/marc/ros2_ws/build/thorn_launchers/build install --record /home/marc/ros2_ws/build/thorn_launchers/install.log --single-version-externally-managed install_data
[19.812s] Level 1:colcon.colcon_core.environment:checking '/home/marc/ros2_ws/install/thorn_launchers' for CMake config files
[19.821s] Level 1:colcon.colcon_core.environment:checking '/home/marc/ros2_ws/install/thorn_launchers/lib'
[19.822s] Level 1:colcon.colcon_core.environment:checking '/home/marc/ros2_ws/install/thorn_launchers/bin'
[19.823s] Level 1:colcon.colcon_core.environment:checking '/home/marc/ros2_ws/install/thorn_launchers/lib/pkgconfig/thorn_launchers.pc'
[19.826s] Level 1:colcon.colcon_core.environment:checking '/home/marc/ros2_ws/install/thorn_launchers/lib/python3.10/site-packages'
[19.827s] Level 1:colcon.colcon_core.shell:create_environment_hook('thorn_launchers', 'pythonpath')
[19.829s] INFO:colcon.colcon_core.shell:Creating environment hook '/home/marc/ros2_ws/install/thorn_launchers/share/thorn_launchers/hook/pythonpath.ps1'
[19.834s] INFO:colcon.colcon_core.shell:Creating environment descriptor '/home/marc/ros2_ws/install/thorn_launchers/share/thorn_launchers/hook/pythonpath.dsv'
[19.839s] INFO:colcon.colcon_core.shell:Creating environment hook '/home/marc/ros2_ws/install/thorn_launchers/share/thorn_launchers/hook/pythonpath.sh'
[19.848s] Level 1:colcon.colcon_core.environment:checking '/home/marc/ros2_ws/install/thorn_launchers/bin'
[19.849s] Level 1:colcon.colcon_core.environment:create_environment_scripts_only(thorn_launchers)
[19.852s] INFO:colcon.colcon_core.shell:Creating package script '/home/marc/ros2_ws/install/thorn_launchers/share/thorn_launchers/package.ps1'
[19.859s] INFO:colcon.colcon_core.shell:Creating package descriptor '/home/marc/ros2_ws/install/thorn_launchers/share/thorn_launchers/package.dsv'
[19.865s] INFO:colcon.colcon_core.shell:Creating package script '/home/marc/ros2_ws/install/thorn_launchers/share/thorn_launchers/package.sh'
[19.871s] INFO:colcon.colcon_core.shell:Creating package script '/home/marc/ros2_ws/install/thorn_launchers/share/thorn_launchers/package.bash'
[19.876s] INFO:colcon.colcon_core.shell:Creating package script '/home/marc/ros2_ws/install/thorn_launchers/share/thorn_launchers/package.zsh'
[19.881s] Level 1:colcon.colcon_core.environment:create_file_with_runtime_dependencies(/home/marc/ros2_ws/install/thorn_launchers/share/colcon-core/packages/thorn_launchers)
[20.383s] DEBUG:colcon.colcon_core.event_handler.log_command:Invoking command in '/home/marc/ros2_ws/src/thorn_planners': PYTHONPATH=/home/marc/ros2_ws/build/thorn_planners/prefix_override:/usr/lib/python3/dist-packages/colcon_core/task/python/colcon_distutils_commands:/home/marc/ros2_ws/install/thorn_planners/lib/python3.10/site-packages:${PYTHONPATH} /usr/bin/python3 -W ignore:setup.py install is deprecated setup.py egg_info --egg-base ../../build/thorn_planners build --build-base /home/marc/ros2_ws/build/thorn_planners/build install --record /home/marc/ros2_ws/build/thorn_planners/install.log --single-version-externally-managed install_data
[23.656s] Level 1:colcon.colcon_core.environment:checking '/home/marc/ros2_ws/install/thorn_planners' for CMake module files
[23.661s] DEBUG:colcon.colcon_core.event_handler.log_command:Invoked command in '/home/marc/ros2_ws/src/thorn_planners' returned '0': PYTHONPATH=/home/marc/ros2_ws/build/thorn_planners/prefix_override:/usr/lib/python3/dist-packages/colcon_core/task/python/colcon_distutils_commands:/home/marc/ros2_ws/install/thorn_planners/lib/python3.10/site-packages:${PYTHONPATH} /usr/bin/python3 -W ignore:setup.py install is deprecated setup.py egg_info --egg-base ../../build/thorn_planners build --build-base /home/marc/ros2_ws/build/thorn_planners/build install --record /home/marc/ros2_ws/build/thorn_planners/install.log --single-version-externally-managed install_data
[23.665s] Level 1:colcon.colcon_core.environment:checking '/home/marc/ros2_ws/install/thorn_planners' for CMake config files
[23.674s] Level 1:colcon.colcon_core.environment:checking '/home/marc/ros2_ws/install/thorn_planners/lib'
[23.675s] Level 1:colcon.colcon_core.environment:checking '/home/marc/ros2_ws/install/thorn_planners/bin'
[23.675s] Level 1:colcon.colcon_core.environment:checking '/home/marc/ros2_ws/install/thorn_planners/lib/pkgconfig/thorn_planners.pc'
[23.678s] Level 1:colcon.colcon_core.environment:checking '/home/marc/ros2_ws/install/thorn_planners/lib/python3.10/site-packages'
[23.679s] Level 1:colcon.colcon_core.shell:create_environment_hook('thorn_planners', 'pythonpath')
[23.681s] INFO:colcon.colcon_core.shell:Creating environment hook '/home/marc/ros2_ws/install/thorn_planners/share/thorn_planners/hook/pythonpath.ps1'
[23.686s] INFO:colcon.colcon_core.shell:Creating environment descriptor '/home/marc/ros2_ws/install/thorn_planners/share/thorn_planners/hook/pythonpath.dsv'
[23.692s] INFO:colcon.colcon_core.shell:Creating environment hook '/home/marc/ros2_ws/install/thorn_planners/share/thorn_planners/hook/pythonpath.sh'
[23.699s] Level 1:colcon.colcon_core.environment:checking '/home/marc/ros2_ws/install/thorn_planners/bin'
[23.700s] Level 1:colcon.colcon_core.environment:create_environment_scripts_only(thorn_planners)
[23.704s] INFO:colcon.colcon_core.shell:Creating package script '/home/marc/ros2_ws/install/thorn_planners/share/thorn_planners/package.ps1'
[23.710s] INFO:colcon.colcon_core.shell:Creating package descriptor '/home/marc/ros2_ws/install/thorn_planners/share/thorn_planners/package.dsv'
[23.715s] INFO:colcon.colcon_core.shell:Creating package script '/home/marc/ros2_ws/install/thorn_planners/share/thorn_planners/package.sh'
[23.720s] INFO:colcon.colcon_core.shell:Creating package script '/home/marc/ros2_ws/install/thorn_planners/share/thorn_planners/package.bash'
[23.725s] INFO:colcon.colcon_core.shell:Creating package script '/home/marc/ros2_ws/install/thorn_planners/share/thorn_planners/package.zsh'
[23.730s] Level 1:colcon.colcon_core.environment:create_file_with_runtime_dependencies(/home/marc/ros2_ws/install/thorn_planners/share/colcon-core/packages/thorn_planners)
[23.743s] DEBUG:colcon.colcon_parallel_executor.executor.parallel:closing loop
[23.747s] DEBUG:colcon.colcon_parallel_executor.executor.parallel:loop closed
[23.748s] DEBUG:colcon.colcon_parallel_executor.executor.parallel:run_until_complete finished with '0'
[23.750s] DEBUG:colcon.colcon_core.event_reactor:joining thread
[23.803s] INFO:colcon.colcon_core.plugin_system:Skipping extension 'colcon_notification.desktop_notification.notify_send': Could not find 'notify-send'
[23.804s] INFO:colcon.colcon_core.plugin_system:Skipping extension 'colcon_notification.desktop_notification.terminal_notifier': Not used on non-Darwin systems
[23.805s] INFO:colcon.colcon_core.plugin_system:Skipping extension 'colcon_notification.desktop_notification.win32': Not used on non-Windows systems
[23.805s] INFO:colcon.colcon_notification.desktop_notification:Sending desktop notification using 'notify2'
[23.812s] DEBUG:colcon.colcon_notification.desktop_notification.notify2:Failed to initialize notify2: org.freedesktop.DBus.Error.ServiceUnknown: The name org.freedesktop.Notifications was not provided by any .service files
[23.812s] DEBUG:colcon.colcon_core.event_reactor:joined thread
[23.815s] INFO:colcon.colcon_core.shell:Creating prefix script '/home/marc/ros2_ws/install/local_setup.ps1'
[23.826s] INFO:colcon.colcon_core.shell:Creating prefix util module '/home/marc/ros2_ws/install/_local_setup_util_ps1.py'
[23.843s] INFO:colcon.colcon_core.shell:Creating prefix chain script '/home/marc/ros2_ws/install/setup.ps1'
[23.857s] INFO:colcon.colcon_core.shell:Creating prefix script '/home/marc/ros2_ws/install/local_setup.sh'
[23.863s] INFO:colcon.colcon_core.shell:Creating prefix util module '/home/marc/ros2_ws/install/_local_setup_util_sh.py'
[23.870s] INFO:colcon.colcon_core.shell:Creating prefix chain script '/home/marc/ros2_ws/install/setup.sh'
[23.884s] INFO:colcon.colcon_core.shell:Creating prefix script '/home/marc/ros2_ws/install/local_setup.bash'
[23.891s] INFO:colcon.colcon_core.shell:Creating prefix chain script '/home/marc/ros2_ws/install/setup.bash'
[23.904s] INFO:colcon.colcon_core.shell:Creating prefix script '/home/marc/ros2_ws/install/local_setup.zsh'
[23.910s] INFO:colcon.colcon_core.shell:Creating prefix chain script '/home/marc/ros2_ws/install/setup.zsh'
