2025-04-02 01:05:26,501 [ERROR] LogOutputStream:75 - [STDERR_REDIRECT] 
2025-04-02 10:04:37,543 [INFO] Activator:176 - 


2025-04-02 10:04:37,545 [INFO] Activator:177 - !SESSION log4j initialized
2025-04-02 10:04:46,267 [INFO] LogOutputStream:77 - [STDOUT_REDIRECT] 
2025-04-02 10:04:54,498 [INFO] ApplicationProperties:184 - Using Application install path: C:\ST\STM32CubeIDE_1.18.0\STM32CubeIDE\plugins\com.st.stm32cube.common.mx_6.14.0.202502271554
2025-04-02 10:04:54,522 [INFO] DbMcusXml:78 - Set database path to: C:\ST\STM32CubeIDE_1.18.0\STM32CubeIDE\plugins\com.st.stm32cube.common.mx_6.14.0.202502271554\\db\/mcu/
2025-04-02 10:04:54,522 [INFO] ApiDb:274 - Set plugin database path to: C:\ST\STM32CubeIDE_1.18.0\STM32CubeIDE\plugins\com.st.stm32cube.common.mx_6.14.0.202502271554\\db\/plugins/boardmanager/
2025-04-02 10:04:54,522 [WARN] ApiDb:259 - Overriding images path with different value:  => C:\ST\STM32CubeIDE_1.18.0\STM32CubeIDE\plugins\com.st.stm32cube.common.mx_6.14.0.202502271554\\db\/plugins/mcufinder/images/
2025-04-02 10:04:54,531 [INFO] ApiDb:250 - Set database path to: C:\Users\marcv\.stmcufinder\plugins\mcufinder//mcu/
2025-04-02 10:04:54,532 [INFO] DbMcusAds:125 - Set database path to: C:\Users\marcv\.stmcufinder\plugins\mcufinder//mcu/
2025-04-02 10:04:54,534 [INFO] CrossReferenceDbSqlite:203 - Set database path to: C:\Users\marcv\.stmcufinder\plugins\mcufinder//mcu/cs/
2025-04-02 10:04:54,665 [INFO] RulesReader:64 - Compatibility file has been processed (301 Rules)
2025-04-02 10:04:54,750 [INFO] DbMcusXml:78 - Set database path to: C:\ST\STM32CubeIDE_1.18.0\STM32CubeIDE\plugins\com.st.stm32cube.common.mx_6.14.0.202502271554\\db\/mcu/
2025-04-02 10:04:54,750 [INFO] ApiDb:274 - Set plugin database path to: C:\ST\STM32CubeIDE_1.18.0\STM32CubeIDE\plugins\com.st.stm32cube.common.mx_6.14.0.202502271554\\db\/plugins/boardmanager/
2025-04-02 10:04:54,750 [INFO] ApiDb:261 - Set plugin images path to: C:\ST\STM32CubeIDE_1.18.0\STM32CubeIDE\plugins\com.st.stm32cube.common.mx_6.14.0.202502271554\\db\/plugins/mcufinder/images/
2025-04-02 10:04:54,750 [WARN] DbFile:41 - Overriding database path with different value: C:\Users\marcv\.stmcufinder\plugins\mcufinder/ => C:\Users\marcv\.stmcufinder\plugins\mcufinder
2025-04-02 10:04:54,751 [INFO] ApiDb:250 - Set database path to: C:\Users\marcv\.stmcufinder\plugins\mcufinder//mcu/
2025-04-02 10:04:54,751 [WARN] DbFile:41 - Overriding database path with different value: C:\Users\marcv\.stmcufinder\plugins\mcufinder/ => C:\Users\marcv\.stmcufinder\plugins\mcufinder
2025-04-02 10:04:54,751 [INFO] DbMcusAds:125 - Set database path to: C:\Users\marcv\.stmcufinder\plugins\mcufinder//mcu/
2025-04-02 10:04:54,751 [WARN] DbFile:41 - Overriding database path with different value: C:\Users\marcv\.stmcufinder\plugins\mcufinder/ => C:\Users\marcv\.stmcufinder\plugins\mcufinder
2025-04-02 10:04:54,751 [WARN] DbFile:41 - Overriding database path with different value: C:\Users\marcv\.stmcufinder\plugins\mcufinder/ => C:\Users\marcv\.stmcufinder\plugins\mcufinder
2025-04-02 10:04:54,751 [INFO] CrossReferenceDbSqlite:203 - Set database path to: C:\Users\marcv\.stmcufinder\plugins\mcufinder//mcu/cs/
2025-04-02 10:04:54,831 [INFO] MainPanel:272 - HeapMemory: 268435456
2025-04-02 10:04:54,997 [INFO] DbMcusXml:78 - Set database path to: C:\ST\STM32CubeIDE_1.18.0\STM32CubeIDE\plugins\com.st.stm32cube.common.mx_6.14.0.202502271554\\db\/mcu/
2025-04-02 10:04:54,998 [INFO] ApiDb:274 - Set plugin database path to: C:\ST\STM32CubeIDE_1.18.0\STM32CubeIDE\plugins\com.st.stm32cube.common.mx_6.14.0.202502271554\\db\/plugins/boardmanager/
2025-04-02 10:04:54,998 [INFO] ApiDb:261 - Set plugin images path to: C:\ST\STM32CubeIDE_1.18.0\STM32CubeIDE\plugins\com.st.stm32cube.common.mx_6.14.0.202502271554\\db\/plugins/mcufinder/images/
2025-04-02 10:04:54,998 [WARN] DbFile:41 - Overriding database path with different value: C:\Users\marcv\.stmcufinder\plugins\mcufinder/ => C:\Users\marcv\.stmcufinder\plugins\mcufinder
2025-04-02 10:04:54,998 [INFO] ApiDb:250 - Set database path to: C:\Users\marcv\.stmcufinder\plugins\mcufinder//mcu/
2025-04-02 10:04:54,998 [WARN] DbFile:41 - Overriding database path with different value: C:\Users\marcv\.stmcufinder\plugins\mcufinder/ => C:\Users\marcv\.stmcufinder\plugins\mcufinder
2025-04-02 10:04:54,998 [INFO] DbMcusAds:125 - Set database path to: C:\Users\marcv\.stmcufinder\plugins\mcufinder//mcu/
2025-04-02 10:04:54,998 [WARN] DbFile:41 - Overriding database path with different value: C:\Users\marcv\.stmcufinder\plugins\mcufinder/ => C:\Users\marcv\.stmcufinder\plugins\mcufinder
2025-04-02 10:04:54,998 [WARN] DbFile:41 - Overriding database path with different value: C:\Users\marcv\.stmcufinder\plugins\mcufinder/ => C:\Users\marcv\.stmcufinder\plugins\mcufinder
2025-04-02 10:04:54,998 [INFO] CrossReferenceDbSqlite:203 - Set database path to: C:\Users\marcv\.stmcufinder\plugins\mcufinder//mcu/cs/
2025-04-02 10:04:55,018 [INFO] ApplicationProperties:184 - Using Application install path: C:\ST\STM32CubeIDE_1.18.0\STM32CubeIDE\plugins\com.st.stm32cube.common.mx_6.14.0.202502271554
2025-04-02 10:04:55,019 [INFO] PluginManage:196 - Search for loadable plugins [exclusion list=, ]
2025-04-02 10:04:55,020 [INFO] PluginManage:310 - Check plugin analytics
2025-04-02 10:04:59,743 [INFO] AnalyticsPlugin:253 - Accepted Software Licenses: 
2025-04-02 10:04:59,743 [INFO] AnalyticsPlugin:255 - Accepted CMSIS Pack Licenses: 
2025-04-02 10:04:59,744 [INFO] AnalyticsPlugin:257 - Accepted Firmware Licenses: FW.H7.1.12.0
2025-04-02 10:04:59,746 [INFO] PluginManage:359 - Loaded plugin analytics (category:tool,tabindex:-1)
2025-04-02 10:04:59,746 [INFO] PluginManage:310 - Check plugin cadmodel
2025-04-02 10:04:59,767 [INFO] CADModel:105 - Init CAD model plugin
2025-04-02 10:04:59,767 [INFO] PluginManage:359 - Loaded plugin cadmodel (category:power,tabindex:5)
2025-04-02 10:04:59,767 [INFO] PluginManage:310 - Check plugin clock
2025-04-02 10:04:59,790 [INFO] PluginManage:359 - Loaded plugin clock (category:base,tabindex:2)
2025-04-02 10:04:59,791 [INFO] PluginManage:310 - Check plugin ddr
2025-04-02 10:04:59,793 [INFO] PluginManage:359 - Loaded plugin ddr (category:tool,tabindex:6)
2025-04-02 10:04:59,794 [INFO] PluginManage:310 - Check plugin filemanager
2025-04-02 10:04:59,948 [INFO] PluginManage:359 - Loaded plugin filemanager (category:base,tabindex:10)
2025-04-02 10:04:59,948 [INFO] PluginManage:310 - Check plugin ipmanager
2025-04-02 10:04:59,955 [INFO] PluginManage:359 - Loaded plugin ipmanager (category:base,tabindex:5)
2025-04-02 10:04:59,955 [INFO] PluginManage:310 - Check plugin lpbam
2025-04-02 10:04:59,976 [INFO] PluginManage:359 - Loaded plugin lpbam (category:base,tabindex:0)
2025-04-02 10:04:59,977 [INFO] PluginManage:310 - Check plugin memorymap
2025-04-02 10:05:00,009 [INFO] PluginManage:359 - Loaded plugin memorymap (category:base,tabindex:4)
2025-04-02 10:05:00,009 [INFO] PluginManage:310 - Check plugin pinoutandconfiguration
2025-04-02 10:05:00,031 [INFO] PluginManage:359 - Loaded plugin pinoutandconfiguration (category:base,tabindex:1)
2025-04-02 10:05:00,031 [INFO] PluginManage:310 - Check plugin pinoutconfig
2025-04-02 10:05:00,139 [WARN] SupportedApi:132 - Cannot load RTOS API schema: s4s-elt-must-match.1: The content of 'definitions' must match (annotation?, (simpleType | complexType)?, (unique | key | keyref)*)). A problem was found starting at: attribute.
2025-04-02 10:05:00,298 [INFO] PluginManage:359 - Loaded plugin pinoutconfig (category:base,tabindex:0)
2025-04-02 10:05:00,298 [INFO] PluginManage:310 - Check plugin power
2025-04-02 10:05:00,325 [INFO] PluginManage:359 - Loaded plugin power (category:power,tabindex:4)
2025-04-02 10:05:00,326 [INFO] PluginManage:310 - Check plugin projectmanager
2025-04-02 10:05:00,341 [INFO] PluginManage:359 - Loaded plugin projectmanager (category:projectmanager,tabindex:4)
2025-04-02 10:05:00,341 [INFO] PluginManage:310 - Check plugin rif
2025-04-02 10:05:00,362 [INFO] PluginManage:359 - Loaded plugin rif (category:base,tabindex:3)
2025-04-02 10:05:00,362 [INFO] PluginManage:310 - Check plugin thirdparty
2025-04-02 10:05:00,703 [INFO] PluginManage:359 - Loaded plugin thirdparty (category:base,tabindex:-1)
2025-04-02 10:05:00,704 [INFO] PluginManage:310 - Check plugin tools
2025-04-02 10:05:00,703 [WARN] IntegrityCheckThread:84 - waiting for thirdparty lock release [integrity check]
2025-04-02 10:05:00,704 [INFO] IntegrityCheckThread:86 - entering critical section [integrity check]
2025-04-02 10:05:00,704 [INFO] ThirdPartyUpdaterWithRetryManager:70 - Updater plugin not ready yet. [1/15]
2025-04-02 10:05:00,755 [INFO] PluginManage:359 - Loaded plugin tools (category:base,tabindex:7)
2025-04-02 10:05:00,755 [INFO] PluginManage:310 - Check plugin tutovideos
2025-04-02 10:05:00,949 [INFO] PluginManage:359 - Loaded plugin tutovideos (category:base,tabindex:-1)
2025-04-02 10:05:00,949 [INFO] PluginManage:310 - Check plugin updater
2025-04-02 10:05:00,970 [INFO] PluginManage:359 - Loaded plugin updater (category:base,tabindex:12)
2025-04-02 10:05:00,971 [INFO] PluginManage:310 - Check plugin userauth
2025-04-02 10:05:00,975 [INFO] UserAuth:118 - Init User Auth plugin
2025-04-02 10:05:00,976 [INFO] PluginManage:359 - Loaded plugin userauth (category:base,tabindex:14)
2025-04-02 10:05:00,977 [INFO] PluginManage:283 - PluginManage : Loaded plugins [18]
2025-04-02 10:05:01,225 [INFO] PinOutPanel:1589 - setPackage(No Configuration,No Configuration)
2025-04-02 10:05:01,305 [INFO] CADModel:165 - CPN selected for project level
2025-04-02 10:05:01,305 [INFO] CADModel:114 - Register for checkConnection events
2025-04-02 10:05:01,334 [INFO] IPUIPlugin:80 - create IPUIPlugin
2025-04-02 10:05:01,334 [INFO] PluginManager:220 - loadIPPluginJar : add adc
2025-04-02 10:05:01,379 [INFO] IPUIPlugin:80 - create IPUIPlugin
2025-04-02 10:05:01,379 [INFO] PluginManager:220 - loadIPPluginJar : add aes
2025-04-02 10:05:01,432 [INFO] IPUIPlugin:80 - create IPUIPlugin
2025-04-02 10:05:01,433 [INFO] PluginManager:220 - loadIPPluginJar : add can
2025-04-02 10:05:01,464 [INFO] IPUIPlugin:80 - create IPUIPlugin
2025-04-02 10:05:01,464 [INFO] PluginManager:220 - loadIPPluginJar : add comp
2025-04-02 10:05:01,512 [INFO] IPUIPlugin:80 - create IPUIPlugin
2025-04-02 10:05:01,512 [INFO] PluginManager:220 - loadIPPluginJar : add cryp
2025-04-02 10:05:01,530 [INFO] IPUIPlugin:80 - create IPUIPlugin
2025-04-02 10:05:01,530 [INFO] PluginManager:220 - loadIPPluginJar : add ddr_ctrl_phy
2025-04-02 10:05:01,569 [INFO] IPUIPlugin:80 - create IPUIPlugin
2025-04-02 10:05:01,569 [INFO] PluginManager:220 - loadIPPluginJar : add dfsdm
2025-04-02 10:05:01,584 [INFO] IPUIPlugin:80 - create IPUIPlugin
2025-04-02 10:05:01,587 [INFO] PluginManager:220 - loadIPPluginJar : add dma
2025-04-02 10:05:01,641 [INFO] IPUIPlugin:80 - create IPUIPlugin
2025-04-02 10:05:01,641 [INFO] PluginManager:220 - loadIPPluginJar : add dma3
2025-04-02 10:05:01,701 [INFO] IPUIPlugin:80 - create IPUIPlugin
2025-04-02 10:05:01,701 [INFO] PluginManager:220 - loadIPPluginJar : add extmemmanager
2025-04-02 10:05:01,737 [INFO] IPUIPlugin:80 - create IPUIPlugin
2025-04-02 10:05:01,737 [INFO] PluginManager:220 - loadIPPluginJar : add fatfs
2025-04-02 10:05:01,802 [INFO] IPUIPlugin:80 - create IPUIPlugin
2025-04-02 10:05:01,802 [INFO] PluginManager:220 - loadIPPluginJar : add fmc
2025-04-02 10:05:01,820 [INFO] IPUIPlugin:80 - create IPUIPlugin
2025-04-02 10:05:01,821 [INFO] PluginManager:220 - loadIPPluginJar : add freertos
2025-04-02 10:05:01,848 [INFO] IPUIPlugin:80 - create IPUIPlugin
2025-04-02 10:05:01,851 [INFO] PluginManager:220 - loadIPPluginJar : add genericplugin
2025-04-02 10:05:01,977 [INFO] IPUIPlugin:80 - create IPUIPlugin
2025-04-02 10:05:01,978 [INFO] PluginManager:220 - loadIPPluginJar : add gfxmmu
2025-04-02 10:05:02,153 [INFO] IPUIPlugin:80 - create IPUIPlugin
2025-04-02 10:05:02,153 [INFO] PluginManager:220 - loadIPPluginJar : add gic
2025-04-02 10:05:02,171 [INFO] IPUIPlugin:80 - create IPUIPlugin
2025-04-02 10:05:02,171 [INFO] PluginManager:220 - loadIPPluginJar : add gpio
2025-04-02 10:05:02,288 [INFO] IPUIPlugin:80 - create IPUIPlugin
2025-04-02 10:05:02,288 [INFO] PluginManager:220 - loadIPPluginJar : add gtzc
2025-04-02 10:05:02,336 [INFO] IPUIPlugin:80 - create IPUIPlugin
2025-04-02 10:05:02,336 [INFO] PluginManager:220 - loadIPPluginJar : add hash
2025-04-02 10:05:02,403 [INFO] IPUIPlugin:80 - create IPUIPlugin
2025-04-02 10:05:02,404 [INFO] PluginManager:220 - loadIPPluginJar : add i2c
2025-04-02 10:05:02,455 [INFO] IPUIPlugin:80 - create IPUIPlugin
2025-04-02 10:05:02,455 [INFO] PluginManager:220 - loadIPPluginJar : add i2s
2025-04-02 10:05:02,512 [INFO] IPUIPlugin:80 - create IPUIPlugin
2025-04-02 10:05:02,512 [INFO] PluginManager:220 - loadIPPluginJar : add i3c
2025-04-02 10:05:02,650 [INFO] IPUIPlugin:80 - create IPUIPlugin
2025-04-02 10:05:02,650 [INFO] PluginManager:220 - loadIPPluginJar : add ipddr
2025-04-02 10:05:02,769 [INFO] IPUIPlugin:80 - create IPUIPlugin
2025-04-02 10:05:02,769 [INFO] PluginManager:220 - loadIPPluginJar : add linkedlist
2025-04-02 10:05:02,815 [INFO] IPUIPlugin:80 - create IPUIPlugin
2025-04-02 10:05:02,816 [INFO] PluginManager:220 - loadIPPluginJar : add lorawan
2025-04-02 10:05:02,864 [INFO] IPUIPlugin:80 - create IPUIPlugin
2025-04-02 10:05:02,865 [INFO] PluginManager:220 - loadIPPluginJar : add ltdc
2025-04-02 10:05:02,882 [INFO] IPUIPlugin:80 - create IPUIPlugin
2025-04-02 10:05:02,882 [INFO] PluginManager:220 - loadIPPluginJar : add mdma
2025-04-02 10:05:02,898 [INFO] IPUIPlugin:80 - create IPUIPlugin
2025-04-02 10:05:02,898 [INFO] PluginManager:220 - loadIPPluginJar : add nvic
2025-04-02 10:05:02,947 [INFO] IPUIPlugin:80 - create IPUIPlugin
2025-04-02 10:05:02,947 [INFO] PluginManager:220 - loadIPPluginJar : add opamp
2025-04-02 10:05:03,032 [INFO] IPUIPlugin:80 - create IPUIPlugin
2025-04-02 10:05:03,032 [INFO] PluginManager:220 - loadIPPluginJar : add openamp
2025-04-02 10:05:03,090 [INFO] IPUIPlugin:80 - create IPUIPlugin
2025-04-02 10:05:03,090 [INFO] PluginManager:220 - loadIPPluginJar : add pdm2pcm
2025-04-02 10:05:03,108 [INFO] IPUIPlugin:80 - create IPUIPlugin
2025-04-02 10:05:03,109 [INFO] PluginManager:220 - loadIPPluginJar : add plateformsettings
2025-04-02 10:05:03,139 [INFO] IPUIPlugin:80 - create IPUIPlugin
2025-04-02 10:05:03,139 [INFO] PluginManager:220 - loadIPPluginJar : add quadspi
2025-04-02 10:05:03,173 [INFO] IPUIPlugin:80 - create IPUIPlugin
2025-04-02 10:05:03,173 [INFO] PluginManager:220 - loadIPPluginJar : add radio
2025-04-02 10:05:03,190 [INFO] IPUIPlugin:80 - create IPUIPlugin
2025-04-02 10:05:03,190 [INFO] PluginManager:220 - loadIPPluginJar : add resmgrutility
2025-04-02 10:05:03,249 [INFO] IPUIPlugin:80 - create IPUIPlugin
2025-04-02 10:05:03,249 [INFO] PluginManager:220 - loadIPPluginJar : add sai
2025-04-02 10:05:03,298 [INFO] IPUIPlugin:80 - create IPUIPlugin
2025-04-02 10:05:03,298 [INFO] PluginManager:220 - loadIPPluginJar : add spi
2025-04-02 10:05:03,395 [INFO] IPUIPlugin:80 - create IPUIPlugin
2025-04-02 10:05:03,395 [INFO] PluginManager:220 - loadIPPluginJar : add stm32_wpan
2025-04-02 10:05:03,426 [INFO] IPUIPlugin:80 - create IPUIPlugin
2025-04-02 10:05:03,426 [INFO] PluginManager:220 - loadIPPluginJar : add tim
2025-04-02 10:05:03,507 [INFO] IPUIPlugin:80 - create IPUIPlugin
2025-04-02 10:05:03,507 [INFO] PluginManager:220 - loadIPPluginJar : add touchsensing
2025-04-02 10:05:03,535 [INFO] IPUIPlugin:80 - create IPUIPlugin
2025-04-02 10:05:03,535 [INFO] PluginManager:220 - loadIPPluginJar : add tracer_emb
2025-04-02 10:05:03,569 [INFO] IPUIPlugin:80 - create IPUIPlugin
2025-04-02 10:05:03,569 [INFO] PluginManager:220 - loadIPPluginJar : add ts
2025-04-02 10:05:03,598 [INFO] IPUIPlugin:80 - create IPUIPlugin
2025-04-02 10:05:03,598 [INFO] PluginManager:220 - loadIPPluginJar : add tsc
2025-04-02 10:05:03,629 [INFO] IPUIPlugin:80 - create IPUIPlugin
2025-04-02 10:05:03,629 [INFO] PluginManager:220 - loadIPPluginJar : add ucpd
2025-04-02 10:05:03,692 [INFO] IPUIPlugin:80 - create IPUIPlugin
2025-04-02 10:05:03,692 [INFO] PluginManager:220 - loadIPPluginJar : add usart
2025-04-02 10:05:03,706 [INFO] ThirdPartyUpdaterWithRetryManager:70 - Updater plugin not ready yet. [2/15]
2025-04-02 10:05:03,768 [INFO] IPUIPlugin:80 - create IPUIPlugin
2025-04-02 10:05:03,768 [INFO] PluginManager:220 - loadIPPluginJar : add usbx
2025-04-02 10:05:03,902 [FATAL] Updater:351 - Updater called before beeing initialized
2025-04-02 10:05:03,925 [INFO] RulesReader:64 - Compatibility file has been processed (301 Rules)
2025-04-02 10:05:03,935 [INFO] RulesReader:64 - Compatibility file has been processed (301 Rules)
2025-04-02 10:05:03,942 [INFO] CADModel:165 - CPN selected for project level
2025-04-02 10:05:03,942 [INFO] CADModel:114 - Register for checkConnection events
2025-04-02 10:05:03,942 [FATAL] Updater:351 - Updater called before beeing initialized
2025-04-02 10:05:03,942 [ERROR] CADModel:125 - Updater not yet initialized, retry later 
2025-04-02 10:05:04,082 [FATAL] Updater:351 - Updater called before beeing initialized
2025-04-02 10:05:04,084 [INFO] CADModel:165 - CPN selected for project level
2025-04-02 10:05:04,084 [INFO] CADModel:114 - Register for checkConnection events
2025-04-02 10:05:04,084 [FATAL] Updater:351 - Updater called before beeing initialized
2025-04-02 10:05:04,084 [ERROR] CADModel:125 - Updater not yet initialized, retry later 
2025-04-02 10:05:04,089 [FATAL] Updater:351 - Updater called before beeing initialized
2025-04-02 10:05:04,196 [FATAL] Updater:351 - Updater called before beeing initialized
2025-04-02 10:05:04,208 [INFO] DbMcusAds:53 - JSON generation date=Thu Mar 06 15:54:21 CET 2025 (1741272861825)
2025-04-02 10:05:04,208 [FATAL] Updater:351 - Updater called before beeing initialized
2025-04-02 10:05:04,253 [WARN] DetailPanel:346 - Failed to get advertising image, set to default
2025-04-02 10:05:04,514 [FATAL] Updater:351 - Updater called before beeing initialized
2025-04-02 10:05:04,516 [FATAL] Updater:351 - Updater called before beeing initialized
2025-04-02 10:05:04,516 [FATAL] Updater:351 - Updater called before beeing initialized
2025-04-02 10:05:04,516 [WARN] DetailPanel:346 - Failed to get advertising image, set to default
2025-04-02 10:05:04,517 [FATAL] Updater:351 - Updater called before beeing initialized
2025-04-02 10:05:04,576 [ERROR] Updater:1198 - MainUpdater not yet initialized. External WinMGr cannot be set.
2025-04-02 10:05:04,589 [INFO] Updater:1134 - Updater Version found : 6.14.0
2025-04-02 10:05:04,611 [INFO] ApplicationProperties:184 - Using Application install path: C:\ST\STM32CubeIDE_1.18.0\STM32CubeIDE\plugins\com.st.stm32cube.common.mx_6.14.0.202502271554
2025-04-02 10:05:06,188 [ERROR] LogOutputStream:75 - [STDERR_REDIRECT] Apr 02, 2025 10:05:06 AM java.util.prefs.WindowsPreferences <init>
2025-04-02 10:05:06,190 [ERROR] LogOutputStream:75 - [STDERR_REDIRECT] WARNING: Could not open/create prefs root node Software\JavaSoft\Prefs at root 0xffffffff80000002. Windows RegCreateKeyEx(...) returned error code 5.
2025-04-02 10:05:06,190 [ERROR] LogOutputStream:75 - [STDERR_REDIRECT] 
2025-04-02 10:05:06,497 [INFO] MainUpdater:2872 - connection check result : 10
2025-04-02 10:05:06,498 [INFO] MainUpdater:289 - Updater Check For Update Now.
2025-04-02 10:05:06,498 [INFO] MicroXplorer:498 - Change Database Version : DB.6.0.140
2025-04-02 10:05:06,520 [INFO] McuFinderGlobals:63 - Set McuFinder mode to 2 (CubeIDE integrated)
2025-04-02 10:05:06,528 [INFO] UserAuth:486 - Internet connection configuration mode: 1
2025-04-02 10:05:06,567 [INFO] JxBrowserEngine:152 - Initiate JxBrowser Engine with user profile folder
2025-04-02 10:05:06,707 [WARN] MainUpdater:1193 - Updater busy. Cannot search thirdparties
2025-04-02 10:05:06,707 [INFO] ThirdPartyUpdaterWithRetryManager:96 - Updater plugin is busy. [1/15]
2025-04-02 10:05:06,726 [INFO] CheckServerUpdateThread:120 - End of CheckServer Thread
2025-04-02 10:05:10,047 [INFO] WebApp:169 - Instantiating new browser for Auth
2025-04-02 10:05:10,091 [WARN] PackLoader:240 - Cannot read IP mode file for STMicroelectronics.FP-SNS-MOTENVWB1.1.4.0
2025-04-02 10:05:10,110 [WARN] PackLoader:240 - Cannot read IP mode file for STMicroelectronics.FP-ATR-ASTRA1.2.0.2
2025-04-02 10:05:10,135 [WARN] PackLoader:240 - Cannot read IP mode file for STMicroelectronics.X-CUBE-SMBUS.2.1.0
2025-04-02 10:05:10,160 [WARN] PackLoader:240 - Cannot read IP mode file for STMicroelectronics.X-CUBE-WB05N.1.1.0
2025-04-02 10:05:10,235 [WARN] PackLoader:240 - Cannot read IP mode file for STMicroelectronics.X-CUBE-AZRTOS-F7.1.1.0
2025-04-02 10:05:10,258 [WARN] PackLoader:240 - Cannot read IP mode file for STMicroelectronics.FP-SNS-FLIGHT1.5.0.2
2025-04-02 10:05:10,308 [WARN] PackLoader:240 - Cannot read IP mode file for Infineon.AIROC-Wi-Fi-Bluetooth-STM32.1.7.0
2025-04-02 10:05:10,343 [WARN] PackLoader:240 - Cannot read IP mode file for STMicroelectronics.X-CUBE-DISPLAY.3.0.0
2025-04-02 10:05:10,367 [WARN] PackLoader:240 - Cannot read IP mode file for STMicroelectronics.X-CUBE-NFC10.1.0.0
2025-04-02 10:05:10,393 [WARN] PackLoader:240 - Cannot read IP mode file for STMicroelectronics.X-CUBE-BLEMGR.4.0.0
2025-04-02 10:05:10,412 [WARN] PackLoader:240 - Cannot read IP mode file for emotas.I-CUBE-CANOPEN.1.3.0
2025-04-02 10:05:10,431 [WARN] ConditionMgr:438 - getConditionDescription Invalid condition id : Cortex-A Device cause : null
2025-04-02 10:05:10,465 [WARN] ConditionMgr:1044 - genDependencies : Invalid condition id : Cortex-A Device cause : null
2025-04-02 10:05:10,465 [WARN] ConditionMgr:1044 - genDependencies : Invalid condition id : Cortex-A Device cause : null
2025-04-02 10:05:10,465 [WARN] ConditionMgr:1044 - genDependencies : Invalid condition id : Cortex-A Device cause : null
2025-04-02 10:05:10,482 [WARN] PackLoader:240 - Cannot read IP mode file for STMicroelectronics.X-CUBE-AI.10.0.0
2025-04-02 10:05:10,497 [WARN] PackLoader:240 - Cannot read IP mode file for STMicroelectronics.FP-SNS-SMARTAG2.1.2.0
2025-04-02 10:05:10,513 [WARN] PackLoader:240 - Cannot read IP mode file for STMicroelectronics.FP-SNS-FLIGHT1.5.1.0
2025-04-02 10:05:10,588 [WARN] PackLoader:240 - Cannot read IP mode file for STMicroelectronics.X-CUBE-MEMS1.11.1.0
2025-04-02 10:05:10,779 [INFO] LogOutputStream:77 - [STDOUT_REDIRECT] 1 : Invalid condition id : UX_CORESTACK_Condition cause : null
2025-04-02 10:05:10,781 [INFO] LogOutputStream:77 - [STDOUT_REDIRECT] 1 : Invalid condition id : UX_CORESTACK_Condition cause : null
2025-04-02 10:05:10,784 [INFO] LogOutputStream:77 - [STDOUT_REDIRECT] 1 : Invalid condition id : UX_CORESTACK_Condition cause : null
2025-04-02 10:05:10,785 [INFO] LogOutputStream:77 - [STDOUT_REDIRECT] 1 : Invalid condition id : UX_CORESTACK_Condition cause : null
2025-04-02 10:05:10,790 [INFO] LogOutputStream:77 - [STDOUT_REDIRECT] 1 : Invalid condition id : UX_CORESTACK_Condition cause : null
2025-04-02 10:05:10,795 [WARN] PackLoader:240 - Cannot read IP mode file for STMicroelectronics.X-CUBE-AZRTOS-WL.2.0.0
2025-04-02 10:05:10,818 [WARN] PackLoader:240 - Cannot read IP mode file for STMicroelectronics.FP-SNS-MOTENV1.5.0.0
2025-04-02 10:05:10,847 [WARN] PackLoader:240 - Cannot read IP mode file for WES.I-CUBE-Cesium.1.3.0
2025-04-02 10:05:10,871 [WARN] PackLoader:240 - Cannot read IP mode file for STMicroelectronics.X-CUBE-BLE2.3.3.0
2025-04-02 10:05:10,887 [WARN] PackLoader:240 - Cannot read IP mode file for STMicroelectronics.X-CUBE-NFC9.1.0.0
2025-04-02 10:05:10,902 [WARN] PackLoader:240 - Cannot read IP mode file for STMicroelectronics.X-CUBE-BLE1.7.1.0
2025-04-02 10:05:10,916 [WARN] PackLoader:240 - Cannot read IP mode file for wolfSSL.I-CUBE-wolfMQTT.1.19.2
2025-04-02 10:05:10,945 [WARN] PackLoader:240 - Cannot read IP mode file for STMicroelectronics.X-CUBE-AZRTOS-G0.1.1.0
2025-04-02 10:05:10,969 [WARN] PackLoader:240 - Cannot read IP mode file for STMicroelectronics.X-CUBE-SAFEA1.1.2.2
2025-04-02 10:05:10,986 [WARN] PackLoader:240 - Cannot read IP mode file for STMicroelectronics.X-CUBE-NFC4.3.0.0
2025-04-02 10:05:11,006 [WARN] PackLoader:240 - Cannot read IP mode file for EmbeddedOffice.I-CUBE-FS-RTOS.1.0.1
2025-04-02 10:05:11,023 [WARN] PackLoader:240 - Cannot read IP mode file for wolfSSL.I-CUBE-wolfTPM.3.8.0
2025-04-02 10:05:11,043 [WARN] PackLoader:240 - Cannot read IP mode file for STMicroelectronics.X-CUBE-TCPP.4.2.0
2025-04-02 10:05:11,066 [WARN] PackLoader:240 - Cannot read IP mode file for RealThread.X-CUBE-RT-Thread_Nano.4.1.1
2025-04-02 10:05:11,083 [WARN] PackLoader:240 - Cannot read IP mode file for STMicroelectronics.FP-ATR-SIGFOX1.3.2.0
2025-04-02 10:05:11,105 [WARN] PackLoader:240 - Cannot read IP mode file for STMicroelectronics.X-CUBE-EEPRMA1.5.1.0
2025-04-02 10:05:11,132 [WARN] PackLoader:240 - Cannot read IP mode file for wolfSSL.I-CUBE-wolfSSL.5.7.6
2025-04-02 10:05:11,149 [INFO] WebApp:463 - Apply proxy settings
2025-04-02 10:05:11,150 [INFO] WebApp:548 - Chromium requires no authentication
2025-04-02 10:05:11,161 [WARN] PackLoader:240 - Cannot read IP mode file for ITTIA_DB.I-CUBE-ITTIADB.8.9.0
2025-04-02 10:05:11,172 [INFO] WebApp:491 - Direct internet connection detected
2025-04-02 10:05:11,203 [WARN] PackLoader:240 - Cannot read IP mode file for SEGGER.I-CUBE-embOS.1.3.1
2025-04-02 10:05:11,234 [INFO] WebApp:894 - Register for checkConnection events
2025-04-02 10:05:11,235 [INFO] WebApp:463 - Apply proxy settings
2025-04-02 10:05:11,235 [INFO] WebApp:548 - Chromium requires no authentication
2025-04-02 10:05:11,235 [INFO] WebApp:491 - Direct internet connection detected
2025-04-02 10:05:11,256 [WARN] PackLoader:240 - Cannot read IP mode file for STMicroelectronics.X-CUBE-ALGOBUILD.1.4.0
2025-04-02 10:05:11,308 [WARN] PackLoader:240 - Cannot read IP mode file for STMicroelectronics.X-CUBE-AZRTOS-F4.1.1.0
2025-04-02 10:05:11,350 [WARN] PackLoader:240 - Cannot read IP mode file for STMicroelectronics.X-CUBE-ISPU.2.1.0
2025-04-02 10:05:11,400 [WARN] PackLoader:240 - Cannot read IP mode file for STMicroelectronics.X-CUBE-AZRTOS-L5.2.0.0
2025-04-02 10:05:11,423 [WARN] PackLoader:240 - Cannot read IP mode file for STMicroelectronics.X-CUBE-NFC6.3.1.0
2025-04-02 10:05:11,451 [WARN] PackLoader:240 - Cannot read IP mode file for STMicroelectronics.X-CUBE-DPower.1.2.0
2025-04-02 10:05:11,474 [WARN] PackLoader:240 - Cannot read IP mode file for STMicroelectronics.X-CUBE-FREERTOS.1.3.0
2025-04-02 10:05:11,490 [WARN] PackLoader:240 - Cannot read IP mode file for STMicroelectronics.X-CUBE-NFC7.1.0.1
2025-04-02 10:05:11,506 [WARN] PackLoader:240 - Cannot read IP mode file for STMicroelectronics.X-CUBE-DPower.1.3.0
2025-04-02 10:05:11,547 [WARN] ConditionMgr:438 - getConditionDescription Invalid condition id : LAN8742 Phy interface Condition cause : null
2025-04-02 10:05:11,548 [WARN] PackLoader:240 - Cannot read IP mode file for STMicroelectronics.X-CUBE-AZRTOS-L4.2.0.0
2025-04-02 10:05:11,549 [WARN] ConditionMgr:1044 - genDependencies : Invalid condition id : LAN8742 Phy interface Condition cause : null
2025-04-02 10:05:11,549 [WARN] ConditionMgr:1044 - genDependencies : Invalid condition id : LAN8742 Phy interface Condition cause : null
2025-04-02 10:05:11,550 [WARN] ConditionMgr:1044 - genDependencies : Invalid condition id : LAN8742 Phy interface Condition cause : null
2025-04-02 10:05:11,567 [INFO] WebApp:191 - Connection restablished
2025-04-02 10:05:11,578 [WARN] PackLoader:240 - Cannot read IP mode file for STMicroelectronics.X-CUBE-SFXS2LP1.4.0.0
2025-04-02 10:05:11,608 [INFO] WebApp:225 - Starting web application
2025-04-02 10:05:11,608 [INFO] WebApp:593 - Web application path used C:\ST\STM32CubeIDE_1.18.0\STM32CubeIDE\plugins\com.st.stm32cube.common.mx_6.14.0.202502271554\db\plugins\mcufinder\reactClient1\index.html
2025-04-02 10:05:11,631 [WARN] PackLoader:240 - Cannot read IP mode file for STMicroelectronics.X-CUBE-AZRTOS-H7.3.3.0
2025-04-02 10:05:11,680 [WARN] ConditionMgr:438 - getConditionDescription Invalid condition id : UX DEVICE CLASS RTOS Condition cause : null
2025-04-02 10:05:11,681 [WARN] ConditionMgr:438 - getConditionDescription Invalid condition id : UX DEVICE CLASS RTOS Condition cause : null
2025-04-02 10:05:11,684 [WARN] PackLoader:240 - Cannot read IP mode file for STMicroelectronics.X-CUBE-AZRTOS-WB.2.0.0
2025-04-02 10:05:11,684 [WARN] ConditionMgr:1044 - genDependencies : Invalid condition id : UX DEVICE CLASS RTOS Condition cause : null
2025-04-02 10:05:11,685 [WARN] ConditionMgr:1044 - genDependencies : Invalid condition id : UX DEVICE CLASS RTOS Condition cause : null
2025-04-02 10:05:11,685 [WARN] ConditionMgr:1044 - genDependencies : Invalid condition id : UX DEVICE CLASS RTOS Condition cause : null
2025-04-02 10:05:11,685 [WARN] ConditionMgr:1044 - genDependencies : Invalid condition id : UX DEVICE CLASS RTOS Condition cause : null
2025-04-02 10:05:11,686 [WARN] ConditionMgr:1044 - genDependencies : Invalid condition id : UX DEVICE CLASS RTOS Condition cause : null
2025-04-02 10:05:11,712 [WARN] PackLoader:240 - Cannot read IP mode file for STMicroelectronics.X-CUBE-GNSS1.7.0.1
2025-04-02 10:05:11,752 [WARN] PackLoader:240 - Cannot read IP mode file for STMicroelectronics.X-CUBE-TOUCHGFX.4.25.0
2025-04-02 10:05:11,777 [WARN] PackLoader:240 - Cannot read IP mode file for STMicroelectronics.FP-SNS-STBOX1.2.0.0
2025-04-02 10:05:11,815 [WARN] PackLoader:240 - Cannot read IP mode file for STMicroelectronics.X-CUBE-SUBG2.5.0.0
2025-04-02 10:05:11,842 [INFO] UserAuth:486 - Internet connection configuration mode: 1
2025-04-02 10:05:11,881 [WARN] PackLoader:240 - Cannot read IP mode file for STMicroelectronics.X-CUBE-AZRTOS-H7RS.1.1.0
2025-04-02 10:05:11,903 [WARN] PackLoader:240 - Cannot read IP mode file for Cesanta.I-CUBE-Mongoose.7.13.0
2025-04-02 10:05:11,952 [WARN] PackLoader:240 - Cannot read IP mode file for STMicroelectronics.X-CUBE-AZRTOS-G4.2.0.0
2025-04-02 10:05:11,977 [WARN] PackLoader:240 - Cannot read IP mode file for wolfSSL.I-CUBE-wolfSSH.1.4.20
2025-04-02 10:05:12,012 [WARN] PackLoader:240 - Cannot read IP mode file for STMicroelectronics.X-CUBE-IPS.3.1.0
2025-04-02 10:05:12,067 [WARN] PackLoader:240 - Cannot read IP mode file for STMicroelectronics.X-CUBE-ALS.1.0.2
2025-04-02 10:05:12,086 [WARN] PackLoader:240 - Cannot read IP mode file for STMicroelectronics.X-CUBE-TOUCHGFX.4.24.2
2025-04-02 10:05:12,110 [WARN] PackLoader:240 - Cannot read IP mode file for portGmbH.I-Cube-SoM-uGOAL.1.1.0
2025-04-02 10:05:12,150 [WARN] PackLoader:240 - Cannot read IP mode file for STMicroelectronics.X-CUBE-AZRTOS-H7RS.1.0.0
2025-04-02 10:05:12,178 [WARN] PackLoader:240 - Cannot read IP mode file for STMicroelectronics.X-CUBE-TOF1.3.4.2
2025-04-02 10:05:12,186 [INFO] ThirdParty:978 - Integrity check success = true
2025-04-02 10:05:12,186 [INFO] IntegrityCheckThread:100 - exiting critical section [integrity check]
2025-04-02 10:05:12,186 [INFO] IntegrityCheckThread:103 - End integrity checks thread
2025-04-02 21:59:53,529 [ERROR] LogOutputStream:75 - [STDERR_REDIRECT] 
