2025-05-01 10:38:32,243 [INFO] Activator:176 - 


2025-05-01 10:38:32,248 [INFO] Activator:177 - !SESSION log4j initialized
2025-05-01 10:38:38,731 [INFO] LogOutputStream:77 - [STDOUT_REDIRECT] 
2025-05-01 10:38:46,374 [INFO] ApplicationProperties:184 - Using Application install path: C:\ST\STM32CubeIDE_1.18.0\STM32CubeIDE\plugins\com.st.stm32cube.common.mx_6.14.0.202502271554
2025-05-01 10:38:46,395 [INFO] DbMcusXml:78 - Set database path to: C:\ST\STM32CubeIDE_1.18.0\STM32CubeIDE\plugins\com.st.stm32cube.common.mx_6.14.0.202502271554\\db\/mcu/
2025-05-01 10:38:46,396 [INFO] ApiDb:274 - Set plugin database path to: C:\ST\STM32CubeIDE_1.18.0\STM32CubeIDE\plugins\com.st.stm32cube.common.mx_6.14.0.202502271554\\db\/plugins/boardmanager/
2025-05-01 10:38:46,396 [WARN] ApiDb:259 - Overriding images path with different value:  => C:\ST\STM32CubeIDE_1.18.0\STM32CubeIDE\plugins\com.st.stm32cube.common.mx_6.14.0.202502271554\\db\/plugins/mcufinder/images/
2025-05-01 10:38:46,406 [INFO] ApiDb:250 - Set database path to: C:\Users\marcv\.stmcufinder\plugins\mcufinder//mcu/
2025-05-01 10:38:46,407 [INFO] DbMcusAds:125 - Set database path to: C:\Users\marcv\.stmcufinder\plugins\mcufinder//mcu/
2025-05-01 10:38:46,410 [INFO] CrossReferenceDbSqlite:203 - Set database path to: C:\Users\marcv\.stmcufinder\plugins\mcufinder//mcu/cs/
2025-05-01 10:38:46,523 [INFO] RulesReader:64 - Compatibility file has been processed (301 Rules)
2025-05-01 10:38:46,598 [INFO] DbMcusXml:78 - Set database path to: C:\ST\STM32CubeIDE_1.18.0\STM32CubeIDE\plugins\com.st.stm32cube.common.mx_6.14.0.202502271554\\db\/mcu/
2025-05-01 10:38:46,598 [INFO] ApiDb:274 - Set plugin database path to: C:\ST\STM32CubeIDE_1.18.0\STM32CubeIDE\plugins\com.st.stm32cube.common.mx_6.14.0.202502271554\\db\/plugins/boardmanager/
2025-05-01 10:38:46,598 [INFO] ApiDb:261 - Set plugin images path to: C:\ST\STM32CubeIDE_1.18.0\STM32CubeIDE\plugins\com.st.stm32cube.common.mx_6.14.0.202502271554\\db\/plugins/mcufinder/images/
2025-05-01 10:38:46,598 [WARN] DbFile:41 - Overriding database path with different value: C:\Users\marcv\.stmcufinder\plugins\mcufinder/ => C:\Users\marcv\.stmcufinder\plugins\mcufinder
2025-05-01 10:38:46,598 [INFO] ApiDb:250 - Set database path to: C:\Users\marcv\.stmcufinder\plugins\mcufinder//mcu/
2025-05-01 10:38:46,598 [WARN] DbFile:41 - Overriding database path with different value: C:\Users\marcv\.stmcufinder\plugins\mcufinder/ => C:\Users\marcv\.stmcufinder\plugins\mcufinder
2025-05-01 10:38:46,598 [INFO] DbMcusAds:125 - Set database path to: C:\Users\marcv\.stmcufinder\plugins\mcufinder//mcu/
2025-05-01 10:38:46,598 [WARN] DbFile:41 - Overriding database path with different value: C:\Users\marcv\.stmcufinder\plugins\mcufinder/ => C:\Users\marcv\.stmcufinder\plugins\mcufinder
2025-05-01 10:38:46,599 [WARN] DbFile:41 - Overriding database path with different value: C:\Users\marcv\.stmcufinder\plugins\mcufinder/ => C:\Users\marcv\.stmcufinder\plugins\mcufinder
2025-05-01 10:38:46,599 [INFO] CrossReferenceDbSqlite:203 - Set database path to: C:\Users\marcv\.stmcufinder\plugins\mcufinder//mcu/cs/
2025-05-01 10:38:46,678 [INFO] MainPanel:272 - HeapMemory: 268435456
2025-05-01 10:38:46,808 [INFO] DbMcusXml:78 - Set database path to: C:\ST\STM32CubeIDE_1.18.0\STM32CubeIDE\plugins\com.st.stm32cube.common.mx_6.14.0.202502271554\\db\/mcu/
2025-05-01 10:38:46,808 [INFO] ApiDb:274 - Set plugin database path to: C:\ST\STM32CubeIDE_1.18.0\STM32CubeIDE\plugins\com.st.stm32cube.common.mx_6.14.0.202502271554\\db\/plugins/boardmanager/
2025-05-01 10:38:46,808 [INFO] ApiDb:261 - Set plugin images path to: C:\ST\STM32CubeIDE_1.18.0\STM32CubeIDE\plugins\com.st.stm32cube.common.mx_6.14.0.202502271554\\db\/plugins/mcufinder/images/
2025-05-01 10:38:46,808 [WARN] DbFile:41 - Overriding database path with different value: C:\Users\marcv\.stmcufinder\plugins\mcufinder/ => C:\Users\marcv\.stmcufinder\plugins\mcufinder
2025-05-01 10:38:46,809 [INFO] ApiDb:250 - Set database path to: C:\Users\marcv\.stmcufinder\plugins\mcufinder//mcu/
2025-05-01 10:38:46,809 [WARN] DbFile:41 - Overriding database path with different value: C:\Users\marcv\.stmcufinder\plugins\mcufinder/ => C:\Users\marcv\.stmcufinder\plugins\mcufinder
2025-05-01 10:38:46,809 [INFO] DbMcusAds:125 - Set database path to: C:\Users\marcv\.stmcufinder\plugins\mcufinder//mcu/
2025-05-01 10:38:46,809 [WARN] DbFile:41 - Overriding database path with different value: C:\Users\marcv\.stmcufinder\plugins\mcufinder/ => C:\Users\marcv\.stmcufinder\plugins\mcufinder
2025-05-01 10:38:46,809 [WARN] DbFile:41 - Overriding database path with different value: C:\Users\marcv\.stmcufinder\plugins\mcufinder/ => C:\Users\marcv\.stmcufinder\plugins\mcufinder
2025-05-01 10:38:46,809 [INFO] CrossReferenceDbSqlite:203 - Set database path to: C:\Users\marcv\.stmcufinder\plugins\mcufinder//mcu/cs/
2025-05-01 10:38:46,826 [INFO] ApplicationProperties:184 - Using Application install path: C:\ST\STM32CubeIDE_1.18.0\STM32CubeIDE\plugins\com.st.stm32cube.common.mx_6.14.0.202502271554
2025-05-01 10:38:46,828 [INFO] PluginManage:196 - Search for loadable plugins [exclusion list=, ]
2025-05-01 10:38:46,829 [INFO] PluginManage:310 - Check plugin analytics
2025-05-01 10:38:51,512 [INFO] AnalyticsPlugin:253 - Accepted Software Licenses: 
2025-05-01 10:38:51,512 [INFO] AnalyticsPlugin:255 - Accepted CMSIS Pack Licenses: 
2025-05-01 10:38:51,512 [INFO] AnalyticsPlugin:257 - Accepted Firmware Licenses: FW.H7.1.12.0
2025-05-01 10:38:51,514 [INFO] PluginManage:359 - Loaded plugin analytics (category:tool,tabindex:-1)
2025-05-01 10:38:51,514 [INFO] PluginManage:310 - Check plugin cadmodel
2025-05-01 10:38:51,533 [INFO] CADModel:105 - Init CAD model plugin
2025-05-01 10:38:51,533 [INFO] PluginManage:359 - Loaded plugin cadmodel (category:power,tabindex:5)
2025-05-01 10:38:51,533 [INFO] PluginManage:310 - Check plugin clock
2025-05-01 10:38:51,557 [INFO] PluginManage:359 - Loaded plugin clock (category:base,tabindex:2)
2025-05-01 10:38:51,557 [INFO] PluginManage:310 - Check plugin ddr
2025-05-01 10:38:51,560 [INFO] PluginManage:359 - Loaded plugin ddr (category:tool,tabindex:6)
2025-05-01 10:38:51,560 [INFO] PluginManage:310 - Check plugin filemanager
2025-05-01 10:38:51,693 [INFO] PluginManage:359 - Loaded plugin filemanager (category:base,tabindex:10)
2025-05-01 10:38:51,693 [INFO] PluginManage:310 - Check plugin ipmanager
2025-05-01 10:38:51,698 [INFO] PluginManage:359 - Loaded plugin ipmanager (category:base,tabindex:5)
2025-05-01 10:38:51,699 [INFO] PluginManage:310 - Check plugin lpbam
2025-05-01 10:38:51,720 [INFO] PluginManage:359 - Loaded plugin lpbam (category:base,tabindex:0)
2025-05-01 10:38:51,720 [INFO] PluginManage:310 - Check plugin memorymap
2025-05-01 10:38:51,746 [INFO] PluginManage:359 - Loaded plugin memorymap (category:base,tabindex:4)
2025-05-01 10:38:51,746 [INFO] PluginManage:310 - Check plugin pinoutandconfiguration
2025-05-01 10:38:51,768 [INFO] PluginManage:359 - Loaded plugin pinoutandconfiguration (category:base,tabindex:1)
2025-05-01 10:38:51,768 [INFO] PluginManage:310 - Check plugin pinoutconfig
2025-05-01 10:38:51,859 [WARN] SupportedApi:132 - Cannot load RTOS API schema: s4s-elt-must-match.1: The content of 'definitions' must match (annotation?, (simpleType | complexType)?, (unique | key | keyref)*)). A problem was found starting at: attribute.
2025-05-01 10:38:51,979 [INFO] PluginManage:359 - Loaded plugin pinoutconfig (category:base,tabindex:0)
2025-05-01 10:38:51,979 [INFO] PluginManage:310 - Check plugin power
2025-05-01 10:38:52,003 [INFO] PluginManage:359 - Loaded plugin power (category:power,tabindex:4)
2025-05-01 10:38:52,003 [INFO] PluginManage:310 - Check plugin projectmanager
2025-05-01 10:38:52,016 [INFO] PluginManage:359 - Loaded plugin projectmanager (category:projectmanager,tabindex:4)
2025-05-01 10:38:52,017 [INFO] PluginManage:310 - Check plugin rif
2025-05-01 10:38:52,038 [INFO] PluginManage:359 - Loaded plugin rif (category:base,tabindex:3)
2025-05-01 10:38:52,038 [INFO] PluginManage:310 - Check plugin thirdparty
2025-05-01 10:38:52,330 [INFO] PluginManage:359 - Loaded plugin thirdparty (category:base,tabindex:-1)
2025-05-01 10:38:52,330 [WARN] IntegrityCheckThread:84 - waiting for thirdparty lock release [integrity check]
2025-05-01 10:38:52,330 [INFO] PluginManage:310 - Check plugin tools
2025-05-01 10:38:52,330 [INFO] IntegrityCheckThread:86 - entering critical section [integrity check]
2025-05-01 10:38:52,330 [INFO] ThirdPartyUpdaterWithRetryManager:70 - Updater plugin not ready yet. [1/15]
2025-05-01 10:38:52,373 [INFO] PluginManage:359 - Loaded plugin tools (category:base,tabindex:7)
2025-05-01 10:38:52,373 [INFO] PluginManage:310 - Check plugin tutovideos
2025-05-01 10:38:52,558 [INFO] PluginManage:359 - Loaded plugin tutovideos (category:base,tabindex:-1)
2025-05-01 10:38:52,558 [INFO] PluginManage:310 - Check plugin updater
2025-05-01 10:38:52,577 [INFO] PluginManage:359 - Loaded plugin updater (category:base,tabindex:12)
2025-05-01 10:38:52,577 [INFO] PluginManage:310 - Check plugin userauth
2025-05-01 10:38:52,581 [INFO] UserAuth:118 - Init User Auth plugin
2025-05-01 10:38:52,582 [INFO] PluginManage:359 - Loaded plugin userauth (category:base,tabindex:14)
2025-05-01 10:38:52,582 [INFO] PluginManage:283 - PluginManage : Loaded plugins [18]
2025-05-01 10:38:52,780 [INFO] PinOutPanel:1589 - setPackage(No Configuration,No Configuration)
2025-05-01 10:38:52,854 [INFO] CADModel:165 - CPN selected for project level
2025-05-01 10:38:52,854 [INFO] CADModel:114 - Register for checkConnection events
2025-05-01 10:38:52,882 [INFO] IPUIPlugin:80 - create IPUIPlugin
2025-05-01 10:38:52,882 [INFO] PluginManager:220 - loadIPPluginJar : add adc
2025-05-01 10:38:52,926 [INFO] IPUIPlugin:80 - create IPUIPlugin
2025-05-01 10:38:52,926 [INFO] PluginManager:220 - loadIPPluginJar : add aes
2025-05-01 10:38:52,976 [INFO] IPUIPlugin:80 - create IPUIPlugin
2025-05-01 10:38:52,976 [INFO] PluginManager:220 - loadIPPluginJar : add can
2025-05-01 10:38:53,007 [INFO] IPUIPlugin:80 - create IPUIPlugin
2025-05-01 10:38:53,007 [INFO] PluginManager:220 - loadIPPluginJar : add comp
2025-05-01 10:38:53,047 [INFO] IPUIPlugin:80 - create IPUIPlugin
2025-05-01 10:38:53,047 [INFO] PluginManager:220 - loadIPPluginJar : add cryp
2025-05-01 10:38:53,063 [INFO] IPUIPlugin:80 - create IPUIPlugin
2025-05-01 10:38:53,063 [INFO] PluginManager:220 - loadIPPluginJar : add ddr_ctrl_phy
2025-05-01 10:38:53,101 [INFO] IPUIPlugin:80 - create IPUIPlugin
2025-05-01 10:38:53,101 [INFO] PluginManager:220 - loadIPPluginJar : add dfsdm
2025-05-01 10:38:53,117 [INFO] IPUIPlugin:80 - create IPUIPlugin
2025-05-01 10:38:53,117 [INFO] PluginManager:220 - loadIPPluginJar : add dma
2025-05-01 10:38:53,172 [INFO] IPUIPlugin:80 - create IPUIPlugin
2025-05-01 10:38:53,172 [INFO] PluginManager:220 - loadIPPluginJar : add dma3
2025-05-01 10:38:53,228 [INFO] IPUIPlugin:80 - create IPUIPlugin
2025-05-01 10:38:53,228 [INFO] PluginManager:220 - loadIPPluginJar : add extmemmanager
2025-05-01 10:38:53,254 [INFO] IPUIPlugin:80 - create IPUIPlugin
2025-05-01 10:38:53,254 [INFO] PluginManager:220 - loadIPPluginJar : add fatfs
2025-05-01 10:38:53,312 [INFO] IPUIPlugin:80 - create IPUIPlugin
2025-05-01 10:38:53,312 [INFO] PluginManager:220 - loadIPPluginJar : add fmc
2025-05-01 10:38:53,333 [INFO] IPUIPlugin:80 - create IPUIPlugin
2025-05-01 10:38:53,333 [INFO] PluginManager:220 - loadIPPluginJar : add freertos
2025-05-01 10:38:53,359 [INFO] IPUIPlugin:80 - create IPUIPlugin
2025-05-01 10:38:53,359 [INFO] PluginManager:220 - loadIPPluginJar : add genericplugin
2025-05-01 10:38:53,475 [INFO] IPUIPlugin:80 - create IPUIPlugin
2025-05-01 10:38:53,475 [INFO] PluginManager:220 - loadIPPluginJar : add gfxmmu
2025-05-01 10:38:53,634 [INFO] IPUIPlugin:80 - create IPUIPlugin
2025-05-01 10:38:53,634 [INFO] PluginManager:220 - loadIPPluginJar : add gic
2025-05-01 10:38:53,650 [INFO] IPUIPlugin:80 - create IPUIPlugin
2025-05-01 10:38:53,651 [INFO] PluginManager:220 - loadIPPluginJar : add gpio
2025-05-01 10:38:53,763 [INFO] IPUIPlugin:80 - create IPUIPlugin
2025-05-01 10:38:53,763 [INFO] PluginManager:220 - loadIPPluginJar : add gtzc
2025-05-01 10:38:53,805 [INFO] IPUIPlugin:80 - create IPUIPlugin
2025-05-01 10:38:53,805 [INFO] PluginManager:220 - loadIPPluginJar : add hash
2025-05-01 10:38:53,867 [INFO] IPUIPlugin:80 - create IPUIPlugin
2025-05-01 10:38:53,867 [INFO] PluginManager:220 - loadIPPluginJar : add i2c
2025-05-01 10:38:53,915 [INFO] IPUIPlugin:80 - create IPUIPlugin
2025-05-01 10:38:53,915 [INFO] PluginManager:220 - loadIPPluginJar : add i2s
2025-05-01 10:38:53,966 [INFO] IPUIPlugin:80 - create IPUIPlugin
2025-05-01 10:38:53,967 [INFO] PluginManager:220 - loadIPPluginJar : add i3c
2025-05-01 10:38:54,088 [INFO] IPUIPlugin:80 - create IPUIPlugin
2025-05-01 10:38:54,088 [INFO] PluginManager:220 - loadIPPluginJar : add ipddr
2025-05-01 10:38:54,205 [INFO] IPUIPlugin:80 - create IPUIPlugin
2025-05-01 10:38:54,205 [INFO] PluginManager:220 - loadIPPluginJar : add linkedlist
2025-05-01 10:38:54,249 [INFO] IPUIPlugin:80 - create IPUIPlugin
2025-05-01 10:38:54,249 [INFO] PluginManager:220 - loadIPPluginJar : add lorawan
2025-05-01 10:38:54,296 [INFO] IPUIPlugin:80 - create IPUIPlugin
2025-05-01 10:38:54,296 [INFO] PluginManager:220 - loadIPPluginJar : add ltdc
2025-05-01 10:38:54,313 [INFO] IPUIPlugin:80 - create IPUIPlugin
2025-05-01 10:38:54,313 [INFO] PluginManager:220 - loadIPPluginJar : add mdma
2025-05-01 10:38:54,329 [INFO] IPUIPlugin:80 - create IPUIPlugin
2025-05-01 10:38:54,329 [INFO] PluginManager:220 - loadIPPluginJar : add nvic
2025-05-01 10:38:54,374 [INFO] IPUIPlugin:80 - create IPUIPlugin
2025-05-01 10:38:54,374 [INFO] PluginManager:220 - loadIPPluginJar : add opamp
2025-05-01 10:38:54,451 [INFO] IPUIPlugin:80 - create IPUIPlugin
2025-05-01 10:38:54,451 [INFO] PluginManager:220 - loadIPPluginJar : add openamp
2025-05-01 10:38:54,505 [INFO] IPUIPlugin:80 - create IPUIPlugin
2025-05-01 10:38:54,505 [INFO] PluginManager:220 - loadIPPluginJar : add pdm2pcm
2025-05-01 10:38:54,523 [INFO] IPUIPlugin:80 - create IPUIPlugin
2025-05-01 10:38:54,525 [INFO] PluginManager:220 - loadIPPluginJar : add plateformsettings
2025-05-01 10:38:54,554 [INFO] IPUIPlugin:80 - create IPUIPlugin
2025-05-01 10:38:54,554 [INFO] PluginManager:220 - loadIPPluginJar : add quadspi
2025-05-01 10:38:54,588 [INFO] IPUIPlugin:80 - create IPUIPlugin
2025-05-01 10:38:54,589 [INFO] PluginManager:220 - loadIPPluginJar : add radio
2025-05-01 10:38:54,604 [INFO] IPUIPlugin:80 - create IPUIPlugin
2025-05-01 10:38:54,604 [INFO] PluginManager:220 - loadIPPluginJar : add resmgrutility
2025-05-01 10:38:54,661 [INFO] IPUIPlugin:80 - create IPUIPlugin
2025-05-01 10:38:54,662 [INFO] PluginManager:220 - loadIPPluginJar : add sai
2025-05-01 10:38:54,709 [INFO] IPUIPlugin:80 - create IPUIPlugin
2025-05-01 10:38:54,709 [INFO] PluginManager:220 - loadIPPluginJar : add spi
2025-05-01 10:38:54,804 [INFO] IPUIPlugin:80 - create IPUIPlugin
2025-05-01 10:38:54,804 [INFO] PluginManager:220 - loadIPPluginJar : add stm32_wpan
2025-05-01 10:38:54,834 [INFO] IPUIPlugin:80 - create IPUIPlugin
2025-05-01 10:38:54,834 [INFO] PluginManager:220 - loadIPPluginJar : add tim
2025-05-01 10:38:54,913 [INFO] IPUIPlugin:80 - create IPUIPlugin
2025-05-01 10:38:54,914 [INFO] PluginManager:220 - loadIPPluginJar : add touchsensing
2025-05-01 10:38:54,942 [INFO] IPUIPlugin:80 - create IPUIPlugin
2025-05-01 10:38:54,943 [INFO] PluginManager:220 - loadIPPluginJar : add tracer_emb
2025-05-01 10:38:54,974 [INFO] IPUIPlugin:80 - create IPUIPlugin
2025-05-01 10:38:54,974 [INFO] PluginManager:220 - loadIPPluginJar : add ts
2025-05-01 10:38:55,003 [INFO] IPUIPlugin:80 - create IPUIPlugin
2025-05-01 10:38:55,003 [INFO] PluginManager:220 - loadIPPluginJar : add tsc
2025-05-01 10:38:55,030 [INFO] IPUIPlugin:80 - create IPUIPlugin
2025-05-01 10:38:55,030 [INFO] PluginManager:220 - loadIPPluginJar : add ucpd
2025-05-01 10:38:55,086 [INFO] IPUIPlugin:80 - create IPUIPlugin
2025-05-01 10:38:55,086 [INFO] PluginManager:220 - loadIPPluginJar : add usart
2025-05-01 10:38:55,142 [INFO] IPUIPlugin:80 - create IPUIPlugin
2025-05-01 10:38:55,142 [INFO] PluginManager:220 - loadIPPluginJar : add usbx
2025-05-01 10:38:55,262 [FATAL] Updater:351 - Updater called before beeing initialized
2025-05-01 10:38:55,283 [INFO] RulesReader:64 - Compatibility file has been processed (301 Rules)
2025-05-01 10:38:55,293 [INFO] RulesReader:64 - Compatibility file has been processed (301 Rules)
2025-05-01 10:38:55,299 [INFO] CADModel:165 - CPN selected for project level
2025-05-01 10:38:55,299 [INFO] CADModel:114 - Register for checkConnection events
2025-05-01 10:38:55,299 [FATAL] Updater:351 - Updater called before beeing initialized
2025-05-01 10:38:55,299 [ERROR] CADModel:125 - Updater not yet initialized, retry later 
2025-05-01 10:38:55,331 [INFO] ThirdPartyUpdaterWithRetryManager:70 - Updater plugin not ready yet. [2/15]
2025-05-01 10:38:55,433 [FATAL] Updater:351 - Updater called before beeing initialized
2025-05-01 10:38:55,435 [INFO] CADModel:165 - CPN selected for project level
2025-05-01 10:38:55,435 [INFO] CADModel:114 - Register for checkConnection events
2025-05-01 10:38:55,435 [FATAL] Updater:351 - Updater called before beeing initialized
2025-05-01 10:38:55,435 [ERROR] CADModel:125 - Updater not yet initialized, retry later 
2025-05-01 10:38:55,438 [FATAL] Updater:351 - Updater called before beeing initialized
2025-05-01 10:38:55,534 [FATAL] Updater:351 - Updater called before beeing initialized
2025-05-01 10:38:55,546 [INFO] DbMcusAds:53 - JSON generation date=Thu Mar 06 15:54:22 CET 2025 (1741272862204)
2025-05-01 10:38:55,546 [FATAL] Updater:351 - Updater called before beeing initialized
2025-05-01 10:38:55,590 [WARN] DetailPanel:346 - Failed to get advertising image, set to default
2025-05-01 10:38:55,837 [FATAL] Updater:351 - Updater called before beeing initialized
2025-05-01 10:38:55,838 [FATAL] Updater:351 - Updater called before beeing initialized
2025-05-01 10:38:55,838 [FATAL] Updater:351 - Updater called before beeing initialized
2025-05-01 10:38:55,838 [WARN] DetailPanel:346 - Failed to get advertising image, set to default
2025-05-01 10:38:55,839 [FATAL] Updater:351 - Updater called before beeing initialized
2025-05-01 10:38:55,895 [ERROR] Updater:1198 - MainUpdater not yet initialized. External WinMGr cannot be set.
2025-05-01 10:38:55,906 [INFO] Updater:1134 - Updater Version found : 6.14.0
2025-05-01 10:38:55,927 [INFO] ApplicationProperties:184 - Using Application install path: C:\ST\STM32CubeIDE_1.18.0\STM32CubeIDE\plugins\com.st.stm32cube.common.mx_6.14.0.202502271554
2025-05-01 10:38:57,514 [ERROR] LogOutputStream:75 - [STDERR_REDIRECT] May 01, 2025 10:38:57 AM java.util.prefs.WindowsPreferences <init>
2025-05-01 10:38:57,517 [ERROR] LogOutputStream:75 - [STDERR_REDIRECT] WARNING: Could not open/create prefs root node Software\JavaSoft\Prefs at root 0xffffffff80000002. Windows RegCreateKeyEx(...) returned error code 5.
2025-05-01 10:38:57,517 [ERROR] LogOutputStream:75 - [STDERR_REDIRECT] 
2025-05-01 10:38:57,785 [INFO] MainUpdater:2872 - connection check result : 10
2025-05-01 10:38:57,786 [INFO] MainUpdater:3566 - Updater definition file requires update
2025-05-01 10:38:57,788 [INFO] MainUpdater:289 - Updater Check For Update Now.
2025-05-01 10:38:57,788 [INFO] MicroXplorer:498 - Change Database Version : DB.6.0.140
2025-05-01 10:38:57,806 [INFO] McuFinderGlobals:63 - Set McuFinder mode to 2 (CubeIDE integrated)
2025-05-01 10:38:57,814 [INFO] UserAuth:486 - Internet connection configuration mode: 1
2025-05-01 10:38:57,843 [INFO] JxBrowserEngine:152 - Initiate JxBrowser Engine with user profile folder
2025-05-01 10:38:57,845 [INFO] ServerAccessManage:473 - Download File updaters.zip
2025-05-01 10:38:57,924 [INFO] FileExtend:242 - Unzip File : updaters.zip
2025-05-01 10:38:57,925 [INFO] FileExtend:257 - Standard Zip Deflate
2025-05-01 10:38:58,379 [WARN] MainUpdater:1193 - Updater busy. Cannot search thirdparties
2025-05-01 10:38:58,380 [INFO] ThirdPartyUpdaterWithRetryManager:96 - Updater plugin is busy. [1/15]
2025-05-01 10:38:58,630 [INFO] ServerAccessManage:473 - Download File PacksControlFlags.xml
2025-05-01 10:38:58,752 [INFO] ServerAccessManage:473 - Download File cubemx.pidx
2025-05-01 10:39:01,389 [WARN] MainUpdater:1193 - Updater busy. Cannot search thirdparties
2025-05-01 10:39:01,548 [INFO] ThirdPartyUpdaterWithRetryManager:96 - Updater plugin is busy. [2/15]
2025-05-01 10:39:01,678 [INFO] ServerAccessManage:473 - Download File STMicroelectronics.X-CUBE-NFC7.pdsc
2025-05-01 10:39:02,341 [INFO] WebApp:169 - Instantiating new browser for Auth
2025-05-01 10:39:03,171 [WARN] PackLoader:240 - Cannot read IP mode file for STMicroelectronics.X-CUBE-NFC7.2.0.0
2025-05-01 10:39:03,175 [INFO] PopulateThirdPartyThread:66 - Ending populate Thread
2025-05-01 10:39:03,176 [INFO] ThirdParty:1030 - CMSIS Pack Vendor :STMicroelectronics X-CUBE-NFC7 2.0.0
2025-05-01 10:39:03,176 [INFO] LoadServerUpdatesThread:375 - End of LoadServerUpdate Thread
2025-05-01 10:39:03,304 [INFO] CheckServerUpdateThread:120 - End of CheckServer Thread
2025-05-01 10:39:03,415 [INFO] WebApp:463 - Apply proxy settings
2025-05-01 10:39:03,416 [INFO] WebApp:548 - Chromium requires no authentication
2025-05-01 10:39:03,445 [INFO] WebApp:491 - Direct internet connection detected
2025-05-01 10:39:03,507 [INFO] WebApp:894 - Register for checkConnection events
2025-05-01 10:39:03,507 [INFO] WebApp:463 - Apply proxy settings
2025-05-01 10:39:03,508 [INFO] WebApp:548 - Chromium requires no authentication
2025-05-01 10:39:03,508 [INFO] WebApp:491 - Direct internet connection detected
2025-05-01 10:39:03,721 [INFO] WebApp:191 - Connection restablished
2025-05-01 10:39:03,848 [INFO] WebApp:225 - Starting web application
2025-05-01 10:39:03,848 [INFO] WebApp:593 - Web application path used C:\ST\STM32CubeIDE_1.18.0\STM32CubeIDE\plugins\com.st.stm32cube.common.mx_6.14.0.202502271554\db\plugins\mcufinder\reactClient1\index.html
2025-05-01 10:39:04,009 [INFO] UserAuth:486 - Internet connection configuration mode: 1
2025-05-01 10:39:04,761 [WARN] PackLoader:240 - Cannot read IP mode file for STMicroelectronics.FP-SNS-MOTENVWB1.1.4.0
2025-05-01 10:39:04,768 [WARN] PackLoader:240 - Cannot read IP mode file for STMicroelectronics.FP-ATR-ASTRA1.2.0.2
2025-05-01 10:39:04,783 [WARN] PackLoader:240 - Cannot read IP mode file for STMicroelectronics.X-CUBE-SMBUS.2.1.0
2025-05-01 10:39:04,805 [WARN] PackLoader:240 - Cannot read IP mode file for STMicroelectronics.X-CUBE-WB05N.1.1.0
2025-05-01 10:39:04,852 [WARN] PackLoader:240 - Cannot read IP mode file for STMicroelectronics.X-CUBE-AZRTOS-F7.1.1.0
2025-05-01 10:39:04,869 [WARN] PackLoader:240 - Cannot read IP mode file for STMicroelectronics.FP-SNS-FLIGHT1.5.0.2
2025-05-01 10:39:04,903 [WARN] PackLoader:240 - Cannot read IP mode file for Infineon.AIROC-Wi-Fi-Bluetooth-STM32.1.7.0
2025-05-01 10:39:04,925 [WARN] PackLoader:240 - Cannot read IP mode file for STMicroelectronics.X-CUBE-DISPLAY.3.0.0
2025-05-01 10:39:04,944 [WARN] PackLoader:240 - Cannot read IP mode file for STMicroelectronics.X-CUBE-NFC10.1.0.0
2025-05-01 10:39:04,965 [WARN] PackLoader:240 - Cannot read IP mode file for STMicroelectronics.X-CUBE-BLEMGR.4.0.0
2025-05-01 10:39:04,982 [WARN] PackLoader:240 - Cannot read IP mode file for emotas.I-CUBE-CANOPEN.1.3.0
2025-05-01 10:39:04,987 [WARN] ConditionMgr:438 - getConditionDescription Invalid condition id : Cortex-A Device cause : null
2025-05-01 10:39:05,007 [WARN] ConditionMgr:1044 - genDependencies : Invalid condition id : Cortex-A Device cause : null
2025-05-01 10:39:05,007 [WARN] ConditionMgr:1044 - genDependencies : Invalid condition id : Cortex-A Device cause : null
2025-05-01 10:39:05,007 [WARN] ConditionMgr:1044 - genDependencies : Invalid condition id : Cortex-A Device cause : null
2025-05-01 10:39:05,021 [WARN] PackLoader:240 - Cannot read IP mode file for STMicroelectronics.X-CUBE-AI.10.0.0
2025-05-01 10:39:05,035 [WARN] PackLoader:240 - Cannot read IP mode file for STMicroelectronics.FP-SNS-SMARTAG2.1.2.0
2025-05-01 10:39:05,039 [WARN] PackLoader:240 - Cannot read IP mode file for STMicroelectronics.FP-SNS-FLIGHT1.5.1.0
2025-05-01 10:39:05,098 [WARN] PackLoader:240 - Cannot read IP mode file for STMicroelectronics.X-CUBE-MEMS1.11.1.0
2025-05-01 10:39:05,225 [INFO] LogOutputStream:77 - [STDOUT_REDIRECT] 1 : Invalid condition id : UX_CORESTACK_Condition cause : null
2025-05-01 10:39:05,226 [INFO] LogOutputStream:77 - [STDOUT_REDIRECT] 1 : Invalid condition id : UX_CORESTACK_Condition cause : null
2025-05-01 10:39:05,227 [INFO] LogOutputStream:77 - [STDOUT_REDIRECT] 1 : Invalid condition id : UX_CORESTACK_Condition cause : null
2025-05-01 10:39:05,227 [INFO] LogOutputStream:77 - [STDOUT_REDIRECT] 1 : Invalid condition id : UX_CORESTACK_Condition cause : null
2025-05-01 10:39:05,228 [INFO] LogOutputStream:77 - [STDOUT_REDIRECT] 1 : Invalid condition id : UX_CORESTACK_Condition cause : null
2025-05-01 10:39:05,230 [WARN] PackLoader:240 - Cannot read IP mode file for STMicroelectronics.X-CUBE-AZRTOS-WL.2.0.0
2025-05-01 10:39:05,247 [WARN] PackLoader:240 - Cannot read IP mode file for STMicroelectronics.FP-SNS-MOTENV1.5.0.0
2025-05-01 10:39:05,264 [WARN] PackLoader:240 - Cannot read IP mode file for WES.I-CUBE-Cesium.1.3.0
2025-05-01 10:39:05,282 [WARN] PackLoader:240 - Cannot read IP mode file for STMicroelectronics.X-CUBE-BLE2.3.3.0
2025-05-01 10:39:05,302 [WARN] PackLoader:240 - Cannot read IP mode file for STMicroelectronics.X-CUBE-NFC9.1.0.0
2025-05-01 10:39:05,319 [WARN] PackLoader:240 - Cannot read IP mode file for STMicroelectronics.X-CUBE-BLE1.7.1.0
2025-05-01 10:39:05,324 [WARN] PackLoader:240 - Cannot read IP mode file for wolfSSL.I-CUBE-wolfMQTT.1.19.2
2025-05-01 10:39:05,382 [WARN] PackLoader:240 - Cannot read IP mode file for STMicroelectronics.X-CUBE-MEMS1.11.2.0
2025-05-01 10:39:05,515 [WARN] PackLoader:240 - Cannot read IP mode file for STMicroelectronics.X-CUBE-AZRTOS-G0.1.1.0
2025-05-01 10:39:05,538 [WARN] PackLoader:240 - Cannot read IP mode file for STMicroelectronics.X-CUBE-SAFEA1.1.2.2
2025-05-01 10:39:05,561 [WARN] PackLoader:240 - Cannot read IP mode file for STMicroelectronics.X-CUBE-NFC4.3.0.0
2025-05-01 10:39:05,581 [WARN] PackLoader:240 - Cannot read IP mode file for EmbeddedOffice.I-CUBE-FS-RTOS.1.0.1
2025-05-01 10:39:05,602 [WARN] PackLoader:240 - Cannot read IP mode file for STMicroelectronics.X-CUBE-WB05N.2.0.0
2025-05-01 10:39:05,607 [WARN] PackLoader:240 - Cannot read IP mode file for wolfSSL.I-CUBE-wolfTPM.3.8.0
2025-05-01 10:39:05,625 [WARN] PackLoader:240 - Cannot read IP mode file for STMicroelectronics.X-CUBE-TCPP.4.2.0
2025-05-01 10:39:05,644 [WARN] PackLoader:240 - Cannot read IP mode file for RealThread.X-CUBE-RT-Thread_Nano.4.1.1
2025-05-01 10:39:05,650 [WARN] PackLoader:240 - Cannot read IP mode file for STMicroelectronics.FP-ATR-SIGFOX1.3.2.0
2025-05-01 10:39:05,668 [WARN] PackLoader:240 - Cannot read IP mode file for STMicroelectronics.X-CUBE-EEPRMA1.5.1.0
2025-05-01 10:39:05,688 [WARN] PackLoader:240 - Cannot read IP mode file for wolfSSL.I-CUBE-wolfSSL.5.7.6
2025-05-01 10:39:05,708 [WARN] PackLoader:240 - Cannot read IP mode file for ITTIA_DB.I-CUBE-ITTIADB.8.9.0
2025-05-01 10:39:05,746 [WARN] PackLoader:240 - Cannot read IP mode file for SEGGER.I-CUBE-embOS.1.3.1
2025-05-01 10:39:05,792 [WARN] PackLoader:240 - Cannot read IP mode file for STMicroelectronics.X-CUBE-ALGOBUILD.1.4.0
2025-05-01 10:39:05,839 [WARN] PackLoader:240 - Cannot read IP mode file for STMicroelectronics.X-CUBE-AZRTOS-F4.1.1.0
2025-05-01 10:39:05,845 [WARN] PackLoader:240 - Cannot read IP mode file for Avnet-IotConnect.X-CUBE-IoTC-DA16k-PMOD.1.0.0
2025-05-01 10:39:05,861 [WARN] PackLoader:240 - Cannot read IP mode file for STMicroelectronics.X-CUBE-ISPU.2.1.0
2025-05-01 10:39:05,894 [WARN] PackLoader:240 - Cannot read IP mode file for STMicroelectronics.X-CUBE-AZRTOS-L5.2.0.0
2025-05-01 10:39:05,914 [WARN] PackLoader:240 - Cannot read IP mode file for STMicroelectronics.X-CUBE-NFC6.3.1.0
2025-05-01 10:39:05,935 [WARN] PackLoader:240 - Cannot read IP mode file for STMicroelectronics.X-CUBE-DPower.1.2.0
2025-05-01 10:39:05,951 [WARN] PackLoader:240 - Cannot read IP mode file for STMicroelectronics.X-CUBE-FREERTOS.1.3.0
2025-05-01 10:39:05,966 [WARN] PackLoader:240 - Cannot read IP mode file for STMicroelectronics.X-CUBE-NFC7.1.0.1
2025-05-01 10:39:05,982 [WARN] PackLoader:240 - Cannot read IP mode file for STMicroelectronics.X-CUBE-DPower.1.3.0
2025-05-01 10:39:06,015 [WARN] ConditionMgr:438 - getConditionDescription Invalid condition id : LAN8742 Phy interface Condition cause : null
2025-05-01 10:39:06,015 [WARN] PackLoader:240 - Cannot read IP mode file for STMicroelectronics.X-CUBE-AZRTOS-L4.2.0.0
2025-05-01 10:39:06,020 [WARN] ConditionMgr:1044 - genDependencies : Invalid condition id : LAN8742 Phy interface Condition cause : null
2025-05-01 10:39:06,020 [WARN] ConditionMgr:1044 - genDependencies : Invalid condition id : LAN8742 Phy interface Condition cause : null
2025-05-01 10:39:06,021 [WARN] ConditionMgr:1044 - genDependencies : Invalid condition id : LAN8742 Phy interface Condition cause : null
2025-05-01 10:39:06,091 [WARN] PackLoader:240 - Cannot read IP mode file for STMicroelectronics.X-CUBE-SFXS2LP1.4.0.0
2025-05-01 10:39:06,140 [WARN] PackLoader:240 - Cannot read IP mode file for STMicroelectronics.X-CUBE-AZRTOS-H7.3.3.0
2025-05-01 10:39:06,195 [WARN] ConditionMgr:438 - getConditionDescription Invalid condition id : UX DEVICE CLASS RTOS Condition cause : null
2025-05-01 10:39:06,195 [WARN] ConditionMgr:438 - getConditionDescription Invalid condition id : UX DEVICE CLASS RTOS Condition cause : null
2025-05-01 10:39:06,198 [WARN] PackLoader:240 - Cannot read IP mode file for STMicroelectronics.X-CUBE-AZRTOS-WB.2.0.0
2025-05-01 10:39:06,198 [WARN] ConditionMgr:1044 - genDependencies : Invalid condition id : UX DEVICE CLASS RTOS Condition cause : null
2025-05-01 10:39:06,199 [WARN] ConditionMgr:1044 - genDependencies : Invalid condition id : UX DEVICE CLASS RTOS Condition cause : null
2025-05-01 10:39:06,199 [WARN] ConditionMgr:1044 - genDependencies : Invalid condition id : UX DEVICE CLASS RTOS Condition cause : null
2025-05-01 10:39:06,199 [WARN] ConditionMgr:1044 - genDependencies : Invalid condition id : UX DEVICE CLASS RTOS Condition cause : null
2025-05-01 10:39:06,199 [WARN] ConditionMgr:1044 - genDependencies : Invalid condition id : UX DEVICE CLASS RTOS Condition cause : null
2025-05-01 10:39:06,221 [WARN] PackLoader:240 - Cannot read IP mode file for STMicroelectronics.X-CUBE-GNSS1.7.0.1
2025-05-01 10:39:06,246 [WARN] PackLoader:240 - Cannot read IP mode file for STMicroelectronics.X-CUBE-TOUCHGFX.4.25.0
2025-05-01 10:39:06,270 [WARN] PackLoader:240 - Cannot read IP mode file for STMicroelectronics.FP-SNS-STBOX1.2.0.0
2025-05-01 10:39:06,295 [WARN] PackLoader:240 - Cannot read IP mode file for STMicroelectronics.X-CUBE-SUBG2.5.0.0
2025-05-01 10:39:06,331 [WARN] PackLoader:240 - Cannot read IP mode file for STMicroelectronics.X-CUBE-AZRTOS-H7RS.1.1.0
2025-05-01 10:39:06,340 [WARN] PackLoader:240 - Cannot read IP mode file for Cesanta.I-CUBE-Mongoose.7.13.0
2025-05-01 10:39:06,375 [WARN] PackLoader:240 - Cannot read IP mode file for STMicroelectronics.X-CUBE-AZRTOS-G4.2.0.0
2025-05-01 10:39:06,381 [WARN] PackLoader:240 - Cannot read IP mode file for wolfSSL.I-CUBE-wolfSSH.1.4.20
2025-05-01 10:39:06,383 [WARN] PackLoader:240 - Cannot read IP mode file for STMicroelectronics.X-CUBE-NFC7.2.0.0
2025-05-01 10:39:06,421 [WARN] PackLoader:240 - Cannot read IP mode file for STMicroelectronics.X-CUBE-IPS.3.1.0
2025-05-01 10:39:06,447 [WARN] PackLoader:240 - Cannot read IP mode file for STMicroelectronics.X-CUBE-ALS.1.0.2
2025-05-01 10:39:06,465 [WARN] PackLoader:240 - Cannot read IP mode file for STMicroelectronics.X-CUBE-TOUCHGFX.4.24.2
2025-05-01 10:39:06,487 [WARN] PackLoader:240 - Cannot read IP mode file for portGmbH.I-Cube-SoM-uGOAL.1.1.0
2025-05-01 10:39:06,521 [WARN] PackLoader:240 - Cannot read IP mode file for STMicroelectronics.X-CUBE-AZRTOS-H7RS.1.0.0
2025-05-01 10:39:06,545 [WARN] PackLoader:240 - Cannot read IP mode file for STMicroelectronics.X-CUBE-TOF1.3.4.2
2025-05-01 10:39:06,572 [WARN] PackLoader:240 - Cannot read IP mode file for STMicroelectronics.X-CUBE-TOF1.3.4.3
2025-05-01 10:39:06,578 [INFO] ThirdParty:978 - Integrity check success = true
2025-05-01 10:39:06,578 [INFO] IntegrityCheckThread:100 - exiting critical section [integrity check]
2025-05-01 10:39:06,578 [INFO] IntegrityCheckThread:103 - End integrity checks thread
2025-05-01 12:29:44,201 [ERROR] LogOutputStream:75 - [STDERR_REDIRECT] 
2025-05-01 20:33:50,562 [INFO] Activator:176 - 


2025-05-01 20:33:50,564 [INFO] Activator:177 - !SESSION log4j initialized
2025-05-01 20:33:56,844 [INFO] LogOutputStream:77 - [STDOUT_REDIRECT] 
2025-05-01 20:34:05,455 [INFO] ApplicationProperties:184 - Using Application install path: C:\ST\STM32CubeIDE_1.18.0\STM32CubeIDE\plugins\com.st.stm32cube.common.mx_6.14.0.202502271554
2025-05-01 20:34:05,476 [INFO] DbMcusXml:78 - Set database path to: C:\ST\STM32CubeIDE_1.18.0\STM32CubeIDE\plugins\com.st.stm32cube.common.mx_6.14.0.202502271554\\db\/mcu/
2025-05-01 20:34:05,476 [INFO] ApiDb:274 - Set plugin database path to: C:\ST\STM32CubeIDE_1.18.0\STM32CubeIDE\plugins\com.st.stm32cube.common.mx_6.14.0.202502271554\\db\/plugins/boardmanager/
2025-05-01 20:34:05,477 [WARN] ApiDb:259 - Overriding images path with different value:  => C:\ST\STM32CubeIDE_1.18.0\STM32CubeIDE\plugins\com.st.stm32cube.common.mx_6.14.0.202502271554\\db\/plugins/mcufinder/images/
2025-05-01 20:34:05,484 [INFO] ApiDb:250 - Set database path to: C:\Users\marcv\.stmcufinder\plugins\mcufinder//mcu/
2025-05-01 20:34:05,485 [INFO] DbMcusAds:125 - Set database path to: C:\Users\marcv\.stmcufinder\plugins\mcufinder//mcu/
2025-05-01 20:34:05,488 [INFO] CrossReferenceDbSqlite:203 - Set database path to: C:\Users\marcv\.stmcufinder\plugins\mcufinder//mcu/cs/
2025-05-01 20:34:05,616 [INFO] RulesReader:64 - Compatibility file has been processed (301 Rules)
2025-05-01 20:34:05,707 [INFO] DbMcusXml:78 - Set database path to: C:\ST\STM32CubeIDE_1.18.0\STM32CubeIDE\plugins\com.st.stm32cube.common.mx_6.14.0.202502271554\\db\/mcu/
2025-05-01 20:34:05,707 [INFO] ApiDb:274 - Set plugin database path to: C:\ST\STM32CubeIDE_1.18.0\STM32CubeIDE\plugins\com.st.stm32cube.common.mx_6.14.0.202502271554\\db\/plugins/boardmanager/
2025-05-01 20:34:05,707 [INFO] ApiDb:261 - Set plugin images path to: C:\ST\STM32CubeIDE_1.18.0\STM32CubeIDE\plugins\com.st.stm32cube.common.mx_6.14.0.202502271554\\db\/plugins/mcufinder/images/
2025-05-01 20:34:05,707 [WARN] DbFile:41 - Overriding database path with different value: C:\Users\marcv\.stmcufinder\plugins\mcufinder/ => C:\Users\marcv\.stmcufinder\plugins\mcufinder
2025-05-01 20:34:05,707 [INFO] ApiDb:250 - Set database path to: C:\Users\marcv\.stmcufinder\plugins\mcufinder//mcu/
2025-05-01 20:34:05,708 [WARN] DbFile:41 - Overriding database path with different value: C:\Users\marcv\.stmcufinder\plugins\mcufinder/ => C:\Users\marcv\.stmcufinder\plugins\mcufinder
2025-05-01 20:34:05,708 [INFO] DbMcusAds:125 - Set database path to: C:\Users\marcv\.stmcufinder\plugins\mcufinder//mcu/
2025-05-01 20:34:05,708 [WARN] DbFile:41 - Overriding database path with different value: C:\Users\marcv\.stmcufinder\plugins\mcufinder/ => C:\Users\marcv\.stmcufinder\plugins\mcufinder
2025-05-01 20:34:05,708 [WARN] DbFile:41 - Overriding database path with different value: C:\Users\marcv\.stmcufinder\plugins\mcufinder/ => C:\Users\marcv\.stmcufinder\plugins\mcufinder
2025-05-01 20:34:05,708 [INFO] CrossReferenceDbSqlite:203 - Set database path to: C:\Users\marcv\.stmcufinder\plugins\mcufinder//mcu/cs/
2025-05-01 20:34:05,795 [INFO] MainPanel:272 - HeapMemory: 268435456
2025-05-01 20:34:05,940 [INFO] DbMcusXml:78 - Set database path to: C:\ST\STM32CubeIDE_1.18.0\STM32CubeIDE\plugins\com.st.stm32cube.common.mx_6.14.0.202502271554\\db\/mcu/
2025-05-01 20:34:05,940 [INFO] ApiDb:274 - Set plugin database path to: C:\ST\STM32CubeIDE_1.18.0\STM32CubeIDE\plugins\com.st.stm32cube.common.mx_6.14.0.202502271554\\db\/plugins/boardmanager/
2025-05-01 20:34:05,940 [INFO] ApiDb:261 - Set plugin images path to: C:\ST\STM32CubeIDE_1.18.0\STM32CubeIDE\plugins\com.st.stm32cube.common.mx_6.14.0.202502271554\\db\/plugins/mcufinder/images/
2025-05-01 20:34:05,940 [WARN] DbFile:41 - Overriding database path with different value: C:\Users\marcv\.stmcufinder\plugins\mcufinder/ => C:\Users\marcv\.stmcufinder\plugins\mcufinder
2025-05-01 20:34:05,941 [INFO] ApiDb:250 - Set database path to: C:\Users\marcv\.stmcufinder\plugins\mcufinder//mcu/
2025-05-01 20:34:05,941 [WARN] DbFile:41 - Overriding database path with different value: C:\Users\marcv\.stmcufinder\plugins\mcufinder/ => C:\Users\marcv\.stmcufinder\plugins\mcufinder
2025-05-01 20:34:05,941 [INFO] DbMcusAds:125 - Set database path to: C:\Users\marcv\.stmcufinder\plugins\mcufinder//mcu/
2025-05-01 20:34:05,941 [WARN] DbFile:41 - Overriding database path with different value: C:\Users\marcv\.stmcufinder\plugins\mcufinder/ => C:\Users\marcv\.stmcufinder\plugins\mcufinder
2025-05-01 20:34:05,941 [WARN] DbFile:41 - Overriding database path with different value: C:\Users\marcv\.stmcufinder\plugins\mcufinder/ => C:\Users\marcv\.stmcufinder\plugins\mcufinder
2025-05-01 20:34:05,941 [INFO] CrossReferenceDbSqlite:203 - Set database path to: C:\Users\marcv\.stmcufinder\plugins\mcufinder//mcu/cs/
2025-05-01 20:34:05,962 [INFO] ApplicationProperties:184 - Using Application install path: C:\ST\STM32CubeIDE_1.18.0\STM32CubeIDE\plugins\com.st.stm32cube.common.mx_6.14.0.202502271554
2025-05-01 20:34:05,963 [INFO] PluginManage:196 - Search for loadable plugins [exclusion list=, ]
2025-05-01 20:34:05,966 [INFO] PluginManage:310 - Check plugin analytics
2025-05-01 20:34:10,669 [INFO] AnalyticsPlugin:253 - Accepted Software Licenses: 
2025-05-01 20:34:10,669 [INFO] AnalyticsPlugin:255 - Accepted CMSIS Pack Licenses: 
2025-05-01 20:34:10,669 [INFO] AnalyticsPlugin:257 - Accepted Firmware Licenses: FW.H7.1.12.0
2025-05-01 20:34:10,671 [INFO] PluginManage:359 - Loaded plugin analytics (category:tool,tabindex:-1)
2025-05-01 20:34:10,671 [INFO] PluginManage:310 - Check plugin cadmodel
2025-05-01 20:34:10,693 [INFO] CADModel:105 - Init CAD model plugin
2025-05-01 20:34:10,694 [INFO] PluginManage:359 - Loaded plugin cadmodel (category:power,tabindex:5)
2025-05-01 20:34:10,694 [INFO] PluginManage:310 - Check plugin clock
2025-05-01 20:34:10,719 [INFO] PluginManage:359 - Loaded plugin clock (category:base,tabindex:2)
2025-05-01 20:34:10,719 [INFO] PluginManage:310 - Check plugin ddr
2025-05-01 20:34:10,721 [INFO] PluginManage:359 - Loaded plugin ddr (category:tool,tabindex:6)
2025-05-01 20:34:10,721 [INFO] PluginManage:310 - Check plugin filemanager
2025-05-01 20:34:10,867 [INFO] PluginManage:359 - Loaded plugin filemanager (category:base,tabindex:10)
2025-05-01 20:34:10,867 [INFO] PluginManage:310 - Check plugin ipmanager
2025-05-01 20:34:10,873 [INFO] PluginManage:359 - Loaded plugin ipmanager (category:base,tabindex:5)
2025-05-01 20:34:10,873 [INFO] PluginManage:310 - Check plugin lpbam
2025-05-01 20:34:10,896 [INFO] PluginManage:359 - Loaded plugin lpbam (category:base,tabindex:0)
2025-05-01 20:34:10,896 [INFO] PluginManage:310 - Check plugin memorymap
2025-05-01 20:34:10,924 [INFO] PluginManage:359 - Loaded plugin memorymap (category:base,tabindex:4)
2025-05-01 20:34:10,925 [INFO] PluginManage:310 - Check plugin pinoutandconfiguration
2025-05-01 20:34:10,945 [INFO] PluginManage:359 - Loaded plugin pinoutandconfiguration (category:base,tabindex:1)
2025-05-01 20:34:10,945 [INFO] PluginManage:310 - Check plugin pinoutconfig
2025-05-01 20:34:11,049 [WARN] SupportedApi:132 - Cannot load RTOS API schema: s4s-elt-must-match.1: The content of 'definitions' must match (annotation?, (simpleType | complexType)?, (unique | key | keyref)*)). A problem was found starting at: attribute.
2025-05-01 20:34:11,189 [INFO] PluginManage:359 - Loaded plugin pinoutconfig (category:base,tabindex:0)
2025-05-01 20:34:11,190 [INFO] PluginManage:310 - Check plugin power
2025-05-01 20:34:11,215 [INFO] PluginManage:359 - Loaded plugin power (category:power,tabindex:4)
2025-05-01 20:34:11,215 [INFO] PluginManage:310 - Check plugin projectmanager
2025-05-01 20:34:11,230 [INFO] PluginManage:359 - Loaded plugin projectmanager (category:projectmanager,tabindex:4)
2025-05-01 20:34:11,230 [INFO] PluginManage:310 - Check plugin rif
2025-05-01 20:34:11,252 [INFO] PluginManage:359 - Loaded plugin rif (category:base,tabindex:3)
2025-05-01 20:34:11,252 [INFO] PluginManage:310 - Check plugin thirdparty
2025-05-01 20:34:11,539 [INFO] PluginManage:359 - Loaded plugin thirdparty (category:base,tabindex:-1)
2025-05-01 20:34:11,539 [INFO] PluginManage:310 - Check plugin tools
2025-05-01 20:34:11,539 [WARN] IntegrityCheckThread:84 - waiting for thirdparty lock release [integrity check]
2025-05-01 20:34:11,539 [INFO] IntegrityCheckThread:86 - entering critical section [integrity check]
2025-05-01 20:34:11,539 [INFO] ThirdPartyUpdaterWithRetryManager:70 - Updater plugin not ready yet. [1/15]
2025-05-01 20:34:11,585 [INFO] PluginManage:359 - Loaded plugin tools (category:base,tabindex:7)
2025-05-01 20:34:11,585 [INFO] PluginManage:310 - Check plugin tutovideos
2025-05-01 20:34:11,782 [INFO] PluginManage:359 - Loaded plugin tutovideos (category:base,tabindex:-1)
2025-05-01 20:34:11,782 [INFO] PluginManage:310 - Check plugin updater
2025-05-01 20:34:11,802 [INFO] PluginManage:359 - Loaded plugin updater (category:base,tabindex:12)
2025-05-01 20:34:11,802 [INFO] PluginManage:310 - Check plugin userauth
2025-05-01 20:34:11,807 [INFO] UserAuth:118 - Init User Auth plugin
2025-05-01 20:34:11,808 [INFO] PluginManage:359 - Loaded plugin userauth (category:base,tabindex:14)
2025-05-01 20:34:11,808 [INFO] PluginManage:283 - PluginManage : Loaded plugins [18]
2025-05-01 20:34:12,020 [INFO] PinOutPanel:1589 - setPackage(No Configuration,No Configuration)
2025-05-01 20:34:12,103 [INFO] CADModel:165 - CPN selected for project level
2025-05-01 20:34:12,103 [INFO] CADModel:114 - Register for checkConnection events
2025-05-01 20:34:12,140 [INFO] IPUIPlugin:80 - create IPUIPlugin
2025-05-01 20:34:12,140 [INFO] PluginManager:220 - loadIPPluginJar : add adc
2025-05-01 20:34:12,194 [INFO] IPUIPlugin:80 - create IPUIPlugin
2025-05-01 20:34:12,194 [INFO] PluginManager:220 - loadIPPluginJar : add aes
2025-05-01 20:34:12,250 [INFO] IPUIPlugin:80 - create IPUIPlugin
2025-05-01 20:34:12,250 [INFO] PluginManager:220 - loadIPPluginJar : add can
2025-05-01 20:34:12,253 [INFO] IPUIPlugin:80 - create IPUIPlugin
2025-05-01 20:34:12,253 [INFO] PluginManager:220 - loadIPPluginJar : add comp
2025-05-01 20:34:12,297 [INFO] IPUIPlugin:80 - create IPUIPlugin
2025-05-01 20:34:12,297 [INFO] PluginManager:220 - loadIPPluginJar : add cryp
2025-05-01 20:34:12,314 [INFO] IPUIPlugin:80 - create IPUIPlugin
2025-05-01 20:34:12,314 [INFO] PluginManager:220 - loadIPPluginJar : add ddr_ctrl_phy
2025-05-01 20:34:12,351 [INFO] IPUIPlugin:80 - create IPUIPlugin
2025-05-01 20:34:12,351 [INFO] PluginManager:220 - loadIPPluginJar : add dfsdm
2025-05-01 20:34:12,368 [INFO] IPUIPlugin:80 - create IPUIPlugin
2025-05-01 20:34:12,369 [INFO] PluginManager:220 - loadIPPluginJar : add dma
2025-05-01 20:34:12,418 [INFO] IPUIPlugin:80 - create IPUIPlugin
2025-05-01 20:34:12,418 [INFO] PluginManager:220 - loadIPPluginJar : add dma3
2025-05-01 20:34:12,474 [INFO] IPUIPlugin:80 - create IPUIPlugin
2025-05-01 20:34:12,474 [INFO] PluginManager:220 - loadIPPluginJar : add extmemmanager
2025-05-01 20:34:12,477 [INFO] IPUIPlugin:80 - create IPUIPlugin
2025-05-01 20:34:12,477 [INFO] PluginManager:220 - loadIPPluginJar : add fatfs
2025-05-01 20:34:12,536 [INFO] IPUIPlugin:80 - create IPUIPlugin
2025-05-01 20:34:12,536 [INFO] PluginManager:220 - loadIPPluginJar : add fmc
2025-05-01 20:34:12,554 [INFO] IPUIPlugin:80 - create IPUIPlugin
2025-05-01 20:34:12,554 [INFO] PluginManager:220 - loadIPPluginJar : add freertos
2025-05-01 20:34:12,581 [INFO] IPUIPlugin:80 - create IPUIPlugin
2025-05-01 20:34:12,581 [INFO] PluginManager:220 - loadIPPluginJar : add genericplugin
2025-05-01 20:34:12,703 [INFO] IPUIPlugin:80 - create IPUIPlugin
2025-05-01 20:34:12,703 [INFO] PluginManager:220 - loadIPPluginJar : add gfxmmu
2025-05-01 20:34:12,870 [INFO] IPUIPlugin:80 - create IPUIPlugin
2025-05-01 20:34:12,870 [INFO] PluginManager:220 - loadIPPluginJar : add gic
2025-05-01 20:34:12,887 [INFO] IPUIPlugin:80 - create IPUIPlugin
2025-05-01 20:34:12,887 [INFO] PluginManager:220 - loadIPPluginJar : add gpio
2025-05-01 20:34:13,003 [INFO] IPUIPlugin:80 - create IPUIPlugin
2025-05-01 20:34:13,003 [INFO] PluginManager:220 - loadIPPluginJar : add gtzc
2025-05-01 20:34:13,046 [INFO] IPUIPlugin:80 - create IPUIPlugin
2025-05-01 20:34:13,046 [INFO] PluginManager:220 - loadIPPluginJar : add hash
2025-05-01 20:34:13,113 [INFO] IPUIPlugin:80 - create IPUIPlugin
2025-05-01 20:34:13,114 [INFO] PluginManager:220 - loadIPPluginJar : add i2c
2025-05-01 20:34:13,163 [INFO] IPUIPlugin:80 - create IPUIPlugin
2025-05-01 20:34:13,164 [INFO] PluginManager:220 - loadIPPluginJar : add i2s
2025-05-01 20:34:13,216 [INFO] IPUIPlugin:80 - create IPUIPlugin
2025-05-01 20:34:13,217 [INFO] PluginManager:220 - loadIPPluginJar : add i3c
2025-05-01 20:34:13,342 [INFO] IPUIPlugin:80 - create IPUIPlugin
2025-05-01 20:34:13,342 [INFO] PluginManager:220 - loadIPPluginJar : add ipddr
2025-05-01 20:34:13,461 [INFO] IPUIPlugin:80 - create IPUIPlugin
2025-05-01 20:34:13,461 [INFO] PluginManager:220 - loadIPPluginJar : add linkedlist
2025-05-01 20:34:13,506 [INFO] IPUIPlugin:80 - create IPUIPlugin
2025-05-01 20:34:13,506 [INFO] PluginManager:220 - loadIPPluginJar : add lorawan
2025-05-01 20:34:13,553 [INFO] IPUIPlugin:80 - create IPUIPlugin
2025-05-01 20:34:13,553 [INFO] PluginManager:220 - loadIPPluginJar : add ltdc
2025-05-01 20:34:13,573 [INFO] IPUIPlugin:80 - create IPUIPlugin
2025-05-01 20:34:13,573 [INFO] PluginManager:220 - loadIPPluginJar : add mdma
2025-05-01 20:34:13,588 [INFO] IPUIPlugin:80 - create IPUIPlugin
2025-05-01 20:34:13,588 [INFO] PluginManager:220 - loadIPPluginJar : add nvic
2025-05-01 20:34:13,632 [INFO] IPUIPlugin:80 - create IPUIPlugin
2025-05-01 20:34:13,632 [INFO] PluginManager:220 - loadIPPluginJar : add opamp
2025-05-01 20:34:13,709 [INFO] IPUIPlugin:80 - create IPUIPlugin
2025-05-01 20:34:13,710 [INFO] PluginManager:220 - loadIPPluginJar : add openamp
2025-05-01 20:34:13,761 [INFO] IPUIPlugin:80 - create IPUIPlugin
2025-05-01 20:34:13,761 [INFO] PluginManager:220 - loadIPPluginJar : add pdm2pcm
2025-05-01 20:34:13,778 [INFO] IPUIPlugin:80 - create IPUIPlugin
2025-05-01 20:34:13,780 [INFO] PluginManager:220 - loadIPPluginJar : add plateformsettings
2025-05-01 20:34:13,808 [INFO] IPUIPlugin:80 - create IPUIPlugin
2025-05-01 20:34:13,808 [INFO] PluginManager:220 - loadIPPluginJar : add quadspi
2025-05-01 20:34:13,842 [INFO] IPUIPlugin:80 - create IPUIPlugin
2025-05-01 20:34:13,843 [INFO] PluginManager:220 - loadIPPluginJar : add radio
2025-05-01 20:34:13,859 [INFO] IPUIPlugin:80 - create IPUIPlugin
2025-05-01 20:34:13,859 [INFO] PluginManager:220 - loadIPPluginJar : add resmgrutility
2025-05-01 20:34:13,921 [INFO] IPUIPlugin:80 - create IPUIPlugin
2025-05-01 20:34:13,922 [INFO] PluginManager:220 - loadIPPluginJar : add sai
2025-05-01 20:34:13,974 [INFO] IPUIPlugin:80 - create IPUIPlugin
2025-05-01 20:34:13,974 [INFO] PluginManager:220 - loadIPPluginJar : add spi
2025-05-01 20:34:14,068 [INFO] IPUIPlugin:80 - create IPUIPlugin
2025-05-01 20:34:14,068 [INFO] PluginManager:220 - loadIPPluginJar : add stm32_wpan
2025-05-01 20:34:14,097 [INFO] IPUIPlugin:80 - create IPUIPlugin
2025-05-01 20:34:14,097 [INFO] PluginManager:220 - loadIPPluginJar : add tim
2025-05-01 20:34:14,169 [INFO] IPUIPlugin:80 - create IPUIPlugin
2025-05-01 20:34:14,169 [INFO] PluginManager:220 - loadIPPluginJar : add touchsensing
2025-05-01 20:34:14,199 [INFO] IPUIPlugin:80 - create IPUIPlugin
2025-05-01 20:34:14,199 [INFO] PluginManager:220 - loadIPPluginJar : add tracer_emb
2025-05-01 20:34:14,227 [INFO] IPUIPlugin:80 - create IPUIPlugin
2025-05-01 20:34:14,227 [INFO] PluginManager:220 - loadIPPluginJar : add ts
2025-05-01 20:34:14,258 [INFO] IPUIPlugin:80 - create IPUIPlugin
2025-05-01 20:34:14,258 [INFO] PluginManager:220 - loadIPPluginJar : add tsc
2025-05-01 20:34:14,285 [INFO] IPUIPlugin:80 - create IPUIPlugin
2025-05-01 20:34:14,285 [INFO] PluginManager:220 - loadIPPluginJar : add ucpd
2025-05-01 20:34:14,337 [INFO] IPUIPlugin:80 - create IPUIPlugin
2025-05-01 20:34:14,337 [INFO] PluginManager:220 - loadIPPluginJar : add usart
2025-05-01 20:34:14,392 [INFO] IPUIPlugin:80 - create IPUIPlugin
2025-05-01 20:34:14,392 [INFO] PluginManager:220 - loadIPPluginJar : add usbx
2025-05-01 20:34:14,512 [FATAL] Updater:351 - Updater called before beeing initialized
2025-05-01 20:34:14,533 [INFO] RulesReader:64 - Compatibility file has been processed (301 Rules)
2025-05-01 20:34:14,539 [INFO] ThirdPartyUpdaterWithRetryManager:70 - Updater plugin not ready yet. [2/15]
2025-05-01 20:34:14,543 [INFO] RulesReader:64 - Compatibility file has been processed (301 Rules)
2025-05-01 20:34:14,549 [INFO] CADModel:165 - CPN selected for project level
2025-05-01 20:34:14,549 [INFO] CADModel:114 - Register for checkConnection events
2025-05-01 20:34:14,549 [FATAL] Updater:351 - Updater called before beeing initialized
2025-05-01 20:34:14,549 [ERROR] CADModel:125 - Updater not yet initialized, retry later 
2025-05-01 20:34:14,685 [FATAL] Updater:351 - Updater called before beeing initialized
2025-05-01 20:34:14,687 [INFO] CADModel:165 - CPN selected for project level
2025-05-01 20:34:14,687 [INFO] CADModel:114 - Register for checkConnection events
2025-05-01 20:34:14,687 [FATAL] Updater:351 - Updater called before beeing initialized
2025-05-01 20:34:14,687 [ERROR] CADModel:125 - Updater not yet initialized, retry later 
2025-05-01 20:34:14,690 [FATAL] Updater:351 - Updater called before beeing initialized
2025-05-01 20:34:14,786 [FATAL] Updater:351 - Updater called before beeing initialized
2025-05-01 20:34:14,797 [INFO] DbMcusAds:53 - JSON generation date=Thu Mar 06 15:54:22 CET 2025 (1741272862204)
2025-05-01 20:34:14,797 [FATAL] Updater:351 - Updater called before beeing initialized
2025-05-01 20:34:14,835 [WARN] DetailPanel:346 - Failed to get advertising image, set to default
2025-05-01 20:34:15,086 [FATAL] Updater:351 - Updater called before beeing initialized
2025-05-01 20:34:15,088 [FATAL] Updater:351 - Updater called before beeing initialized
2025-05-01 20:34:15,088 [FATAL] Updater:351 - Updater called before beeing initialized
2025-05-01 20:34:15,088 [WARN] DetailPanel:346 - Failed to get advertising image, set to default
2025-05-01 20:34:15,088 [FATAL] Updater:351 - Updater called before beeing initialized
2025-05-01 20:34:15,143 [ERROR] Updater:1198 - MainUpdater not yet initialized. External WinMGr cannot be set.
2025-05-01 20:34:15,154 [INFO] Updater:1134 - Updater Version found : 6.14.0
2025-05-01 20:34:15,175 [INFO] ApplicationProperties:184 - Using Application install path: C:\ST\STM32CubeIDE_1.18.0\STM32CubeIDE\plugins\com.st.stm32cube.common.mx_6.14.0.202502271554
2025-05-01 20:34:16,752 [ERROR] LogOutputStream:75 - [STDERR_REDIRECT] May 01, 2025 8:34:16 PM java.util.prefs.WindowsPreferences <init>
2025-05-01 20:34:16,753 [ERROR] LogOutputStream:75 - [STDERR_REDIRECT] WARNING: Could not open/create prefs root node Software\JavaSoft\Prefs at root 0xffffffff80000002. Windows RegCreateKeyEx(...) returned error code 5.
2025-05-01 20:34:16,753 [ERROR] LogOutputStream:75 - [STDERR_REDIRECT] 
2025-05-01 20:34:17,036 [INFO] MainUpdater:2872 - connection check result : 10
2025-05-01 20:34:17,037 [INFO] MainUpdater:289 - Updater Check For Update Now.
2025-05-01 20:34:17,037 [INFO] MicroXplorer:498 - Change Database Version : DB.6.0.140
2025-05-01 20:34:17,052 [INFO] McuFinderGlobals:63 - Set McuFinder mode to 2 (CubeIDE integrated)
2025-05-01 20:34:17,060 [INFO] UserAuth:486 - Internet connection configuration mode: 1
2025-05-01 20:34:17,096 [INFO] JxBrowserEngine:152 - Initiate JxBrowser Engine with user profile folder
2025-05-01 20:34:17,247 [INFO] CheckServerUpdateThread:120 - End of CheckServer Thread
2025-05-01 20:34:17,804 [WARN] PackLoader:240 - Cannot read IP mode file for STMicroelectronics.FP-SNS-MOTENVWB1.1.4.0
2025-05-01 20:34:17,823 [WARN] PackLoader:240 - Cannot read IP mode file for STMicroelectronics.FP-ATR-ASTRA1.2.0.2
2025-05-01 20:34:17,839 [WARN] PackLoader:240 - Cannot read IP mode file for STMicroelectronics.X-CUBE-SMBUS.2.1.0
2025-05-01 20:34:17,860 [WARN] PackLoader:240 - Cannot read IP mode file for STMicroelectronics.X-CUBE-WB05N.1.1.0
2025-05-01 20:34:17,916 [WARN] PackLoader:240 - Cannot read IP mode file for STMicroelectronics.X-CUBE-AZRTOS-F7.1.1.0
2025-05-01 20:34:17,940 [WARN] PackLoader:240 - Cannot read IP mode file for STMicroelectronics.FP-SNS-FLIGHT1.5.0.2
2025-05-01 20:34:17,992 [WARN] PackLoader:240 - Cannot read IP mode file for Infineon.AIROC-Wi-Fi-Bluetooth-STM32.1.7.0
2025-05-01 20:34:18,031 [WARN] PackLoader:240 - Cannot read IP mode file for STMicroelectronics.X-CUBE-DISPLAY.3.0.0
2025-05-01 20:34:18,081 [WARN] PackLoader:240 - Cannot read IP mode file for STMicroelectronics.X-CUBE-NFC10.1.0.0
2025-05-01 20:34:18,133 [WARN] PackLoader:240 - Cannot read IP mode file for STMicroelectronics.X-CUBE-BLEMGR.4.0.0
2025-05-01 20:34:18,166 [WARN] PackLoader:240 - Cannot read IP mode file for emotas.I-CUBE-CANOPEN.1.3.0
2025-05-01 20:34:18,190 [WARN] ConditionMgr:438 - getConditionDescription Invalid condition id : Cortex-A Device cause : null
2025-05-01 20:34:18,224 [WARN] ConditionMgr:1044 - genDependencies : Invalid condition id : Cortex-A Device cause : null
2025-05-01 20:34:18,225 [WARN] ConditionMgr:1044 - genDependencies : Invalid condition id : Cortex-A Device cause : null
2025-05-01 20:34:18,225 [WARN] ConditionMgr:1044 - genDependencies : Invalid condition id : Cortex-A Device cause : null
2025-05-01 20:34:18,869 [WARN] PackLoader:240 - Cannot read IP mode file for STMicroelectronics.X-CUBE-AI.10.0.0
2025-05-01 20:34:18,886 [WARN] PackLoader:240 - Cannot read IP mode file for STMicroelectronics.FP-SNS-SMARTAG2.1.2.0
2025-05-01 20:34:18,895 [WARN] PackLoader:240 - Cannot read IP mode file for STMicroelectronics.FP-SNS-FLIGHT1.5.1.0
2025-05-01 20:34:19,186 [WARN] PackLoader:240 - Cannot read IP mode file for STMicroelectronics.X-CUBE-MEMS1.11.1.0
2025-05-01 20:34:19,840 [INFO] LogOutputStream:77 - [STDOUT_REDIRECT] 1 : Invalid condition id : UX_CORESTACK_Condition cause : null
2025-05-01 20:34:19,842 [INFO] LogOutputStream:77 - [STDOUT_REDIRECT] 1 : Invalid condition id : UX_CORESTACK_Condition cause : null
2025-05-01 20:34:19,842 [INFO] LogOutputStream:77 - [STDOUT_REDIRECT] 1 : Invalid condition id : UX_CORESTACK_Condition cause : null
2025-05-01 20:34:19,843 [INFO] LogOutputStream:77 - [STDOUT_REDIRECT] 1 : Invalid condition id : UX_CORESTACK_Condition cause : null
2025-05-01 20:34:19,844 [INFO] LogOutputStream:77 - [STDOUT_REDIRECT] 1 : Invalid condition id : UX_CORESTACK_Condition cause : null
2025-05-01 20:34:19,846 [WARN] PackLoader:240 - Cannot read IP mode file for STMicroelectronics.X-CUBE-AZRTOS-WL.2.0.0
2025-05-01 20:34:19,867 [WARN] PackLoader:240 - Cannot read IP mode file for STMicroelectronics.FP-SNS-MOTENV1.5.0.0
2025-05-01 20:34:19,892 [WARN] PackLoader:240 - Cannot read IP mode file for WES.I-CUBE-Cesium.1.3.0
2025-05-01 20:34:19,913 [WARN] PackLoader:240 - Cannot read IP mode file for STMicroelectronics.X-CUBE-BLE2.3.3.0
2025-05-01 20:34:19,936 [WARN] PackLoader:240 - Cannot read IP mode file for STMicroelectronics.X-CUBE-NFC9.1.0.0
2025-05-01 20:34:19,960 [WARN] PackLoader:240 - Cannot read IP mode file for STMicroelectronics.X-CUBE-BLE1.7.1.0
2025-05-01 20:34:20,003 [WARN] PackLoader:240 - Cannot read IP mode file for wolfSSL.I-CUBE-wolfMQTT.1.19.2
2025-05-01 20:34:20,108 [WARN] PackLoader:240 - Cannot read IP mode file for STMicroelectronics.X-CUBE-MEMS1.11.2.0
2025-05-01 20:34:20,226 [WARN] PackLoader:240 - Cannot read IP mode file for STMicroelectronics.X-CUBE-AZRTOS-G0.1.1.0
2025-05-01 20:34:20,243 [WARN] PackLoader:240 - Cannot read IP mode file for STMicroelectronics.X-CUBE-SAFEA1.1.2.2
2025-05-01 20:34:20,262 [WARN] PackLoader:240 - Cannot read IP mode file for STMicroelectronics.X-CUBE-NFC4.3.0.0
2025-05-01 20:34:20,294 [WARN] PackLoader:240 - Cannot read IP mode file for EmbeddedOffice.I-CUBE-FS-RTOS.1.0.1
2025-05-01 20:34:20,315 [WARN] PackLoader:240 - Cannot read IP mode file for STMicroelectronics.X-CUBE-WB05N.2.0.0
2025-05-01 20:34:20,338 [WARN] PackLoader:240 - Cannot read IP mode file for wolfSSL.I-CUBE-wolfTPM.3.8.0
2025-05-01 20:34:20,357 [WARN] PackLoader:240 - Cannot read IP mode file for STMicroelectronics.X-CUBE-TCPP.4.2.0
2025-05-01 20:34:20,390 [WARN] PackLoader:240 - Cannot read IP mode file for RealThread.X-CUBE-RT-Thread_Nano.4.1.1
2025-05-01 20:34:20,426 [WARN] PackLoader:240 - Cannot read IP mode file for STMicroelectronics.FP-ATR-SIGFOX1.3.2.0
2025-05-01 20:34:20,454 [WARN] PackLoader:240 - Cannot read IP mode file for STMicroelectronics.X-CUBE-EEPRMA1.5.1.0
2025-05-01 20:34:20,492 [WARN] PackLoader:240 - Cannot read IP mode file for wolfSSL.I-CUBE-wolfSSL.5.7.6
2025-05-01 20:34:20,531 [WARN] PackLoader:240 - Cannot read IP mode file for ITTIA_DB.I-CUBE-ITTIADB.8.9.0
2025-05-01 20:34:20,579 [WARN] PackLoader:240 - Cannot read IP mode file for SEGGER.I-CUBE-embOS.1.3.1
2025-05-01 20:34:20,621 [WARN] PackLoader:240 - Cannot read IP mode file for STMicroelectronics.X-CUBE-ALGOBUILD.1.4.0
2025-05-01 20:34:20,676 [WARN] PackLoader:240 - Cannot read IP mode file for STMicroelectronics.X-CUBE-AZRTOS-F4.1.1.0
2025-05-01 20:34:20,694 [WARN] PackLoader:240 - Cannot read IP mode file for Avnet-IotConnect.X-CUBE-IoTC-DA16k-PMOD.1.0.0
2025-05-01 20:34:20,711 [WARN] PackLoader:240 - Cannot read IP mode file for STMicroelectronics.X-CUBE-ISPU.2.1.0
2025-05-01 20:34:20,748 [WARN] PackLoader:240 - Cannot read IP mode file for STMicroelectronics.X-CUBE-AZRTOS-L5.2.0.0
2025-05-01 20:34:20,770 [WARN] PackLoader:240 - Cannot read IP mode file for STMicroelectronics.X-CUBE-NFC6.3.1.0
2025-05-01 20:34:20,790 [WARN] PackLoader:240 - Cannot read IP mode file for STMicroelectronics.X-CUBE-DPower.1.2.0
2025-05-01 20:34:20,808 [WARN] PackLoader:240 - Cannot read IP mode file for STMicroelectronics.X-CUBE-FREERTOS.1.3.0
2025-05-01 20:34:20,827 [WARN] PackLoader:240 - Cannot read IP mode file for STMicroelectronics.X-CUBE-NFC7.1.0.1
2025-05-01 20:34:20,844 [WARN] PackLoader:240 - Cannot read IP mode file for STMicroelectronics.X-CUBE-DPower.1.3.0
2025-05-01 20:34:20,860 [INFO] WebApp:169 - Instantiating new browser for Auth
2025-05-01 20:34:20,889 [WARN] ConditionMgr:438 - getConditionDescription Invalid condition id : LAN8742 Phy interface Condition cause : null
2025-05-01 20:34:20,892 [WARN] PackLoader:240 - Cannot read IP mode file for STMicroelectronics.X-CUBE-AZRTOS-L4.2.0.0
2025-05-01 20:34:20,893 [WARN] ConditionMgr:1044 - genDependencies : Invalid condition id : LAN8742 Phy interface Condition cause : null
2025-05-01 20:34:20,893 [WARN] ConditionMgr:1044 - genDependencies : Invalid condition id : LAN8742 Phy interface Condition cause : null
2025-05-01 20:34:20,893 [WARN] ConditionMgr:1044 - genDependencies : Invalid condition id : LAN8742 Phy interface Condition cause : null
2025-05-01 20:34:20,925 [WARN] PackLoader:240 - Cannot read IP mode file for STMicroelectronics.X-CUBE-SFXS2LP1.4.0.0
2025-05-01 20:34:20,978 [WARN] PackLoader:240 - Cannot read IP mode file for STMicroelectronics.X-CUBE-AZRTOS-H7.3.3.0
2025-05-01 20:34:21,051 [WARN] ConditionMgr:438 - getConditionDescription Invalid condition id : UX DEVICE CLASS RTOS Condition cause : null
2025-05-01 20:34:21,051 [WARN] ConditionMgr:438 - getConditionDescription Invalid condition id : UX DEVICE CLASS RTOS Condition cause : null
2025-05-01 20:34:21,052 [WARN] PackLoader:240 - Cannot read IP mode file for STMicroelectronics.X-CUBE-AZRTOS-WB.2.0.0
2025-05-01 20:34:21,053 [WARN] ConditionMgr:1044 - genDependencies : Invalid condition id : UX DEVICE CLASS RTOS Condition cause : null
2025-05-01 20:34:21,053 [WARN] ConditionMgr:1044 - genDependencies : Invalid condition id : UX DEVICE CLASS RTOS Condition cause : null
2025-05-01 20:34:21,053 [WARN] ConditionMgr:1044 - genDependencies : Invalid condition id : UX DEVICE CLASS RTOS Condition cause : null
2025-05-01 20:34:21,053 [WARN] ConditionMgr:1044 - genDependencies : Invalid condition id : UX DEVICE CLASS RTOS Condition cause : null
2025-05-01 20:34:21,053 [WARN] ConditionMgr:1044 - genDependencies : Invalid condition id : UX DEVICE CLASS RTOS Condition cause : null
2025-05-01 20:34:21,082 [WARN] PackLoader:240 - Cannot read IP mode file for STMicroelectronics.X-CUBE-GNSS1.7.0.1
2025-05-01 20:34:21,115 [WARN] PackLoader:240 - Cannot read IP mode file for STMicroelectronics.X-CUBE-TOUCHGFX.4.25.0
2025-05-01 20:34:21,147 [WARN] PackLoader:240 - Cannot read IP mode file for STMicroelectronics.FP-SNS-STBOX1.2.0.0
2025-05-01 20:34:21,182 [WARN] PackLoader:240 - Cannot read IP mode file for STMicroelectronics.X-CUBE-SUBG2.5.0.0
2025-05-01 20:34:21,222 [WARN] PackLoader:240 - Cannot read IP mode file for STMicroelectronics.X-CUBE-AZRTOS-H7RS.1.1.0
2025-05-01 20:34:21,242 [WARN] PackLoader:240 - Cannot read IP mode file for Cesanta.I-CUBE-Mongoose.7.13.0
2025-05-01 20:34:21,282 [WARN] PackLoader:240 - Cannot read IP mode file for STMicroelectronics.X-CUBE-AZRTOS-G4.2.0.0
2025-05-01 20:34:21,298 [WARN] PackLoader:240 - Cannot read IP mode file for wolfSSL.I-CUBE-wolfSSH.1.4.20
2025-05-01 20:34:21,316 [WARN] PackLoader:240 - Cannot read IP mode file for STMicroelectronics.X-CUBE-NFC7.2.0.0
2025-05-01 20:34:21,341 [WARN] PackLoader:240 - Cannot read IP mode file for STMicroelectronics.X-CUBE-IPS.3.1.0
2025-05-01 20:34:21,367 [WARN] PackLoader:240 - Cannot read IP mode file for STMicroelectronics.X-CUBE-ALS.1.0.2
2025-05-01 20:34:21,385 [WARN] PackLoader:240 - Cannot read IP mode file for STMicroelectronics.X-CUBE-TOUCHGFX.4.24.2
2025-05-01 20:34:21,402 [WARN] PackLoader:240 - Cannot read IP mode file for portGmbH.I-Cube-SoM-uGOAL.1.1.0
2025-05-01 20:34:21,435 [WARN] PackLoader:240 - Cannot read IP mode file for STMicroelectronics.X-CUBE-AZRTOS-H7RS.1.0.0
2025-05-01 20:34:21,458 [WARN] PackLoader:240 - Cannot read IP mode file for STMicroelectronics.X-CUBE-TOF1.3.4.2
2025-05-01 20:34:21,488 [WARN] PackLoader:240 - Cannot read IP mode file for STMicroelectronics.X-CUBE-TOF1.3.4.3
2025-05-01 20:34:21,495 [INFO] ThirdParty:978 - Integrity check success = true
2025-05-01 20:34:21,495 [INFO] IntegrityCheckThread:100 - exiting critical section [integrity check]
2025-05-01 20:34:21,495 [INFO] IntegrityCheckThread:103 - End integrity checks thread
2025-05-01 20:34:21,941 [INFO] WebApp:463 - Apply proxy settings
2025-05-01 20:34:21,942 [INFO] WebApp:548 - Chromium requires no authentication
2025-05-01 20:34:21,971 [INFO] WebApp:491 - Direct internet connection detected
2025-05-01 20:34:22,042 [INFO] WebApp:894 - Register for checkConnection events
2025-05-01 20:34:22,042 [INFO] WebApp:463 - Apply proxy settings
2025-05-01 20:34:22,042 [INFO] WebApp:548 - Chromium requires no authentication
2025-05-01 20:34:22,043 [INFO] WebApp:491 - Direct internet connection detected
2025-05-01 20:34:22,234 [INFO] WebApp:191 - Connection restablished
2025-05-01 20:34:22,330 [INFO] WebApp:225 - Starting web application
2025-05-01 20:34:22,330 [INFO] WebApp:593 - Web application path used C:\ST\STM32CubeIDE_1.18.0\STM32CubeIDE\plugins\com.st.stm32cube.common.mx_6.14.0.202502271554\db\plugins\mcufinder\reactClient1\index.html
2025-05-01 20:34:22,557 [INFO] UserAuth:486 - Internet connection configuration mode: 1
