2025-05-02 01:00:56,364 [ERROR] LogOutputStream:75 - [STDERR_REDIRECT] 
2025-05-02 10:23:24,628 [INFO] Activator:176 - 


2025-05-02 10:23:24,629 [INFO] Activator:177 - !SESSION log4j initialized
2025-05-02 10:23:30,022 [INFO] LogOutputStream:77 - [STDOUT_REDIRECT] 
2025-05-02 10:23:38,563 [INFO] ApplicationProperties:184 - Using Application install path: C:\ST\STM32CubeIDE_1.18.0\STM32CubeIDE\plugins\com.st.stm32cube.common.mx_6.14.0.202502271554
2025-05-02 10:23:38,584 [INFO] DbMcusXml:78 - Set database path to: C:\ST\STM32CubeIDE_1.18.0\STM32CubeIDE\plugins\com.st.stm32cube.common.mx_6.14.0.202502271554\\db\/mcu/
2025-05-02 10:23:38,586 [INFO] ApiDb:274 - Set plugin database path to: C:\ST\STM32CubeIDE_1.18.0\STM32CubeIDE\plugins\com.st.stm32cube.common.mx_6.14.0.202502271554\\db\/plugins/boardmanager/
2025-05-02 10:23:38,586 [WARN] ApiDb:259 - Overriding images path with different value:  => C:\ST\STM32CubeIDE_1.18.0\STM32CubeIDE\plugins\com.st.stm32cube.common.mx_6.14.0.202502271554\\db\/plugins/mcufinder/images/
2025-05-02 10:23:38,594 [INFO] ApiDb:250 - Set database path to: C:\Users\marcv\.stmcufinder\plugins\mcufinder//mcu/
2025-05-02 10:23:38,595 [INFO] DbMcusAds:125 - Set database path to: C:\Users\marcv\.stmcufinder\plugins\mcufinder//mcu/
2025-05-02 10:23:38,598 [INFO] CrossReferenceDbSqlite:203 - Set database path to: C:\Users\marcv\.stmcufinder\plugins\mcufinder//mcu/cs/
2025-05-02 10:23:38,717 [INFO] RulesReader:64 - Compatibility file has been processed (301 Rules)
2025-05-02 10:23:38,808 [INFO] DbMcusXml:78 - Set database path to: C:\ST\STM32CubeIDE_1.18.0\STM32CubeIDE\plugins\com.st.stm32cube.common.mx_6.14.0.202502271554\\db\/mcu/
2025-05-02 10:23:38,808 [INFO] ApiDb:274 - Set plugin database path to: C:\ST\STM32CubeIDE_1.18.0\STM32CubeIDE\plugins\com.st.stm32cube.common.mx_6.14.0.202502271554\\db\/plugins/boardmanager/
2025-05-02 10:23:38,808 [INFO] ApiDb:261 - Set plugin images path to: C:\ST\STM32CubeIDE_1.18.0\STM32CubeIDE\plugins\com.st.stm32cube.common.mx_6.14.0.202502271554\\db\/plugins/mcufinder/images/
2025-05-02 10:23:38,808 [WARN] DbFile:41 - Overriding database path with different value: C:\Users\marcv\.stmcufinder\plugins\mcufinder/ => C:\Users\marcv\.stmcufinder\plugins\mcufinder
2025-05-02 10:23:38,808 [INFO] ApiDb:250 - Set database path to: C:\Users\marcv\.stmcufinder\plugins\mcufinder//mcu/
2025-05-02 10:23:38,808 [WARN] DbFile:41 - Overriding database path with different value: C:\Users\marcv\.stmcufinder\plugins\mcufinder/ => C:\Users\marcv\.stmcufinder\plugins\mcufinder
2025-05-02 10:23:38,808 [INFO] DbMcusAds:125 - Set database path to: C:\Users\marcv\.stmcufinder\plugins\mcufinder//mcu/
2025-05-02 10:23:38,808 [WARN] DbFile:41 - Overriding database path with different value: C:\Users\marcv\.stmcufinder\plugins\mcufinder/ => C:\Users\marcv\.stmcufinder\plugins\mcufinder
2025-05-02 10:23:38,808 [WARN] DbFile:41 - Overriding database path with different value: C:\Users\marcv\.stmcufinder\plugins\mcufinder/ => C:\Users\marcv\.stmcufinder\plugins\mcufinder
2025-05-02 10:23:38,809 [INFO] CrossReferenceDbSqlite:203 - Set database path to: C:\Users\marcv\.stmcufinder\plugins\mcufinder//mcu/cs/
2025-05-02 10:23:38,918 [INFO] MainPanel:272 - HeapMemory: 268435456
2025-05-02 10:23:39,051 [INFO] DbMcusXml:78 - Set database path to: C:\ST\STM32CubeIDE_1.18.0\STM32CubeIDE\plugins\com.st.stm32cube.common.mx_6.14.0.202502271554\\db\/mcu/
2025-05-02 10:23:39,051 [INFO] ApiDb:274 - Set plugin database path to: C:\ST\STM32CubeIDE_1.18.0\STM32CubeIDE\plugins\com.st.stm32cube.common.mx_6.14.0.202502271554\\db\/plugins/boardmanager/
2025-05-02 10:23:39,051 [INFO] ApiDb:261 - Set plugin images path to: C:\ST\STM32CubeIDE_1.18.0\STM32CubeIDE\plugins\com.st.stm32cube.common.mx_6.14.0.202502271554\\db\/plugins/mcufinder/images/
2025-05-02 10:23:39,051 [WARN] DbFile:41 - Overriding database path with different value: C:\Users\marcv\.stmcufinder\plugins\mcufinder/ => C:\Users\marcv\.stmcufinder\plugins\mcufinder
2025-05-02 10:23:39,051 [INFO] ApiDb:250 - Set database path to: C:\Users\marcv\.stmcufinder\plugins\mcufinder//mcu/
2025-05-02 10:23:39,051 [WARN] DbFile:41 - Overriding database path with different value: C:\Users\marcv\.stmcufinder\plugins\mcufinder/ => C:\Users\marcv\.stmcufinder\plugins\mcufinder
2025-05-02 10:23:39,051 [INFO] DbMcusAds:125 - Set database path to: C:\Users\marcv\.stmcufinder\plugins\mcufinder//mcu/
2025-05-02 10:23:39,051 [WARN] DbFile:41 - Overriding database path with different value: C:\Users\marcv\.stmcufinder\plugins\mcufinder/ => C:\Users\marcv\.stmcufinder\plugins\mcufinder
2025-05-02 10:23:39,051 [WARN] DbFile:41 - Overriding database path with different value: C:\Users\marcv\.stmcufinder\plugins\mcufinder/ => C:\Users\marcv\.stmcufinder\plugins\mcufinder
2025-05-02 10:23:39,052 [INFO] CrossReferenceDbSqlite:203 - Set database path to: C:\Users\marcv\.stmcufinder\plugins\mcufinder//mcu/cs/
2025-05-02 10:23:39,071 [INFO] ApplicationProperties:184 - Using Application install path: C:\ST\STM32CubeIDE_1.18.0\STM32CubeIDE\plugins\com.st.stm32cube.common.mx_6.14.0.202502271554
2025-05-02 10:23:39,072 [INFO] PluginManage:196 - Search for loadable plugins [exclusion list=, ]
2025-05-02 10:23:39,073 [INFO] PluginManage:310 - Check plugin analytics
2025-05-02 10:23:43,749 [INFO] AnalyticsPlugin:253 - Accepted Software Licenses: 
2025-05-02 10:23:43,749 [INFO] AnalyticsPlugin:255 - Accepted CMSIS Pack Licenses: 
2025-05-02 10:23:43,750 [INFO] AnalyticsPlugin:257 - Accepted Firmware Licenses: FW.H7.1.12.0
2025-05-02 10:23:43,751 [INFO] PluginManage:359 - Loaded plugin analytics (category:tool,tabindex:-1)
2025-05-02 10:23:43,751 [INFO] PluginManage:310 - Check plugin cadmodel
2025-05-02 10:23:43,770 [INFO] CADModel:105 - Init CAD model plugin
2025-05-02 10:23:43,770 [INFO] PluginManage:359 - Loaded plugin cadmodel (category:power,tabindex:5)
2025-05-02 10:23:43,770 [INFO] PluginManage:310 - Check plugin clock
2025-05-02 10:23:43,793 [INFO] PluginManage:359 - Loaded plugin clock (category:base,tabindex:2)
2025-05-02 10:23:43,793 [INFO] PluginManage:310 - Check plugin ddr
2025-05-02 10:23:43,796 [INFO] PluginManage:359 - Loaded plugin ddr (category:tool,tabindex:6)
2025-05-02 10:23:43,796 [INFO] PluginManage:310 - Check plugin filemanager
2025-05-02 10:23:43,927 [INFO] PluginManage:359 - Loaded plugin filemanager (category:base,tabindex:10)
2025-05-02 10:23:43,927 [INFO] PluginManage:310 - Check plugin ipmanager
2025-05-02 10:23:43,933 [INFO] PluginManage:359 - Loaded plugin ipmanager (category:base,tabindex:5)
2025-05-02 10:23:43,933 [INFO] PluginManage:310 - Check plugin lpbam
2025-05-02 10:23:43,954 [INFO] PluginManage:359 - Loaded plugin lpbam (category:base,tabindex:0)
2025-05-02 10:23:43,954 [INFO] PluginManage:310 - Check plugin memorymap
2025-05-02 10:23:43,980 [INFO] PluginManage:359 - Loaded plugin memorymap (category:base,tabindex:4)
2025-05-02 10:23:43,980 [INFO] PluginManage:310 - Check plugin pinoutandconfiguration
2025-05-02 10:23:44,001 [INFO] PluginManage:359 - Loaded plugin pinoutandconfiguration (category:base,tabindex:1)
2025-05-02 10:23:44,001 [INFO] PluginManage:310 - Check plugin pinoutconfig
2025-05-02 10:23:44,092 [WARN] SupportedApi:132 - Cannot load RTOS API schema: s4s-elt-must-match.1: The content of 'definitions' must match (annotation?, (simpleType | complexType)?, (unique | key | keyref)*)). A problem was found starting at: attribute.
2025-05-02 10:23:44,220 [INFO] PluginManage:359 - Loaded plugin pinoutconfig (category:base,tabindex:0)
2025-05-02 10:23:44,220 [INFO] PluginManage:310 - Check plugin power
2025-05-02 10:23:44,242 [INFO] PluginManage:359 - Loaded plugin power (category:power,tabindex:4)
2025-05-02 10:23:44,242 [INFO] PluginManage:310 - Check plugin projectmanager
2025-05-02 10:23:44,255 [INFO] PluginManage:359 - Loaded plugin projectmanager (category:projectmanager,tabindex:4)
2025-05-02 10:23:44,255 [INFO] PluginManage:310 - Check plugin rif
2025-05-02 10:23:44,275 [INFO] PluginManage:359 - Loaded plugin rif (category:base,tabindex:3)
2025-05-02 10:23:44,276 [INFO] PluginManage:310 - Check plugin thirdparty
2025-05-02 10:23:44,561 [INFO] PluginManage:359 - Loaded plugin thirdparty (category:base,tabindex:-1)
2025-05-02 10:23:44,561 [INFO] PluginManage:310 - Check plugin tools
2025-05-02 10:23:44,561 [WARN] IntegrityCheckThread:84 - waiting for thirdparty lock release [integrity check]
2025-05-02 10:23:44,562 [INFO] IntegrityCheckThread:86 - entering critical section [integrity check]
2025-05-02 10:23:44,562 [INFO] ThirdPartyUpdaterWithRetryManager:70 - Updater plugin not ready yet. [1/15]
2025-05-02 10:23:44,603 [INFO] PluginManage:359 - Loaded plugin tools (category:base,tabindex:7)
2025-05-02 10:23:44,603 [INFO] PluginManage:310 - Check plugin tutovideos
2025-05-02 10:23:44,788 [INFO] PluginManage:359 - Loaded plugin tutovideos (category:base,tabindex:-1)
2025-05-02 10:23:44,789 [INFO] PluginManage:310 - Check plugin updater
2025-05-02 10:23:44,807 [INFO] PluginManage:359 - Loaded plugin updater (category:base,tabindex:12)
2025-05-02 10:23:44,808 [INFO] PluginManage:310 - Check plugin userauth
2025-05-02 10:23:44,811 [INFO] UserAuth:118 - Init User Auth plugin
2025-05-02 10:23:44,812 [INFO] PluginManage:359 - Loaded plugin userauth (category:base,tabindex:14)
2025-05-02 10:23:44,812 [INFO] PluginManage:283 - PluginManage : Loaded plugins [18]
2025-05-02 10:23:45,003 [INFO] PinOutPanel:1589 - setPackage(No Configuration,No Configuration)
2025-05-02 10:23:45,083 [INFO] CADModel:165 - CPN selected for project level
2025-05-02 10:23:45,083 [INFO] CADModel:114 - Register for checkConnection events
2025-05-02 10:23:45,110 [INFO] IPUIPlugin:80 - create IPUIPlugin
2025-05-02 10:23:45,110 [INFO] PluginManager:220 - loadIPPluginJar : add adc
2025-05-02 10:23:45,155 [INFO] IPUIPlugin:80 - create IPUIPlugin
2025-05-02 10:23:45,156 [INFO] PluginManager:220 - loadIPPluginJar : add aes
2025-05-02 10:23:45,204 [INFO] IPUIPlugin:80 - create IPUIPlugin
2025-05-02 10:23:45,204 [INFO] PluginManager:220 - loadIPPluginJar : add can
2025-05-02 10:23:45,231 [INFO] IPUIPlugin:80 - create IPUIPlugin
2025-05-02 10:23:45,231 [INFO] PluginManager:220 - loadIPPluginJar : add comp
2025-05-02 10:23:45,274 [INFO] IPUIPlugin:80 - create IPUIPlugin
2025-05-02 10:23:45,275 [INFO] PluginManager:220 - loadIPPluginJar : add cryp
2025-05-02 10:23:45,288 [INFO] IPUIPlugin:80 - create IPUIPlugin
2025-05-02 10:23:45,288 [INFO] PluginManager:220 - loadIPPluginJar : add ddr_ctrl_phy
2025-05-02 10:23:45,324 [INFO] IPUIPlugin:80 - create IPUIPlugin
2025-05-02 10:23:45,324 [INFO] PluginManager:220 - loadIPPluginJar : add dfsdm
2025-05-02 10:23:45,339 [INFO] IPUIPlugin:80 - create IPUIPlugin
2025-05-02 10:23:45,339 [INFO] PluginManager:220 - loadIPPluginJar : add dma
2025-05-02 10:23:45,385 [INFO] IPUIPlugin:80 - create IPUIPlugin
2025-05-02 10:23:45,385 [INFO] PluginManager:220 - loadIPPluginJar : add dma3
2025-05-02 10:23:45,437 [INFO] IPUIPlugin:80 - create IPUIPlugin
2025-05-02 10:23:45,437 [INFO] PluginManager:220 - loadIPPluginJar : add extmemmanager
2025-05-02 10:23:45,465 [INFO] IPUIPlugin:80 - create IPUIPlugin
2025-05-02 10:23:45,465 [INFO] PluginManager:220 - loadIPPluginJar : add fatfs
2025-05-02 10:23:45,520 [INFO] IPUIPlugin:80 - create IPUIPlugin
2025-05-02 10:23:45,520 [INFO] PluginManager:220 - loadIPPluginJar : add fmc
2025-05-02 10:23:45,539 [INFO] IPUIPlugin:80 - create IPUIPlugin
2025-05-02 10:23:45,539 [INFO] PluginManager:220 - loadIPPluginJar : add freertos
2025-05-02 10:23:45,564 [INFO] IPUIPlugin:80 - create IPUIPlugin
2025-05-02 10:23:45,564 [INFO] PluginManager:220 - loadIPPluginJar : add genericplugin
2025-05-02 10:23:45,681 [INFO] IPUIPlugin:80 - create IPUIPlugin
2025-05-02 10:23:45,681 [INFO] PluginManager:220 - loadIPPluginJar : add gfxmmu
2025-05-02 10:23:45,863 [INFO] IPUIPlugin:80 - create IPUIPlugin
2025-05-02 10:23:45,863 [INFO] PluginManager:220 - loadIPPluginJar : add gic
2025-05-02 10:23:45,880 [INFO] IPUIPlugin:80 - create IPUIPlugin
2025-05-02 10:23:45,880 [INFO] PluginManager:220 - loadIPPluginJar : add gpio
2025-05-02 10:23:46,028 [INFO] IPUIPlugin:80 - create IPUIPlugin
2025-05-02 10:23:46,028 [INFO] PluginManager:220 - loadIPPluginJar : add gtzc
2025-05-02 10:23:46,068 [INFO] IPUIPlugin:80 - create IPUIPlugin
2025-05-02 10:23:46,069 [INFO] PluginManager:220 - loadIPPluginJar : add hash
2025-05-02 10:23:46,132 [INFO] IPUIPlugin:80 - create IPUIPlugin
2025-05-02 10:23:46,132 [INFO] PluginManager:220 - loadIPPluginJar : add i2c
2025-05-02 10:23:46,182 [INFO] IPUIPlugin:80 - create IPUIPlugin
2025-05-02 10:23:46,182 [INFO] PluginManager:220 - loadIPPluginJar : add i2s
2025-05-02 10:23:46,235 [INFO] IPUIPlugin:80 - create IPUIPlugin
2025-05-02 10:23:46,236 [INFO] PluginManager:220 - loadIPPluginJar : add i3c
2025-05-02 10:23:46,351 [INFO] IPUIPlugin:80 - create IPUIPlugin
2025-05-02 10:23:46,351 [INFO] PluginManager:220 - loadIPPluginJar : add ipddr
2025-05-02 10:23:46,461 [INFO] IPUIPlugin:80 - create IPUIPlugin
2025-05-02 10:23:46,462 [INFO] PluginManager:220 - loadIPPluginJar : add linkedlist
2025-05-02 10:23:46,502 [INFO] IPUIPlugin:80 - create IPUIPlugin
2025-05-02 10:23:46,502 [INFO] PluginManager:220 - loadIPPluginJar : add lorawan
2025-05-02 10:23:46,546 [INFO] IPUIPlugin:80 - create IPUIPlugin
2025-05-02 10:23:46,546 [INFO] PluginManager:220 - loadIPPluginJar : add ltdc
2025-05-02 10:23:46,563 [INFO] IPUIPlugin:80 - create IPUIPlugin
2025-05-02 10:23:46,563 [INFO] PluginManager:220 - loadIPPluginJar : add mdma
2025-05-02 10:23:46,576 [INFO] IPUIPlugin:80 - create IPUIPlugin
2025-05-02 10:23:46,576 [INFO] PluginManager:220 - loadIPPluginJar : add nvic
2025-05-02 10:23:46,620 [INFO] IPUIPlugin:80 - create IPUIPlugin
2025-05-02 10:23:46,620 [INFO] PluginManager:220 - loadIPPluginJar : add opamp
2025-05-02 10:23:46,695 [INFO] IPUIPlugin:80 - create IPUIPlugin
2025-05-02 10:23:46,695 [INFO] PluginManager:220 - loadIPPluginJar : add openamp
2025-05-02 10:23:46,752 [INFO] IPUIPlugin:80 - create IPUIPlugin
2025-05-02 10:23:46,752 [INFO] PluginManager:220 - loadIPPluginJar : add pdm2pcm
2025-05-02 10:23:46,768 [INFO] IPUIPlugin:80 - create IPUIPlugin
2025-05-02 10:23:46,769 [INFO] PluginManager:220 - loadIPPluginJar : add plateformsettings
2025-05-02 10:23:46,796 [INFO] IPUIPlugin:80 - create IPUIPlugin
2025-05-02 10:23:46,797 [INFO] PluginManager:220 - loadIPPluginJar : add quadspi
2025-05-02 10:23:46,827 [INFO] IPUIPlugin:80 - create IPUIPlugin
2025-05-02 10:23:46,827 [INFO] PluginManager:220 - loadIPPluginJar : add radio
2025-05-02 10:23:46,841 [INFO] IPUIPlugin:80 - create IPUIPlugin
2025-05-02 10:23:46,841 [INFO] PluginManager:220 - loadIPPluginJar : add resmgrutility
2025-05-02 10:23:46,901 [INFO] IPUIPlugin:80 - create IPUIPlugin
2025-05-02 10:23:46,901 [INFO] PluginManager:220 - loadIPPluginJar : add sai
2025-05-02 10:23:46,947 [INFO] IPUIPlugin:80 - create IPUIPlugin
2025-05-02 10:23:46,948 [INFO] PluginManager:220 - loadIPPluginJar : add spi
2025-05-02 10:23:47,037 [INFO] IPUIPlugin:80 - create IPUIPlugin
2025-05-02 10:23:47,037 [INFO] PluginManager:220 - loadIPPluginJar : add stm32_wpan
2025-05-02 10:23:47,067 [INFO] IPUIPlugin:80 - create IPUIPlugin
2025-05-02 10:23:47,067 [INFO] PluginManager:220 - loadIPPluginJar : add tim
2025-05-02 10:23:47,140 [INFO] IPUIPlugin:80 - create IPUIPlugin
2025-05-02 10:23:47,140 [INFO] PluginManager:220 - loadIPPluginJar : add touchsensing
2025-05-02 10:23:47,166 [INFO] IPUIPlugin:80 - create IPUIPlugin
2025-05-02 10:23:47,166 [INFO] PluginManager:220 - loadIPPluginJar : add tracer_emb
2025-05-02 10:23:47,194 [INFO] IPUIPlugin:80 - create IPUIPlugin
2025-05-02 10:23:47,194 [INFO] PluginManager:220 - loadIPPluginJar : add ts
2025-05-02 10:23:47,219 [INFO] IPUIPlugin:80 - create IPUIPlugin
2025-05-02 10:23:47,219 [INFO] PluginManager:220 - loadIPPluginJar : add tsc
2025-05-02 10:23:47,245 [INFO] IPUIPlugin:80 - create IPUIPlugin
2025-05-02 10:23:47,245 [INFO] PluginManager:220 - loadIPPluginJar : add ucpd
2025-05-02 10:23:47,297 [INFO] IPUIPlugin:80 - create IPUIPlugin
2025-05-02 10:23:47,297 [INFO] PluginManager:220 - loadIPPluginJar : add usart
2025-05-02 10:23:47,347 [INFO] IPUIPlugin:80 - create IPUIPlugin
2025-05-02 10:23:47,347 [INFO] PluginManager:220 - loadIPPluginJar : add usbx
2025-05-02 10:23:47,466 [FATAL] Updater:351 - Updater called before beeing initialized
2025-05-02 10:23:47,486 [INFO] RulesReader:64 - Compatibility file has been processed (301 Rules)
2025-05-02 10:23:47,494 [INFO] RulesReader:64 - Compatibility file has been processed (301 Rules)
2025-05-02 10:23:47,501 [INFO] CADModel:165 - CPN selected for project level
2025-05-02 10:23:47,501 [INFO] CADModel:114 - Register for checkConnection events
2025-05-02 10:23:47,501 [FATAL] Updater:351 - Updater called before beeing initialized
2025-05-02 10:23:47,501 [ERROR] CADModel:125 - Updater not yet initialized, retry later 
2025-05-02 10:23:47,564 [INFO] ThirdPartyUpdaterWithRetryManager:70 - Updater plugin not ready yet. [2/15]
2025-05-02 10:23:47,645 [FATAL] Updater:351 - Updater called before beeing initialized
2025-05-02 10:23:47,647 [INFO] CADModel:165 - CPN selected for project level
2025-05-02 10:23:47,647 [INFO] CADModel:114 - Register for checkConnection events
2025-05-02 10:23:47,647 [FATAL] Updater:351 - Updater called before beeing initialized
2025-05-02 10:23:47,647 [ERROR] CADModel:125 - Updater not yet initialized, retry later 
2025-05-02 10:23:47,649 [FATAL] Updater:351 - Updater called before beeing initialized
2025-05-02 10:23:47,744 [FATAL] Updater:351 - Updater called before beeing initialized
2025-05-02 10:23:47,755 [INFO] DbMcusAds:53 - JSON generation date=Thu Mar 06 15:54:22 CET 2025 (1741272862204)
2025-05-02 10:23:47,755 [FATAL] Updater:351 - Updater called before beeing initialized
2025-05-02 10:23:47,799 [WARN] DetailPanel:346 - Failed to get advertising image, set to default
2025-05-02 10:23:48,033 [FATAL] Updater:351 - Updater called before beeing initialized
2025-05-02 10:23:48,035 [FATAL] Updater:351 - Updater called before beeing initialized
2025-05-02 10:23:48,035 [FATAL] Updater:351 - Updater called before beeing initialized
2025-05-02 10:23:48,035 [WARN] DetailPanel:346 - Failed to get advertising image, set to default
2025-05-02 10:23:48,036 [FATAL] Updater:351 - Updater called before beeing initialized
2025-05-02 10:23:48,088 [ERROR] Updater:1198 - MainUpdater not yet initialized. External WinMGr cannot be set.
2025-05-02 10:23:48,099 [INFO] Updater:1134 - Updater Version found : 6.14.0
2025-05-02 10:23:48,119 [INFO] ApplicationProperties:184 - Using Application install path: C:\ST\STM32CubeIDE_1.18.0\STM32CubeIDE\plugins\com.st.stm32cube.common.mx_6.14.0.202502271554
2025-05-02 10:23:49,692 [ERROR] LogOutputStream:75 - [STDERR_REDIRECT] May 02, 2025 10:23:49 AM java.util.prefs.WindowsPreferences <init>
2025-05-02 10:23:49,693 [ERROR] LogOutputStream:75 - [STDERR_REDIRECT] WARNING: Could not open/create prefs root node Software\JavaSoft\Prefs at root 0xffffffff80000002. Windows RegCreateKeyEx(...) returned error code 5.
2025-05-02 10:23:49,694 [ERROR] LogOutputStream:75 - [STDERR_REDIRECT] 
2025-05-02 10:23:49,962 [INFO] MainUpdater:2872 - connection check result : 10
2025-05-02 10:23:49,963 [INFO] MainUpdater:289 - Updater Check For Update Now.
2025-05-02 10:23:49,963 [INFO] MicroXplorer:498 - Change Database Version : DB.6.0.140
2025-05-02 10:23:49,980 [INFO] McuFinderGlobals:63 - Set McuFinder mode to 2 (CubeIDE integrated)
2025-05-02 10:23:49,989 [INFO] UserAuth:486 - Internet connection configuration mode: 1
2025-05-02 10:23:50,023 [INFO] JxBrowserEngine:152 - Initiate JxBrowser Engine with user profile folder
2025-05-02 10:23:50,168 [INFO] CheckServerUpdateThread:120 - End of CheckServer Thread
2025-05-02 10:23:50,773 [WARN] PackLoader:240 - Cannot read IP mode file for STMicroelectronics.FP-SNS-MOTENVWB1.1.4.0
2025-05-02 10:23:50,791 [WARN] PackLoader:240 - Cannot read IP mode file for STMicroelectronics.FP-ATR-ASTRA1.2.0.2
2025-05-02 10:23:50,806 [WARN] PackLoader:240 - Cannot read IP mode file for STMicroelectronics.X-CUBE-SMBUS.2.1.0
2025-05-02 10:23:50,823 [WARN] PackLoader:240 - Cannot read IP mode file for STMicroelectronics.X-CUBE-WB05N.1.1.0
2025-05-02 10:23:50,868 [WARN] PackLoader:240 - Cannot read IP mode file for STMicroelectronics.X-CUBE-AZRTOS-F7.1.1.0
2025-05-02 10:23:50,883 [WARN] PackLoader:240 - Cannot read IP mode file for STMicroelectronics.FP-SNS-FLIGHT1.5.0.2
2025-05-02 10:23:50,920 [WARN] PackLoader:240 - Cannot read IP mode file for Infineon.AIROC-Wi-Fi-Bluetooth-STM32.1.7.0
2025-05-02 10:23:50,955 [WARN] PackLoader:240 - Cannot read IP mode file for STMicroelectronics.X-CUBE-DISPLAY.3.0.0
2025-05-02 10:23:50,977 [WARN] PackLoader:240 - Cannot read IP mode file for STMicroelectronics.X-CUBE-NFC10.1.0.0
2025-05-02 10:23:51,538 [WARN] PackLoader:240 - Cannot read IP mode file for STMicroelectronics.X-CUBE-BLEMGR.4.0.0
2025-05-02 10:23:51,581 [WARN] PackLoader:240 - Cannot read IP mode file for emotas.I-CUBE-CANOPEN.1.3.0
2025-05-02 10:23:51,649 [WARN] ConditionMgr:438 - getConditionDescription Invalid condition id : Cortex-A Device cause : null
2025-05-02 10:23:52,688 [WARN] ConditionMgr:1044 - genDependencies : Invalid condition id : Cortex-A Device cause : null
2025-05-02 10:23:52,688 [WARN] ConditionMgr:1044 - genDependencies : Invalid condition id : Cortex-A Device cause : null
2025-05-02 10:23:52,688 [WARN] ConditionMgr:1044 - genDependencies : Invalid condition id : Cortex-A Device cause : null
2025-05-02 10:23:52,708 [WARN] PackLoader:240 - Cannot read IP mode file for STMicroelectronics.X-CUBE-AI.10.0.0
2025-05-02 10:23:52,736 [WARN] PackLoader:240 - Cannot read IP mode file for STMicroelectronics.FP-SNS-SMARTAG2.1.2.0
2025-05-02 10:23:52,775 [WARN] PackLoader:240 - Cannot read IP mode file for STMicroelectronics.FP-SNS-FLIGHT1.5.1.0
2025-05-02 10:23:52,876 [WARN] PackLoader:240 - Cannot read IP mode file for STMicroelectronics.X-CUBE-MEMS1.11.1.0
2025-05-02 10:23:53,015 [INFO] LogOutputStream:77 - [STDOUT_REDIRECT] 1 : Invalid condition id : UX_CORESTACK_Condition cause : null
2025-05-02 10:23:53,016 [INFO] LogOutputStream:77 - [STDOUT_REDIRECT] 1 : Invalid condition id : UX_CORESTACK_Condition cause : null
2025-05-02 10:23:53,017 [INFO] LogOutputStream:77 - [STDOUT_REDIRECT] 1 : Invalid condition id : UX_CORESTACK_Condition cause : null
2025-05-02 10:23:53,018 [INFO] LogOutputStream:77 - [STDOUT_REDIRECT] 1 : Invalid condition id : UX_CORESTACK_Condition cause : null
2025-05-02 10:23:53,021 [INFO] LogOutputStream:77 - [STDOUT_REDIRECT] 1 : Invalid condition id : UX_CORESTACK_Condition cause : null
2025-05-02 10:23:53,025 [WARN] PackLoader:240 - Cannot read IP mode file for STMicroelectronics.X-CUBE-AZRTOS-WL.2.0.0
2025-05-02 10:23:53,048 [WARN] PackLoader:240 - Cannot read IP mode file for STMicroelectronics.FP-SNS-MOTENV1.5.0.0
2025-05-02 10:23:53,089 [WARN] PackLoader:240 - Cannot read IP mode file for WES.I-CUBE-Cesium.1.3.0
2025-05-02 10:23:53,163 [WARN] PackLoader:240 - Cannot read IP mode file for STMicroelectronics.X-CUBE-BLE2.3.3.0
2025-05-02 10:23:53,189 [WARN] PackLoader:240 - Cannot read IP mode file for STMicroelectronics.X-CUBE-NFC9.1.0.0
2025-05-02 10:23:53,208 [WARN] PackLoader:240 - Cannot read IP mode file for STMicroelectronics.X-CUBE-BLE1.7.1.0
2025-05-02 10:23:53,227 [WARN] PackLoader:240 - Cannot read IP mode file for wolfSSL.I-CUBE-wolfMQTT.1.19.2
2025-05-02 10:23:53,291 [WARN] PackLoader:240 - Cannot read IP mode file for STMicroelectronics.X-CUBE-MEMS1.11.2.0
2025-05-02 10:23:53,410 [WARN] PackLoader:240 - Cannot read IP mode file for STMicroelectronics.X-CUBE-AZRTOS-G0.1.1.0
2025-05-02 10:23:53,436 [WARN] PackLoader:240 - Cannot read IP mode file for STMicroelectronics.X-CUBE-SAFEA1.1.2.2
2025-05-02 10:23:53,456 [WARN] PackLoader:240 - Cannot read IP mode file for STMicroelectronics.X-CUBE-NFC4.3.0.0
2025-05-02 10:23:53,482 [WARN] PackLoader:240 - Cannot read IP mode file for EmbeddedOffice.I-CUBE-FS-RTOS.1.0.1
2025-05-02 10:23:53,500 [WARN] PackLoader:240 - Cannot read IP mode file for STMicroelectronics.X-CUBE-WB05N.2.0.0
2025-05-02 10:23:53,517 [WARN] PackLoader:240 - Cannot read IP mode file for wolfSSL.I-CUBE-wolfTPM.3.8.0
2025-05-02 10:23:53,538 [WARN] PackLoader:240 - Cannot read IP mode file for STMicroelectronics.X-CUBE-TCPP.4.2.0
2025-05-02 10:23:53,557 [WARN] PackLoader:240 - Cannot read IP mode file for RealThread.X-CUBE-RT-Thread_Nano.4.1.1
2025-05-02 10:23:53,574 [WARN] PackLoader:240 - Cannot read IP mode file for STMicroelectronics.FP-ATR-SIGFOX1.3.2.0
2025-05-02 10:23:53,593 [WARN] PackLoader:240 - Cannot read IP mode file for STMicroelectronics.X-CUBE-EEPRMA1.5.1.0
2025-05-02 10:23:53,607 [WARN] PackLoader:240 - Cannot read IP mode file for wolfSSL.I-CUBE-wolfSSL.5.7.6
2025-05-02 10:23:53,625 [WARN] PackLoader:240 - Cannot read IP mode file for ITTIA_DB.I-CUBE-ITTIADB.8.9.0
2025-05-02 10:23:53,655 [INFO] WebApp:169 - Instantiating new browser for Auth
2025-05-02 10:23:53,659 [WARN] PackLoader:240 - Cannot read IP mode file for SEGGER.I-CUBE-embOS.1.3.1
2025-05-02 10:23:53,704 [WARN] PackLoader:240 - Cannot read IP mode file for STMicroelectronics.X-CUBE-ALGOBUILD.1.4.0
2025-05-02 10:23:53,754 [WARN] PackLoader:240 - Cannot read IP mode file for STMicroelectronics.X-CUBE-AZRTOS-F4.1.1.0
2025-05-02 10:23:53,773 [WARN] PackLoader:240 - Cannot read IP mode file for Avnet-IotConnect.X-CUBE-IoTC-DA16k-PMOD.1.0.0
2025-05-02 10:23:53,790 [WARN] PackLoader:240 - Cannot read IP mode file for STMicroelectronics.X-CUBE-ISPU.2.1.0
2025-05-02 10:23:53,832 [WARN] PackLoader:240 - Cannot read IP mode file for STMicroelectronics.X-CUBE-AZRTOS-L5.2.0.0
2025-05-02 10:23:53,861 [WARN] PackLoader:240 - Cannot read IP mode file for STMicroelectronics.X-CUBE-NFC6.3.1.0
2025-05-02 10:23:53,891 [WARN] PackLoader:240 - Cannot read IP mode file for STMicroelectronics.X-CUBE-DPower.1.2.0
2025-05-02 10:23:53,914 [WARN] PackLoader:240 - Cannot read IP mode file for STMicroelectronics.X-CUBE-FREERTOS.1.3.0
2025-05-02 10:23:53,927 [WARN] PackLoader:240 - Cannot read IP mode file for STMicroelectronics.X-CUBE-NFC7.1.0.1
2025-05-02 10:23:53,942 [WARN] PackLoader:240 - Cannot read IP mode file for STMicroelectronics.X-CUBE-DPower.1.3.0
2025-05-02 10:23:53,987 [WARN] ConditionMgr:438 - getConditionDescription Invalid condition id : LAN8742 Phy interface Condition cause : null
2025-05-02 10:23:53,988 [WARN] PackLoader:240 - Cannot read IP mode file for STMicroelectronics.X-CUBE-AZRTOS-L4.2.0.0
2025-05-02 10:23:53,988 [WARN] ConditionMgr:1044 - genDependencies : Invalid condition id : LAN8742 Phy interface Condition cause : null
2025-05-02 10:23:53,988 [WARN] ConditionMgr:1044 - genDependencies : Invalid condition id : LAN8742 Phy interface Condition cause : null
2025-05-02 10:23:53,989 [WARN] ConditionMgr:1044 - genDependencies : Invalid condition id : LAN8742 Phy interface Condition cause : null
2025-05-02 10:23:54,006 [WARN] PackLoader:240 - Cannot read IP mode file for STMicroelectronics.X-CUBE-SFXS2LP1.4.0.0
2025-05-02 10:23:54,060 [WARN] PackLoader:240 - Cannot read IP mode file for STMicroelectronics.X-CUBE-AZRTOS-H7.3.3.0
2025-05-02 10:23:54,100 [WARN] ConditionMgr:438 - getConditionDescription Invalid condition id : UX DEVICE CLASS RTOS Condition cause : null
2025-05-02 10:23:54,100 [WARN] ConditionMgr:438 - getConditionDescription Invalid condition id : UX DEVICE CLASS RTOS Condition cause : null
2025-05-02 10:23:54,101 [WARN] PackLoader:240 - Cannot read IP mode file for STMicroelectronics.X-CUBE-AZRTOS-WB.2.0.0
2025-05-02 10:23:54,102 [WARN] ConditionMgr:1044 - genDependencies : Invalid condition id : UX DEVICE CLASS RTOS Condition cause : null
2025-05-02 10:23:54,102 [WARN] ConditionMgr:1044 - genDependencies : Invalid condition id : UX DEVICE CLASS RTOS Condition cause : null
2025-05-02 10:23:54,102 [WARN] ConditionMgr:1044 - genDependencies : Invalid condition id : UX DEVICE CLASS RTOS Condition cause : null
2025-05-02 10:23:54,103 [WARN] ConditionMgr:1044 - genDependencies : Invalid condition id : UX DEVICE CLASS RTOS Condition cause : null
2025-05-02 10:23:54,103 [WARN] ConditionMgr:1044 - genDependencies : Invalid condition id : UX DEVICE CLASS RTOS Condition cause : null
2025-05-02 10:23:54,130 [WARN] PackLoader:240 - Cannot read IP mode file for STMicroelectronics.X-CUBE-GNSS1.7.0.1
2025-05-02 10:23:54,157 [WARN] PackLoader:240 - Cannot read IP mode file for STMicroelectronics.X-CUBE-TOUCHGFX.4.25.0
2025-05-02 10:23:54,177 [WARN] PackLoader:240 - Cannot read IP mode file for STMicroelectronics.FP-SNS-STBOX1.2.0.0
2025-05-02 10:23:54,204 [WARN] PackLoader:240 - Cannot read IP mode file for STMicroelectronics.X-CUBE-SUBG2.5.0.0
2025-05-02 10:23:54,242 [WARN] PackLoader:240 - Cannot read IP mode file for STMicroelectronics.X-CUBE-AZRTOS-H7RS.1.1.0
2025-05-02 10:23:54,257 [WARN] PackLoader:240 - Cannot read IP mode file for Cesanta.I-CUBE-Mongoose.7.13.0
2025-05-02 10:23:54,291 [WARN] PackLoader:240 - Cannot read IP mode file for STMicroelectronics.X-CUBE-AZRTOS-G4.2.0.0
2025-05-02 10:23:54,307 [WARN] PackLoader:240 - Cannot read IP mode file for wolfSSL.I-CUBE-wolfSSH.1.4.20
2025-05-02 10:23:54,320 [WARN] PackLoader:240 - Cannot read IP mode file for STMicroelectronics.X-CUBE-NFC7.2.0.0
2025-05-02 10:23:54,358 [WARN] PackLoader:240 - Cannot read IP mode file for STMicroelectronics.X-CUBE-IPS.3.1.0
2025-05-02 10:23:54,393 [WARN] PackLoader:240 - Cannot read IP mode file for STMicroelectronics.X-CUBE-ALS.1.0.2
2025-05-02 10:23:54,407 [WARN] PackLoader:240 - Cannot read IP mode file for STMicroelectronics.X-CUBE-TOUCHGFX.4.24.2
2025-05-02 10:23:54,421 [WARN] PackLoader:240 - Cannot read IP mode file for portGmbH.I-Cube-SoM-uGOAL.1.1.0
2025-05-02 10:23:54,448 [WARN] PackLoader:240 - Cannot read IP mode file for STMicroelectronics.X-CUBE-AZRTOS-H7RS.1.0.0
2025-05-02 10:23:54,472 [WARN] PackLoader:240 - Cannot read IP mode file for STMicroelectronics.X-CUBE-TOF1.3.4.2
2025-05-02 10:23:54,497 [WARN] PackLoader:240 - Cannot read IP mode file for STMicroelectronics.X-CUBE-TOF1.3.4.3
2025-05-02 10:23:54,503 [INFO] ThirdParty:978 - Integrity check success = true
2025-05-02 10:23:54,503 [INFO] IntegrityCheckThread:100 - exiting critical section [integrity check]
2025-05-02 10:23:54,503 [INFO] IntegrityCheckThread:103 - End integrity checks thread
2025-05-02 10:23:54,803 [INFO] WebApp:463 - Apply proxy settings
2025-05-02 10:23:54,803 [INFO] WebApp:548 - Chromium requires no authentication
2025-05-02 10:23:54,834 [INFO] WebApp:491 - Direct internet connection detected
2025-05-02 10:23:54,891 [INFO] WebApp:894 - Register for checkConnection events
2025-05-02 10:23:54,891 [INFO] WebApp:463 - Apply proxy settings
2025-05-02 10:23:54,891 [INFO] WebApp:548 - Chromium requires no authentication
2025-05-02 10:23:54,891 [INFO] WebApp:491 - Direct internet connection detected
2025-05-02 10:23:55,110 [INFO] WebApp:191 - Connection restablished
2025-05-02 10:23:55,221 [INFO] WebApp:225 - Starting web application
2025-05-02 10:23:55,222 [INFO] WebApp:593 - Web application path used C:\ST\STM32CubeIDE_1.18.0\STM32CubeIDE\plugins\com.st.stm32cube.common.mx_6.14.0.202502271554\db\plugins\mcufinder\reactClient1\index.html
2025-05-02 10:23:55,389 [INFO] UserAuth:486 - Internet connection configuration mode: 1
2025-05-02 15:34:18,596 [INFO] WebApp:194 - Connection lost
2025-05-02 15:34:18,987 [INFO] WebApp:191 - Connection restablished
2025-05-02 15:34:20,147 [INFO] WebApp:194 - Connection lost
2025-05-02 15:34:20,263 [INFO] WebApp:191 - Connection restablished
2025-05-02 15:34:21,758 [INFO] WebApp:194 - Connection lost
2025-05-02 15:34:21,857 [INFO] WebApp:191 - Connection restablished
2025-05-02 16:46:26,838 [ERROR] AdobePublisher:162 - Exception while opening the connection: java.net.UnknownHostException: stmicroelectronics.d3.sc.omtrdc.net
2025-05-02 16:46:26,838 [ERROR] AdobePublisher:162 - Exception while opening the connection: java.net.UnknownHostException: stmicroelectronics.d3.sc.omtrdc.net
2025-05-02 16:46:26,838 [ERROR] AdobePublisher:162 - Exception while opening the connection: java.net.UnknownHostException: stmicroelectronics.d3.sc.omtrdc.net
2025-05-02 16:46:26,839 [ERROR] AdobePublisher:162 - Exception while opening the connection: java.net.UnknownHostException: stmicroelectronics.d3.sc.omtrdc.net
2025-05-02 16:46:26,839 [ERROR] AdobePublisher:162 - Exception while opening the connection: java.net.UnknownHostException: stmicroelectronics.d3.sc.omtrdc.net
2025-05-02 16:46:48,788 [ERROR] AdobePublisher:162 - Exception while opening the connection: java.net.UnknownHostException: stmicroelectronics.d3.sc.omtrdc.net
2025-05-02 16:46:48,789 [ERROR] AdobePublisher:162 - Exception while opening the connection: java.net.UnknownHostException: stmicroelectronics.d3.sc.omtrdc.net
2025-05-02 16:46:48,789 [ERROR] AdobePublisher:162 - Exception while opening the connection: java.net.UnknownHostException: stmicroelectronics.d3.sc.omtrdc.net
2025-05-02 16:46:48,789 [ERROR] AdobePublisher:162 - Exception while opening the connection: java.net.UnknownHostException: stmicroelectronics.d3.sc.omtrdc.net
2025-05-02 16:46:48,789 [ERROR] AdobePublisher:162 - Exception while opening the connection: java.net.UnknownHostException: stmicroelectronics.d3.sc.omtrdc.net
2025-05-02 16:46:57,068 [ERROR] AdobePublisher:162 - Exception while opening the connection: java.net.UnknownHostException: stmicroelectronics.d3.sc.omtrdc.net
2025-05-02 16:46:57,068 [ERROR] AdobePublisher:162 - Exception while opening the connection: java.net.UnknownHostException: stmicroelectronics.d3.sc.omtrdc.net
2025-05-02 16:46:57,069 [ERROR] AdobePublisher:162 - Exception while opening the connection: java.net.UnknownHostException: stmicroelectronics.d3.sc.omtrdc.net
2025-05-02 16:46:57,069 [ERROR] AdobePublisher:162 - Exception while opening the connection: java.net.UnknownHostException: stmicroelectronics.d3.sc.omtrdc.net
2025-05-02 16:46:57,069 [ERROR] AdobePublisher:162 - Exception while opening the connection: java.net.UnknownHostException: stmicroelectronics.d3.sc.omtrdc.net
2025-05-02 22:15:38,509 [INFO] WebApp:194 - Connection lost
2025-05-02 22:15:42,922 [INFO] WebApp:191 - Connection restablished
2025-05-02 22:15:44,254 [INFO] WebApp:194 - Connection lost
2025-05-02 22:15:44,392 [INFO] WebApp:191 - Connection restablished
