2025-04-11 13:51:15,861 [INFO] Activator:176 - 


2025-04-11 13:51:15,868 [INFO] Activator:177 - !SESSION log4j initialized
2025-04-11 13:51:21,929 [INFO] LogOutputStream:77 - [STDOUT_REDIRECT] 
2025-04-11 13:51:30,216 [INFO] ApplicationProperties:184 - Using Application install path: C:\ST\STM32CubeIDE_1.18.0\STM32CubeIDE\plugins\com.st.stm32cube.common.mx_6.14.0.202502271554
2025-04-11 13:51:30,236 [INFO] DbMcusXml:78 - Set database path to: C:\ST\STM32CubeIDE_1.18.0\STM32CubeIDE\plugins\com.st.stm32cube.common.mx_6.14.0.202502271554\\db\/mcu/
2025-04-11 13:51:30,236 [INFO] ApiDb:274 - Set plugin database path to: C:\ST\STM32CubeIDE_1.18.0\STM32CubeIDE\plugins\com.st.stm32cube.common.mx_6.14.0.202502271554\\db\/plugins/boardmanager/
2025-04-11 13:51:30,237 [WARN] ApiDb:259 - Overriding images path with different value:  => C:\ST\STM32CubeIDE_1.18.0\STM32CubeIDE\plugins\com.st.stm32cube.common.mx_6.14.0.202502271554\\db\/plugins/mcufinder/images/
2025-04-11 13:51:30,245 [INFO] ApiDb:250 - Set database path to: C:\Users\marcv\.stmcufinder\plugins\mcufinder//mcu/
2025-04-11 13:51:30,246 [INFO] DbMcusAds:125 - Set database path to: C:\Users\marcv\.stmcufinder\plugins\mcufinder//mcu/
2025-04-11 13:51:30,248 [INFO] CrossReferenceDbSqlite:203 - Set database path to: C:\Users\marcv\.stmcufinder\plugins\mcufinder//mcu/cs/
2025-04-11 13:51:30,363 [INFO] RulesReader:64 - Compatibility file has been processed (301 Rules)
2025-04-11 13:51:30,433 [INFO] DbMcusXml:78 - Set database path to: C:\ST\STM32CubeIDE_1.18.0\STM32CubeIDE\plugins\com.st.stm32cube.common.mx_6.14.0.202502271554\\db\/mcu/
2025-04-11 13:51:30,433 [INFO] ApiDb:274 - Set plugin database path to: C:\ST\STM32CubeIDE_1.18.0\STM32CubeIDE\plugins\com.st.stm32cube.common.mx_6.14.0.202502271554\\db\/plugins/boardmanager/
2025-04-11 13:51:30,433 [INFO] ApiDb:261 - Set plugin images path to: C:\ST\STM32CubeIDE_1.18.0\STM32CubeIDE\plugins\com.st.stm32cube.common.mx_6.14.0.202502271554\\db\/plugins/mcufinder/images/
2025-04-11 13:51:30,433 [WARN] DbFile:41 - Overriding database path with different value: C:\Users\marcv\.stmcufinder\plugins\mcufinder/ => C:\Users\marcv\.stmcufinder\plugins\mcufinder
2025-04-11 13:51:30,433 [INFO] ApiDb:250 - Set database path to: C:\Users\marcv\.stmcufinder\plugins\mcufinder//mcu/
2025-04-11 13:51:30,433 [WARN] DbFile:41 - Overriding database path with different value: C:\Users\marcv\.stmcufinder\plugins\mcufinder/ => C:\Users\marcv\.stmcufinder\plugins\mcufinder
2025-04-11 13:51:30,434 [INFO] DbMcusAds:125 - Set database path to: C:\Users\marcv\.stmcufinder\plugins\mcufinder//mcu/
2025-04-11 13:51:30,434 [WARN] DbFile:41 - Overriding database path with different value: C:\Users\marcv\.stmcufinder\plugins\mcufinder/ => C:\Users\marcv\.stmcufinder\plugins\mcufinder
2025-04-11 13:51:30,434 [WARN] DbFile:41 - Overriding database path with different value: C:\Users\marcv\.stmcufinder\plugins\mcufinder/ => C:\Users\marcv\.stmcufinder\plugins\mcufinder
2025-04-11 13:51:30,434 [INFO] CrossReferenceDbSqlite:203 - Set database path to: C:\Users\marcv\.stmcufinder\plugins\mcufinder//mcu/cs/
2025-04-11 13:51:30,502 [INFO] MainPanel:272 - HeapMemory: 268435456
2025-04-11 13:51:30,623 [INFO] DbMcusXml:78 - Set database path to: C:\ST\STM32CubeIDE_1.18.0\STM32CubeIDE\plugins\com.st.stm32cube.common.mx_6.14.0.202502271554\\db\/mcu/
2025-04-11 13:51:30,623 [INFO] ApiDb:274 - Set plugin database path to: C:\ST\STM32CubeIDE_1.18.0\STM32CubeIDE\plugins\com.st.stm32cube.common.mx_6.14.0.202502271554\\db\/plugins/boardmanager/
2025-04-11 13:51:30,623 [INFO] ApiDb:261 - Set plugin images path to: C:\ST\STM32CubeIDE_1.18.0\STM32CubeIDE\plugins\com.st.stm32cube.common.mx_6.14.0.202502271554\\db\/plugins/mcufinder/images/
2025-04-11 13:51:30,623 [WARN] DbFile:41 - Overriding database path with different value: C:\Users\marcv\.stmcufinder\plugins\mcufinder/ => C:\Users\marcv\.stmcufinder\plugins\mcufinder
2025-04-11 13:51:30,623 [INFO] ApiDb:250 - Set database path to: C:\Users\marcv\.stmcufinder\plugins\mcufinder//mcu/
2025-04-11 13:51:30,623 [WARN] DbFile:41 - Overriding database path with different value: C:\Users\marcv\.stmcufinder\plugins\mcufinder/ => C:\Users\marcv\.stmcufinder\plugins\mcufinder
2025-04-11 13:51:30,624 [INFO] DbMcusAds:125 - Set database path to: C:\Users\marcv\.stmcufinder\plugins\mcufinder//mcu/
2025-04-11 13:51:30,624 [WARN] DbFile:41 - Overriding database path with different value: C:\Users\marcv\.stmcufinder\plugins\mcufinder/ => C:\Users\marcv\.stmcufinder\plugins\mcufinder
2025-04-11 13:51:30,624 [WARN] DbFile:41 - Overriding database path with different value: C:\Users\marcv\.stmcufinder\plugins\mcufinder/ => C:\Users\marcv\.stmcufinder\plugins\mcufinder
2025-04-11 13:51:30,624 [INFO] CrossReferenceDbSqlite:203 - Set database path to: C:\Users\marcv\.stmcufinder\plugins\mcufinder//mcu/cs/
2025-04-11 13:51:30,653 [INFO] ApplicationProperties:184 - Using Application install path: C:\ST\STM32CubeIDE_1.18.0\STM32CubeIDE\plugins\com.st.stm32cube.common.mx_6.14.0.202502271554
2025-04-11 13:51:30,654 [INFO] PluginManage:196 - Search for loadable plugins [exclusion list=, ]
2025-04-11 13:51:30,656 [INFO] PluginManage:310 - Check plugin analytics
2025-04-11 13:51:35,330 [INFO] AnalyticsPlugin:253 - Accepted Software Licenses: 
2025-04-11 13:51:35,330 [INFO] AnalyticsPlugin:255 - Accepted CMSIS Pack Licenses: 
2025-04-11 13:51:35,330 [INFO] AnalyticsPlugin:257 - Accepted Firmware Licenses: FW.H7.1.12.0
2025-04-11 13:51:35,332 [INFO] PluginManage:359 - Loaded plugin analytics (category:tool,tabindex:-1)
2025-04-11 13:51:35,332 [INFO] PluginManage:310 - Check plugin cadmodel
2025-04-11 13:51:35,351 [INFO] CADModel:105 - Init CAD model plugin
2025-04-11 13:51:35,351 [INFO] PluginManage:359 - Loaded plugin cadmodel (category:power,tabindex:5)
2025-04-11 13:51:35,351 [INFO] PluginManage:310 - Check plugin clock
2025-04-11 13:51:35,372 [INFO] PluginManage:359 - Loaded plugin clock (category:base,tabindex:2)
2025-04-11 13:51:35,372 [INFO] PluginManage:310 - Check plugin ddr
2025-04-11 13:51:35,374 [INFO] PluginManage:359 - Loaded plugin ddr (category:tool,tabindex:6)
2025-04-11 13:51:35,374 [INFO] PluginManage:310 - Check plugin filemanager
2025-04-11 13:51:35,507 [INFO] PluginManage:359 - Loaded plugin filemanager (category:base,tabindex:10)
2025-04-11 13:51:35,508 [INFO] PluginManage:310 - Check plugin ipmanager
2025-04-11 13:51:35,514 [INFO] PluginManage:359 - Loaded plugin ipmanager (category:base,tabindex:5)
2025-04-11 13:51:35,514 [INFO] PluginManage:310 - Check plugin lpbam
2025-04-11 13:51:35,532 [INFO] PluginManage:359 - Loaded plugin lpbam (category:base,tabindex:0)
2025-04-11 13:51:35,532 [INFO] PluginManage:310 - Check plugin memorymap
2025-04-11 13:51:35,555 [INFO] PluginManage:359 - Loaded plugin memorymap (category:base,tabindex:4)
2025-04-11 13:51:35,555 [INFO] PluginManage:310 - Check plugin pinoutandconfiguration
2025-04-11 13:51:35,574 [INFO] PluginManage:359 - Loaded plugin pinoutandconfiguration (category:base,tabindex:1)
2025-04-11 13:51:35,574 [INFO] PluginManage:310 - Check plugin pinoutconfig
2025-04-11 13:51:35,659 [WARN] SupportedApi:132 - Cannot load RTOS API schema: s4s-elt-must-match.1: The content of 'definitions' must match (annotation?, (simpleType | complexType)?, (unique | key | keyref)*)). A problem was found starting at: attribute.
2025-04-11 13:51:35,771 [INFO] PluginManage:359 - Loaded plugin pinoutconfig (category:base,tabindex:0)
2025-04-11 13:51:35,772 [INFO] PluginManage:310 - Check plugin power
2025-04-11 13:51:35,794 [INFO] PluginManage:359 - Loaded plugin power (category:power,tabindex:4)
2025-04-11 13:51:35,794 [INFO] PluginManage:310 - Check plugin projectmanager
2025-04-11 13:51:35,807 [INFO] PluginManage:359 - Loaded plugin projectmanager (category:projectmanager,tabindex:4)
2025-04-11 13:51:35,807 [INFO] PluginManage:310 - Check plugin rif
2025-04-11 13:51:35,826 [INFO] PluginManage:359 - Loaded plugin rif (category:base,tabindex:3)
2025-04-11 13:51:35,826 [INFO] PluginManage:310 - Check plugin thirdparty
2025-04-11 13:51:36,098 [INFO] PluginManage:359 - Loaded plugin thirdparty (category:base,tabindex:-1)
2025-04-11 13:51:36,098 [WARN] IntegrityCheckThread:84 - waiting for thirdparty lock release [integrity check]
2025-04-11 13:51:36,098 [INFO] PluginManage:310 - Check plugin tools
2025-04-11 13:51:36,099 [INFO] IntegrityCheckThread:86 - entering critical section [integrity check]
2025-04-11 13:51:36,099 [INFO] ThirdPartyUpdaterWithRetryManager:70 - Updater plugin not ready yet. [1/15]
2025-04-11 13:51:36,138 [INFO] PluginManage:359 - Loaded plugin tools (category:base,tabindex:7)
2025-04-11 13:51:36,139 [INFO] PluginManage:310 - Check plugin tutovideos
2025-04-11 13:51:36,312 [INFO] PluginManage:359 - Loaded plugin tutovideos (category:base,tabindex:-1)
2025-04-11 13:51:36,312 [INFO] PluginManage:310 - Check plugin updater
2025-04-11 13:51:36,333 [INFO] PluginManage:359 - Loaded plugin updater (category:base,tabindex:12)
2025-04-11 13:51:36,333 [INFO] PluginManage:310 - Check plugin userauth
2025-04-11 13:51:36,337 [INFO] UserAuth:118 - Init User Auth plugin
2025-04-11 13:51:36,338 [INFO] PluginManage:359 - Loaded plugin userauth (category:base,tabindex:14)
2025-04-11 13:51:36,338 [INFO] PluginManage:283 - PluginManage : Loaded plugins [18]
2025-04-11 13:51:36,537 [INFO] PinOutPanel:1589 - setPackage(No Configuration,No Configuration)
2025-04-11 13:51:36,609 [INFO] CADModel:165 - CPN selected for project level
2025-04-11 13:51:36,609 [INFO] CADModel:114 - Register for checkConnection events
2025-04-11 13:51:36,634 [INFO] IPUIPlugin:80 - create IPUIPlugin
2025-04-11 13:51:36,634 [INFO] PluginManager:220 - loadIPPluginJar : add adc
2025-04-11 13:51:36,671 [INFO] IPUIPlugin:80 - create IPUIPlugin
2025-04-11 13:51:36,671 [INFO] PluginManager:220 - loadIPPluginJar : add aes
2025-04-11 13:51:36,712 [INFO] IPUIPlugin:80 - create IPUIPlugin
2025-04-11 13:51:36,712 [INFO] PluginManager:220 - loadIPPluginJar : add can
2025-04-11 13:51:36,737 [INFO] IPUIPlugin:80 - create IPUIPlugin
2025-04-11 13:51:36,737 [INFO] PluginManager:220 - loadIPPluginJar : add comp
2025-04-11 13:51:36,770 [INFO] IPUIPlugin:80 - create IPUIPlugin
2025-04-11 13:51:36,770 [INFO] PluginManager:220 - loadIPPluginJar : add cryp
2025-04-11 13:51:36,784 [INFO] IPUIPlugin:80 - create IPUIPlugin
2025-04-11 13:51:36,785 [INFO] PluginManager:220 - loadIPPluginJar : add ddr_ctrl_phy
2025-04-11 13:51:36,814 [INFO] IPUIPlugin:80 - create IPUIPlugin
2025-04-11 13:51:36,814 [INFO] PluginManager:220 - loadIPPluginJar : add dfsdm
2025-04-11 13:51:36,827 [INFO] IPUIPlugin:80 - create IPUIPlugin
2025-04-11 13:51:36,828 [INFO] PluginManager:220 - loadIPPluginJar : add dma
2025-04-11 13:51:36,866 [INFO] IPUIPlugin:80 - create IPUIPlugin
2025-04-11 13:51:36,866 [INFO] PluginManager:220 - loadIPPluginJar : add dma3
2025-04-11 13:51:36,910 [INFO] IPUIPlugin:80 - create IPUIPlugin
2025-04-11 13:51:36,910 [INFO] PluginManager:220 - loadIPPluginJar : add extmemmanager
2025-04-11 13:51:36,931 [INFO] IPUIPlugin:80 - create IPUIPlugin
2025-04-11 13:51:36,931 [INFO] PluginManager:220 - loadIPPluginJar : add fatfs
2025-04-11 13:51:36,978 [INFO] IPUIPlugin:80 - create IPUIPlugin
2025-04-11 13:51:36,978 [INFO] PluginManager:220 - loadIPPluginJar : add fmc
2025-04-11 13:51:36,994 [INFO] IPUIPlugin:80 - create IPUIPlugin
2025-04-11 13:51:36,994 [INFO] PluginManager:220 - loadIPPluginJar : add freertos
2025-04-11 13:51:37,016 [INFO] IPUIPlugin:80 - create IPUIPlugin
2025-04-11 13:51:37,016 [INFO] PluginManager:220 - loadIPPluginJar : add genericplugin
2025-04-11 13:51:37,109 [INFO] IPUIPlugin:80 - create IPUIPlugin
2025-04-11 13:51:37,109 [INFO] PluginManager:220 - loadIPPluginJar : add gfxmmu
2025-04-11 13:51:37,242 [INFO] IPUIPlugin:80 - create IPUIPlugin
2025-04-11 13:51:37,243 [INFO] PluginManager:220 - loadIPPluginJar : add gic
2025-04-11 13:51:37,257 [INFO] IPUIPlugin:80 - create IPUIPlugin
2025-04-11 13:51:37,257 [INFO] PluginManager:220 - loadIPPluginJar : add gpio
2025-04-11 13:51:37,351 [INFO] IPUIPlugin:80 - create IPUIPlugin
2025-04-11 13:51:37,351 [INFO] PluginManager:220 - loadIPPluginJar : add gtzc
2025-04-11 13:51:37,384 [INFO] IPUIPlugin:80 - create IPUIPlugin
2025-04-11 13:51:37,384 [INFO] PluginManager:220 - loadIPPluginJar : add hash
2025-04-11 13:51:37,436 [INFO] IPUIPlugin:80 - create IPUIPlugin
2025-04-11 13:51:37,436 [INFO] PluginManager:220 - loadIPPluginJar : add i2c
2025-04-11 13:51:37,476 [INFO] IPUIPlugin:80 - create IPUIPlugin
2025-04-11 13:51:37,476 [INFO] PluginManager:220 - loadIPPluginJar : add i2s
2025-04-11 13:51:37,520 [INFO] IPUIPlugin:80 - create IPUIPlugin
2025-04-11 13:51:37,520 [INFO] PluginManager:220 - loadIPPluginJar : add i3c
2025-04-11 13:51:37,628 [INFO] IPUIPlugin:80 - create IPUIPlugin
2025-04-11 13:51:37,628 [INFO] PluginManager:220 - loadIPPluginJar : add ipddr
2025-04-11 13:51:37,734 [INFO] IPUIPlugin:80 - create IPUIPlugin
2025-04-11 13:51:37,734 [INFO] PluginManager:220 - loadIPPluginJar : add linkedlist
2025-04-11 13:51:37,776 [INFO] IPUIPlugin:80 - create IPUIPlugin
2025-04-11 13:51:37,776 [INFO] PluginManager:220 - loadIPPluginJar : add lorawan
2025-04-11 13:51:37,817 [INFO] IPUIPlugin:80 - create IPUIPlugin
2025-04-11 13:51:37,817 [INFO] PluginManager:220 - loadIPPluginJar : add ltdc
2025-04-11 13:51:37,833 [INFO] IPUIPlugin:80 - create IPUIPlugin
2025-04-11 13:51:37,833 [INFO] PluginManager:220 - loadIPPluginJar : add mdma
2025-04-11 13:51:37,846 [INFO] IPUIPlugin:80 - create IPUIPlugin
2025-04-11 13:51:37,846 [INFO] PluginManager:220 - loadIPPluginJar : add nvic
2025-04-11 13:51:37,885 [INFO] IPUIPlugin:80 - create IPUIPlugin
2025-04-11 13:51:37,885 [INFO] PluginManager:220 - loadIPPluginJar : add opamp
2025-04-11 13:51:37,948 [INFO] IPUIPlugin:80 - create IPUIPlugin
2025-04-11 13:51:37,948 [INFO] PluginManager:220 - loadIPPluginJar : add openamp
2025-04-11 13:51:37,994 [INFO] IPUIPlugin:80 - create IPUIPlugin
2025-04-11 13:51:37,994 [INFO] PluginManager:220 - loadIPPluginJar : add pdm2pcm
2025-04-11 13:51:38,009 [INFO] IPUIPlugin:80 - create IPUIPlugin
2025-04-11 13:51:38,011 [INFO] PluginManager:220 - loadIPPluginJar : add plateformsettings
2025-04-11 13:51:38,035 [INFO] IPUIPlugin:80 - create IPUIPlugin
2025-04-11 13:51:38,035 [INFO] PluginManager:220 - loadIPPluginJar : add quadspi
2025-04-11 13:51:38,062 [INFO] IPUIPlugin:80 - create IPUIPlugin
2025-04-11 13:51:38,062 [INFO] PluginManager:220 - loadIPPluginJar : add radio
2025-04-11 13:51:38,075 [INFO] IPUIPlugin:80 - create IPUIPlugin
2025-04-11 13:51:38,075 [INFO] PluginManager:220 - loadIPPluginJar : add resmgrutility
2025-04-11 13:51:38,123 [INFO] IPUIPlugin:80 - create IPUIPlugin
2025-04-11 13:51:38,123 [INFO] PluginManager:220 - loadIPPluginJar : add sai
2025-04-11 13:51:38,159 [INFO] IPUIPlugin:80 - create IPUIPlugin
2025-04-11 13:51:38,159 [INFO] PluginManager:220 - loadIPPluginJar : add spi
2025-04-11 13:51:38,239 [INFO] IPUIPlugin:80 - create IPUIPlugin
2025-04-11 13:51:38,239 [INFO] PluginManager:220 - loadIPPluginJar : add stm32_wpan
2025-04-11 13:51:38,264 [INFO] IPUIPlugin:80 - create IPUIPlugin
2025-04-11 13:51:38,264 [INFO] PluginManager:220 - loadIPPluginJar : add tim
2025-04-11 13:51:38,326 [INFO] IPUIPlugin:80 - create IPUIPlugin
2025-04-11 13:51:38,326 [INFO] PluginManager:220 - loadIPPluginJar : add touchsensing
2025-04-11 13:51:38,349 [INFO] IPUIPlugin:80 - create IPUIPlugin
2025-04-11 13:51:38,349 [INFO] PluginManager:220 - loadIPPluginJar : add tracer_emb
2025-04-11 13:51:38,374 [INFO] IPUIPlugin:80 - create IPUIPlugin
2025-04-11 13:51:38,375 [INFO] PluginManager:220 - loadIPPluginJar : add ts
2025-04-11 13:51:38,397 [INFO] IPUIPlugin:80 - create IPUIPlugin
2025-04-11 13:51:38,398 [INFO] PluginManager:220 - loadIPPluginJar : add tsc
2025-04-11 13:51:38,420 [INFO] IPUIPlugin:80 - create IPUIPlugin
2025-04-11 13:51:38,420 [INFO] PluginManager:220 - loadIPPluginJar : add ucpd
2025-04-11 13:51:38,465 [INFO] IPUIPlugin:80 - create IPUIPlugin
2025-04-11 13:51:38,465 [INFO] PluginManager:220 - loadIPPluginJar : add usart
2025-04-11 13:51:38,517 [INFO] IPUIPlugin:80 - create IPUIPlugin
2025-04-11 13:51:38,517 [INFO] PluginManager:220 - loadIPPluginJar : add usbx
2025-04-11 13:51:38,632 [FATAL] Updater:351 - Updater called before beeing initialized
2025-04-11 13:51:38,650 [INFO] RulesReader:64 - Compatibility file has been processed (301 Rules)
2025-04-11 13:51:38,658 [INFO] RulesReader:64 - Compatibility file has been processed (301 Rules)
2025-04-11 13:51:38,665 [INFO] CADModel:165 - CPN selected for project level
2025-04-11 13:51:38,665 [INFO] CADModel:114 - Register for checkConnection events
2025-04-11 13:51:38,665 [FATAL] Updater:351 - Updater called before beeing initialized
2025-04-11 13:51:38,665 [ERROR] CADModel:125 - Updater not yet initialized, retry later 
2025-04-11 13:51:38,797 [FATAL] Updater:351 - Updater called before beeing initialized
2025-04-11 13:51:38,799 [INFO] CADModel:165 - CPN selected for project level
2025-04-11 13:51:38,799 [INFO] CADModel:114 - Register for checkConnection events
2025-04-11 13:51:38,799 [FATAL] Updater:351 - Updater called before beeing initialized
2025-04-11 13:51:38,799 [ERROR] CADModel:125 - Updater not yet initialized, retry later 
2025-04-11 13:51:38,802 [FATAL] Updater:351 - Updater called before beeing initialized
2025-04-11 13:51:38,889 [FATAL] Updater:351 - Updater called before beeing initialized
2025-04-11 13:51:38,899 [INFO] DbMcusAds:53 - JSON generation date=Thu Mar 06 15:54:21 CET 2025 (1741272861825)
2025-04-11 13:51:38,899 [FATAL] Updater:351 - Updater called before beeing initialized
2025-04-11 13:51:38,940 [WARN] DetailPanel:346 - Failed to get advertising image, set to default
2025-04-11 13:51:39,099 [INFO] ThirdPartyUpdaterWithRetryManager:70 - Updater plugin not ready yet. [2/15]
2025-04-11 13:51:39,205 [FATAL] Updater:351 - Updater called before beeing initialized
2025-04-11 13:51:39,206 [FATAL] Updater:351 - Updater called before beeing initialized
2025-04-11 13:51:39,206 [FATAL] Updater:351 - Updater called before beeing initialized
2025-04-11 13:51:39,207 [WARN] DetailPanel:346 - Failed to get advertising image, set to default
2025-04-11 13:51:39,207 [FATAL] Updater:351 - Updater called before beeing initialized
2025-04-11 13:51:39,255 [ERROR] Updater:1198 - MainUpdater not yet initialized. External WinMGr cannot be set.
2025-04-11 13:51:39,265 [INFO] Updater:1134 - Updater Version found : 6.14.0
2025-04-11 13:51:39,283 [INFO] ApplicationProperties:184 - Using Application install path: C:\ST\STM32CubeIDE_1.18.0\STM32CubeIDE\plugins\com.st.stm32cube.common.mx_6.14.0.202502271554
2025-04-11 13:51:40,855 [ERROR] LogOutputStream:75 - [STDERR_REDIRECT] Apr 11, 2025 1:51:40 PM java.util.prefs.WindowsPreferences <init>
2025-04-11 13:51:40,856 [ERROR] LogOutputStream:75 - [STDERR_REDIRECT] WARNING: Could not open/create prefs root node Software\JavaSoft\Prefs at root 0xffffffff80000002. Windows RegCreateKeyEx(...) returned error code 5.
2025-04-11 13:51:40,857 [ERROR] LogOutputStream:75 - [STDERR_REDIRECT] 
2025-04-11 13:51:41,094 [INFO] MainUpdater:2872 - connection check result : 10
2025-04-11 13:51:41,094 [INFO] MainUpdater:3566 - Updater definition file requires update
2025-04-11 13:51:41,095 [INFO] MainUpdater:289 - Updater Check For Update Now.
2025-04-11 13:51:41,095 [INFO] MicroXplorer:498 - Change Database Version : DB.6.0.140
2025-04-11 13:51:41,111 [INFO] McuFinderGlobals:63 - Set McuFinder mode to 2 (CubeIDE integrated)
2025-04-11 13:51:41,117 [INFO] UserAuth:486 - Internet connection configuration mode: 1
2025-04-11 13:51:41,143 [INFO] JxBrowserEngine:152 - Initiate JxBrowser Engine with user profile folder
2025-04-11 13:51:41,154 [INFO] ServerAccessManage:473 - Download File updaters.zip
2025-04-11 13:51:41,222 [INFO] FileExtend:242 - Unzip File : updaters.zip
2025-04-11 13:51:41,223 [INFO] FileExtend:257 - Standard Zip Deflate
2025-04-11 13:51:41,951 [INFO] ServerAccessManage:473 - Download File PacksControlFlags.xml
2025-04-11 13:51:42,066 [INFO] ServerAccessManage:473 - Download File cubemx.pidx
2025-04-11 13:51:42,100 [WARN] MainUpdater:1193 - Updater busy. Cannot search thirdparties
2025-04-11 13:51:42,100 [INFO] ThirdPartyUpdaterWithRetryManager:96 - Updater plugin is busy. [1/15]
2025-04-11 13:51:42,221 [INFO] LoadServerUpdatesThread:375 - End of LoadServerUpdate Thread
2025-04-11 13:51:42,439 [INFO] CheckServerUpdateThread:120 - End of CheckServer Thread
2025-04-11 13:51:45,171 [INFO] WebApp:169 - Instantiating new browser for Auth
2025-04-11 13:51:45,556 [WARN] PackLoader:240 - Cannot read IP mode file for STMicroelectronics.FP-SNS-MOTENVWB1.1.4.0
2025-04-11 13:51:45,577 [WARN] PackLoader:240 - Cannot read IP mode file for STMicroelectronics.FP-ATR-ASTRA1.2.0.2
2025-04-11 13:51:45,596 [WARN] PackLoader:240 - Cannot read IP mode file for STMicroelectronics.X-CUBE-SMBUS.2.1.0
2025-04-11 13:51:45,615 [WARN] PackLoader:240 - Cannot read IP mode file for STMicroelectronics.X-CUBE-WB05N.1.1.0
2025-04-11 13:51:45,657 [WARN] PackLoader:240 - Cannot read IP mode file for STMicroelectronics.X-CUBE-AZRTOS-F7.1.1.0
2025-04-11 13:51:45,673 [WARN] PackLoader:240 - Cannot read IP mode file for STMicroelectronics.FP-SNS-FLIGHT1.5.0.2
2025-04-11 13:51:45,716 [WARN] PackLoader:240 - Cannot read IP mode file for Infineon.AIROC-Wi-Fi-Bluetooth-STM32.1.7.0
2025-04-11 13:51:45,742 [WARN] PackLoader:240 - Cannot read IP mode file for STMicroelectronics.X-CUBE-DISPLAY.3.0.0
2025-04-11 13:51:45,761 [WARN] PackLoader:240 - Cannot read IP mode file for STMicroelectronics.X-CUBE-NFC10.1.0.0
2025-04-11 13:51:45,784 [WARN] PackLoader:240 - Cannot read IP mode file for STMicroelectronics.X-CUBE-BLEMGR.4.0.0
2025-04-11 13:51:45,804 [WARN] PackLoader:240 - Cannot read IP mode file for emotas.I-CUBE-CANOPEN.1.3.0
2025-04-11 13:51:45,819 [WARN] ConditionMgr:438 - getConditionDescription Invalid condition id : Cortex-A Device cause : null
2025-04-11 13:51:45,841 [WARN] ConditionMgr:1044 - genDependencies : Invalid condition id : Cortex-A Device cause : null
2025-04-11 13:51:45,842 [WARN] ConditionMgr:1044 - genDependencies : Invalid condition id : Cortex-A Device cause : null
2025-04-11 13:51:45,842 [WARN] ConditionMgr:1044 - genDependencies : Invalid condition id : Cortex-A Device cause : null
2025-04-11 13:51:45,854 [WARN] PackLoader:240 - Cannot read IP mode file for STMicroelectronics.X-CUBE-AI.10.0.0
2025-04-11 13:51:45,871 [WARN] PackLoader:240 - Cannot read IP mode file for STMicroelectronics.FP-SNS-SMARTAG2.1.2.0
2025-04-11 13:51:45,886 [WARN] PackLoader:240 - Cannot read IP mode file for STMicroelectronics.FP-SNS-FLIGHT1.5.1.0
2025-04-11 13:51:45,943 [WARN] PackLoader:240 - Cannot read IP mode file for STMicroelectronics.X-CUBE-MEMS1.11.1.0
2025-04-11 13:51:46,064 [INFO] LogOutputStream:77 - [STDOUT_REDIRECT] 1 : Invalid condition id : UX_CORESTACK_Condition cause : null
2025-04-11 13:51:46,065 [INFO] LogOutputStream:77 - [STDOUT_REDIRECT] 1 : Invalid condition id : UX_CORESTACK_Condition cause : null
2025-04-11 13:51:46,066 [INFO] LogOutputStream:77 - [STDOUT_REDIRECT] 1 : Invalid condition id : UX_CORESTACK_Condition cause : null
2025-04-11 13:51:46,067 [INFO] LogOutputStream:77 - [STDOUT_REDIRECT] 1 : Invalid condition id : UX_CORESTACK_Condition cause : null
2025-04-11 13:51:46,068 [INFO] LogOutputStream:77 - [STDOUT_REDIRECT] 1 : Invalid condition id : UX_CORESTACK_Condition cause : null
2025-04-11 13:51:46,070 [WARN] PackLoader:240 - Cannot read IP mode file for STMicroelectronics.X-CUBE-AZRTOS-WL.2.0.0
2025-04-11 13:51:46,091 [WARN] PackLoader:240 - Cannot read IP mode file for STMicroelectronics.FP-SNS-MOTENV1.5.0.0
2025-04-11 13:51:46,110 [WARN] PackLoader:240 - Cannot read IP mode file for WES.I-CUBE-Cesium.1.3.0
2025-04-11 13:51:46,132 [WARN] PackLoader:240 - Cannot read IP mode file for STMicroelectronics.X-CUBE-BLE2.3.3.0
2025-04-11 13:51:46,156 [WARN] PackLoader:240 - Cannot read IP mode file for STMicroelectronics.X-CUBE-NFC9.1.0.0
2025-04-11 13:51:46,173 [WARN] PackLoader:240 - Cannot read IP mode file for STMicroelectronics.X-CUBE-BLE1.7.1.0
2025-04-11 13:51:46,189 [WARN] PackLoader:240 - Cannot read IP mode file for wolfSSL.I-CUBE-wolfMQTT.1.19.2
2025-04-11 13:51:46,214 [INFO] WebApp:463 - Apply proxy settings
2025-04-11 13:51:46,214 [INFO] WebApp:548 - Chromium requires no authentication
2025-04-11 13:51:46,229 [WARN] PackLoader:240 - Cannot read IP mode file for STMicroelectronics.X-CUBE-AZRTOS-G0.1.1.0
2025-04-11 13:51:46,237 [INFO] WebApp:491 - Direct internet connection detected
2025-04-11 13:51:46,254 [WARN] PackLoader:240 - Cannot read IP mode file for STMicroelectronics.X-CUBE-SAFEA1.1.2.2
2025-04-11 13:51:46,274 [WARN] PackLoader:240 - Cannot read IP mode file for STMicroelectronics.X-CUBE-NFC4.3.0.0
2025-04-11 13:51:46,295 [WARN] PackLoader:240 - Cannot read IP mode file for EmbeddedOffice.I-CUBE-FS-RTOS.1.0.1
2025-04-11 13:51:46,298 [INFO] WebApp:894 - Register for checkConnection events
2025-04-11 13:51:46,299 [INFO] WebApp:463 - Apply proxy settings
2025-04-11 13:51:46,299 [INFO] WebApp:548 - Chromium requires no authentication
2025-04-11 13:51:46,299 [INFO] WebApp:491 - Direct internet connection detected
2025-04-11 13:51:46,309 [WARN] PackLoader:240 - Cannot read IP mode file for wolfSSL.I-CUBE-wolfTPM.3.8.0
2025-04-11 13:51:46,326 [WARN] PackLoader:240 - Cannot read IP mode file for STMicroelectronics.X-CUBE-TCPP.4.2.0
2025-04-11 13:51:46,341 [WARN] PackLoader:240 - Cannot read IP mode file for RealThread.X-CUBE-RT-Thread_Nano.4.1.1
2025-04-11 13:51:46,357 [WARN] PackLoader:240 - Cannot read IP mode file for STMicroelectronics.FP-ATR-SIGFOX1.3.2.0
2025-04-11 13:51:46,374 [WARN] PackLoader:240 - Cannot read IP mode file for STMicroelectronics.X-CUBE-EEPRMA1.5.1.0
2025-04-11 13:51:46,392 [WARN] PackLoader:240 - Cannot read IP mode file for wolfSSL.I-CUBE-wolfSSL.5.7.6
2025-04-11 13:51:46,413 [WARN] PackLoader:240 - Cannot read IP mode file for ITTIA_DB.I-CUBE-ITTIADB.8.9.0
2025-04-11 13:51:46,452 [WARN] PackLoader:240 - Cannot read IP mode file for SEGGER.I-CUBE-embOS.1.3.1
2025-04-11 13:51:46,506 [WARN] PackLoader:240 - Cannot read IP mode file for STMicroelectronics.X-CUBE-ALGOBUILD.1.4.0
2025-04-11 13:51:46,533 [INFO] WebApp:191 - Connection restablished
2025-04-11 13:51:46,567 [WARN] PackLoader:240 - Cannot read IP mode file for STMicroelectronics.X-CUBE-AZRTOS-F4.1.1.0
2025-04-11 13:51:46,591 [WARN] PackLoader:240 - Cannot read IP mode file for STMicroelectronics.X-CUBE-ISPU.2.1.0
2025-04-11 13:51:46,636 [WARN] PackLoader:240 - Cannot read IP mode file for STMicroelectronics.X-CUBE-AZRTOS-L5.2.0.0
2025-04-11 13:51:46,660 [WARN] PackLoader:240 - Cannot read IP mode file for STMicroelectronics.X-CUBE-NFC6.3.1.0
2025-04-11 13:51:46,678 [WARN] PackLoader:240 - Cannot read IP mode file for STMicroelectronics.X-CUBE-DPower.1.2.0
2025-04-11 13:51:46,694 [INFO] WebApp:225 - Starting web application
2025-04-11 13:51:46,694 [INFO] WebApp:593 - Web application path used C:\ST\STM32CubeIDE_1.18.0\STM32CubeIDE\plugins\com.st.stm32cube.common.mx_6.14.0.202502271554\db\plugins\mcufinder\reactClient1\index.html
2025-04-11 13:51:46,698 [WARN] PackLoader:240 - Cannot read IP mode file for STMicroelectronics.X-CUBE-FREERTOS.1.3.0
2025-04-11 13:51:46,720 [WARN] PackLoader:240 - Cannot read IP mode file for STMicroelectronics.X-CUBE-NFC7.1.0.1
2025-04-11 13:51:46,745 [WARN] PackLoader:240 - Cannot read IP mode file for STMicroelectronics.X-CUBE-DPower.1.3.0
2025-04-11 13:51:46,805 [WARN] ConditionMgr:438 - getConditionDescription Invalid condition id : LAN8742 Phy interface Condition cause : null
2025-04-11 13:51:46,806 [WARN] PackLoader:240 - Cannot read IP mode file for STMicroelectronics.X-CUBE-AZRTOS-L4.2.0.0
2025-04-11 13:51:46,807 [WARN] ConditionMgr:1044 - genDependencies : Invalid condition id : LAN8742 Phy interface Condition cause : null
2025-04-11 13:51:46,808 [WARN] ConditionMgr:1044 - genDependencies : Invalid condition id : LAN8742 Phy interface Condition cause : null
2025-04-11 13:51:46,808 [WARN] ConditionMgr:1044 - genDependencies : Invalid condition id : LAN8742 Phy interface Condition cause : null
2025-04-11 13:51:46,826 [WARN] PackLoader:240 - Cannot read IP mode file for STMicroelectronics.X-CUBE-SFXS2LP1.4.0.0
2025-04-11 13:51:46,872 [WARN] PackLoader:240 - Cannot read IP mode file for STMicroelectronics.X-CUBE-AZRTOS-H7.3.3.0
2025-04-11 13:51:46,888 [INFO] UserAuth:486 - Internet connection configuration mode: 1
2025-04-11 13:51:46,915 [WARN] ConditionMgr:438 - getConditionDescription Invalid condition id : UX DEVICE CLASS RTOS Condition cause : null
2025-04-11 13:51:46,916 [WARN] ConditionMgr:438 - getConditionDescription Invalid condition id : UX DEVICE CLASS RTOS Condition cause : null
2025-04-11 13:51:46,917 [WARN] PackLoader:240 - Cannot read IP mode file for STMicroelectronics.X-CUBE-AZRTOS-WB.2.0.0
2025-04-11 13:51:46,918 [WARN] ConditionMgr:1044 - genDependencies : Invalid condition id : UX DEVICE CLASS RTOS Condition cause : null
2025-04-11 13:51:46,918 [WARN] ConditionMgr:1044 - genDependencies : Invalid condition id : UX DEVICE CLASS RTOS Condition cause : null
2025-04-11 13:51:46,918 [WARN] ConditionMgr:1044 - genDependencies : Invalid condition id : UX DEVICE CLASS RTOS Condition cause : null
2025-04-11 13:51:46,919 [WARN] ConditionMgr:1044 - genDependencies : Invalid condition id : UX DEVICE CLASS RTOS Condition cause : null
2025-04-11 13:51:46,919 [WARN] ConditionMgr:1044 - genDependencies : Invalid condition id : UX DEVICE CLASS RTOS Condition cause : null
2025-04-11 13:51:46,934 [WARN] PackLoader:240 - Cannot read IP mode file for STMicroelectronics.X-CUBE-GNSS1.7.0.1
2025-04-11 13:51:46,948 [WARN] PackLoader:240 - Cannot read IP mode file for STMicroelectronics.X-CUBE-TOUCHGFX.4.25.0
2025-04-11 13:51:46,967 [WARN] PackLoader:240 - Cannot read IP mode file for STMicroelectronics.FP-SNS-STBOX1.2.0.0
2025-04-11 13:51:46,991 [WARN] PackLoader:240 - Cannot read IP mode file for STMicroelectronics.X-CUBE-SUBG2.5.0.0
2025-04-11 13:51:47,040 [WARN] PackLoader:240 - Cannot read IP mode file for STMicroelectronics.X-CUBE-AZRTOS-H7RS.1.1.0
2025-04-11 13:51:47,059 [WARN] PackLoader:240 - Cannot read IP mode file for Cesanta.I-CUBE-Mongoose.7.13.0
2025-04-11 13:51:47,091 [WARN] PackLoader:240 - Cannot read IP mode file for STMicroelectronics.X-CUBE-AZRTOS-G4.2.0.0
2025-04-11 13:51:47,105 [WARN] PackLoader:240 - Cannot read IP mode file for wolfSSL.I-CUBE-wolfSSH.1.4.20
2025-04-11 13:51:47,130 [WARN] PackLoader:240 - Cannot read IP mode file for STMicroelectronics.X-CUBE-IPS.3.1.0
2025-04-11 13:51:47,151 [WARN] PackLoader:240 - Cannot read IP mode file for STMicroelectronics.X-CUBE-ALS.1.0.2
2025-04-11 13:51:47,165 [WARN] PackLoader:240 - Cannot read IP mode file for STMicroelectronics.X-CUBE-TOUCHGFX.4.24.2
2025-04-11 13:51:47,181 [WARN] PackLoader:240 - Cannot read IP mode file for portGmbH.I-Cube-SoM-uGOAL.1.1.0
2025-04-11 13:51:47,227 [WARN] PackLoader:240 - Cannot read IP mode file for STMicroelectronics.X-CUBE-AZRTOS-H7RS.1.0.0
2025-04-11 13:51:47,253 [WARN] PackLoader:240 - Cannot read IP mode file for STMicroelectronics.X-CUBE-TOF1.3.4.2
2025-04-11 13:51:47,263 [INFO] ThirdParty:978 - Integrity check success = true
2025-04-11 13:51:47,263 [INFO] IntegrityCheckThread:100 - exiting critical section [integrity check]
2025-04-11 13:51:47,263 [INFO] IntegrityCheckThread:103 - End integrity checks thread
2025-04-11 16:30:43,415 [INFO] WebApp:194 - Connection lost
2025-04-11 16:30:49,878 [INFO] WebApp:191 - Connection restablished
2025-04-11 16:30:53,482 [INFO] WebApp:194 - Connection lost
2025-04-11 16:30:53,587 [INFO] WebApp:191 - Connection restablished
2025-04-11 17:06:27,448 [ERROR] LogOutputStream:75 - [STDERR_REDIRECT] 
2025-04-11 17:06:27,449 [ERROR] LogOutputStream:75 - [STDERR_REDIRECT] 
