2025-03-06 11:56:39,066 [INFO] Activator:176 - 


2025-03-06 11:56:39,067 [INFO] Activator:177 - !SESSION log4j initialized
2025-03-06 11:56:42,946 [INFO] LogOutputStream:77 - [STDOUT_REDIRECT] 
2025-03-06 11:56:50,527 [INFO] ApplicationProperties:184 - Using Application install path: C:\ST\STM32CubeIDE_1.18.0\STM32CubeIDE\plugins\com.st.stm32cube.common.mx_6.14.0.202502271554
2025-03-06 11:56:50,549 [INFO] DbMcusXml:78 - Set database path to: C:\ST\STM32CubeIDE_1.18.0\STM32CubeIDE\plugins\com.st.stm32cube.common.mx_6.14.0.202502271554\\db\/mcu/
2025-03-06 11:56:50,549 [INFO] ApiDb:274 - Set plugin database path to: C:\ST\STM32CubeIDE_1.18.0\STM32CubeIDE\plugins\com.st.stm32cube.common.mx_6.14.0.202502271554\\db\/plugins/boardmanager/
2025-03-06 11:56:50,550 [WARN] ApiDb:259 - Overriding images path with different value:  => C:\ST\STM32CubeIDE_1.18.0\STM32CubeIDE\plugins\com.st.stm32cube.common.mx_6.14.0.202502271554\\db\/plugins/mcufinder/images/
2025-03-06 11:56:52,636 [WARN] ApiFinderProperties:113 - C:\Users\marcv\.stmcufinder\plugins\mcufinder\mcu\mcuFinder.mfd doesn't exist
2025-03-06 11:56:52,636 [INFO] ApiDb:250 - Set database path to: C:\Users\marcv\.stmcufinder\plugins\mcufinder//mcu/
2025-03-06 11:56:52,637 [INFO] DbMcusAds:125 - Set database path to: C:\Users\marcv\.stmcufinder\plugins\mcufinder//mcu/
2025-03-06 11:56:52,640 [INFO] CrossReferenceDbSqlite:203 - Set database path to: C:\Users\marcv\.stmcufinder\plugins\mcufinder//mcu/cs/
2025-03-06 11:56:52,752 [INFO] RulesReader:64 - Compatibility file has been processed (301 Rules)
2025-03-06 11:56:52,817 [INFO] DbMcusXml:78 - Set database path to: C:\ST\STM32CubeIDE_1.18.0\STM32CubeIDE\plugins\com.st.stm32cube.common.mx_6.14.0.202502271554\\db\/mcu/
2025-03-06 11:56:52,817 [INFO] ApiDb:274 - Set plugin database path to: C:\ST\STM32CubeIDE_1.18.0\STM32CubeIDE\plugins\com.st.stm32cube.common.mx_6.14.0.202502271554\\db\/plugins/boardmanager/
2025-03-06 11:56:52,817 [INFO] ApiDb:261 - Set plugin images path to: C:\ST\STM32CubeIDE_1.18.0\STM32CubeIDE\plugins\com.st.stm32cube.common.mx_6.14.0.202502271554\\db\/plugins/mcufinder/images/
2025-03-06 11:56:52,817 [WARN] DbFile:41 - Overriding database path with different value: C:\Users\marcv\.stmcufinder\plugins\mcufinder/ => C:\Users\marcv\.stmcufinder\plugins\mcufinder
2025-03-06 11:56:52,817 [INFO] ApiDb:250 - Set database path to: C:\Users\marcv\.stmcufinder\plugins\mcufinder//mcu/
2025-03-06 11:56:52,817 [WARN] DbFile:41 - Overriding database path with different value: C:\Users\marcv\.stmcufinder\plugins\mcufinder/ => C:\Users\marcv\.stmcufinder\plugins\mcufinder
2025-03-06 11:56:52,817 [INFO] DbMcusAds:125 - Set database path to: C:\Users\marcv\.stmcufinder\plugins\mcufinder//mcu/
2025-03-06 11:56:52,817 [WARN] DbFile:41 - Overriding database path with different value: C:\Users\marcv\.stmcufinder\plugins\mcufinder/ => C:\Users\marcv\.stmcufinder\plugins\mcufinder
2025-03-06 11:56:52,817 [WARN] DbFile:41 - Overriding database path with different value: C:\Users\marcv\.stmcufinder\plugins\mcufinder/ => C:\Users\marcv\.stmcufinder\plugins\mcufinder
2025-03-06 11:56:52,818 [INFO] CrossReferenceDbSqlite:203 - Set database path to: C:\Users\marcv\.stmcufinder\plugins\mcufinder//mcu/cs/
2025-03-06 11:56:52,881 [INFO] MainPanel:272 - HeapMemory: 268435456
2025-03-06 11:56:52,949 [INFO] DbMcusXml:78 - Set database path to: C:\ST\STM32CubeIDE_1.18.0\STM32CubeIDE\plugins\com.st.stm32cube.common.mx_6.14.0.202502271554\\db\/mcu/
2025-03-06 11:56:52,949 [INFO] ApiDb:274 - Set plugin database path to: C:\ST\STM32CubeIDE_1.18.0\STM32CubeIDE\plugins\com.st.stm32cube.common.mx_6.14.0.202502271554\\db\/plugins/boardmanager/
2025-03-06 11:56:52,950 [INFO] ApiDb:261 - Set plugin images path to: C:\ST\STM32CubeIDE_1.18.0\STM32CubeIDE\plugins\com.st.stm32cube.common.mx_6.14.0.202502271554\\db\/plugins/mcufinder/images/
2025-03-06 11:56:52,950 [WARN] DbFile:41 - Overriding database path with different value: C:\Users\marcv\.stmcufinder\plugins\mcufinder/ => C:\Users\marcv\.stmcufinder\plugins\mcufinder
2025-03-06 11:56:52,950 [INFO] ApiDb:250 - Set database path to: C:\Users\marcv\.stmcufinder\plugins\mcufinder//mcu/
2025-03-06 11:56:52,950 [WARN] DbFile:41 - Overriding database path with different value: C:\Users\marcv\.stmcufinder\plugins\mcufinder/ => C:\Users\marcv\.stmcufinder\plugins\mcufinder
2025-03-06 11:56:52,950 [INFO] DbMcusAds:125 - Set database path to: C:\Users\marcv\.stmcufinder\plugins\mcufinder//mcu/
2025-03-06 11:56:52,950 [WARN] DbFile:41 - Overriding database path with different value: C:\Users\marcv\.stmcufinder\plugins\mcufinder/ => C:\Users\marcv\.stmcufinder\plugins\mcufinder
2025-03-06 11:56:52,950 [WARN] DbFile:41 - Overriding database path with different value: C:\Users\marcv\.stmcufinder\plugins\mcufinder/ => C:\Users\marcv\.stmcufinder\plugins\mcufinder
2025-03-06 11:56:52,950 [INFO] CrossReferenceDbSqlite:203 - Set database path to: C:\Users\marcv\.stmcufinder\plugins\mcufinder//mcu/cs/
2025-03-06 11:56:52,965 [INFO] ApplicationProperties:184 - Using Application install path: C:\ST\STM32CubeIDE_1.18.0\STM32CubeIDE\plugins\com.st.stm32cube.common.mx_6.14.0.202502271554
2025-03-06 11:56:52,967 [INFO] PluginManage:196 - Search for loadable plugins [exclusion list=, ]
2025-03-06 11:56:52,968 [INFO] PluginManage:310 - Check plugin analytics
2025-03-06 11:56:57,837 [INFO] AnalyticsPlugin:253 - Accepted Software Licenses: 
2025-03-06 11:56:57,837 [INFO] AnalyticsPlugin:255 - Accepted CMSIS Pack Licenses: 
2025-03-06 11:56:57,837 [INFO] AnalyticsPlugin:257 - Accepted Firmware Licenses: 
2025-03-06 11:56:57,839 [INFO] PluginManage:359 - Loaded plugin analytics (category:tool,tabindex:-1)
2025-03-06 11:56:57,840 [INFO] PluginManage:310 - Check plugin cadmodel
2025-03-06 11:56:57,870 [INFO] CADModel:105 - Init CAD model plugin
2025-03-06 11:56:57,870 [INFO] PluginManage:359 - Loaded plugin cadmodel (category:power,tabindex:5)
2025-03-06 11:56:57,870 [INFO] PluginManage:310 - Check plugin clock
2025-03-06 11:56:57,914 [INFO] PluginManage:359 - Loaded plugin clock (category:base,tabindex:2)
2025-03-06 11:56:57,914 [INFO] PluginManage:310 - Check plugin ddr
2025-03-06 11:56:57,919 [INFO] PluginManage:359 - Loaded plugin ddr (category:tool,tabindex:6)
2025-03-06 11:56:57,919 [INFO] PluginManage:310 - Check plugin filemanager
2025-03-06 11:56:58,102 [INFO] PluginManage:359 - Loaded plugin filemanager (category:base,tabindex:10)
2025-03-06 11:56:58,103 [INFO] PluginManage:310 - Check plugin ipmanager
2025-03-06 11:56:58,113 [INFO] PluginManage:359 - Loaded plugin ipmanager (category:base,tabindex:5)
2025-03-06 11:56:58,113 [INFO] PluginManage:310 - Check plugin lpbam
2025-03-06 11:56:58,143 [INFO] PluginManage:359 - Loaded plugin lpbam (category:base,tabindex:0)
2025-03-06 11:56:58,143 [INFO] PluginManage:310 - Check plugin memorymap
2025-03-06 11:56:58,178 [INFO] PluginManage:359 - Loaded plugin memorymap (category:base,tabindex:4)
2025-03-06 11:56:58,178 [INFO] PluginManage:310 - Check plugin pinoutandconfiguration
2025-03-06 11:56:58,203 [INFO] PluginManage:359 - Loaded plugin pinoutandconfiguration (category:base,tabindex:1)
2025-03-06 11:56:58,203 [INFO] PluginManage:310 - Check plugin pinoutconfig
2025-03-06 11:56:58,310 [WARN] SupportedApi:132 - Cannot load RTOS API schema: s4s-elt-must-match.1: The content of 'definitions' must match (annotation?, (simpleType | complexType)?, (unique | key | keyref)*)). A problem was found starting at: attribute.
2025-03-06 11:56:58,434 [INFO] PluginManage:359 - Loaded plugin pinoutconfig (category:base,tabindex:0)
2025-03-06 11:56:58,434 [INFO] PluginManage:310 - Check plugin power
2025-03-06 11:56:58,459 [INFO] PluginManage:359 - Loaded plugin power (category:power,tabindex:4)
2025-03-06 11:56:58,459 [INFO] PluginManage:310 - Check plugin projectmanager
2025-03-06 11:56:58,472 [INFO] PluginManage:359 - Loaded plugin projectmanager (category:projectmanager,tabindex:4)
2025-03-06 11:56:58,472 [INFO] PluginManage:310 - Check plugin rif
2025-03-06 11:56:58,492 [INFO] PluginManage:359 - Loaded plugin rif (category:base,tabindex:3)
2025-03-06 11:56:58,492 [INFO] PluginManage:310 - Check plugin thirdparty
2025-03-06 11:56:58,804 [INFO] PluginManage:359 - Loaded plugin thirdparty (category:base,tabindex:-1)
2025-03-06 11:56:58,804 [INFO] PluginManage:310 - Check plugin tools
2025-03-06 11:56:58,804 [WARN] IntegrityCheckThread:84 - waiting for thirdparty lock release [integrity check]
2025-03-06 11:56:58,805 [INFO] IntegrityCheckThread:86 - entering critical section [integrity check]
2025-03-06 11:56:58,805 [INFO] ThirdPartyUpdaterWithRetryManager:70 - Updater plugin not ready yet. [1/15]
2025-03-06 11:56:58,856 [INFO] PluginManage:359 - Loaded plugin tools (category:base,tabindex:7)
2025-03-06 11:56:58,856 [INFO] PluginManage:310 - Check plugin tutovideos
2025-03-06 11:56:59,110 [INFO] PluginManage:359 - Loaded plugin tutovideos (category:base,tabindex:-1)
2025-03-06 11:56:59,110 [INFO] PluginManage:310 - Check plugin updater
2025-03-06 11:56:59,131 [INFO] PluginManage:359 - Loaded plugin updater (category:base,tabindex:12)
2025-03-06 11:56:59,131 [INFO] PluginManage:310 - Check plugin userauth
2025-03-06 11:56:59,136 [INFO] UserAuth:118 - Init User Auth plugin
2025-03-06 11:56:59,137 [INFO] PluginManage:359 - Loaded plugin userauth (category:base,tabindex:14)
2025-03-06 11:56:59,137 [INFO] PluginManage:283 - PluginManage : Loaded plugins [18]
2025-03-06 11:56:59,331 [INFO] PinOutPanel:1589 - setPackage(No Configuration,No Configuration)
2025-03-06 11:56:59,422 [INFO] CADModel:165 - CPN selected for project level
2025-03-06 11:56:59,422 [INFO] CADModel:114 - Register for checkConnection events
2025-03-06 11:56:59,457 [INFO] IPUIPlugin:80 - create IPUIPlugin
2025-03-06 11:56:59,458 [INFO] PluginManager:220 - loadIPPluginJar : add adc
2025-03-06 11:56:59,517 [INFO] IPUIPlugin:80 - create IPUIPlugin
2025-03-06 11:56:59,517 [INFO] PluginManager:220 - loadIPPluginJar : add aes
2025-03-06 11:56:59,575 [INFO] IPUIPlugin:80 - create IPUIPlugin
2025-03-06 11:56:59,575 [INFO] PluginManager:220 - loadIPPluginJar : add can
2025-03-06 11:56:59,615 [INFO] IPUIPlugin:80 - create IPUIPlugin
2025-03-06 11:56:59,615 [INFO] PluginManager:220 - loadIPPluginJar : add comp
2025-03-06 11:56:59,669 [INFO] IPUIPlugin:80 - create IPUIPlugin
2025-03-06 11:56:59,669 [INFO] PluginManager:220 - loadIPPluginJar : add cryp
2025-03-06 11:56:59,689 [INFO] IPUIPlugin:80 - create IPUIPlugin
2025-03-06 11:56:59,689 [INFO] PluginManager:220 - loadIPPluginJar : add ddr_ctrl_phy
2025-03-06 11:56:59,734 [INFO] IPUIPlugin:80 - create IPUIPlugin
2025-03-06 11:56:59,734 [INFO] PluginManager:220 - loadIPPluginJar : add dfsdm
2025-03-06 11:56:59,759 [INFO] IPUIPlugin:80 - create IPUIPlugin
2025-03-06 11:56:59,759 [INFO] PluginManager:220 - loadIPPluginJar : add dma
2025-03-06 11:56:59,819 [INFO] IPUIPlugin:80 - create IPUIPlugin
2025-03-06 11:56:59,820 [INFO] PluginManager:220 - loadIPPluginJar : add dma3
2025-03-06 11:56:59,878 [INFO] IPUIPlugin:80 - create IPUIPlugin
2025-03-06 11:56:59,878 [INFO] PluginManager:220 - loadIPPluginJar : add extmemmanager
2025-03-06 11:56:59,906 [INFO] IPUIPlugin:80 - create IPUIPlugin
2025-03-06 11:56:59,907 [INFO] PluginManager:220 - loadIPPluginJar : add fatfs
2025-03-06 11:56:59,965 [INFO] IPUIPlugin:80 - create IPUIPlugin
2025-03-06 11:56:59,965 [INFO] PluginManager:220 - loadIPPluginJar : add fmc
2025-03-06 11:56:59,986 [INFO] IPUIPlugin:80 - create IPUIPlugin
2025-03-06 11:56:59,986 [INFO] PluginManager:220 - loadIPPluginJar : add freertos
2025-03-06 11:57:00,018 [INFO] IPUIPlugin:80 - create IPUIPlugin
2025-03-06 11:57:00,018 [INFO] PluginManager:220 - loadIPPluginJar : add genericplugin
2025-03-06 11:57:00,158 [INFO] IPUIPlugin:80 - create IPUIPlugin
2025-03-06 11:57:00,158 [INFO] PluginManager:220 - loadIPPluginJar : add gfxmmu
2025-03-06 11:57:00,334 [INFO] IPUIPlugin:80 - create IPUIPlugin
2025-03-06 11:57:00,334 [INFO] PluginManager:220 - loadIPPluginJar : add gic
2025-03-06 11:57:00,364 [INFO] IPUIPlugin:80 - create IPUIPlugin
2025-03-06 11:57:00,364 [INFO] PluginManager:220 - loadIPPluginJar : add gpio
2025-03-06 11:57:00,477 [INFO] IPUIPlugin:80 - create IPUIPlugin
2025-03-06 11:57:00,477 [INFO] PluginManager:220 - loadIPPluginJar : add gtzc
2025-03-06 11:57:00,516 [INFO] IPUIPlugin:80 - create IPUIPlugin
2025-03-06 11:57:00,517 [INFO] PluginManager:220 - loadIPPluginJar : add hash
2025-03-06 11:57:00,587 [INFO] IPUIPlugin:80 - create IPUIPlugin
2025-03-06 11:57:00,587 [INFO] PluginManager:220 - loadIPPluginJar : add i2c
2025-03-06 11:57:00,637 [INFO] IPUIPlugin:80 - create IPUIPlugin
2025-03-06 11:57:00,637 [INFO] PluginManager:220 - loadIPPluginJar : add i2s
2025-03-06 11:57:00,688 [INFO] IPUIPlugin:80 - create IPUIPlugin
2025-03-06 11:57:00,689 [INFO] PluginManager:220 - loadIPPluginJar : add i3c
2025-03-06 11:57:00,821 [INFO] IPUIPlugin:80 - create IPUIPlugin
2025-03-06 11:57:00,821 [INFO] PluginManager:220 - loadIPPluginJar : add ipddr
2025-03-06 11:57:00,941 [INFO] IPUIPlugin:80 - create IPUIPlugin
2025-03-06 11:57:00,942 [INFO] PluginManager:220 - loadIPPluginJar : add linkedlist
2025-03-06 11:57:00,989 [INFO] IPUIPlugin:80 - create IPUIPlugin
2025-03-06 11:57:00,989 [INFO] PluginManager:220 - loadIPPluginJar : add lorawan
2025-03-06 11:57:01,044 [INFO] IPUIPlugin:80 - create IPUIPlugin
2025-03-06 11:57:01,044 [INFO] PluginManager:220 - loadIPPluginJar : add ltdc
2025-03-06 11:57:01,065 [INFO] IPUIPlugin:80 - create IPUIPlugin
2025-03-06 11:57:01,065 [INFO] PluginManager:220 - loadIPPluginJar : add mdma
2025-03-06 11:57:01,086 [INFO] IPUIPlugin:80 - create IPUIPlugin
2025-03-06 11:57:01,086 [INFO] PluginManager:220 - loadIPPluginJar : add nvic
2025-03-06 11:57:01,148 [INFO] IPUIPlugin:80 - create IPUIPlugin
2025-03-06 11:57:01,148 [INFO] PluginManager:220 - loadIPPluginJar : add opamp
2025-03-06 11:57:01,233 [INFO] IPUIPlugin:80 - create IPUIPlugin
2025-03-06 11:57:01,233 [INFO] PluginManager:220 - loadIPPluginJar : add openamp
2025-03-06 11:57:01,291 [INFO] IPUIPlugin:80 - create IPUIPlugin
2025-03-06 11:57:01,291 [INFO] PluginManager:220 - loadIPPluginJar : add pdm2pcm
2025-03-06 11:57:01,312 [INFO] IPUIPlugin:80 - create IPUIPlugin
2025-03-06 11:57:01,315 [INFO] PluginManager:220 - loadIPPluginJar : add plateformsettings
2025-03-06 11:57:01,344 [INFO] IPUIPlugin:80 - create IPUIPlugin
2025-03-06 11:57:01,344 [INFO] PluginManager:220 - loadIPPluginJar : add quadspi
2025-03-06 11:57:01,380 [INFO] IPUIPlugin:80 - create IPUIPlugin
2025-03-06 11:57:01,381 [INFO] PluginManager:220 - loadIPPluginJar : add radio
2025-03-06 11:57:01,399 [INFO] IPUIPlugin:80 - create IPUIPlugin
2025-03-06 11:57:01,399 [INFO] PluginManager:220 - loadIPPluginJar : add resmgrutility
2025-03-06 11:57:01,464 [INFO] IPUIPlugin:80 - create IPUIPlugin
2025-03-06 11:57:01,464 [INFO] PluginManager:220 - loadIPPluginJar : add sai
2025-03-06 11:57:01,518 [INFO] IPUIPlugin:80 - create IPUIPlugin
2025-03-06 11:57:01,518 [INFO] PluginManager:220 - loadIPPluginJar : add spi
2025-03-06 11:57:01,623 [INFO] IPUIPlugin:80 - create IPUIPlugin
2025-03-06 11:57:01,624 [INFO] PluginManager:220 - loadIPPluginJar : add stm32_wpan
2025-03-06 11:57:01,660 [INFO] IPUIPlugin:80 - create IPUIPlugin
2025-03-06 11:57:01,660 [INFO] PluginManager:220 - loadIPPluginJar : add tim
2025-03-06 11:57:01,763 [INFO] IPUIPlugin:80 - create IPUIPlugin
2025-03-06 11:57:01,763 [INFO] PluginManager:220 - loadIPPluginJar : add touchsensing
2025-03-06 11:57:01,798 [INFO] IPUIPlugin:80 - create IPUIPlugin
2025-03-06 11:57:01,798 [INFO] PluginManager:220 - loadIPPluginJar : add tracer_emb
2025-03-06 11:57:01,806 [INFO] ThirdPartyUpdaterWithRetryManager:70 - Updater plugin not ready yet. [2/15]
2025-03-06 11:57:01,831 [INFO] IPUIPlugin:80 - create IPUIPlugin
2025-03-06 11:57:01,831 [INFO] PluginManager:220 - loadIPPluginJar : add ts
2025-03-06 11:57:01,863 [INFO] IPUIPlugin:80 - create IPUIPlugin
2025-03-06 11:57:01,863 [INFO] PluginManager:220 - loadIPPluginJar : add tsc
2025-03-06 11:57:01,903 [INFO] IPUIPlugin:80 - create IPUIPlugin
2025-03-06 11:57:01,903 [INFO] PluginManager:220 - loadIPPluginJar : add ucpd
2025-03-06 11:57:01,971 [INFO] IPUIPlugin:80 - create IPUIPlugin
2025-03-06 11:57:01,971 [INFO] PluginManager:220 - loadIPPluginJar : add usart
2025-03-06 11:57:02,032 [INFO] IPUIPlugin:80 - create IPUIPlugin
2025-03-06 11:57:02,032 [INFO] PluginManager:220 - loadIPPluginJar : add usbx
2025-03-06 11:57:02,215 [FATAL] Updater:351 - Updater called before beeing initialized
2025-03-06 11:57:02,240 [INFO] RulesReader:64 - Compatibility file has been processed (301 Rules)
2025-03-06 11:57:02,252 [INFO] RulesReader:64 - Compatibility file has been processed (301 Rules)
2025-03-06 11:57:02,262 [INFO] CADModel:165 - CPN selected for project level
2025-03-06 11:57:02,262 [INFO] CADModel:114 - Register for checkConnection events
2025-03-06 11:57:02,262 [FATAL] Updater:351 - Updater called before beeing initialized
2025-03-06 11:57:02,262 [ERROR] CADModel:125 - Updater not yet initialized, retry later 
2025-03-06 11:57:02,724 [FATAL] Updater:351 - Updater called before beeing initialized
2025-03-06 11:57:02,728 [INFO] CADModel:165 - CPN selected for project level
2025-03-06 11:57:02,728 [INFO] CADModel:114 - Register for checkConnection events
2025-03-06 11:57:02,728 [FATAL] Updater:351 - Updater called before beeing initialized
2025-03-06 11:57:02,728 [ERROR] CADModel:125 - Updater not yet initialized, retry later 
2025-03-06 11:57:02,731 [FATAL] Updater:351 - Updater called before beeing initialized
2025-03-06 11:57:02,886 [FATAL] Updater:351 - Updater called before beeing initialized
2025-03-06 11:57:02,891 [INFO] DbMcusAds:53 - JSON generation date=Thu Sep 30 08:55:09 CEST 2021 (1632984909247)
2025-03-06 11:57:02,891 [FATAL] Updater:351 - Updater called before beeing initialized
2025-03-06 11:57:02,942 [WARN] DetailPanel:346 - Failed to get advertising image, set to default
2025-03-06 11:57:03,202 [FATAL] Updater:351 - Updater called before beeing initialized
2025-03-06 11:57:03,204 [FATAL] Updater:351 - Updater called before beeing initialized
2025-03-06 11:57:03,204 [FATAL] Updater:351 - Updater called before beeing initialized
2025-03-06 11:57:03,204 [WARN] DetailPanel:346 - Failed to get advertising image, set to default
2025-03-06 11:57:03,204 [FATAL] Updater:351 - Updater called before beeing initialized
2025-03-06 11:57:03,291 [ERROR] Updater:1198 - MainUpdater not yet initialized. External WinMGr cannot be set.
2025-03-06 11:57:03,304 [INFO] Updater:1134 - Updater Version found : 6.14.0
2025-03-06 11:57:03,335 [INFO] ApplicationProperties:184 - Using Application install path: C:\ST\STM32CubeIDE_1.18.0\STM32CubeIDE\plugins\com.st.stm32cube.common.mx_6.14.0.202502271554
2025-03-06 11:57:04,807 [INFO] ThirdPartyUpdaterWithRetryManager:70 - Updater plugin not ready yet. [3/15]
2025-03-06 11:57:04,984 [ERROR] LogOutputStream:75 - [STDERR_REDIRECT] Mar 06, 2025 11:57:04 AM java.util.prefs.WindowsPreferences <init>
2025-03-06 11:57:04,985 [ERROR] LogOutputStream:75 - [STDERR_REDIRECT] WARNING: Could not open/create prefs root node Software\JavaSoft\Prefs at root 0xffffffff80000002. Windows RegCreateKeyEx(...) returned error code 5.
2025-03-06 11:57:04,985 [ERROR] LogOutputStream:75 - [STDERR_REDIRECT] 
2025-03-06 11:57:05,022 [INFO] MainUpdater:525 - Copy updater definitions from MX database
2025-03-06 11:57:05,064 [INFO] MainUpdater:558 - Copy flag file definitions from MX database
2025-03-06 11:57:05,066 [INFO] MainUpdater:574 - Copy thirdparty index definitions from MX database
2025-03-06 11:57:05,071 [INFO] MainUpdater:593 - Copy default thirdparty db definitions from MX database
2025-03-06 11:57:05,457 [INFO] MainUpdater:2872 - connection check result : 10
2025-03-06 11:57:05,457 [INFO] MainUpdater:3566 - Updater definition file requires update
2025-03-06 11:57:05,458 [INFO] MainUpdater:289 - Updater Check For Update Now.
2025-03-06 11:57:05,458 [INFO] MicroXplorer:498 - Change Database Version : DB.6.0.140
2025-03-06 11:57:05,477 [INFO] McuFinderGlobals:63 - Set McuFinder mode to 2 (CubeIDE integrated)
2025-03-06 11:57:05,478 [INFO] UserAuth:171 - activating auth plugin
2025-03-06 11:57:05,481 [INFO] UserAuth:486 - Internet connection configuration mode: 1
2025-03-06 11:57:05,503 [INFO] JxBrowserEngine:152 - Initiate JxBrowser Engine with user profile folder
2025-03-06 11:57:05,561 [INFO] ServerAccessManage:473 - Download File updaters.zip
2025-03-06 11:57:05,647 [INFO] FileExtend:242 - Unzip File : updaters.zip
2025-03-06 11:57:05,648 [INFO] FileExtend:257 - Standard Zip Deflate
2025-03-06 11:57:06,979 [INFO] ServerAccessManage:473 - Download File PacksControlFlags.xml
2025-03-06 11:57:07,086 [INFO] ServerAccessManage:473 - Download File cubemx.pidx
2025-03-06 11:57:07,260 [INFO] ServerAccessManage:473 - Download File STMicroelectronics.FP-ATR-ASTRA1.pdsc
2025-03-06 11:57:07,509 [INFO] ServerAccessManage:473 - Download File STMicroelectronics.FP-ATR-SIGFOX1.pdsc
2025-03-06 11:57:07,630 [INFO] ServerAccessManage:473 - Download File STMicroelectronics.FP-SNS-STBOX1.pdsc
2025-03-06 11:57:07,755 [INFO] ServerAccessManage:473 - Download File STMicroelectronics.FP-SNS-FLIGHT1.pdsc
2025-03-06 11:57:07,810 [WARN] MainUpdater:1193 - Updater busy. Cannot search thirdparties
2025-03-06 11:57:07,810 [INFO] ThirdPartyUpdaterWithRetryManager:96 - Updater plugin is busy. [1/15]
2025-03-06 11:57:07,950 [INFO] ServerAccessManage:473 - Download File STMicroelectronics.FP-SNS-MOTENV1.pdsc
2025-03-06 11:57:08,200 [INFO] ServerAccessManage:473 - Download File STMicroelectronics.FP-SNS-MOTENVWB1.pdsc
2025-03-06 11:57:08,386 [INFO] ServerAccessManage:473 - Download File STMicroelectronics.FP-SNS-SMARTAG2.pdsc
2025-03-06 11:57:08,508 [INFO] ServerAccessManage:473 - Download File STMicroelectronics.X-CUBE-AI.pdsc
2025-03-06 11:57:09,226 [INFO] ServerAccessManage:473 - Download File STMicroelectronics.X-CUBE-ALS.pdsc
2025-03-06 11:57:09,411 [INFO] ServerAccessManage:473 - Download File STMicroelectronics.X-CUBE-BLE1.pdsc
2025-03-06 11:57:10,143 [ERROR] ServerAccessManage:1089 - Problem, file not found on Server
2025-03-06 11:57:10,174 [INFO] ServerAccessManage:473 - Download File STMicroelectronics.X-CUBE-BLE2.pdsc
2025-03-06 11:57:10,527 [INFO] ServerAccessManage:473 - Download File STMicroelectronics.X-CUBE-BLEMGR.pdsc
2025-03-06 11:57:10,771 [ERROR] ServerAccessManage:1089 - Problem, file not found on Server
2025-03-06 11:57:10,811 [WARN] MainUpdater:1193 - Updater busy. Cannot search thirdparties
2025-03-06 11:57:10,811 [INFO] ThirdPartyUpdaterWithRetryManager:96 - Updater plugin is busy. [2/15]
2025-03-06 11:57:11,057 [INFO] ServerAccessManage:473 - Download File STMicroelectronics.X-CUBE-DISPLAY.pdsc
2025-03-06 11:57:11,312 [INFO] ServerAccessManage:473 - Download File STMicroelectronics.X-CUBE-DPOWER.pdsc
2025-03-06 11:57:11,572 [ERROR] ServerAccessManage:1089 - Problem, file not found on Server
2025-03-06 11:57:11,808 [ERROR] ServerAccessManage:1089 - Problem, file not found on Server
2025-03-06 11:57:11,955 [ERROR] ServerAccessManage:1089 - Problem, file not found on Server
2025-03-06 11:57:12,077 [ERROR] ServerAccessManage:1089 - Problem, file not found on Server
2025-03-06 11:57:12,265 [ERROR] ServerAccessManage:1089 - Problem, file not found on Server
2025-03-06 11:57:12,374 [ERROR] ServerAccessManage:1089 - Problem, file not found on Server
2025-03-06 11:57:12,484 [ERROR] ServerAccessManage:1089 - Problem, file not found on Server
2025-03-06 11:57:12,538 [INFO] WebApp:169 - Instantiating new browser for Auth
2025-03-06 11:57:12,602 [ERROR] ServerAccessManage:1089 - Problem, file not found on Server
2025-03-06 11:57:12,710 [ERROR] ServerAccessManage:1089 - Problem, file not found on Server
2025-03-06 11:57:12,915 [ERROR] ServerAccessManage:1089 - Problem, file not found on Server
2025-03-06 11:57:13,017 [ERROR] ServerAccessManage:1089 - Problem, file not found on Server
2025-03-06 11:57:13,048 [INFO] ServerAccessManage:473 - Download File STMicroelectronics.X-CUBE-EEPRMA1.pdsc
2025-03-06 11:57:13,329 [ERROR] ServerAccessManage:1089 - Problem, file not found on Server
2025-03-06 11:57:13,433 [INFO] WebApp:463 - Apply proxy settings
2025-03-06 11:57:13,433 [INFO] WebApp:548 - Chromium requires no authentication
2025-03-06 11:57:13,456 [INFO] WebApp:491 - Direct internet connection detected
2025-03-06 11:57:13,511 [INFO] WebApp:894 - Register for checkConnection events
2025-03-06 11:57:13,512 [INFO] WebApp:463 - Apply proxy settings
2025-03-06 11:57:13,512 [INFO] WebApp:548 - Chromium requires no authentication
2025-03-06 11:57:13,512 [INFO] WebApp:491 - Direct internet connection detected
2025-03-06 11:57:13,640 [ERROR] ServerAccessManage:1089 - Problem, file not found on Server
2025-03-06 11:57:13,745 [INFO] WebApp:191 - Connection restablished
2025-03-06 11:57:13,773 [INFO] ServerAccessManage:473 - Download File STMicroelectronics.X-CUBE-FREERTOS.pdsc
2025-03-06 11:57:13,812 [WARN] MainUpdater:1193 - Updater busy. Cannot search thirdparties
2025-03-06 11:57:13,812 [INFO] ThirdPartyUpdaterWithRetryManager:96 - Updater plugin is busy. [3/15]
2025-03-06 11:57:13,842 [INFO] WebApp:225 - Starting web application
2025-03-06 11:57:13,842 [INFO] WebApp:593 - Web application path used C:\ST\STM32CubeIDE_1.18.0\STM32CubeIDE\plugins\com.st.stm32cube.common.mx_6.14.0.202502271554\db\plugins\mcufinder\reactClient1\index.html
2025-03-06 11:57:14,029 [INFO] ServerAccessManage:473 - Download File STMicroelectronics.X-CUBE-GNSS1.pdsc
2025-03-06 11:57:14,629 [ERROR] ServerAccessManage:1089 - Problem, file not found on Server
2025-03-06 11:57:14,832 [ERROR] ServerAccessManage:1089 - Problem, file not found on Server
2025-03-06 11:57:14,993 [ERROR] ServerAccessManage:1089 - Problem, file not found on Server
2025-03-06 11:57:15,231 [ERROR] ServerAccessManage:1089 - Problem, file not found on Server
2025-03-06 11:57:15,384 [ERROR] ServerAccessManage:1089 - Problem, file not found on Server
2025-03-06 11:57:15,580 [ERROR] ServerAccessManage:1089 - Problem, file not found on Server
2025-03-06 11:57:15,614 [INFO] ServerAccessManage:473 - Download File STMicroelectronics.X-CUBE-ISPU.pdsc
2025-03-06 11:57:15,842 [INFO] ServerAccessManage:473 - Download File STMicroelectronics.X-CUBE-IPS.pdsc
2025-03-06 11:57:15,980 [INFO] ServerAccessManage:473 - Download File STMicroelectronics.X-CUBE-MEMS1.pdsc
2025-03-06 11:57:16,812 [WARN] MainUpdater:1193 - Updater busy. Cannot search thirdparties
2025-03-06 11:57:16,812 [INFO] ThirdPartyUpdaterWithRetryManager:96 - Updater plugin is busy. [4/15]
2025-03-06 11:57:16,959 [INFO] ServerAccessManage:473 - Download File STMicroelectronics.X-CUBE-NFC4.pdsc
2025-03-06 11:57:17,497 [INFO] ServerAccessManage:473 - Download File STMicroelectronics.X-CUBE-NFC6.pdsc
2025-03-06 11:57:17,624 [INFO] ServerAccessManage:473 - Download File STMicroelectronics.X-CUBE-NFC7.pdsc
2025-03-06 11:57:17,756 [INFO] ServerAccessManage:473 - Download File STMicroelectronics.X-CUBE-NFC9.pdsc
2025-03-06 11:57:17,852 [INFO] ServerAccessManage:473 - Download File STMicroelectronics.X-CUBE-NFC10.pdsc
2025-03-06 11:57:17,943 [INFO] ServerAccessManage:473 - Download File STMicroelectronics.X-CUBE-SFXS2LP1.pdsc
2025-03-06 11:57:18,190 [INFO] ServerAccessManage:473 - Download File STMicroelectronics.X-CUBE-SAFEA1.pdsc
2025-03-06 11:57:18,301 [INFO] ServerAccessManage:473 - Download File STMicroelectronics.X-CUBE-SUBG2.pdsc
2025-03-06 11:57:18,685 [INFO] ServerAccessManage:473 - Download File STMicroelectronics.X-CUBE-SMBUS.pdsc
2025-03-06 11:57:18,928 [ERROR] ServerAccessManage:1089 - Problem, file not found on Server
2025-03-06 11:57:18,960 [INFO] ServerAccessManage:473 - Download File STMicroelectronics.X-CUBE-TCPP.pdsc
2025-03-06 11:57:19,083 [INFO] ServerAccessManage:473 - Download File STMicroelectronics.X-CUBE-TOF1.pdsc
2025-03-06 11:57:19,629 [ERROR] ServerAccessManage:1089 - Problem, file not found on Server
2025-03-06 11:57:19,702 [INFO] ServerAccessManage:473 - Download File STMicroelectronics.X-CUBE-TOUCHGFX.pdsc
2025-03-06 11:57:19,814 [WARN] MainUpdater:1193 - Updater busy. Cannot search thirdparties
2025-03-06 11:57:19,814 [INFO] ThirdPartyUpdaterWithRetryManager:96 - Updater plugin is busy. [5/15]
2025-03-06 11:57:20,596 [INFO] ServerAccessManage:473 - Download File STMicroelectronics.X-CUBE-ALGOBUILD.pdsc
2025-03-06 11:57:20,867 [INFO] ServerAccessManage:473 - Download File STMicroelectronics.X-CUBE-AZRTOS-H7.pdsc
2025-03-06 11:57:21,208 [INFO] ServerAccessManage:473 - Download File STMicroelectronics.X-CUBE-AZRTOS-H7RS.pdsc
2025-03-06 11:57:21,340 [INFO] ServerAccessManage:473 - Download File STMicroelectronics.X-CUBE-AZRTOS-F4.pdsc
2025-03-06 11:57:21,493 [INFO] ServerAccessManage:473 - Download File STMicroelectronics.X-CUBE-AZRTOS-F7.pdsc
2025-03-06 11:57:21,643 [INFO] ServerAccessManage:473 - Download File STMicroelectronics.X-CUBE-AZRTOS-L4.pdsc
2025-03-06 11:57:21,782 [INFO] ServerAccessManage:473 - Download File STMicroelectronics.X-CUBE-AZRTOS-L5.pdsc
2025-03-06 11:57:21,981 [INFO] ServerAccessManage:473 - Download File STMicroelectronics.X-CUBE-AZRTOS-G0.pdsc
2025-03-06 11:57:22,144 [INFO] ServerAccessManage:473 - Download File STMicroelectronics.X-CUBE-AZRTOS-G4.pdsc
2025-03-06 11:57:22,286 [INFO] ServerAccessManage:473 - Download File STMicroelectronics.X-CUBE-AZRTOS-WB.pdsc
2025-03-06 11:57:22,422 [INFO] ServerAccessManage:473 - Download File STMicroelectronics.X-CUBE-AZRTOS-WL.pdsc
2025-03-06 11:57:22,570 [INFO] ServerAccessManage:473 - Download File STMicroelectronics.X-CUBE-WB05N.pdsc
2025-03-06 11:57:22,816 [WARN] MainUpdater:1193 - Updater busy. Cannot search thirdparties
2025-03-06 11:57:22,816 [INFO] ThirdPartyUpdaterWithRetryManager:96 - Updater plugin is busy. [6/15]
2025-03-06 11:57:23,161 [INFO] ServerAccessManage:473 - Download File wolfSSL.I-CUBE-wolfSSL.pdsc
2025-03-06 11:57:25,816 [WARN] MainUpdater:1193 - Updater busy. Cannot search thirdparties
2025-03-06 11:57:25,816 [INFO] ThirdPartyUpdaterWithRetryManager:96 - Updater plugin is busy. [7/15]
2025-03-06 11:57:26,516 [ERROR] ServerAccessManage:1089 - Problem, file not found on Server
2025-03-06 11:57:26,945 [ERROR] ServerAccessManage:1089 - Problem, file not found on Server
2025-03-06 11:57:27,305 [ERROR] ServerAccessManage:1089 - Problem, file not found on Server
2025-03-06 11:57:27,423 [INFO] ServerAccessManage:473 - Download File wolfSSL.I-CUBE-wolfMQTT.pdsc
2025-03-06 11:57:28,377 [ERROR] ServerAccessManage:1089 - Problem, file not found on Server
2025-03-06 11:57:28,491 [INFO] ServerAccessManage:473 - Download File wolfSSL.I-CUBE-wolfTPM.pdsc
2025-03-06 11:57:28,817 [WARN] MainUpdater:1193 - Updater busy. Cannot search thirdparties
2025-03-06 11:57:28,817 [INFO] ThirdPartyUpdaterWithRetryManager:96 - Updater plugin is busy. [8/15]
2025-03-06 11:57:29,495 [INFO] ServerAccessManage:473 - Download File wolfSSL.I-CUBE-wolfSSH.pdsc
2025-03-06 11:57:30,773 [INFO] ServerAccessManage:473 - Download File RealThread.X-CUBE-RT-Thread_Nano.pdsc
2025-03-06 11:57:31,269 [INFO] ServerAccessManage:473 - Download File SEGGER.I-CUBE-embOS.pdsc
2025-03-06 11:57:31,818 [WARN] MainUpdater:1193 - Updater busy. Cannot search thirdparties
2025-03-06 11:57:31,818 [INFO] ThirdPartyUpdaterWithRetryManager:96 - Updater plugin is busy. [9/15]
2025-03-06 11:57:31,851 [INFO] ServerAccessManage:473 - Download File portGmbH.I-Cube-SoM-uGOAL.pdsc
2025-03-06 11:57:32,334 [ERROR] ServerAccessManage:1089 - Problem, file not found on Server
2025-03-06 11:57:32,379 [ERROR] ServerAccessManage:1089 - Problem, file not found on Server
2025-03-06 11:57:32,424 [ERROR] ServerAccessManage:1089 - Problem, file not found on Server
2025-03-06 11:57:32,676 [INFO] ServerAccessManage:473 - Download File emotas.I-CUBE-CANOPEN.pdsc
2025-03-06 11:57:33,546 [INFO] ServerAccessManage:473 - Download File WES.I-CUBE-Cesium.pdsc
2025-03-06 11:57:34,090 [ERROR] ServerAccessManage:1089 - Problem, file not found on Server
2025-03-06 11:57:34,367 [ERROR] ServerAccessManage:1089 - Problem, file not found on Server
2025-03-06 11:57:34,820 [WARN] MainUpdater:1193 - Updater busy. Cannot search thirdparties
2025-03-06 11:57:34,820 [INFO] ThirdPartyUpdaterWithRetryManager:96 - Updater plugin is busy. [10/15]
2025-03-06 11:57:35,190 [INFO] ServerAccessManage:473 - Download File ITTIA_DB.I-CUBE-ITTIADB.pdsc
2025-03-06 11:57:37,821 [WARN] MainUpdater:1193 - Updater busy. Cannot search thirdparties
2025-03-06 11:57:37,822 [INFO] ThirdPartyUpdaterWithRetryManager:96 - Updater plugin is busy. [11/15]
2025-03-06 11:57:38,865 [INFO] ServerAccessManage:473 - Download File Infineon.AIROC-Wi-Fi-Bluetooth-STM32.pdsc
2025-03-06 11:57:40,823 [WARN] MainUpdater:1193 - Updater busy. Cannot search thirdparties
2025-03-06 11:57:40,823 [INFO] ThirdPartyUpdaterWithRetryManager:96 - Updater plugin is busy. [12/15]
2025-03-06 11:57:43,100 [INFO] ServerAccessManage:473 - Download File Cesanta.I-CUBE-Mongoose.pdsc
2025-03-06 11:57:43,868 [WARN] MainUpdater:1193 - Updater busy. Cannot search thirdparties
2025-03-06 11:57:43,868 [INFO] ThirdPartyUpdaterWithRetryManager:96 - Updater plugin is busy. [13/15]
2025-03-06 11:57:44,382 [INFO] ServerAccessManage:473 - Download File EmbeddedOffice.I-CUBE-FS-RTOS.pdsc
2025-03-06 11:57:45,041 [INFO] ServerAccessManage:473 - Download File quantropi.X-CUBE-qispace-sdk-base.pdsc
2025-03-06 11:57:45,416 [WARN] PackLoader:240 - Cannot read IP mode file for STMicroelectronics.FP-ATR-ASTRA1.2.0.2
2025-03-06 11:57:45,423 [WARN] PackLoader:240 - Cannot read IP mode file for STMicroelectronics.FP-ATR-SIGFOX1.3.2.0
2025-03-06 11:57:45,438 [WARN] PackLoader:240 - Cannot read IP mode file for STMicroelectronics.FP-SNS-STBOX1.2.0.0
2025-03-06 11:57:45,454 [WARN] PackLoader:240 - Cannot read IP mode file for STMicroelectronics.FP-SNS-FLIGHT1.5.0.2
2025-03-06 11:57:45,462 [WARN] PackLoader:240 - Cannot read IP mode file for STMicroelectronics.FP-SNS-MOTENV1.5.0.0
2025-03-06 11:57:45,480 [WARN] PackLoader:240 - Cannot read IP mode file for STMicroelectronics.FP-SNS-MOTENVWB1.1.4.0
2025-03-06 11:57:45,522 [WARN] PackLoader:240 - Cannot read IP mode file for STMicroelectronics.FP-SNS-SMARTAG2.1.2.0
2025-03-06 11:57:45,529 [WARN] PackLoader:240 - Cannot read IP mode file for STMicroelectronics.X-CUBE-AI.10.0.0
2025-03-06 11:57:45,537 [WARN] PackLoader:240 - Cannot read IP mode file for STMicroelectronics.X-CUBE-ALS.1.0.2
2025-03-06 11:57:45,539 [WARN] CheckServerUpdateThread:151 - Open CheckUpdateFile Fail
2025-03-06 11:57:45,548 [WARN] PackLoader:240 - Cannot read IP mode file for STMicroelectronics.X-CUBE-BLE1.7.1.0
2025-03-06 11:57:45,634 [WARN] PackLoader:240 - Cannot read IP mode file for STMicroelectronics.X-CUBE-BLE2.3.3.0
2025-03-06 11:57:45,657 [WARN] PackLoader:240 - Cannot read IP mode file for STMicroelectronics.X-CUBE-BLEMGR.4.0.0
2025-03-06 11:57:45,702 [WARN] PackLoader:240 - Cannot read IP mode file for STMicroelectronics.X-CUBE-DISPLAY.3.0.0
2025-03-06 11:57:45,740 [WARN] PackLoader:240 - Cannot read IP mode file for STMicroelectronics.X-CUBE-DPower.1.2.0
2025-03-06 11:57:45,748 [WARN] PackLoader:240 - Cannot read IP mode file for STMicroelectronics.X-CUBE-EEPRMA1.5.1.0
2025-03-06 11:57:45,756 [INFO] CheckServerUpdateThread:120 - End of CheckServer Thread
2025-03-06 11:57:45,757 [WARN] PackLoader:240 - Cannot read IP mode file for STMicroelectronics.X-CUBE-FREERTOS.1.3.0
2025-03-06 11:57:45,789 [WARN] PackLoader:240 - Cannot read IP mode file for STMicroelectronics.X-CUBE-GNSS1.7.0.1
2025-03-06 11:57:45,796 [WARN] PackLoader:240 - Cannot read IP mode file for STMicroelectronics.X-CUBE-ISPU.2.1.0
2025-03-06 11:57:45,824 [WARN] PackLoader:240 - Cannot read IP mode file for STMicroelectronics.X-CUBE-IPS.3.1.0
2025-03-06 11:57:45,882 [WARN] PackLoader:240 - Cannot read IP mode file for STMicroelectronics.X-CUBE-MEMS1.11.1.0
2025-03-06 11:57:46,026 [WARN] PackLoader:240 - Cannot read IP mode file for STMicroelectronics.X-CUBE-NFC4.3.0.0
2025-03-06 11:57:46,083 [WARN] PackLoader:240 - Cannot read IP mode file for STMicroelectronics.X-CUBE-NFC6.3.1.0
2025-03-06 11:57:46,172 [WARN] PackLoader:240 - Cannot read IP mode file for STMicroelectronics.X-CUBE-NFC7.1.0.1
2025-03-06 11:57:46,185 [WARN] PackLoader:240 - Cannot read IP mode file for STMicroelectronics.X-CUBE-NFC9.1.0.0
2025-03-06 11:57:46,207 [WARN] PackLoader:240 - Cannot read IP mode file for STMicroelectronics.X-CUBE-NFC10.1.0.0
2025-03-06 11:57:46,219 [WARN] PackLoader:240 - Cannot read IP mode file for STMicroelectronics.X-CUBE-SFXS2LP1.4.0.0
2025-03-06 11:57:46,227 [WARN] PackLoader:240 - Cannot read IP mode file for STMicroelectronics.X-CUBE-SAFEA1.1.2.2
2025-03-06 11:57:46,242 [WARN] PackLoader:240 - Cannot read IP mode file for STMicroelectronics.X-CUBE-SUBG2.5.0.0
2025-03-06 11:57:46,250 [WARN] PackLoader:240 - Cannot read IP mode file for STMicroelectronics.X-CUBE-SMBUS.2.1.0
2025-03-06 11:57:46,257 [WARN] PackLoader:240 - Cannot read IP mode file for STMicroelectronics.X-CUBE-TCPP.4.2.0
2025-03-06 11:57:46,270 [WARN] PackLoader:240 - Cannot read IP mode file for STMicroelectronics.X-CUBE-TOF1.3.4.2
2025-03-06 11:57:46,286 [WARN] PackLoader:240 - Cannot read IP mode file for STMicroelectronics.X-CUBE-TOUCHGFX.4.24.2
2025-03-06 11:57:46,295 [WARN] PackLoader:240 - Cannot read IP mode file for STMicroelectronics.X-CUBE-ALGOBUILD.1.4.0
2025-03-06 11:57:46,318 [WARN] PackLoader:240 - Cannot read IP mode file for STMicroelectronics.X-CUBE-AZRTOS-H7.3.3.0
2025-03-06 11:57:46,345 [WARN] PackLoader:240 - Cannot read IP mode file for STMicroelectronics.X-CUBE-AZRTOS-H7RS.1.0.0
2025-03-06 11:57:46,367 [WARN] PackLoader:240 - Cannot read IP mode file for STMicroelectronics.X-CUBE-AZRTOS-F4.1.1.0
2025-03-06 11:57:46,390 [WARN] PackLoader:240 - Cannot read IP mode file for STMicroelectronics.X-CUBE-AZRTOS-F7.1.1.0
2025-03-06 11:57:46,415 [WARN] ConditionMgr:438 - getConditionDescription Invalid condition id : LAN8742 Phy interface Condition cause : null
2025-03-06 11:57:46,415 [WARN] PackLoader:240 - Cannot read IP mode file for STMicroelectronics.X-CUBE-AZRTOS-L4.2.0.0
2025-03-06 11:57:46,417 [WARN] ConditionMgr:1044 - genDependencies : Invalid condition id : LAN8742 Phy interface Condition cause : null
2025-03-06 11:57:46,417 [WARN] ConditionMgr:1044 - genDependencies : Invalid condition id : LAN8742 Phy interface Condition cause : null
2025-03-06 11:57:46,418 [WARN] ConditionMgr:1044 - genDependencies : Invalid condition id : LAN8742 Phy interface Condition cause : null
2025-03-06 11:57:46,437 [WARN] PackLoader:240 - Cannot read IP mode file for STMicroelectronics.X-CUBE-AZRTOS-L5.2.0.0
2025-03-06 11:57:46,460 [WARN] PackLoader:240 - Cannot read IP mode file for STMicroelectronics.X-CUBE-AZRTOS-G0.1.1.0
2025-03-06 11:57:46,513 [WARN] PackLoader:240 - Cannot read IP mode file for STMicroelectronics.X-CUBE-AZRTOS-G4.2.0.0
2025-03-06 11:57:46,585 [WARN] ConditionMgr:438 - getConditionDescription Invalid condition id : UX DEVICE CLASS RTOS Condition cause : null
2025-03-06 11:57:46,586 [WARN] ConditionMgr:438 - getConditionDescription Invalid condition id : UX DEVICE CLASS RTOS Condition cause : null
2025-03-06 11:57:46,588 [WARN] PackLoader:240 - Cannot read IP mode file for STMicroelectronics.X-CUBE-AZRTOS-WB.2.0.0
2025-03-06 11:57:46,589 [WARN] ConditionMgr:1044 - genDependencies : Invalid condition id : UX DEVICE CLASS RTOS Condition cause : null
2025-03-06 11:57:46,589 [WARN] ConditionMgr:1044 - genDependencies : Invalid condition id : UX DEVICE CLASS RTOS Condition cause : null
2025-03-06 11:57:46,589 [WARN] ConditionMgr:1044 - genDependencies : Invalid condition id : UX DEVICE CLASS RTOS Condition cause : null
2025-03-06 11:57:46,590 [WARN] ConditionMgr:1044 - genDependencies : Invalid condition id : UX DEVICE CLASS RTOS Condition cause : null
2025-03-06 11:57:46,590 [WARN] ConditionMgr:1044 - genDependencies : Invalid condition id : UX DEVICE CLASS RTOS Condition cause : null
2025-03-06 11:57:46,599 [INFO] LogOutputStream:77 - [STDOUT_REDIRECT] 1 : Invalid condition id : UX_CORESTACK_Condition cause : null
2025-03-06 11:57:46,599 [INFO] LogOutputStream:77 - [STDOUT_REDIRECT] 1 : Invalid condition id : UX_CORESTACK_Condition cause : null
2025-03-06 11:57:46,602 [INFO] LogOutputStream:77 - [STDOUT_REDIRECT] 1 : Invalid condition id : UX_CORESTACK_Condition cause : null
2025-03-06 11:57:46,603 [INFO] LogOutputStream:77 - [STDOUT_REDIRECT] 1 : Invalid condition id : UX_CORESTACK_Condition cause : null
2025-03-06 11:57:46,604 [INFO] LogOutputStream:77 - [STDOUT_REDIRECT] 1 : Invalid condition id : UX_CORESTACK_Condition cause : null
2025-03-06 11:57:46,629 [WARN] PackLoader:240 - Cannot read IP mode file for STMicroelectronics.X-CUBE-AZRTOS-WL.2.0.0
2025-03-06 11:57:46,635 [WARN] PackLoader:240 - Cannot read IP mode file for STMicroelectronics.X-CUBE-WB05N.1.1.0
2025-03-06 11:57:46,639 [WARN] PackLoader:240 - Cannot read IP mode file for wolfSSL.I-CUBE-wolfSSL.5.7.6
2025-03-06 11:57:46,644 [WARN] PackLoader:240 - Cannot read IP mode file for wolfSSL.I-CUBE-wolfMQTT.1.19.2
2025-03-06 11:57:46,649 [WARN] PackLoader:240 - Cannot read IP mode file for wolfSSL.I-CUBE-wolfTPM.3.8.0
2025-03-06 11:57:46,652 [WARN] PackLoader:240 - Cannot read IP mode file for wolfSSL.I-CUBE-wolfSSH.1.4.20
2025-03-06 11:57:46,666 [WARN] PackLoader:240 - Cannot read IP mode file for RealThread.X-CUBE-RT-Thread_Nano.4.1.1
2025-03-06 11:57:46,815 [WARN] PackLoader:240 - Cannot read IP mode file for SEGGER.I-CUBE-embOS.1.3.1
2025-03-06 11:57:46,865 [WARN] PackLoader:240 - Cannot read IP mode file for portGmbH.I-Cube-SoM-uGOAL.1.1.0
2025-03-06 11:57:46,870 [WARN] PackLoader:240 - Cannot read IP mode file for emotas.I-CUBE-CANOPEN.1.3.0
2025-03-06 11:57:46,880 [WARN] PackLoader:240 - Cannot read IP mode file for WES.I-CUBE-Cesium.1.3.0
2025-03-06 11:57:46,895 [WARN] PackLoader:240 - Cannot read IP mode file for ITTIA_DB.I-CUBE-ITTIADB.8.9.0
2025-03-06 11:57:46,915 [WARN] PackLoader:240 - Cannot read IP mode file for Infineon.AIROC-Wi-Fi-Bluetooth-STM32.1.7.0
2025-03-06 11:57:46,923 [WARN] PackLoader:240 - Cannot read IP mode file for Cesanta.I-CUBE-Mongoose.7.13.0
2025-03-06 11:57:46,937 [WARN] PackLoader:240 - Cannot read IP mode file for EmbeddedOffice.I-CUBE-FS-RTOS.1.0.1
2025-03-06 11:57:46,941 [WARN] ConditionMgr:438 - getConditionDescription Invalid condition id : Cortex-A Device cause : null
2025-03-06 11:57:47,156 [WARN] ConditionMgr:1044 - genDependencies : Invalid condition id : Cortex-A Device cause : null
2025-03-06 11:57:47,156 [WARN] ConditionMgr:1044 - genDependencies : Invalid condition id : Cortex-A Device cause : null
2025-03-06 11:57:47,156 [WARN] ConditionMgr:1044 - genDependencies : Invalid condition id : Cortex-A Device cause : null
2025-03-06 11:57:47,156 [INFO] PopulateThirdPartyThread:66 - Ending populate Thread
2025-03-06 11:57:47,159 [INFO] ThirdParty:1030 - CMSIS Pack Vendor :STMicroelectronics X-CUBE-AZRTOS-H7 3.3.0
2025-03-06 11:57:47,159 [INFO] ThirdParty:1030 - CMSIS Pack Vendor :STMicroelectronics X-CUBE-NFC9 1.0.0
2025-03-06 11:57:47,160 [INFO] ThirdParty:1030 - CMSIS Pack Vendor :STMicroelectronics FP-SNS-MOTENVWB1 1.4.0
2025-03-06 11:57:47,160 [INFO] ThirdParty:1030 - CMSIS Pack Vendor :STMicroelectronics X-CUBE-AZRTOS-F4 1.1.0
2025-03-06 11:57:47,160 [INFO] ThirdParty:1030 - CMSIS Pack Vendor :STMicroelectronics FP-ATR-ASTRA1 2.0.2
2025-03-06 11:57:47,160 [INFO] ThirdParty:1030 - CMSIS Pack Vendor :STMicroelectronics X-CUBE-BLE1 7.1.0
2025-03-06 11:57:47,160 [INFO] ThirdParty:1030 - CMSIS Pack Vendor :STMicroelectronics X-CUBE-SMBUS 2.1.0
2025-03-06 11:57:47,160 [INFO] ThirdParty:1030 - CMSIS Pack Vendor :STMicroelectronics X-CUBE-WB05N 1.1.0
2025-03-06 11:57:47,160 [INFO] ThirdParty:1030 - CMSIS Pack Vendor :wolfSSL I-CUBE-wolfMQTT 1.19.2
2025-03-06 11:57:47,160 [INFO] ThirdParty:1030 - CMSIS Pack Vendor :STMicroelectronics X-CUBE-ISPU 2.1.0
2025-03-06 11:57:47,160 [INFO] ThirdParty:1030 - CMSIS Pack Vendor :STMicroelectronics X-CUBE-AZRTOS-WB 2.0.0
2025-03-06 11:57:47,160 [INFO] ThirdParty:1030 - CMSIS Pack Vendor :STMicroelectronics X-CUBE-GNSS1 7.0.1
2025-03-06 11:57:47,160 [INFO] ThirdParty:1030 - CMSIS Pack Vendor :STMicroelectronics X-CUBE-AZRTOS-F7 1.1.0
2025-03-06 11:57:47,160 [INFO] ThirdParty:1030 - CMSIS Pack Vendor :STMicroelectronics X-CUBE-AZRTOS-L5 2.0.0
2025-03-06 11:57:47,160 [INFO] ThirdParty:1030 - CMSIS Pack Vendor :STMicroelectronics X-CUBE-NFC6 3.1.0
2025-03-06 11:57:47,160 [INFO] ThirdParty:1030 - CMSIS Pack Vendor :STMicroelectronics FP-SNS-STBOX1 2.0.0
2025-03-06 11:57:47,161 [INFO] ThirdParty:1030 - CMSIS Pack Vendor :STMicroelectronics X-CUBE-AZRTOS-G0 1.1.0
2025-03-06 11:57:47,161 [INFO] ThirdParty:1030 - CMSIS Pack Vendor :STMicroelectronics X-CUBE-DPower 1.2.0
2025-03-06 11:57:47,161 [INFO] ThirdParty:1030 - CMSIS Pack Vendor :STMicroelectronics X-CUBE-NFC4 3.0.0
2025-03-06 11:57:47,161 [INFO] ThirdParty:1030 - CMSIS Pack Vendor :STMicroelectronics X-CUBE-SAFEA1 1.2.2
2025-03-06 11:57:47,161 [INFO] ThirdParty:1030 - CMSIS Pack Vendor :STMicroelectronics X-CUBE-SUBG2 5.0.0
2025-03-06 11:57:47,161 [INFO] ThirdParty:1030 - CMSIS Pack Vendor :EmbeddedOffice I-CUBE-FS-RTOS 1.0.1
2025-03-06 11:57:47,161 [INFO] ThirdParty:1030 - CMSIS Pack Vendor :STMicroelectronics FP-SNS-FLIGHT1 5.0.2
2025-03-06 11:57:47,161 [INFO] ThirdParty:1030 - CMSIS Pack Vendor :Cesanta I-CUBE-Mongoose 7.13.0
2025-03-06 11:57:47,161 [INFO] ThirdParty:1030 - CMSIS Pack Vendor :Infineon AIROC-Wi-Fi-Bluetooth-STM32 1.7.0
2025-03-06 11:57:47,161 [INFO] ThirdParty:1030 - CMSIS Pack Vendor :STMicroelectronics X-CUBE-AZRTOS-G4 2.0.0
2025-03-06 11:57:47,161 [INFO] ThirdParty:1030 - CMSIS Pack Vendor :wolfSSL I-CUBE-wolfTPM 3.8.0
2025-03-06 11:57:47,161 [INFO] ThirdParty:1030 - CMSIS Pack Vendor :STMicroelectronics X-CUBE-DISPLAY 3.0.0
2025-03-06 11:57:47,161 [INFO] ThirdParty:1030 - CMSIS Pack Vendor :wolfSSL I-CUBE-wolfSSH 1.4.20
2025-03-06 11:57:47,161 [INFO] ThirdParty:1030 - CMSIS Pack Vendor :STMicroelectronics X-CUBE-TCPP 4.2.0
2025-03-06 11:57:47,161 [INFO] ThirdParty:1030 - CMSIS Pack Vendor :RealThread X-CUBE-RT-Thread_Nano 4.1.1
2025-03-06 11:57:47,161 [INFO] ThirdParty:1030 - CMSIS Pack Vendor :STMicroelectronics FP-ATR-SIGFOX1 3.2.0
2025-03-06 11:57:47,162 [INFO] ThirdParty:1030 - CMSIS Pack Vendor :STMicroelectronics X-CUBE-NFC10 1.0.0
2025-03-06 11:57:47,162 [INFO] ThirdParty:1030 - CMSIS Pack Vendor :STMicroelectronics X-CUBE-BLEMGR 4.0.0
2025-03-06 11:57:47,162 [INFO] ThirdParty:1030 - CMSIS Pack Vendor :STMicroelectronics X-CUBE-EEPRMA1 5.1.0
2025-03-06 11:57:47,162 [INFO] ThirdParty:1030 - CMSIS Pack Vendor :STMicroelectronics X-CUBE-ALS 1.0.2
2025-03-06 11:57:47,162 [INFO] ThirdParty:1030 - CMSIS Pack Vendor :STMicroelectronics X-CUBE-IPS 3.1.0
2025-03-06 11:57:47,162 [INFO] ThirdParty:1030 - CMSIS Pack Vendor :STMicroelectronics X-CUBE-FREERTOS 1.3.0
2025-03-06 11:57:47,162 [INFO] ThirdParty:1030 - CMSIS Pack Vendor :emotas I-CUBE-CANOPEN 1.3.0
2025-03-06 11:57:47,162 [INFO] ThirdParty:1030 - CMSIS Pack Vendor :STMicroelectronics X-CUBE-NFC7 1.0.1
2025-03-06 11:57:47,162 [INFO] ThirdParty:1030 - CMSIS Pack Vendor :wolfSSL I-CUBE-wolfSSL 5.7.6
2025-03-06 11:57:47,162 [INFO] ThirdParty:1030 - CMSIS Pack Vendor :ITTIA_DB I-CUBE-ITTIADB 8.9.0
2025-03-06 11:57:47,162 [INFO] ThirdParty:1030 - CMSIS Pack Vendor :STMicroelectronics X-CUBE-TOUCHGFX 4.24.2
2025-03-06 11:57:47,162 [INFO] ThirdParty:1030 - CMSIS Pack Vendor :portGmbH I-Cube-SoM-uGOAL 1.1.0
2025-03-06 11:57:47,162 [INFO] ThirdParty:1030 - CMSIS Pack Vendor :STMicroelectronics X-CUBE-AI 10.0.0
2025-03-06 11:57:47,163 [INFO] ThirdParty:1030 - CMSIS Pack Vendor :quantropi X-CUBE-qispace-sdk-base 2.0.0
2025-03-06 11:57:47,163 [INFO] ThirdParty:1030 - CMSIS Pack Vendor :STMicroelectronics FP-SNS-SMARTAG2 1.2.0
2025-03-06 11:57:47,163 [INFO] ThirdParty:1030 - CMSIS Pack Vendor :STMicroelectronics X-CUBE-MEMS1 11.1.0
2025-03-06 11:57:47,163 [INFO] ThirdParty:1030 - CMSIS Pack Vendor :STMicroelectronics X-CUBE-AZRTOS-WL 2.0.0
2025-03-06 11:57:47,163 [INFO] ThirdParty:1030 - CMSIS Pack Vendor :SEGGER I-CUBE-embOS 1.3.1
2025-03-06 11:57:47,163 [INFO] ThirdParty:1030 - CMSIS Pack Vendor :STMicroelectronics X-CUBE-ALGOBUILD 1.4.0
2025-03-06 11:57:47,164 [INFO] ThirdParty:1030 - CMSIS Pack Vendor :STMicroelectronics FP-SNS-MOTENV1 5.0.0
2025-03-06 11:57:47,164 [INFO] ThirdParty:1030 - CMSIS Pack Vendor :STMicroelectronics X-CUBE-AZRTOS-H7RS 1.0.0
2025-03-06 11:57:47,164 [INFO] ThirdParty:1030 - CMSIS Pack Vendor :STMicroelectronics X-CUBE-AZRTOS-L4 2.0.0
2025-03-06 11:57:47,164 [INFO] ThirdParty:1030 - CMSIS Pack Vendor :WES I-CUBE-Cesium 1.3.0
2025-03-06 11:57:47,187 [INFO] ThirdParty:1030 - CMSIS Pack Vendor :STMicroelectronics X-CUBE-SFXS2LP1 4.0.0
2025-03-06 11:57:47,187 [INFO] ThirdParty:1030 - CMSIS Pack Vendor :STMicroelectronics X-CUBE-BLE2 3.3.0
2025-03-06 11:57:47,188 [INFO] ThirdParty:1030 - CMSIS Pack Vendor :STMicroelectronics X-CUBE-TOF1 3.4.2
2025-03-06 11:57:47,192 [INFO] LoadServerUpdatesThread:375 - End of LoadServerUpdate Thread
2025-03-06 11:57:47,757 [WARN] PackLoader:240 - Cannot read IP mode file for STMicroelectronics.FP-SNS-MOTENVWB1.1.4.0
2025-03-06 11:57:47,761 [WARN] PackLoader:240 - Cannot read IP mode file for STMicroelectronics.FP-ATR-ASTRA1.2.0.2
2025-03-06 11:57:47,765 [WARN] PackLoader:240 - Cannot read IP mode file for STMicroelectronics.X-CUBE-SMBUS.2.1.0
2025-03-06 11:57:47,769 [WARN] PackLoader:240 - Cannot read IP mode file for STMicroelectronics.X-CUBE-WB05N.1.1.0
2025-03-06 11:57:47,782 [WARN] PackLoader:240 - Cannot read IP mode file for STMicroelectronics.X-CUBE-AZRTOS-F7.1.1.0
2025-03-06 11:57:47,787 [WARN] PackLoader:240 - Cannot read IP mode file for STMicroelectronics.FP-SNS-FLIGHT1.5.0.2
2025-03-06 11:57:47,800 [WARN] PackLoader:240 - Cannot read IP mode file for Infineon.AIROC-Wi-Fi-Bluetooth-STM32.1.7.0
2025-03-06 11:57:47,825 [WARN] PackLoader:240 - Cannot read IP mode file for STMicroelectronics.X-CUBE-DISPLAY.3.0.0
2025-03-06 11:57:47,830 [WARN] PackLoader:240 - Cannot read IP mode file for STMicroelectronics.X-CUBE-NFC10.1.0.0
2025-03-06 11:57:47,838 [WARN] PackLoader:240 - Cannot read IP mode file for STMicroelectronics.X-CUBE-BLEMGR.4.0.0
2025-03-06 11:57:47,848 [WARN] PackLoader:240 - Cannot read IP mode file for emotas.I-CUBE-CANOPEN.1.3.0
2025-03-06 11:57:47,852 [WARN] ConditionMgr:438 - getConditionDescription Invalid condition id : Cortex-A Device cause : null
2025-03-06 11:57:47,873 [WARN] ConditionMgr:1044 - genDependencies : Invalid condition id : Cortex-A Device cause : null
2025-03-06 11:57:47,873 [WARN] ConditionMgr:1044 - genDependencies : Invalid condition id : Cortex-A Device cause : null
2025-03-06 11:57:47,873 [WARN] ConditionMgr:1044 - genDependencies : Invalid condition id : Cortex-A Device cause : null
2025-03-06 11:57:47,876 [WARN] PackLoader:240 - Cannot read IP mode file for STMicroelectronics.X-CUBE-AI.10.0.0
2025-03-06 11:57:47,881 [WARN] PackLoader:240 - Cannot read IP mode file for STMicroelectronics.FP-SNS-SMARTAG2.1.2.0
2025-03-06 11:57:47,915 [WARN] PackLoader:240 - Cannot read IP mode file for STMicroelectronics.X-CUBE-MEMS1.11.1.0
2025-03-06 11:57:48,035 [INFO] LogOutputStream:77 - [STDOUT_REDIRECT] 1 : Invalid condition id : UX_CORESTACK_Condition cause : null
2025-03-06 11:57:48,036 [INFO] LogOutputStream:77 - [STDOUT_REDIRECT] 1 : Invalid condition id : UX_CORESTACK_Condition cause : null
2025-03-06 11:57:48,040 [INFO] LogOutputStream:77 - [STDOUT_REDIRECT] 1 : Invalid condition id : UX_CORESTACK_Condition cause : null
2025-03-06 11:57:48,041 [INFO] LogOutputStream:77 - [STDOUT_REDIRECT] 1 : Invalid condition id : UX_CORESTACK_Condition cause : null
2025-03-06 11:57:48,042 [INFO] LogOutputStream:77 - [STDOUT_REDIRECT] 1 : Invalid condition id : UX_CORESTACK_Condition cause : null
2025-03-06 11:57:48,045 [WARN] PackLoader:240 - Cannot read IP mode file for STMicroelectronics.X-CUBE-AZRTOS-WL.2.0.0
2025-03-06 11:57:48,050 [WARN] PackLoader:240 - Cannot read IP mode file for STMicroelectronics.FP-SNS-MOTENV1.5.0.0
2025-03-06 11:57:48,057 [WARN] PackLoader:240 - Cannot read IP mode file for WES.I-CUBE-Cesium.1.3.0
2025-03-06 11:57:48,062 [WARN] PackLoader:240 - Cannot read IP mode file for STMicroelectronics.X-CUBE-BLE2.3.3.0
2025-03-06 11:57:48,068 [WARN] PackLoader:240 - Cannot read IP mode file for STMicroelectronics.X-CUBE-NFC9.1.0.0
2025-03-06 11:57:48,074 [WARN] PackLoader:240 - Cannot read IP mode file for STMicroelectronics.X-CUBE-BLE1.7.1.0
2025-03-06 11:57:48,078 [WARN] PackLoader:240 - Cannot read IP mode file for wolfSSL.I-CUBE-wolfMQTT.1.19.2
2025-03-06 11:57:48,090 [WARN] PackLoader:240 - Cannot read IP mode file for STMicroelectronics.X-CUBE-AZRTOS-G0.1.1.0
2025-03-06 11:57:48,097 [WARN] PackLoader:240 - Cannot read IP mode file for STMicroelectronics.X-CUBE-SAFEA1.1.2.2
2025-03-06 11:57:48,102 [WARN] PackLoader:240 - Cannot read IP mode file for STMicroelectronics.X-CUBE-NFC4.3.0.0
2025-03-06 11:57:48,109 [WARN] PackLoader:240 - Cannot read IP mode file for EmbeddedOffice.I-CUBE-FS-RTOS.1.0.1
2025-03-06 11:57:48,111 [WARN] PackLoader:240 - Cannot read IP mode file for wolfSSL.I-CUBE-wolfTPM.3.8.0
2025-03-06 11:57:48,116 [WARN] PackLoader:240 - Cannot read IP mode file for STMicroelectronics.X-CUBE-TCPP.4.2.0
2025-03-06 11:57:48,121 [WARN] PackLoader:240 - Cannot read IP mode file for RealThread.X-CUBE-RT-Thread_Nano.4.1.1
2025-03-06 11:57:48,124 [WARN] PackLoader:240 - Cannot read IP mode file for STMicroelectronics.FP-ATR-SIGFOX1.3.2.0
2025-03-06 11:57:48,129 [WARN] PackLoader:240 - Cannot read IP mode file for STMicroelectronics.X-CUBE-EEPRMA1.5.1.0
2025-03-06 11:57:48,133 [WARN] PackLoader:240 - Cannot read IP mode file for wolfSSL.I-CUBE-wolfSSL.5.7.6
2025-03-06 11:57:48,139 [WARN] PackLoader:240 - Cannot read IP mode file for ITTIA_DB.I-CUBE-ITTIADB.8.9.0
2025-03-06 11:57:48,172 [WARN] PackLoader:240 - Cannot read IP mode file for SEGGER.I-CUBE-embOS.1.3.1
2025-03-06 11:57:48,254 [WARN] PackLoader:240 - Cannot read IP mode file for STMicroelectronics.X-CUBE-ALGOBUILD.1.4.0
2025-03-06 11:57:48,277 [WARN] PackLoader:240 - Cannot read IP mode file for STMicroelectronics.X-CUBE-AZRTOS-F4.1.1.0
2025-03-06 11:57:48,285 [WARN] PackLoader:240 - Cannot read IP mode file for STMicroelectronics.X-CUBE-ISPU.2.1.0
2025-03-06 11:57:48,306 [WARN] PackLoader:240 - Cannot read IP mode file for STMicroelectronics.X-CUBE-AZRTOS-L5.2.0.0
2025-03-06 11:57:48,324 [WARN] PackLoader:240 - Cannot read IP mode file for STMicroelectronics.X-CUBE-NFC6.3.1.0
2025-03-06 11:57:48,333 [WARN] PackLoader:240 - Cannot read IP mode file for STMicroelectronics.X-CUBE-DPower.1.2.0
2025-03-06 11:57:48,339 [WARN] PackLoader:240 - Cannot read IP mode file for STMicroelectronics.X-CUBE-FREERTOS.1.3.0
2025-03-06 11:57:48,346 [WARN] PackLoader:240 - Cannot read IP mode file for STMicroelectronics.X-CUBE-NFC7.1.0.1
2025-03-06 11:57:48,363 [WARN] ConditionMgr:438 - getConditionDescription Invalid condition id : LAN8742 Phy interface Condition cause : null
2025-03-06 11:57:48,365 [WARN] PackLoader:240 - Cannot read IP mode file for STMicroelectronics.X-CUBE-AZRTOS-L4.2.0.0
2025-03-06 11:57:48,365 [WARN] ConditionMgr:1044 - genDependencies : Invalid condition id : LAN8742 Phy interface Condition cause : null
2025-03-06 11:57:48,366 [WARN] ConditionMgr:1044 - genDependencies : Invalid condition id : LAN8742 Phy interface Condition cause : null
2025-03-06 11:57:48,366 [WARN] ConditionMgr:1044 - genDependencies : Invalid condition id : LAN8742 Phy interface Condition cause : null
2025-03-06 11:57:48,379 [WARN] PackLoader:240 - Cannot read IP mode file for STMicroelectronics.X-CUBE-SFXS2LP1.4.0.0
2025-03-06 11:57:48,396 [WARN] PackLoader:240 - Cannot read IP mode file for STMicroelectronics.X-CUBE-AZRTOS-H7.3.3.0
2025-03-06 11:57:48,405 [WARN] ConditionMgr:438 - getConditionDescription Invalid condition id : UX DEVICE CLASS RTOS Condition cause : null
2025-03-06 11:57:48,406 [WARN] ConditionMgr:438 - getConditionDescription Invalid condition id : UX DEVICE CLASS RTOS Condition cause : null
2025-03-06 11:57:48,408 [WARN] PackLoader:240 - Cannot read IP mode file for STMicroelectronics.X-CUBE-AZRTOS-WB.2.0.0
2025-03-06 11:57:48,409 [WARN] ConditionMgr:1044 - genDependencies : Invalid condition id : UX DEVICE CLASS RTOS Condition cause : null
2025-03-06 11:57:48,409 [WARN] ConditionMgr:1044 - genDependencies : Invalid condition id : UX DEVICE CLASS RTOS Condition cause : null
2025-03-06 11:57:48,409 [WARN] ConditionMgr:1044 - genDependencies : Invalid condition id : UX DEVICE CLASS RTOS Condition cause : null
2025-03-06 11:57:48,410 [WARN] ConditionMgr:1044 - genDependencies : Invalid condition id : UX DEVICE CLASS RTOS Condition cause : null
2025-03-06 11:57:48,410 [WARN] ConditionMgr:1044 - genDependencies : Invalid condition id : UX DEVICE CLASS RTOS Condition cause : null
2025-03-06 11:57:48,416 [WARN] PackLoader:240 - Cannot read IP mode file for STMicroelectronics.X-CUBE-GNSS1.7.0.1
2025-03-06 11:57:48,421 [WARN] PackLoader:240 - Cannot read IP mode file for STMicroelectronics.FP-SNS-STBOX1.2.0.0
2025-03-06 11:57:48,431 [WARN] PackLoader:240 - Cannot read IP mode file for STMicroelectronics.X-CUBE-SUBG2.5.0.0
2025-03-06 11:57:48,437 [WARN] PackLoader:240 - Cannot read IP mode file for Cesanta.I-CUBE-Mongoose.7.13.0
2025-03-06 11:57:48,450 [WARN] PackLoader:240 - Cannot read IP mode file for STMicroelectronics.X-CUBE-AZRTOS-G4.2.0.0
2025-03-06 11:57:48,454 [WARN] PackLoader:240 - Cannot read IP mode file for wolfSSL.I-CUBE-wolfSSH.1.4.20
2025-03-06 11:57:48,465 [WARN] PackLoader:240 - Cannot read IP mode file for STMicroelectronics.X-CUBE-IPS.3.1.0
2025-03-06 11:57:48,473 [WARN] PackLoader:240 - Cannot read IP mode file for STMicroelectronics.X-CUBE-ALS.1.0.2
2025-03-06 11:57:48,477 [WARN] PackLoader:240 - Cannot read IP mode file for STMicroelectronics.X-CUBE-TOUCHGFX.4.24.2
2025-03-06 11:57:48,480 [WARN] PackLoader:240 - Cannot read IP mode file for portGmbH.I-Cube-SoM-uGOAL.1.1.0
2025-03-06 11:57:48,494 [WARN] PackLoader:240 - Cannot read IP mode file for STMicroelectronics.X-CUBE-AZRTOS-H7RS.1.0.0
2025-03-06 11:57:48,504 [WARN] PackLoader:240 - Cannot read IP mode file for STMicroelectronics.X-CUBE-TOF1.3.4.2
2025-03-06 11:57:48,512 [INFO] ThirdParty:978 - Integrity check success = true
2025-03-06 11:57:48,513 [INFO] IntegrityCheckThread:100 - exiting critical section [integrity check]
2025-03-06 11:57:48,513 [INFO] IntegrityCheckThread:103 - End integrity checks thread
2025-03-06 23:15:01,154 [ERROR] LogOutputStream:75 - [STDERR_REDIRECT] 
