[10.778s] Invoking command in '/home/marc/ros2_ws/src/thorn_planners': PYTHONPATH=/home/marc/ros2_ws/build/thorn_planners/prefix_override:/usr/lib/python3/dist-packages/colcon_core/task/python/colcon_distutils_commands:/home/marc/ros2_ws/install/thorn_planners/lib/python3.10/site-packages:${PYTHONPATH} /usr/bin/python3 -W ignore:setup.py install is deprecated setup.py egg_info --egg-base ../../build/thorn_planners build --build-base /home/marc/ros2_ws/build/thorn_planners/build install --record /home/marc/ros2_ws/build/thorn_planners/install.log --single-version-externally-managed install_data
[13.781s] running egg_info
[13.794s] writing ../../build/thorn_planners/thorn_planners.egg-info/PKG-INFO
[13.799s] writing dependency_links to ../../build/thorn_planners/thorn_planners.egg-info/dependency_links.txt
[13.800s] writing entry points to ../../build/thorn_planners/thorn_planners.egg-info/entry_points.txt
[13.801s] writing requirements to ../../build/thorn_planners/thorn_planners.egg-info/requires.txt
[13.802s] writing top-level names to ../../build/thorn_planners/thorn_planners.egg-info/top_level.txt
[13.821s] reading manifest file '../../build/thorn_planners/thorn_planners.egg-info/SOURCES.txt'
[13.833s] writing manifest file '../../build/thorn_planners/thorn_planners.egg-info/SOURCES.txt'
[13.835s] running build
[13.839s] running build_py
[13.841s] copying thorn_planners/Flight_Planner_node.py -> /home/marc/ros2_ws/build/thorn_planners/build/lib/thorn_planners
[13.843s] running install
[13.844s] running install_lib
[13.856s] copying /home/marc/ros2_ws/build/thorn_planners/build/lib/thorn_planners/Flight_Planner_node.py -> /home/marc/ros2_ws/install/thorn_planners/lib/python3.10/site-packages/thorn_planners
[13.859s] byte-compiling /home/marc/ros2_ws/install/thorn_planners/lib/python3.10/site-packages/thorn_planners/Flight_Planner_node.py to Flight_Planner_node.cpython-310.pyc
[13.868s] running install_data
[13.870s] running install_egg_info
[13.891s] removing '/home/marc/ros2_ws/install/thorn_planners/lib/python3.10/site-packages/thorn_planners-0.0.0-py3.10.egg-info' (and everything under it)
[13.895s] Copying ../../build/thorn_planners/thorn_planners.egg-info to /home/marc/ros2_ws/install/thorn_planners/lib/python3.10/site-packages/thorn_planners-0.0.0-py3.10.egg-info
[13.911s] running install_scripts
[14.136s] Installing Flight_Planner_node script to /home/marc/ros2_ws/install/thorn_planners/lib/thorn_planners
[14.140s] writing list of installed files to '/home/marc/ros2_ws/build/thorn_planners/install.log'
[14.489s] Invoked command in '/home/marc/ros2_ws/src/thorn_planners' returned '0': PYTHONPATH=/home/marc/ros2_ws/build/thorn_planners/prefix_override:/usr/lib/python3/dist-packages/colcon_core/task/python/colcon_distutils_commands:/home/marc/ros2_ws/install/thorn_planners/lib/python3.10/site-packages:${PYTHONPATH} /usr/bin/python3 -W ignore:setup.py install is deprecated setup.py egg_info --egg-base ../../build/thorn_planners build --build-base /home/marc/ros2_ws/build/thorn_planners/build install --record /home/marc/ros2_ws/build/thorn_planners/install.log --single-version-externally-managed install_data
