[12.142s] Invoking command in '/home/marc/ros2_ws/src/thorn_launchers': PYTHONPATH=/home/marc/ros2_ws/build/thorn_launchers/prefix_override:/usr/lib/python3/dist-packages/colcon_core/task/python/colcon_distutils_commands:/home/marc/ros2_ws/install/thorn_launchers/lib/python3.10/site-packages:${PYTHONPATH} /usr/bin/python3 -W ignore:setup.py install is deprecated setup.py egg_info --egg-base ../../build/thorn_launchers build --build-base /home/marc/ros2_ws/build/thorn_launchers/build install --record /home/marc/ros2_ws/build/thorn_launchers/install.log --single-version-externally-managed install_data
[15.564s] running egg_info
[15.572s] writing ../../build/thorn_launchers/thorn_launchers.egg-info/PKG-INFO
[15.578s] writing dependency_links to ../../build/thorn_launchers/thorn_launchers.egg-info/dependency_links.txt
[15.583s] writing entry points to ../../build/thorn_launchers/thorn_launchers.egg-info/entry_points.txt
[15.585s] writing requirements to ../../build/thorn_launchers/thorn_launchers.egg-info/requires.txt
[15.587s] writing top-level names to ../../build/thorn_launchers/thorn_launchers.egg-info/top_level.txt
[15.610s] reading manifest file '../../build/thorn_launchers/thorn_launchers.egg-info/SOURCES.txt'
[15.625s] writing manifest file '../../build/thorn_launchers/thorn_launchers.egg-info/SOURCES.txt'
[15.630s] running build
[15.632s] running build_py
[15.639s] running install
[15.643s] running install_lib
[15.659s] running install_data
[15.664s] running install_egg_info
[15.685s] removing '/home/marc/ros2_ws/install/thorn_launchers/lib/python3.10/site-packages/thorn_launchers-0.0.0-py3.10.egg-info' (and everything under it)
[15.692s] Copying ../../build/thorn_launchers/thorn_launchers.egg-info to /home/marc/ros2_ws/install/thorn_launchers/lib/python3.10/site-packages/thorn_launchers-0.0.0-py3.10.egg-info
[15.713s] running install_scripts
[15.988s] writing list of installed files to '/home/marc/ros2_ws/build/thorn_launchers/install.log'
[16.354s] Invoked command in '/home/marc/ros2_ws/src/thorn_launchers' returned '0': PYTHONPATH=/home/marc/ros2_ws/build/thorn_launchers/prefix_override:/usr/lib/python3/dist-packages/colcon_core/task/python/colcon_distutils_commands:/home/marc/ros2_ws/install/thorn_launchers/lib/python3.10/site-packages:${PYTHONPATH} /usr/bin/python3 -W ignore:setup.py install is deprecated setup.py egg_info --egg-base ../../build/thorn_launchers build --build-base /home/marc/ros2_ws/build/thorn_launchers/build install --record /home/marc/ros2_ws/build/thorn_launchers/install.log --single-version-externally-managed install_data
