[3.375s] Invoking command in '/home/marc/ros2_ws/build/thorn_drivers': CMAKE_PREFIX_PATH=${CMAKE_PREFIX_PATH}:/home/marc/ros2_ws/install/thorn_planners:/home/marc/ros2_ws/install/thorn_launchers:/home/marc/ros2_ws/install/test_stand:/opt/ros/iron /usr/bin/cmake --build /home/marc/ros2_ws/build/thorn_drivers -- -j4 -l4
[5.502s] [100%] Built target Servo_Driver_node
[6.961s] Invoked command in '/home/marc/ros2_ws/build/thorn_drivers' returned '0': CMAKE_PREFIX_PATH=${CMAKE_PREFIX_PATH}:/home/marc/ros2_ws/install/thorn_planners:/home/marc/ros2_ws/install/thorn_launchers:/home/marc/ros2_ws/install/test_stand:/opt/ros/iron /usr/bin/cmake --build /home/marc/ros2_ws/build/thorn_drivers -- -j4 -l4
[7.418s] Invoking command in '/home/marc/ros2_ws/build/thorn_drivers': CMAKE_PREFIX_PATH=${CMAKE_PREFIX_PATH}:/home/marc/ros2_ws/install/thorn_planners:/home/marc/ros2_ws/install/thorn_launchers:/home/marc/ros2_ws/install/test_stand:/opt/ros/iron /usr/bin/cmake --install /home/marc/ros2_ws/build/thorn_drivers
[7.596s] -- Install configuration: ""
[7.617s] -- Up-to-date: /home/marc/ros2_ws/install/thorn_drivers/lib/thorn_drivers/Servo_Driver_node
[7.619s] -- Up-to-date: /home/marc/ros2_ws/install/thorn_drivers/share/ament_index/resource_index/package_run_dependencies/thorn_drivers
[7.630s] -- Up-to-date: /home/marc/ros2_ws/install/thorn_drivers/share/ament_index/resource_index/parent_prefix_path/thorn_drivers
[7.637s] -- Up-to-date: /home/marc/ros2_ws/install/thorn_drivers/share/thorn_drivers/environment/ament_prefix_path.sh
[7.642s] -- Up-to-date: /home/marc/ros2_ws/install/thorn_drivers/share/thorn_drivers/environment/ament_prefix_path.dsv
[7.649s] -- Up-to-date: /home/marc/ros2_ws/install/thorn_drivers/share/thorn_drivers/environment/path.sh
[7.652s] -- Up-to-date: /home/marc/ros2_ws/install/thorn_drivers/share/thorn_drivers/environment/path.dsv
[7.660s] -- Up-to-date: /home/marc/ros2_ws/install/thorn_drivers/share/thorn_drivers/local_setup.bash
[7.666s] -- Up-to-date: /home/marc/ros2_ws/install/thorn_drivers/share/thorn_drivers/local_setup.sh
[7.671s] -- Up-to-date: /home/marc/ros2_ws/install/thorn_drivers/share/thorn_drivers/local_setup.zsh
[7.674s] -- Up-to-date: /home/marc/ros2_ws/install/thorn_drivers/share/thorn_drivers/local_setup.dsv
[7.679s] -- Installing: /home/marc/ros2_ws/install/thorn_drivers/share/thorn_drivers/package.dsv
[7.685s] -- Up-to-date: /home/marc/ros2_ws/install/thorn_drivers/share/ament_index/resource_index/packages/thorn_drivers
[7.688s] -- Up-to-date: /home/marc/ros2_ws/install/thorn_drivers/share/thorn_drivers/cmake/thorn_driversConfig.cmake
[7.689s] -- Up-to-date: /home/marc/ros2_ws/install/thorn_drivers/share/thorn_drivers/cmake/thorn_driversConfig-version.cmake
[7.691s] -- Up-to-date: /home/marc/ros2_ws/install/thorn_drivers/share/thorn_drivers/package.xml
[7.844s] Invoked command in '/home/marc/ros2_ws/build/thorn_drivers' returned '0': CMAKE_PREFIX_PATH=${CMAKE_PREFIX_PATH}:/home/marc/ros2_ws/install/thorn_planners:/home/marc/ros2_ws/install/thorn_launchers:/home/marc/ros2_ws/install/test_stand:/opt/ros/iron /usr/bin/cmake --install /home/marc/ros2_ws/build/thorn_drivers
