[3.655s] Invoking command in '/home/marc/ros2_ws/build/thorn_drivers': CMAKE_PREFIX_PATH=${CMAKE_PREFIX_PATH}:/home/marc/ros2_ws/install/thorn_planners:/home/marc/ros2_ws/install/thorn_launchers:/home/marc/ros2_ws/install/test_stand:/opt/ros/iron /usr/bin/cmake --build /home/marc/ros2_ws/build/thorn_drivers -- -j4 -l4
[6.074s] [100%] Built target Servo_Driver_node
[7.054s] Invoked command in '/home/marc/ros2_ws/build/thorn_drivers' returned '0': CMAKE_PREFIX_PATH=${CMAKE_PREFIX_PATH}:/home/marc/ros2_ws/install/thorn_planners:/home/marc/ros2_ws/install/thorn_launchers:/home/marc/ros2_ws/install/test_stand:/opt/ros/iron /usr/bin/cmake --build /home/marc/ros2_ws/build/thorn_drivers -- -j4 -l4
[7.420s] Invoking command in '/home/marc/ros2_ws/build/thorn_drivers': CMAKE_PREFIX_PATH=${CMAKE_PREFIX_PATH}:/home/marc/ros2_ws/install/thorn_planners:/home/marc/ros2_ws/install/thorn_launchers:/home/marc/ros2_ws/install/test_stand:/opt/ros/iron /usr/bin/cmake --install /home/marc/ros2_ws/build/thorn_drivers
[7.527s] -- Install configuration: ""
[7.545s] -- Up-to-date: /home/marc/ros2_ws/install/thorn_drivers/lib/thorn_drivers/Servo_Driver_node
[7.555s] -- Up-to-date: /home/marc/ros2_ws/install/thorn_drivers/share/ament_index/resource_index/package_run_dependencies/thorn_drivers
[7.570s] -- Up-to-date: /home/marc/ros2_ws/install/thorn_drivers/share/ament_index/resource_index/parent_prefix_path/thorn_drivers
[7.574s] -- Up-to-date: /home/marc/ros2_ws/install/thorn_drivers/share/thorn_drivers/environment/ament_prefix_path.sh
[7.576s] -- Up-to-date: /home/marc/ros2_ws/install/thorn_drivers/share/thorn_drivers/environment/ament_prefix_path.dsv
[7.579s] -- Up-to-date: /home/marc/ros2_ws/install/thorn_drivers/share/thorn_drivers/environment/path.sh
[7.581s] -- Up-to-date: /home/marc/ros2_ws/install/thorn_drivers/share/thorn_drivers/environment/path.dsv
[7.583s] -- Up-to-date: /home/marc/ros2_ws/install/thorn_drivers/share/thorn_drivers/local_setup.bash
[7.586s] -- Up-to-date: /home/marc/ros2_ws/install/thorn_drivers/share/thorn_drivers/local_setup.sh
[7.592s] -- Up-to-date: /home/marc/ros2_ws/install/thorn_drivers/share/thorn_drivers/local_setup.zsh
[7.594s] -- Up-to-date: /home/marc/ros2_ws/install/thorn_drivers/share/thorn_drivers/local_setup.dsv
[7.597s] -- Installing: /home/marc/ros2_ws/install/thorn_drivers/share/thorn_drivers/package.dsv
[7.599s] -- Up-to-date: /home/marc/ros2_ws/install/thorn_drivers/share/ament_index/resource_index/packages/thorn_drivers
[7.601s] -- Up-to-date: /home/marc/ros2_ws/install/thorn_drivers/share/thorn_drivers/cmake/thorn_driversConfig.cmake
[7.603s] -- Up-to-date: /home/marc/ros2_ws/install/thorn_drivers/share/thorn_drivers/cmake/thorn_driversConfig-version.cmake
[7.605s] -- Up-to-date: /home/marc/ros2_ws/install/thorn_drivers/share/thorn_drivers/package.xml
[7.786s] Invoked command in '/home/marc/ros2_ws/build/thorn_drivers' returned '0': CMAKE_PREFIX_PATH=${CMAKE_PREFIX_PATH}:/home/marc/ros2_ws/install/thorn_planners:/home/marc/ros2_ws/install/thorn_launchers:/home/marc/ros2_ws/install/test_stand:/opt/ros/iron /usr/bin/cmake --install /home/marc/ros2_ws/build/thorn_drivers
