[6.911s] Invoking command in '/home/marc/ros2_ws/src/thorn_planners': PYTHONPATH=/home/marc/ros2_ws/build/thorn_planners/prefix_override:/usr/lib/python3/dist-packages/colcon_core/task/python/colcon_distutils_commands:/home/marc/ros2_ws/install/thorn_planners/lib/python3.10/site-packages:${PYTHONPATH} /usr/bin/python3 -W ignore:setup.py install is deprecated setup.py egg_info --egg-base ../../build/thorn_planners build --build-base /home/marc/ros2_ws/build/thorn_planners/build install --record /home/marc/ros2_ws/build/thorn_planners/install.log --single-version-externally-managed install_data
[9.579s] running egg_info
[9.585s] writing ../../build/thorn_planners/thorn_planners.egg-info/PKG-INFO
[9.588s] writing dependency_links to ../../build/thorn_planners/thorn_planners.egg-info/dependency_links.txt
[9.590s] writing entry points to ../../build/thorn_planners/thorn_planners.egg-info/entry_points.txt
[9.593s] writing requirements to ../../build/thorn_planners/thorn_planners.egg-info/requires.txt
[9.594s] writing top-level names to ../../build/thorn_planners/thorn_planners.egg-info/top_level.txt
[9.613s] reading manifest file '../../build/thorn_planners/thorn_planners.egg-info/SOURCES.txt'
[9.625s] writing manifest file '../../build/thorn_planners/thorn_planners.egg-info/SOURCES.txt'
[9.626s] running build
[9.628s] running build_py
[9.629s] copying thorn_planners/Flight_Planner_node.py -> /home/marc/ros2_ws/build/thorn_planners/build/lib/thorn_planners
[9.632s] running install
[9.635s] running install_lib
[9.643s] copying /home/marc/ros2_ws/build/thorn_planners/build/lib/thorn_planners/Flight_Planner_node.py -> /home/marc/ros2_ws/install/thorn_planners/lib/python3.10/site-packages/thorn_planners
[9.649s] byte-compiling /home/marc/ros2_ws/install/thorn_planners/lib/python3.10/site-packages/thorn_planners/Flight_Planner_node.py to Flight_Planner_node.cpython-310.pyc
[9.657s] running install_data
[9.659s] running install_egg_info
[9.676s] removing '/home/marc/ros2_ws/install/thorn_planners/lib/python3.10/site-packages/thorn_planners-0.0.0-py3.10.egg-info' (and everything under it)
[9.680s] Copying ../../build/thorn_planners/thorn_planners.egg-info to /home/marc/ros2_ws/install/thorn_planners/lib/python3.10/site-packages/thorn_planners-0.0.0-py3.10.egg-info
[9.693s] running install_scripts
[9.896s] Installing Flight_Planner_node script to /home/marc/ros2_ws/install/thorn_planners/lib/thorn_planners
[9.900s] writing list of installed files to '/home/marc/ros2_ws/build/thorn_planners/install.log'
[10.166s] Invoked command in '/home/marc/ros2_ws/src/thorn_planners' returned '0': PYTHONPATH=/home/marc/ros2_ws/build/thorn_planners/prefix_override:/usr/lib/python3/dist-packages/colcon_core/task/python/colcon_distutils_commands:/home/marc/ros2_ws/install/thorn_planners/lib/python3.10/site-packages:${PYTHONPATH} /usr/bin/python3 -W ignore:setup.py install is deprecated setup.py egg_info --egg-base ../../build/thorn_planners build --build-base /home/marc/ros2_ws/build/thorn_planners/build install --record /home/marc/ros2_ws/build/thorn_planners/install.log --single-version-externally-managed install_data
