[9.336s] Invoking command in '/home/marc/ros2_ws/src/thorn_planners': PYTHONPATH=/home/marc/ros2_ws/build/thorn_planners/prefix_override:/usr/lib/python3/dist-packages/colcon_core/task/python/colcon_distutils_commands:/home/marc/ros2_ws/install/thorn_planners/lib/python3.10/site-packages:${PYTHONPATH} /usr/bin/python3 -W ignore:setup.py install is deprecated setup.py egg_info --egg-base ../../build/thorn_planners build --build-base /home/marc/ros2_ws/build/thorn_planners/build install --record /home/marc/ros2_ws/build/thorn_planners/install.log --single-version-externally-managed install_data
[12.106s] running egg_info
[12.115s] writing ../../build/thorn_planners/thorn_planners.egg-info/PKG-INFO
[12.116s] writing dependency_links to ../../build/thorn_planners/thorn_planners.egg-info/dependency_links.txt
[12.118s] writing entry points to ../../build/thorn_planners/thorn_planners.egg-info/entry_points.txt
[12.120s] writing requirements to ../../build/thorn_planners/thorn_planners.egg-info/requires.txt
[12.121s] writing top-level names to ../../build/thorn_planners/thorn_planners.egg-info/top_level.txt
[12.141s] reading manifest file '../../build/thorn_planners/thorn_planners.egg-info/SOURCES.txt'
[12.151s] writing manifest file '../../build/thorn_planners/thorn_planners.egg-info/SOURCES.txt'
[12.153s] running build
[12.154s] running build_py
[12.157s] running install
[12.160s] running install_lib
[12.172s] running install_data
[12.174s] running install_egg_info
[12.192s] removing '/home/marc/ros2_ws/install/thorn_planners/lib/python3.10/site-packages/thorn_planners-0.0.0-py3.10.egg-info' (and everything under it)
[12.197s] Copying ../../build/thorn_planners/thorn_planners.egg-info to /home/marc/ros2_ws/install/thorn_planners/lib/python3.10/site-packages/thorn_planners-0.0.0-py3.10.egg-info
[12.212s] running install_scripts
[12.417s] Installing Flight_Planner_node script to /home/marc/ros2_ws/install/thorn_planners/lib/thorn_planners
[12.421s] writing list of installed files to '/home/marc/ros2_ws/build/thorn_planners/install.log'
[12.688s] Invoked command in '/home/marc/ros2_ws/src/thorn_planners' returned '0': PYTHONPATH=/home/marc/ros2_ws/build/thorn_planners/prefix_override:/usr/lib/python3/dist-packages/colcon_core/task/python/colcon_distutils_commands:/home/marc/ros2_ws/install/thorn_planners/lib/python3.10/site-packages:${PYTHONPATH} /usr/bin/python3 -W ignore:setup.py install is deprecated setup.py egg_info --egg-base ../../build/thorn_planners build --build-base /home/marc/ros2_ws/build/thorn_planners/build install --record /home/marc/ros2_ws/build/thorn_planners/install.log --single-version-externally-managed install_data
