[1.764s] DEBUG:colcon:Command line arguments: ['/usr/bin/colcon', 'build']
[1.765s] DEBUG:colcon:Parsed command line arguments: Namespace(log_base=None, log_level=None, verb_name='build', build_base='build', install_base='install', merge_install=False, symlink_install=False, test_result_base=None, continue_on_error=False, executor='parallel', parallel_workers=4, event_handlers=None, ignore_user_meta=False, metas=['./colcon.meta'], base_paths=['.'], packages_ignore=None, packages_ignore_regex=None, paths=None, packages_up_to=None, packages_up_to_regex=None, packages_above=None, packages_above_and_dependencies=None, packages_above_depth=None, packages_select_by_dep=None, packages_skip_by_dep=None, packages_skip_up_to=None, packages_select_build_failed=False, packages_skip_build_finished=False, packages_select_test_failures=False, packages_skip_test_passed=False, packages_select=None, packages_skip=None, packages_select_regex=None, packages_skip_regex=None, packages_start=None, packages_end=None, allow_overriding=[], cmake_args=None, cmake_target=None, cmake_target_skip_unavailable=False, cmake_clean_cache=False, cmake_clean_first=False, cmake_force_configure=False, ament_cmake_args=None, catkin_cmake_args=None, catkin_skip_building_tests=False, mixin_files=None, mixin=None, verb_parser=<colcon_mixin.mixin.mixin_argument.MixinArgumentDecorator object at 0xffff8e734970>, verb_extension=<colcon_core.verb.build.BuildVerb object at 0xffff8e8710c0>, main=<bound method BuildVerb.main of <colcon_core.verb.build.BuildVerb object at 0xffff8e8710c0>>, mixin_verb=('build',))
[4.106s] Level 1:colcon.colcon_core.package_discovery:discover_packages(colcon_meta) check parameters
[4.107s] Level 1:colcon.colcon_core.package_discovery:discover_packages(recursive) check parameters
[4.107s] Level 1:colcon.colcon_core.package_discovery:discover_packages(ignore) check parameters
[4.107s] Level 1:colcon.colcon_core.package_discovery:discover_packages(path) check parameters
[4.108s] Level 1:colcon.colcon_core.package_discovery:discover_packages(colcon_meta) discover
[4.108s] Level 1:colcon.colcon_core.package_discovery:discover_packages(recursive) discover
[4.109s] INFO:colcon.colcon_core.package_discovery:Crawling recursively for packages in '/home/marc/ros2_ws'
[4.110s] Level 1:colcon.colcon_core.package_identification:_identify(.) by extensions ['ignore', 'ignore_ament_install']
[4.111s] Level 1:colcon.colcon_core.package_identification:_identify(.) by extension 'ignore'
[4.112s] Level 1:colcon.colcon_core.package_identification:_identify(.) by extension 'ignore_ament_install'
[4.112s] Level 1:colcon.colcon_core.package_identification:_identify(.) by extensions ['colcon_pkg']
[4.113s] Level 1:colcon.colcon_core.package_identification:_identify(.) by extension 'colcon_pkg'
[4.113s] Level 1:colcon.colcon_core.package_identification:_identify(.) by extensions ['colcon_meta']
[4.114s] Level 1:colcon.colcon_core.package_identification:_identify(.) by extension 'colcon_meta'
[4.114s] Level 1:colcon.colcon_core.package_identification:_identify(.) by extensions ['ros']
[4.115s] Level 1:colcon.colcon_core.package_identification:_identify(.) by extension 'ros'
[4.281s] Level 1:colcon.colcon_core.package_identification:_identify(.) by extensions ['cmake', 'python']
[4.281s] Level 1:colcon.colcon_core.package_identification:_identify(.) by extension 'cmake'
[4.282s] Level 1:colcon.colcon_core.package_identification:_identify(.) by extension 'python'
[4.282s] Level 1:colcon.colcon_core.package_identification:_identify(.) by extensions ['python_setup_py']
[4.283s] Level 1:colcon.colcon_core.package_identification:_identify(.) by extension 'python_setup_py'
[4.284s] Level 1:colcon.colcon_core.package_identification:_identify(build) by extensions ['ignore', 'ignore_ament_install']
[4.285s] Level 1:colcon.colcon_core.package_identification:_identify(build) by extension 'ignore'
[4.286s] Level 1:colcon.colcon_core.package_identification:_identify(build) ignored
[4.287s] Level 1:colcon.colcon_core.package_identification:_identify(install) by extensions ['ignore', 'ignore_ament_install']
[4.288s] Level 1:colcon.colcon_core.package_identification:_identify(install) by extension 'ignore'
[4.289s] Level 1:colcon.colcon_core.package_identification:_identify(install) ignored
[4.291s] Level 1:colcon.colcon_core.package_identification:_identify(log) by extensions ['ignore', 'ignore_ament_install']
[4.292s] Level 1:colcon.colcon_core.package_identification:_identify(log) by extension 'ignore'
[4.293s] Level 1:colcon.colcon_core.package_identification:_identify(log) ignored
[4.294s] Level 1:colcon.colcon_core.package_identification:_identify(src) by extensions ['ignore', 'ignore_ament_install']
[4.295s] Level 1:colcon.colcon_core.package_identification:_identify(src) by extension 'ignore'
[4.295s] Level 1:colcon.colcon_core.package_identification:_identify(src) by extension 'ignore_ament_install'
[4.296s] Level 1:colcon.colcon_core.package_identification:_identify(src) by extensions ['colcon_pkg']
[4.296s] Level 1:colcon.colcon_core.package_identification:_identify(src) by extension 'colcon_pkg'
[4.297s] Level 1:colcon.colcon_core.package_identification:_identify(src) by extensions ['colcon_meta']
[4.297s] Level 1:colcon.colcon_core.package_identification:_identify(src) by extension 'colcon_meta'
[4.298s] Level 1:colcon.colcon_core.package_identification:_identify(src) by extensions ['ros']
[4.298s] Level 1:colcon.colcon_core.package_identification:_identify(src) by extension 'ros'
[4.300s] Level 1:colcon.colcon_core.package_identification:_identify(src) by extensions ['cmake', 'python']
[4.300s] Level 1:colcon.colcon_core.package_identification:_identify(src) by extension 'cmake'
[4.301s] Level 1:colcon.colcon_core.package_identification:_identify(src) by extension 'python'
[4.301s] Level 1:colcon.colcon_core.package_identification:_identify(src) by extensions ['python_setup_py']
[4.301s] Level 1:colcon.colcon_core.package_identification:_identify(src) by extension 'python_setup_py'
[4.304s] Level 1:colcon.colcon_core.package_identification:_identify(src/thorn_controllers) by extensions ['ignore', 'ignore_ament_install']
[4.305s] Level 1:colcon.colcon_core.package_identification:_identify(src/thorn_controllers) by extension 'ignore'
[4.306s] Level 1:colcon.colcon_core.package_identification:_identify(src/thorn_controllers) by extension 'ignore_ament_install'
[4.307s] Level 1:colcon.colcon_core.package_identification:_identify(src/thorn_controllers) by extensions ['colcon_pkg']
[4.307s] Level 1:colcon.colcon_core.package_identification:_identify(src/thorn_controllers) by extension 'colcon_pkg'
[4.308s] Level 1:colcon.colcon_core.package_identification:_identify(src/thorn_controllers) by extensions ['colcon_meta']
[4.308s] Level 1:colcon.colcon_core.package_identification:_identify(src/thorn_controllers) by extension 'colcon_meta'
[4.309s] Level 1:colcon.colcon_core.package_identification:_identify(src/thorn_controllers) by extensions ['ros']
[4.309s] Level 1:colcon.colcon_core.package_identification:_identify(src/thorn_controllers) by extension 'ros'
[4.340s] DEBUG:colcon.colcon_core.package_identification:Package 'src/thorn_controllers' with type 'ros.ament_cmake' and name 'thorn_controllers'
[4.343s] Level 1:colcon.colcon_core.package_identification:_identify(src/thorn_drivers) by extensions ['ignore', 'ignore_ament_install']
[4.344s] Level 1:colcon.colcon_core.package_identification:_identify(src/thorn_drivers) by extension 'ignore'
[4.345s] Level 1:colcon.colcon_core.package_identification:_identify(src/thorn_drivers) by extension 'ignore_ament_install'
[4.346s] Level 1:colcon.colcon_core.package_identification:_identify(src/thorn_drivers) by extensions ['colcon_pkg']
[4.346s] Level 1:colcon.colcon_core.package_identification:_identify(src/thorn_drivers) by extension 'colcon_pkg'
[4.347s] Level 1:colcon.colcon_core.package_identification:_identify(src/thorn_drivers) by extensions ['colcon_meta']
[4.347s] Level 1:colcon.colcon_core.package_identification:_identify(src/thorn_drivers) by extension 'colcon_meta'
[4.348s] Level 1:colcon.colcon_core.package_identification:_identify(src/thorn_drivers) by extensions ['ros']
[4.348s] Level 1:colcon.colcon_core.package_identification:_identify(src/thorn_drivers) by extension 'ros'
[4.355s] DEBUG:colcon.colcon_core.package_identification:Package 'src/thorn_drivers' with type 'ros.ament_cmake' and name 'thorn_drivers'
[4.358s] Level 1:colcon.colcon_core.package_identification:_identify(src/thorn_launchers) by extensions ['ignore', 'ignore_ament_install']
[4.360s] Level 1:colcon.colcon_core.package_identification:_identify(src/thorn_launchers) by extension 'ignore'
[4.360s] Level 1:colcon.colcon_core.package_identification:_identify(src/thorn_launchers) by extension 'ignore_ament_install'
[4.361s] Level 1:colcon.colcon_core.package_identification:_identify(src/thorn_launchers) by extensions ['colcon_pkg']
[4.362s] Level 1:colcon.colcon_core.package_identification:_identify(src/thorn_launchers) by extension 'colcon_pkg'
[4.362s] Level 1:colcon.colcon_core.package_identification:_identify(src/thorn_launchers) by extensions ['colcon_meta']
[4.363s] Level 1:colcon.colcon_core.package_identification:_identify(src/thorn_launchers) by extension 'colcon_meta'
[4.363s] Level 1:colcon.colcon_core.package_identification:_identify(src/thorn_launchers) by extensions ['ros']
[4.364s] Level 1:colcon.colcon_core.package_identification:_identify(src/thorn_launchers) by extension 'ros'
[4.373s] DEBUG:colcon.colcon_core.package_identification:Package 'src/thorn_launchers' with type 'ros.ament_python' and name 'thorn_launchers'
[4.374s] Level 1:colcon.colcon_core.package_identification:_identify(src/thorn_planners) by extensions ['ignore', 'ignore_ament_install']
[4.375s] Level 1:colcon.colcon_core.package_identification:_identify(src/thorn_planners) by extension 'ignore'
[4.376s] Level 1:colcon.colcon_core.package_identification:_identify(src/thorn_planners) by extension 'ignore_ament_install'
[4.377s] Level 1:colcon.colcon_core.package_identification:_identify(src/thorn_planners) by extensions ['colcon_pkg']
[4.378s] Level 1:colcon.colcon_core.package_identification:_identify(src/thorn_planners) by extension 'colcon_pkg'
[4.378s] Level 1:colcon.colcon_core.package_identification:_identify(src/thorn_planners) by extensions ['colcon_meta']
[4.379s] Level 1:colcon.colcon_core.package_identification:_identify(src/thorn_planners) by extension 'colcon_meta'
[4.379s] Level 1:colcon.colcon_core.package_identification:_identify(src/thorn_planners) by extensions ['ros']
[4.380s] Level 1:colcon.colcon_core.package_identification:_identify(src/thorn_planners) by extension 'ros'
[4.390s] DEBUG:colcon.colcon_core.package_identification:Package 'src/thorn_planners' with type 'ros.ament_python' and name 'thorn_planners'
[4.390s] Level 1:colcon.colcon_core.package_discovery:discover_packages(recursive) using defaults
[4.391s] Level 1:colcon.colcon_core.package_discovery:discover_packages(ignore) discover
[4.391s] Level 1:colcon.colcon_core.package_discovery:discover_packages(ignore) using defaults
[4.392s] Level 1:colcon.colcon_core.package_discovery:discover_packages(path) discover
[4.392s] Level 1:colcon.colcon_core.package_discovery:discover_packages(path) using defaults
[4.662s] Level 1:colcon.colcon_core.package_discovery:discover_packages(prefix_path) check parameters
[4.662s] Level 1:colcon.colcon_core.package_discovery:discover_packages(prefix_path) discover
[4.698s] DEBUG:colcon.colcon_installed_package_information.package_discovery:Found 4 installed packages in /home/marc/ros2_ws/install
[4.716s] DEBUG:colcon.colcon_installed_package_information.package_discovery:Found 194 installed packages in /opt/ros/iron
[4.730s] Level 1:colcon.colcon_core.package_discovery:discover_packages(prefix_path) using defaults
[5.439s] Level 5:colcon.colcon_core.verb:set package 'thorn_controllers' build argument 'cmake_args' from command line to 'None'
[5.440s] Level 5:colcon.colcon_core.verb:set package 'thorn_controllers' build argument 'cmake_target' from command line to 'None'
[5.440s] Level 5:colcon.colcon_core.verb:set package 'thorn_controllers' build argument 'cmake_target_skip_unavailable' from command line to 'False'
[5.441s] Level 5:colcon.colcon_core.verb:set package 'thorn_controllers' build argument 'cmake_clean_cache' from command line to 'False'
[5.441s] Level 5:colcon.colcon_core.verb:set package 'thorn_controllers' build argument 'cmake_clean_first' from command line to 'False'
[5.441s] Level 5:colcon.colcon_core.verb:set package 'thorn_controllers' build argument 'cmake_force_configure' from command line to 'False'
[5.441s] Level 5:colcon.colcon_core.verb:set package 'thorn_controllers' build argument 'ament_cmake_args' from command line to 'None'
[5.442s] Level 5:colcon.colcon_core.verb:set package 'thorn_controllers' build argument 'catkin_cmake_args' from command line to 'None'
[5.442s] Level 5:colcon.colcon_core.verb:set package 'thorn_controllers' build argument 'catkin_skip_building_tests' from command line to 'False'
[5.442s] DEBUG:colcon.colcon_core.verb:Building package 'thorn_controllers' with the following arguments: {'ament_cmake_args': None, 'build_base': '/home/marc/ros2_ws/build/thorn_controllers', 'catkin_cmake_args': None, 'catkin_skip_building_tests': False, 'cmake_args': None, 'cmake_clean_cache': False, 'cmake_clean_first': False, 'cmake_force_configure': False, 'cmake_target': None, 'cmake_target_skip_unavailable': False, 'install_base': '/home/marc/ros2_ws/install/thorn_controllers', 'merge_install': False, 'path': '/home/marc/ros2_ws/src/thorn_controllers', 'symlink_install': False, 'test_result_base': None}
[5.447s] Level 5:colcon.colcon_core.verb:set package 'thorn_drivers' build argument 'cmake_args' from command line to 'None'
[5.447s] Level 5:colcon.colcon_core.verb:set package 'thorn_drivers' build argument 'cmake_target' from command line to 'None'
[5.447s] Level 5:colcon.colcon_core.verb:set package 'thorn_drivers' build argument 'cmake_target_skip_unavailable' from command line to 'False'
[5.448s] Level 5:colcon.colcon_core.verb:set package 'thorn_drivers' build argument 'cmake_clean_cache' from command line to 'False'
[5.448s] Level 5:colcon.colcon_core.verb:set package 'thorn_drivers' build argument 'cmake_clean_first' from command line to 'False'
[5.448s] Level 5:colcon.colcon_core.verb:set package 'thorn_drivers' build argument 'cmake_force_configure' from command line to 'False'
[5.449s] Level 5:colcon.colcon_core.verb:set package 'thorn_drivers' build argument 'ament_cmake_args' from command line to 'None'
[5.449s] Level 5:colcon.colcon_core.verb:set package 'thorn_drivers' build argument 'catkin_cmake_args' from command line to 'None'
[5.449s] Level 5:colcon.colcon_core.verb:set package 'thorn_drivers' build argument 'catkin_skip_building_tests' from command line to 'False'
[5.450s] DEBUG:colcon.colcon_core.verb:Building package 'thorn_drivers' with the following arguments: {'ament_cmake_args': None, 'build_base': '/home/marc/ros2_ws/build/thorn_drivers', 'catkin_cmake_args': None, 'catkin_skip_building_tests': False, 'cmake_args': None, 'cmake_clean_cache': False, 'cmake_clean_first': False, 'cmake_force_configure': False, 'cmake_target': None, 'cmake_target_skip_unavailable': False, 'install_base': '/home/marc/ros2_ws/install/thorn_drivers', 'merge_install': False, 'path': '/home/marc/ros2_ws/src/thorn_drivers', 'symlink_install': False, 'test_result_base': None}
[5.454s] Level 5:colcon.colcon_core.verb:set package 'thorn_launchers' build argument 'cmake_args' from command line to 'None'
[5.454s] Level 5:colcon.colcon_core.verb:set package 'thorn_launchers' build argument 'cmake_target' from command line to 'None'
[5.455s] Level 5:colcon.colcon_core.verb:set package 'thorn_launchers' build argument 'cmake_target_skip_unavailable' from command line to 'False'
[5.455s] Level 5:colcon.colcon_core.verb:set package 'thorn_launchers' build argument 'cmake_clean_cache' from command line to 'False'
[5.455s] Level 5:colcon.colcon_core.verb:set package 'thorn_launchers' build argument 'cmake_clean_first' from command line to 'False'
[5.456s] Level 5:colcon.colcon_core.verb:set package 'thorn_launchers' build argument 'cmake_force_configure' from command line to 'False'
[5.456s] Level 5:colcon.colcon_core.verb:set package 'thorn_launchers' build argument 'ament_cmake_args' from command line to 'None'
[5.456s] Level 5:colcon.colcon_core.verb:set package 'thorn_launchers' build argument 'catkin_cmake_args' from command line to 'None'
[5.456s] Level 5:colcon.colcon_core.verb:set package 'thorn_launchers' build argument 'catkin_skip_building_tests' from command line to 'False'
[5.457s] DEBUG:colcon.colcon_core.verb:Building package 'thorn_launchers' with the following arguments: {'ament_cmake_args': None, 'build_base': '/home/marc/ros2_ws/build/thorn_launchers', 'catkin_cmake_args': None, 'catkin_skip_building_tests': False, 'cmake_args': None, 'cmake_clean_cache': False, 'cmake_clean_first': False, 'cmake_force_configure': False, 'cmake_target': None, 'cmake_target_skip_unavailable': False, 'install_base': '/home/marc/ros2_ws/install/thorn_launchers', 'merge_install': False, 'path': '/home/marc/ros2_ws/src/thorn_launchers', 'symlink_install': False, 'test_result_base': None}
[5.461s] Level 5:colcon.colcon_core.verb:set package 'thorn_planners' build argument 'cmake_args' from command line to 'None'
[5.461s] Level 5:colcon.colcon_core.verb:set package 'thorn_planners' build argument 'cmake_target' from command line to 'None'
[5.462s] Level 5:colcon.colcon_core.verb:set package 'thorn_planners' build argument 'cmake_target_skip_unavailable' from command line to 'False'
[5.462s] Level 5:colcon.colcon_core.verb:set package 'thorn_planners' build argument 'cmake_clean_cache' from command line to 'False'
[5.462s] Level 5:colcon.colcon_core.verb:set package 'thorn_planners' build argument 'cmake_clean_first' from command line to 'False'
[5.463s] Level 5:colcon.colcon_core.verb:set package 'thorn_planners' build argument 'cmake_force_configure' from command line to 'False'
[5.463s] Level 5:colcon.colcon_core.verb:set package 'thorn_planners' build argument 'ament_cmake_args' from command line to 'None'
[5.463s] Level 5:colcon.colcon_core.verb:set package 'thorn_planners' build argument 'catkin_cmake_args' from command line to 'None'
[5.463s] Level 5:colcon.colcon_core.verb:set package 'thorn_planners' build argument 'catkin_skip_building_tests' from command line to 'False'
[5.464s] DEBUG:colcon.colcon_core.verb:Building package 'thorn_planners' with the following arguments: {'ament_cmake_args': None, 'build_base': '/home/marc/ros2_ws/build/thorn_planners', 'catkin_cmake_args': None, 'catkin_skip_building_tests': False, 'cmake_args': None, 'cmake_clean_cache': False, 'cmake_clean_first': False, 'cmake_force_configure': False, 'cmake_target': None, 'cmake_target_skip_unavailable': False, 'install_base': '/home/marc/ros2_ws/install/thorn_planners', 'merge_install': False, 'path': '/home/marc/ros2_ws/src/thorn_planners', 'symlink_install': False, 'test_result_base': None}
[5.465s] INFO:colcon.colcon_core.executor:Executing jobs using 'parallel' executor
[5.473s] DEBUG:colcon.colcon_parallel_executor.executor.parallel:run_until_complete
[5.475s] INFO:colcon.colcon_ros.task.ament_cmake.build:Building ROS package in '/home/marc/ros2_ws/src/thorn_controllers' with build type 'ament_cmake'
[5.477s] INFO:colcon.colcon_cmake.task.cmake.build:Building CMake package in '/home/marc/ros2_ws/src/thorn_controllers'
[5.519s] INFO:colcon.colcon_core.plugin_system:Skipping extension 'colcon_core.shell.bat': Not used on non-Windows systems
[5.521s] INFO:colcon.colcon_core.shell:Skip shell extension 'powershell' for command environment: Not usable outside of PowerShell
[5.522s] DEBUG:colcon.colcon_core.shell:Skip shell extension 'dsv' for command environment
[5.564s] INFO:colcon.colcon_ros.task.ament_cmake.build:Building ROS package in '/home/marc/ros2_ws/src/thorn_drivers' with build type 'ament_cmake'
[5.565s] INFO:colcon.colcon_cmake.task.cmake.build:Building CMake package in '/home/marc/ros2_ws/src/thorn_drivers'
[5.569s] INFO:colcon.colcon_core.shell:Skip shell extension 'powershell' for command environment: Not usable outside of PowerShell
[5.570s] DEBUG:colcon.colcon_core.shell:Skip shell extension 'dsv' for command environment
[5.612s] INFO:colcon.colcon_ros.task.ament_python.build:Building ROS package in '/home/marc/ros2_ws/src/thorn_launchers' with build type 'ament_python'
[5.614s] Level 1:colcon.colcon_core.shell:create_environment_hook('thorn_launchers', 'ament_prefix_path')
[5.618s] INFO:colcon.colcon_core.shell:Creating environment hook '/home/marc/ros2_ws/install/thorn_launchers/share/thorn_launchers/hook/ament_prefix_path.ps1'
[5.627s] INFO:colcon.colcon_core.shell:Creating environment descriptor '/home/marc/ros2_ws/install/thorn_launchers/share/thorn_launchers/hook/ament_prefix_path.dsv'
[5.633s] INFO:colcon.colcon_core.shell:Creating environment hook '/home/marc/ros2_ws/install/thorn_launchers/share/thorn_launchers/hook/ament_prefix_path.sh'
[5.642s] INFO:colcon.colcon_core.shell:Skip shell extension 'powershell' for command environment: Not usable outside of PowerShell
[5.643s] DEBUG:colcon.colcon_core.shell:Skip shell extension 'dsv' for command environment
[5.681s] INFO:colcon.colcon_ros.task.ament_python.build:Building ROS package in '/home/marc/ros2_ws/src/thorn_planners' with build type 'ament_python'
[5.683s] Level 1:colcon.colcon_core.shell:create_environment_hook('thorn_planners', 'ament_prefix_path')
[5.686s] INFO:colcon.colcon_core.shell:Creating environment hook '/home/marc/ros2_ws/install/thorn_planners/share/thorn_planners/hook/ament_prefix_path.ps1'
[5.695s] INFO:colcon.colcon_core.shell:Creating environment descriptor '/home/marc/ros2_ws/install/thorn_planners/share/thorn_planners/hook/ament_prefix_path.dsv'
[5.700s] INFO:colcon.colcon_core.shell:Creating environment hook '/home/marc/ros2_ws/install/thorn_planners/share/thorn_planners/hook/ament_prefix_path.sh'
[5.713s] INFO:colcon.colcon_core.shell:Skip shell extension 'powershell' for command environment: Not usable outside of PowerShell
[5.714s] DEBUG:colcon.colcon_core.shell:Skip shell extension 'dsv' for command environment
[5.798s] DEBUG:colcon.colcon_core.event_handler.log_command:Invoking command in '/home/marc/ros2_ws/build/thorn_controllers': CMAKE_PREFIX_PATH=${CMAKE_PREFIX_PATH}:/home/marc/ros2_ws/install/thorn_planners:/home/marc/ros2_ws/install/thorn_launchers:/opt/ros/iron /usr/bin/cmake --build /home/marc/ros2_ws/build/thorn_controllers -- -j4 -l4
[5.865s] DEBUG:colcon.colcon_core.event_handler.log_command:Invoking command in '/home/marc/ros2_ws/build/thorn_drivers': CMAKE_PREFIX_PATH=${CMAKE_PREFIX_PATH}:/home/marc/ros2_ws/install/thorn_planners:/home/marc/ros2_ws/install/thorn_launchers:/opt/ros/iron /usr/bin/cmake --build /home/marc/ros2_ws/build/thorn_drivers -- -j4 -l4
[9.279s] INFO:colcon.colcon_core.task.python.build:Building Python package in '/home/marc/ros2_ws/src/thorn_launchers'
[9.283s] INFO:colcon.colcon_core.shell:Skip shell extension 'powershell' for command environment: Not usable outside of PowerShell
[9.284s] DEBUG:colcon.colcon_core.shell:Skip shell extension 'dsv' for command environment
[9.354s] DEBUG:colcon.colcon_core.event_handler.log_command:Invoked command in '/home/marc/ros2_ws/build/thorn_controllers' returned '0': CMAKE_PREFIX_PATH=${CMAKE_PREFIX_PATH}:/home/marc/ros2_ws/install/thorn_planners:/home/marc/ros2_ws/install/thorn_launchers:/opt/ros/iron /usr/bin/cmake --build /home/marc/ros2_ws/build/thorn_controllers -- -j4 -l4
[12.298s] INFO:colcon.colcon_core.task.python.build:Building Python package in '/home/marc/ros2_ws/src/thorn_planners'
[12.300s] INFO:colcon.colcon_core.shell:Skip shell extension 'powershell' for command environment: Not usable outside of PowerShell
[12.301s] DEBUG:colcon.colcon_core.shell:Skip shell extension 'dsv' for command environment
[12.345s] DEBUG:colcon.colcon_core.event_handler.log_command:Invoked command in '/home/marc/ros2_ws/build/thorn_drivers' returned '0': CMAKE_PREFIX_PATH=${CMAKE_PREFIX_PATH}:/home/marc/ros2_ws/install/thorn_planners:/home/marc/ros2_ws/install/thorn_launchers:/opt/ros/iron /usr/bin/cmake --build /home/marc/ros2_ws/build/thorn_drivers -- -j4 -l4
[12.489s] DEBUG:colcon.colcon_core.event_handler.log_command:Invoking command in '/home/marc/ros2_ws/build/thorn_controllers': CMAKE_PREFIX_PATH=${CMAKE_PREFIX_PATH}:/home/marc/ros2_ws/install/thorn_planners:/home/marc/ros2_ws/install/thorn_launchers:/opt/ros/iron /usr/bin/cmake --install /home/marc/ros2_ws/build/thorn_controllers
[12.628s] Level 1:colcon.colcon_core.environment:create_environment_scripts_only(thorn_controllers)
[12.635s] DEBUG:colcon.colcon_core.event_handler.log_command:Invoked command in '/home/marc/ros2_ws/build/thorn_controllers' returned '0': CMAKE_PREFIX_PATH=${CMAKE_PREFIX_PATH}:/home/marc/ros2_ws/install/thorn_planners:/home/marc/ros2_ws/install/thorn_launchers:/opt/ros/iron /usr/bin/cmake --install /home/marc/ros2_ws/build/thorn_controllers
[12.704s] Level 1:colcon.colcon_core.environment:checking '/home/marc/ros2_ws/install/thorn_controllers' for CMake module files
[12.717s] Level 1:colcon.colcon_core.environment:checking '/home/marc/ros2_ws/install/thorn_controllers' for CMake config files
[12.723s] Level 1:colcon.colcon_core.shell:create_environment_hook('thorn_controllers', 'cmake_prefix_path')
[12.726s] INFO:colcon.colcon_core.shell:Creating environment hook '/home/marc/ros2_ws/install/thorn_controllers/share/thorn_controllers/hook/cmake_prefix_path.ps1'
[12.731s] INFO:colcon.colcon_core.shell:Creating environment descriptor '/home/marc/ros2_ws/install/thorn_controllers/share/thorn_controllers/hook/cmake_prefix_path.dsv'
[12.741s] INFO:colcon.colcon_core.shell:Creating environment hook '/home/marc/ros2_ws/install/thorn_controllers/share/thorn_controllers/hook/cmake_prefix_path.sh'
[12.752s] Level 1:colcon.colcon_core.environment:checking '/home/marc/ros2_ws/install/thorn_controllers/bin'
[12.754s] Level 1:colcon.colcon_core.environment:checking '/home/marc/ros2_ws/install/thorn_controllers/lib/pkgconfig/thorn_controllers.pc'
[12.757s] Level 1:colcon.colcon_core.environment:checking '/home/marc/ros2_ws/install/thorn_controllers/lib/python3.10/site-packages'
[12.761s] Level 1:colcon.colcon_core.environment:checking '/home/marc/ros2_ws/install/thorn_controllers/bin'
[12.766s] INFO:colcon.colcon_core.shell:Creating package script '/home/marc/ros2_ws/install/thorn_controllers/share/thorn_controllers/package.ps1'
[12.781s] INFO:colcon.colcon_core.shell:Creating package descriptor '/home/marc/ros2_ws/install/thorn_controllers/share/thorn_controllers/package.dsv'
[12.791s] INFO:colcon.colcon_core.shell:Creating package script '/home/marc/ros2_ws/install/thorn_controllers/share/thorn_controllers/package.sh'
[12.805s] INFO:colcon.colcon_core.shell:Creating package script '/home/marc/ros2_ws/install/thorn_controllers/share/thorn_controllers/package.bash'
[12.820s] INFO:colcon.colcon_core.shell:Creating package script '/home/marc/ros2_ws/install/thorn_controllers/share/thorn_controllers/package.zsh'
[12.830s] Level 1:colcon.colcon_core.environment:create_file_with_runtime_dependencies(/home/marc/ros2_ws/install/thorn_controllers/share/colcon-core/packages/thorn_controllers)
[12.873s] DEBUG:colcon.colcon_core.event_handler.log_command:Invoking command in '/home/marc/ros2_ws/build/thorn_drivers': CMAKE_PREFIX_PATH=${CMAKE_PREFIX_PATH}:/home/marc/ros2_ws/install/thorn_planners:/home/marc/ros2_ws/install/thorn_launchers:/opt/ros/iron /usr/bin/cmake --install /home/marc/ros2_ws/build/thorn_drivers
[13.045s] Level 1:colcon.colcon_core.environment:create_environment_scripts_only(thorn_drivers)
[13.050s] Level 1:colcon.colcon_core.environment:checking '/home/marc/ros2_ws/install/thorn_drivers' for CMake module files
[13.068s] Level 1:colcon.colcon_core.environment:checking '/home/marc/ros2_ws/install/thorn_drivers' for CMake config files
[13.075s] DEBUG:colcon.colcon_core.event_handler.log_command:Invoked command in '/home/marc/ros2_ws/build/thorn_drivers' returned '0': CMAKE_PREFIX_PATH=${CMAKE_PREFIX_PATH}:/home/marc/ros2_ws/install/thorn_planners:/home/marc/ros2_ws/install/thorn_launchers:/opt/ros/iron /usr/bin/cmake --install /home/marc/ros2_ws/build/thorn_drivers
[13.077s] Level 1:colcon.colcon_core.shell:create_environment_hook('thorn_drivers', 'cmake_prefix_path')
[13.081s] INFO:colcon.colcon_core.shell:Creating environment hook '/home/marc/ros2_ws/install/thorn_drivers/share/thorn_drivers/hook/cmake_prefix_path.ps1'
[13.087s] INFO:colcon.colcon_core.shell:Creating environment descriptor '/home/marc/ros2_ws/install/thorn_drivers/share/thorn_drivers/hook/cmake_prefix_path.dsv'
[13.093s] INFO:colcon.colcon_core.shell:Creating environment hook '/home/marc/ros2_ws/install/thorn_drivers/share/thorn_drivers/hook/cmake_prefix_path.sh'
[13.101s] Level 1:colcon.colcon_core.environment:checking '/home/marc/ros2_ws/install/thorn_drivers/lib'
[13.103s] Level 1:colcon.colcon_core.environment:checking '/home/marc/ros2_ws/install/thorn_drivers/bin'
[13.104s] Level 1:colcon.colcon_core.environment:checking '/home/marc/ros2_ws/install/thorn_drivers/lib/pkgconfig/thorn_drivers.pc'
[13.108s] Level 1:colcon.colcon_core.environment:checking '/home/marc/ros2_ws/install/thorn_drivers/lib/python3.10/site-packages'
[13.111s] Level 1:colcon.colcon_core.environment:checking '/home/marc/ros2_ws/install/thorn_drivers/bin'
[13.115s] INFO:colcon.colcon_core.shell:Creating package script '/home/marc/ros2_ws/install/thorn_drivers/share/thorn_drivers/package.ps1'
[13.121s] INFO:colcon.colcon_core.shell:Creating package descriptor '/home/marc/ros2_ws/install/thorn_drivers/share/thorn_drivers/package.dsv'
[13.126s] INFO:colcon.colcon_core.shell:Creating package script '/home/marc/ros2_ws/install/thorn_drivers/share/thorn_drivers/package.sh'
[13.132s] INFO:colcon.colcon_core.shell:Creating package script '/home/marc/ros2_ws/install/thorn_drivers/share/thorn_drivers/package.bash'
[13.137s] INFO:colcon.colcon_core.shell:Creating package script '/home/marc/ros2_ws/install/thorn_drivers/share/thorn_drivers/package.zsh'
[13.142s] Level 1:colcon.colcon_core.environment:create_file_with_runtime_dependencies(/home/marc/ros2_ws/install/thorn_drivers/share/colcon-core/packages/thorn_drivers)
[13.165s] Level 1:colcon.colcon_core.environment:create_environment_scripts_only(thorn_controllers)
[13.169s] Level 1:colcon.colcon_core.environment:checking '/home/marc/ros2_ws/install/thorn_controllers' for CMake module files
[13.177s] Level 1:colcon.colcon_core.environment:checking '/home/marc/ros2_ws/install/thorn_controllers' for CMake config files
[13.181s] Level 1:colcon.colcon_core.shell:create_environment_hook('thorn_controllers', 'cmake_prefix_path')
[13.184s] INFO:colcon.colcon_core.shell:Creating environment hook '/home/marc/ros2_ws/install/thorn_controllers/share/thorn_controllers/hook/cmake_prefix_path.ps1'
[13.190s] INFO:colcon.colcon_core.shell:Creating environment descriptor '/home/marc/ros2_ws/install/thorn_controllers/share/thorn_controllers/hook/cmake_prefix_path.dsv'
[13.196s] INFO:colcon.colcon_core.shell:Creating environment hook '/home/marc/ros2_ws/install/thorn_controllers/share/thorn_controllers/hook/cmake_prefix_path.sh'
[13.205s] Level 1:colcon.colcon_core.environment:checking '/home/marc/ros2_ws/install/thorn_controllers/bin'
[13.206s] Level 1:colcon.colcon_core.environment:checking '/home/marc/ros2_ws/install/thorn_controllers/lib/pkgconfig/thorn_controllers.pc'
[13.209s] Level 1:colcon.colcon_core.environment:checking '/home/marc/ros2_ws/install/thorn_controllers/lib/python3.10/site-packages'
[13.213s] Level 1:colcon.colcon_core.environment:checking '/home/marc/ros2_ws/install/thorn_controllers/bin'
[13.217s] INFO:colcon.colcon_core.shell:Creating package script '/home/marc/ros2_ws/install/thorn_controllers/share/thorn_controllers/package.ps1'
[13.225s] INFO:colcon.colcon_core.shell:Creating package descriptor '/home/marc/ros2_ws/install/thorn_controllers/share/thorn_controllers/package.dsv'
[13.233s] INFO:colcon.colcon_core.shell:Creating package script '/home/marc/ros2_ws/install/thorn_controllers/share/thorn_controllers/package.sh'
[13.240s] INFO:colcon.colcon_core.shell:Creating package script '/home/marc/ros2_ws/install/thorn_controllers/share/thorn_controllers/package.bash'
[13.249s] INFO:colcon.colcon_core.shell:Creating package script '/home/marc/ros2_ws/install/thorn_controllers/share/thorn_controllers/package.zsh'
[13.256s] Level 1:colcon.colcon_core.environment:create_file_with_runtime_dependencies(/home/marc/ros2_ws/install/thorn_controllers/share/colcon-core/packages/thorn_controllers)
[13.493s] Level 1:colcon.colcon_core.environment:create_environment_scripts_only(thorn_drivers)
[13.498s] Level 1:colcon.colcon_core.environment:checking '/home/marc/ros2_ws/install/thorn_drivers' for CMake module files
[13.509s] Level 1:colcon.colcon_core.environment:checking '/home/marc/ros2_ws/install/thorn_drivers' for CMake config files
[13.515s] Level 1:colcon.colcon_core.shell:create_environment_hook('thorn_drivers', 'cmake_prefix_path')
[13.519s] INFO:colcon.colcon_core.shell:Creating environment hook '/home/marc/ros2_ws/install/thorn_drivers/share/thorn_drivers/hook/cmake_prefix_path.ps1'
[13.528s] INFO:colcon.colcon_core.shell:Creating environment descriptor '/home/marc/ros2_ws/install/thorn_drivers/share/thorn_drivers/hook/cmake_prefix_path.dsv'
[13.535s] INFO:colcon.colcon_core.shell:Creating environment hook '/home/marc/ros2_ws/install/thorn_drivers/share/thorn_drivers/hook/cmake_prefix_path.sh'
[13.546s] Level 1:colcon.colcon_core.environment:checking '/home/marc/ros2_ws/install/thorn_drivers/lib'
[13.548s] Level 1:colcon.colcon_core.environment:checking '/home/marc/ros2_ws/install/thorn_drivers/bin'
[13.549s] Level 1:colcon.colcon_core.environment:checking '/home/marc/ros2_ws/install/thorn_drivers/lib/pkgconfig/thorn_drivers.pc'
[13.552s] Level 1:colcon.colcon_core.environment:checking '/home/marc/ros2_ws/install/thorn_drivers/lib/python3.10/site-packages'
[13.558s] Level 1:colcon.colcon_core.environment:checking '/home/marc/ros2_ws/install/thorn_drivers/bin'
[13.563s] INFO:colcon.colcon_core.shell:Creating package script '/home/marc/ros2_ws/install/thorn_drivers/share/thorn_drivers/package.ps1'
[13.571s] INFO:colcon.colcon_core.shell:Creating package descriptor '/home/marc/ros2_ws/install/thorn_drivers/share/thorn_drivers/package.dsv'
[13.578s] INFO:colcon.colcon_core.shell:Creating package script '/home/marc/ros2_ws/install/thorn_drivers/share/thorn_drivers/package.sh'
[13.587s] INFO:colcon.colcon_core.shell:Creating package script '/home/marc/ros2_ws/install/thorn_drivers/share/thorn_drivers/package.bash'
[13.594s] INFO:colcon.colcon_core.shell:Creating package script '/home/marc/ros2_ws/install/thorn_drivers/share/thorn_drivers/package.zsh'
[13.603s] Level 1:colcon.colcon_core.environment:create_file_with_runtime_dependencies(/home/marc/ros2_ws/install/thorn_drivers/share/colcon-core/packages/thorn_drivers)
[18.312s] DEBUG:colcon.colcon_core.event_handler.log_command:Invoking command in '/home/marc/ros2_ws/src/thorn_launchers': PYTHONPATH=/home/marc/ros2_ws/build/thorn_launchers/prefix_override:/usr/lib/python3/dist-packages/colcon_core/task/python/colcon_distutils_commands:/home/marc/ros2_ws/install/thorn_launchers/lib/python3.10/site-packages:${PYTHONPATH} /usr/bin/python3 -W ignore:setup.py install is deprecated setup.py egg_info --egg-base ../../build/thorn_launchers build --build-base /home/marc/ros2_ws/build/thorn_launchers/build install --record /home/marc/ros2_ws/build/thorn_launchers/install.log --single-version-externally-managed install_data
[18.332s] DEBUG:colcon.colcon_core.event_handler.log_command:Invoking command in '/home/marc/ros2_ws/src/thorn_planners': PYTHONPATH=/home/marc/ros2_ws/build/thorn_planners/prefix_override:/usr/lib/python3/dist-packages/colcon_core/task/python/colcon_distutils_commands:/home/marc/ros2_ws/install/thorn_planners/lib/python3.10/site-packages:${PYTHONPATH} /usr/bin/python3 -W ignore:setup.py install is deprecated setup.py egg_info --egg-base ../../build/thorn_planners build --build-base /home/marc/ros2_ws/build/thorn_planners/build install --record /home/marc/ros2_ws/build/thorn_planners/install.log --single-version-externally-managed install_data
[22.035s] Level 1:colcon.colcon_core.environment:checking '/home/marc/ros2_ws/install/thorn_launchers' for CMake module files
[22.040s] DEBUG:colcon.colcon_core.event_handler.log_command:Invoked command in '/home/marc/ros2_ws/src/thorn_launchers' returned '0': PYTHONPATH=/home/marc/ros2_ws/build/thorn_launchers/prefix_override:/usr/lib/python3/dist-packages/colcon_core/task/python/colcon_distutils_commands:/home/marc/ros2_ws/install/thorn_launchers/lib/python3.10/site-packages:${PYTHONPATH} /usr/bin/python3 -W ignore:setup.py install is deprecated setup.py egg_info --egg-base ../../build/thorn_launchers build --build-base /home/marc/ros2_ws/build/thorn_launchers/build install --record /home/marc/ros2_ws/build/thorn_launchers/install.log --single-version-externally-managed install_data
[22.046s] Level 1:colcon.colcon_core.environment:checking '/home/marc/ros2_ws/install/thorn_launchers' for CMake config files
[22.059s] Level 1:colcon.colcon_core.environment:checking '/home/marc/ros2_ws/install/thorn_launchers/lib'
[22.060s] Level 1:colcon.colcon_core.environment:checking '/home/marc/ros2_ws/install/thorn_launchers/bin'
[22.061s] Level 1:colcon.colcon_core.environment:checking '/home/marc/ros2_ws/install/thorn_launchers/lib/pkgconfig/thorn_launchers.pc'
[22.064s] Level 1:colcon.colcon_core.environment:checking '/home/marc/ros2_ws/install/thorn_launchers/lib/python3.10/site-packages'
[22.065s] Level 1:colcon.colcon_core.shell:create_environment_hook('thorn_launchers', 'pythonpath')
[22.068s] INFO:colcon.colcon_core.shell:Creating environment hook '/home/marc/ros2_ws/install/thorn_launchers/share/thorn_launchers/hook/pythonpath.ps1'
[22.074s] INFO:colcon.colcon_core.shell:Creating environment descriptor '/home/marc/ros2_ws/install/thorn_launchers/share/thorn_launchers/hook/pythonpath.dsv'
[22.078s] INFO:colcon.colcon_core.shell:Creating environment hook '/home/marc/ros2_ws/install/thorn_launchers/share/thorn_launchers/hook/pythonpath.sh'
[22.085s] Level 1:colcon.colcon_core.environment:checking '/home/marc/ros2_ws/install/thorn_launchers/bin'
[22.086s] Level 1:colcon.colcon_core.environment:create_environment_scripts_only(thorn_launchers)
[22.089s] INFO:colcon.colcon_core.shell:Creating package script '/home/marc/ros2_ws/install/thorn_launchers/share/thorn_launchers/package.ps1'
[22.095s] INFO:colcon.colcon_core.shell:Creating package descriptor '/home/marc/ros2_ws/install/thorn_launchers/share/thorn_launchers/package.dsv'
[22.101s] INFO:colcon.colcon_core.shell:Creating package script '/home/marc/ros2_ws/install/thorn_launchers/share/thorn_launchers/package.sh'
[22.106s] INFO:colcon.colcon_core.shell:Creating package script '/home/marc/ros2_ws/install/thorn_launchers/share/thorn_launchers/package.bash'
[22.111s] INFO:colcon.colcon_core.shell:Creating package script '/home/marc/ros2_ws/install/thorn_launchers/share/thorn_launchers/package.zsh'
[22.116s] Level 1:colcon.colcon_core.environment:create_file_with_runtime_dependencies(/home/marc/ros2_ws/install/thorn_launchers/share/colcon-core/packages/thorn_launchers)
[22.129s] Level 1:colcon.colcon_core.environment:checking '/home/marc/ros2_ws/install/thorn_planners' for CMake module files
[22.134s] DEBUG:colcon.colcon_core.event_handler.log_command:Invoked command in '/home/marc/ros2_ws/src/thorn_planners' returned '0': PYTHONPATH=/home/marc/ros2_ws/build/thorn_planners/prefix_override:/usr/lib/python3/dist-packages/colcon_core/task/python/colcon_distutils_commands:/home/marc/ros2_ws/install/thorn_planners/lib/python3.10/site-packages:${PYTHONPATH} /usr/bin/python3 -W ignore:setup.py install is deprecated setup.py egg_info --egg-base ../../build/thorn_planners build --build-base /home/marc/ros2_ws/build/thorn_planners/build install --record /home/marc/ros2_ws/build/thorn_planners/install.log --single-version-externally-managed install_data
[22.141s] Level 1:colcon.colcon_core.environment:checking '/home/marc/ros2_ws/install/thorn_planners' for CMake config files
[22.153s] Level 1:colcon.colcon_core.environment:checking '/home/marc/ros2_ws/install/thorn_planners/lib'
[22.154s] Level 1:colcon.colcon_core.environment:checking '/home/marc/ros2_ws/install/thorn_planners/bin'
[22.155s] Level 1:colcon.colcon_core.environment:checking '/home/marc/ros2_ws/install/thorn_planners/lib/pkgconfig/thorn_planners.pc'
[22.158s] Level 1:colcon.colcon_core.environment:checking '/home/marc/ros2_ws/install/thorn_planners/lib/python3.10/site-packages'
[22.159s] Level 1:colcon.colcon_core.shell:create_environment_hook('thorn_planners', 'pythonpath')
[22.161s] INFO:colcon.colcon_core.shell:Creating environment hook '/home/marc/ros2_ws/install/thorn_planners/share/thorn_planners/hook/pythonpath.ps1'
[22.166s] INFO:colcon.colcon_core.shell:Creating environment descriptor '/home/marc/ros2_ws/install/thorn_planners/share/thorn_planners/hook/pythonpath.dsv'
[22.171s] INFO:colcon.colcon_core.shell:Creating environment hook '/home/marc/ros2_ws/install/thorn_planners/share/thorn_planners/hook/pythonpath.sh'
[22.177s] Level 1:colcon.colcon_core.environment:checking '/home/marc/ros2_ws/install/thorn_planners/bin'
[22.178s] Level 1:colcon.colcon_core.environment:create_environment_scripts_only(thorn_planners)
[22.182s] INFO:colcon.colcon_core.shell:Creating package script '/home/marc/ros2_ws/install/thorn_planners/share/thorn_planners/package.ps1'
[22.187s] INFO:colcon.colcon_core.shell:Creating package descriptor '/home/marc/ros2_ws/install/thorn_planners/share/thorn_planners/package.dsv'
[22.192s] INFO:colcon.colcon_core.shell:Creating package script '/home/marc/ros2_ws/install/thorn_planners/share/thorn_planners/package.sh'
[22.198s] INFO:colcon.colcon_core.shell:Creating package script '/home/marc/ros2_ws/install/thorn_planners/share/thorn_planners/package.bash'
[22.203s] INFO:colcon.colcon_core.shell:Creating package script '/home/marc/ros2_ws/install/thorn_planners/share/thorn_planners/package.zsh'
[22.207s] Level 1:colcon.colcon_core.environment:create_file_with_runtime_dependencies(/home/marc/ros2_ws/install/thorn_planners/share/colcon-core/packages/thorn_planners)
[22.210s] DEBUG:colcon.colcon_parallel_executor.executor.parallel:closing loop
[22.214s] DEBUG:colcon.colcon_parallel_executor.executor.parallel:loop closed
[22.215s] DEBUG:colcon.colcon_parallel_executor.executor.parallel:run_until_complete finished with '0'
[22.217s] DEBUG:colcon.colcon_core.event_reactor:joining thread
[22.329s] INFO:colcon.colcon_core.plugin_system:Skipping extension 'colcon_notification.desktop_notification.notify_send': Could not find 'notify-send'
[22.330s] INFO:colcon.colcon_core.plugin_system:Skipping extension 'colcon_notification.desktop_notification.terminal_notifier': Not used on non-Darwin systems
[22.331s] INFO:colcon.colcon_core.plugin_system:Skipping extension 'colcon_notification.desktop_notification.win32': Not used on non-Windows systems
[22.331s] INFO:colcon.colcon_notification.desktop_notification:Sending desktop notification using 'notify2'
[22.339s] DEBUG:colcon.colcon_notification.desktop_notification.notify2:Failed to initialize notify2: org.freedesktop.DBus.Error.ServiceUnknown: The name org.freedesktop.Notifications was not provided by any .service files
[22.340s] DEBUG:colcon.colcon_core.event_reactor:joined thread
[22.344s] INFO:colcon.colcon_core.shell:Creating prefix script '/home/marc/ros2_ws/install/local_setup.ps1'
[22.361s] INFO:colcon.colcon_core.shell:Creating prefix util module '/home/marc/ros2_ws/install/_local_setup_util_ps1.py'
[22.387s] INFO:colcon.colcon_core.shell:Creating prefix chain script '/home/marc/ros2_ws/install/setup.ps1'
[22.403s] INFO:colcon.colcon_core.shell:Creating prefix script '/home/marc/ros2_ws/install/local_setup.sh'
[22.411s] INFO:colcon.colcon_core.shell:Creating prefix util module '/home/marc/ros2_ws/install/_local_setup_util_sh.py'
[22.417s] INFO:colcon.colcon_core.shell:Creating prefix chain script '/home/marc/ros2_ws/install/setup.sh'
[22.432s] INFO:colcon.colcon_core.shell:Creating prefix script '/home/marc/ros2_ws/install/local_setup.bash'
[22.441s] INFO:colcon.colcon_core.shell:Creating prefix chain script '/home/marc/ros2_ws/install/setup.bash'
[22.456s] INFO:colcon.colcon_core.shell:Creating prefix script '/home/marc/ros2_ws/install/local_setup.zsh'
[22.465s] INFO:colcon.colcon_core.shell:Creating prefix chain script '/home/marc/ros2_ws/install/setup.zsh'
