[0.275s] Invoking command in '/home/marc/ros2_ws/build/thorn_drivers': CMAKE_PREFIX_PATH=/opt/ros/iron /usr/bin/cmake /home/marc/ros2_ws/src/thorn_drivers -DCMAKE_INSTALL_PREFIX=/home/marc/ros2_ws/install/thorn_drivers
[7.432s] -- The C compiler identification is GNU 11.4.0
[7.440s] -- The CXX compiler identification is GNU 11.4.0
[7.441s] -- Detecting C compiler ABI info
[8.000s] -- Detecting C compiler ABI info - done
[8.079s] -- Check for working C compiler: /usr/bin/cc - skipped
[8.152s] -- Detecting C compile features
[8.161s] -- Detecting C compile features - done
[8.206s] -- Detecting CXX compiler ABI info
[9.182s] -- Detecting CXX compiler ABI info - done
[9.268s] -- Check for working CXX compiler: /usr/bin/c++ - skipped
[9.271s] -- Detecting CXX compile features
[9.276s] -- Detecting CXX compile features - done
[9.426s] -- Found ament_cmake: 2.0.6 (/opt/ros/iron/share/ament_cmake/cmake)
[11.736s] -- Found Python3: /usr/bin/python3.10 (found version "3.10.12") found components: Interpreter 
[13.537s] -- Found ament_lint_auto: 0.14.4 (/opt/ros/iron/share/ament_lint_auto/cmake)
[15.190s] -- Added test 'lint_cmake' to check CMake code style
[15.216s] -- Added test 'xmllint' to check XML markup files
[15.247s] -- Configuring done
[15.328s] -- Generating done
[15.341s] -- Build files have been written to: /home/marc/ros2_ws/build/thorn_drivers
[15.576s] Invoked command in '/home/marc/ros2_ws/build/thorn_drivers' returned '0': CMAKE_PREFIX_PATH=/opt/ros/iron /usr/bin/cmake /home/marc/ros2_ws/src/thorn_drivers -DCMAKE_INSTALL_PREFIX=/home/marc/ros2_ws/install/thorn_drivers
[15.581s] Invoking command in '/home/marc/ros2_ws/build/thorn_drivers': CMAKE_PREFIX_PATH=/opt/ros/iron /usr/bin/cmake --build /home/marc/ros2_ws/build/thorn_drivers -- -j4 -l4
[15.983s] Invoked command in '/home/marc/ros2_ws/build/thorn_drivers' returned '0': CMAKE_PREFIX_PATH=/opt/ros/iron /usr/bin/cmake --build /home/marc/ros2_ws/build/thorn_drivers -- -j4 -l4
[16.376s] Invoking command in '/home/marc/ros2_ws/build/thorn_drivers': CMAKE_PREFIX_PATH=/opt/ros/iron /usr/bin/cmake --install /home/marc/ros2_ws/build/thorn_drivers
[16.463s] -- Install configuration: ""
[16.472s] -- Installing: /home/marc/ros2_ws/install/thorn_drivers/share/ament_index/resource_index/package_run_dependencies/thorn_drivers
[16.476s] -- Installing: /home/marc/ros2_ws/install/thorn_drivers/share/ament_index/resource_index/parent_prefix_path/thorn_drivers
[16.478s] -- Installing: /home/marc/ros2_ws/install/thorn_drivers/share/thorn_drivers/environment/ament_prefix_path.sh
[16.481s] -- Installing: /home/marc/ros2_ws/install/thorn_drivers/share/thorn_drivers/environment/ament_prefix_path.dsv
[16.485s] -- Installing: /home/marc/ros2_ws/install/thorn_drivers/share/thorn_drivers/environment/path.sh
[16.488s] -- Installing: /home/marc/ros2_ws/install/thorn_drivers/share/thorn_drivers/environment/path.dsv
[16.493s] -- Installing: /home/marc/ros2_ws/install/thorn_drivers/share/thorn_drivers/local_setup.bash
[16.499s] -- Installing: /home/marc/ros2_ws/install/thorn_drivers/share/thorn_drivers/local_setup.sh
[16.503s] -- Installing: /home/marc/ros2_ws/install/thorn_drivers/share/thorn_drivers/local_setup.zsh
[16.516s] -- Installing: /home/marc/ros2_ws/install/thorn_drivers/share/thorn_drivers/local_setup.dsv
[16.518s] -- Installing: /home/marc/ros2_ws/install/thorn_drivers/share/thorn_drivers/package.dsv
[16.520s] -- Installing: /home/marc/ros2_ws/install/thorn_drivers/share/ament_index/resource_index/packages/thorn_drivers
[16.527s] -- Installing: /home/marc/ros2_ws/install/thorn_drivers/share/thorn_drivers/cmake/thorn_driversConfig.cmake
[16.529s] -- Installing: /home/marc/ros2_ws/install/thorn_drivers/share/thorn_drivers/cmake/thorn_driversConfig-version.cmake
[16.533s] -- Installing: /home/marc/ros2_ws/install/thorn_drivers/share/thorn_drivers/package.xml
[16.831s] Invoked command in '/home/marc/ros2_ws/build/thorn_drivers' returned '0': CMAKE_PREFIX_PATH=/opt/ros/iron /usr/bin/cmake --install /home/marc/ros2_ws/build/thorn_drivers
