[2.042s] DEBUG:colcon:Command line arguments: ['/usr/bin/colcon', 'build', '--parallel-workers', '1']
[2.043s] DEBUG:colcon:Parsed command line arguments: Namespace(log_base=None, log_level=None, verb_name='build', build_base='build', install_base='install', merge_install=False, symlink_install=False, test_result_base=None, continue_on_error=False, executor='parallel', parallel_workers=1, event_handlers=None, ignore_user_meta=False, metas=['./colcon.meta'], base_paths=['.'], packages_ignore=None, packages_ignore_regex=None, paths=None, packages_up_to=None, packages_up_to_regex=None, packages_above=None, packages_above_and_dependencies=None, packages_above_depth=None, packages_select_by_dep=None, packages_skip_by_dep=None, packages_skip_up_to=None, packages_select_build_failed=False, packages_skip_build_finished=False, packages_select_test_failures=False, packages_skip_test_passed=False, packages_select=None, packages_skip=None, packages_select_regex=None, packages_skip_regex=None, packages_start=None, packages_end=None, allow_overriding=[], cmake_args=None, cmake_target=None, cmake_target_skip_unavailable=False, cmake_clean_cache=False, cmake_clean_first=False, cmake_force_configure=False, ament_cmake_args=None, catkin_cmake_args=None, catkin_skip_building_tests=False, mixin_files=None, mixin=None, verb_parser=<colcon_mixin.mixin.mixin_argument.MixinArgumentDecorator object at 0xffffb25f49a0>, verb_extension=<colcon_core.verb.build.BuildVerb object at 0xffffb27310f0>, main=<bound method BuildVerb.main of <colcon_core.verb.build.BuildVerb object at 0xffffb27310f0>>, mixin_verb=('build',))
[4.860s] Level 1:colcon.colcon_core.package_discovery:discover_packages(colcon_meta) check parameters
[4.861s] Level 1:colcon.colcon_core.package_discovery:discover_packages(recursive) check parameters
[4.862s] Level 1:colcon.colcon_core.package_discovery:discover_packages(ignore) check parameters
[4.862s] Level 1:colcon.colcon_core.package_discovery:discover_packages(path) check parameters
[4.863s] Level 1:colcon.colcon_core.package_discovery:discover_packages(colcon_meta) discover
[4.864s] Level 1:colcon.colcon_core.package_discovery:discover_packages(recursive) discover
[4.864s] INFO:colcon.colcon_core.package_discovery:Crawling recursively for packages in '/home/marc/ros2_ws'
[4.865s] Level 1:colcon.colcon_core.package_identification:_identify(.) by extensions ['ignore', 'ignore_ament_install']
[4.866s] Level 1:colcon.colcon_core.package_identification:_identify(.) by extension 'ignore'
[4.867s] Level 1:colcon.colcon_core.package_identification:_identify(.) by extension 'ignore_ament_install'
[4.868s] Level 1:colcon.colcon_core.package_identification:_identify(.) by extensions ['colcon_pkg']
[4.868s] Level 1:colcon.colcon_core.package_identification:_identify(.) by extension 'colcon_pkg'
[4.869s] Level 1:colcon.colcon_core.package_identification:_identify(.) by extensions ['colcon_meta']
[4.869s] Level 1:colcon.colcon_core.package_identification:_identify(.) by extension 'colcon_meta'
[4.870s] Level 1:colcon.colcon_core.package_identification:_identify(.) by extensions ['ros']
[4.870s] Level 1:colcon.colcon_core.package_identification:_identify(.) by extension 'ros'
[5.059s] Level 1:colcon.colcon_core.package_identification:_identify(.) by extensions ['cmake', 'python']
[5.060s] Level 1:colcon.colcon_core.package_identification:_identify(.) by extension 'cmake'
[5.060s] Level 1:colcon.colcon_core.package_identification:_identify(.) by extension 'python'
[5.061s] Level 1:colcon.colcon_core.package_identification:_identify(.) by extensions ['python_setup_py']
[5.061s] Level 1:colcon.colcon_core.package_identification:_identify(.) by extension 'python_setup_py'
[5.064s] Level 1:colcon.colcon_core.package_identification:_identify(build) by extensions ['ignore', 'ignore_ament_install']
[5.065s] Level 1:colcon.colcon_core.package_identification:_identify(build) by extension 'ignore'
[5.065s] Level 1:colcon.colcon_core.package_identification:_identify(build) ignored
[5.068s] Level 1:colcon.colcon_core.package_identification:_identify(install) by extensions ['ignore', 'ignore_ament_install']
[5.069s] Level 1:colcon.colcon_core.package_identification:_identify(install) by extension 'ignore'
[5.070s] Level 1:colcon.colcon_core.package_identification:_identify(install) ignored
[5.072s] Level 1:colcon.colcon_core.package_identification:_identify(log) by extensions ['ignore', 'ignore_ament_install']
[5.073s] Level 1:colcon.colcon_core.package_identification:_identify(log) by extension 'ignore'
[5.073s] Level 1:colcon.colcon_core.package_identification:_identify(log) ignored
[5.076s] Level 1:colcon.colcon_core.package_identification:_identify(src) by extensions ['ignore', 'ignore_ament_install']
[5.077s] Level 1:colcon.colcon_core.package_identification:_identify(src) by extension 'ignore'
[5.078s] Level 1:colcon.colcon_core.package_identification:_identify(src) by extension 'ignore_ament_install'
[5.079s] Level 1:colcon.colcon_core.package_identification:_identify(src) by extensions ['colcon_pkg']
[5.079s] Level 1:colcon.colcon_core.package_identification:_identify(src) by extension 'colcon_pkg'
[5.080s] Level 1:colcon.colcon_core.package_identification:_identify(src) by extensions ['colcon_meta']
[5.080s] Level 1:colcon.colcon_core.package_identification:_identify(src) by extension 'colcon_meta'
[5.081s] Level 1:colcon.colcon_core.package_identification:_identify(src) by extensions ['ros']
[5.081s] Level 1:colcon.colcon_core.package_identification:_identify(src) by extension 'ros'
[5.082s] Level 1:colcon.colcon_core.package_identification:_identify(src) by extensions ['cmake', 'python']
[5.083s] Level 1:colcon.colcon_core.package_identification:_identify(src) by extension 'cmake'
[5.083s] Level 1:colcon.colcon_core.package_identification:_identify(src) by extension 'python'
[5.084s] Level 1:colcon.colcon_core.package_identification:_identify(src) by extensions ['python_setup_py']
[5.084s] Level 1:colcon.colcon_core.package_identification:_identify(src) by extension 'python_setup_py'
[5.087s] Level 1:colcon.colcon_core.package_identification:_identify(src/thorn_controllers) by extensions ['ignore', 'ignore_ament_install']
[5.088s] Level 1:colcon.colcon_core.package_identification:_identify(src/thorn_controllers) by extension 'ignore'
[5.089s] Level 1:colcon.colcon_core.package_identification:_identify(src/thorn_controllers) by extension 'ignore_ament_install'
[5.089s] Level 1:colcon.colcon_core.package_identification:_identify(src/thorn_controllers) by extensions ['colcon_pkg']
[5.090s] Level 1:colcon.colcon_core.package_identification:_identify(src/thorn_controllers) by extension 'colcon_pkg'
[5.090s] Level 1:colcon.colcon_core.package_identification:_identify(src/thorn_controllers) by extensions ['colcon_meta']
[5.091s] Level 1:colcon.colcon_core.package_identification:_identify(src/thorn_controllers) by extension 'colcon_meta'
[5.091s] Level 1:colcon.colcon_core.package_identification:_identify(src/thorn_controllers) by extensions ['ros']
[5.092s] Level 1:colcon.colcon_core.package_identification:_identify(src/thorn_controllers) by extension 'ros'
[5.122s] DEBUG:colcon.colcon_core.package_identification:Package 'src/thorn_controllers' with type 'ros.ament_cmake' and name 'thorn_controllers'
[5.123s] Level 1:colcon.colcon_core.package_identification:_identify(src/thorn_drivers) by extensions ['ignore', 'ignore_ament_install']
[5.124s] Level 1:colcon.colcon_core.package_identification:_identify(src/thorn_drivers) by extension 'ignore'
[5.125s] Level 1:colcon.colcon_core.package_identification:_identify(src/thorn_drivers) by extension 'ignore_ament_install'
[5.126s] Level 1:colcon.colcon_core.package_identification:_identify(src/thorn_drivers) by extensions ['colcon_pkg']
[5.126s] Level 1:colcon.colcon_core.package_identification:_identify(src/thorn_drivers) by extension 'colcon_pkg'
[5.127s] Level 1:colcon.colcon_core.package_identification:_identify(src/thorn_drivers) by extensions ['colcon_meta']
[5.127s] Level 1:colcon.colcon_core.package_identification:_identify(src/thorn_drivers) by extension 'colcon_meta'
[5.128s] Level 1:colcon.colcon_core.package_identification:_identify(src/thorn_drivers) by extensions ['ros']
[5.128s] Level 1:colcon.colcon_core.package_identification:_identify(src/thorn_drivers) by extension 'ros'
[5.135s] DEBUG:colcon.colcon_core.package_identification:Package 'src/thorn_drivers' with type 'ros.ament_cmake' and name 'thorn_drivers'
[5.138s] Level 1:colcon.colcon_core.package_identification:_identify(src/thorn_launchers) by extensions ['ignore', 'ignore_ament_install']
[5.139s] Level 1:colcon.colcon_core.package_identification:_identify(src/thorn_launchers) by extension 'ignore'
[5.140s] Level 1:colcon.colcon_core.package_identification:_identify(src/thorn_launchers) by extension 'ignore_ament_install'
[5.140s] Level 1:colcon.colcon_core.package_identification:_identify(src/thorn_launchers) by extensions ['colcon_pkg']
[5.141s] Level 1:colcon.colcon_core.package_identification:_identify(src/thorn_launchers) by extension 'colcon_pkg'
[5.141s] Level 1:colcon.colcon_core.package_identification:_identify(src/thorn_launchers) by extensions ['colcon_meta']
[5.141s] Level 1:colcon.colcon_core.package_identification:_identify(src/thorn_launchers) by extension 'colcon_meta'
[5.142s] Level 1:colcon.colcon_core.package_identification:_identify(src/thorn_launchers) by extensions ['ros']
[5.143s] Level 1:colcon.colcon_core.package_identification:_identify(src/thorn_launchers) by extension 'ros'
[5.152s] DEBUG:colcon.colcon_core.package_identification:Package 'src/thorn_launchers' with type 'ros.ament_python' and name 'thorn_launchers'
[5.155s] Level 1:colcon.colcon_core.package_identification:_identify(src/thorn_planners) by extensions ['ignore', 'ignore_ament_install']
[5.156s] Level 1:colcon.colcon_core.package_identification:_identify(src/thorn_planners) by extension 'ignore'
[5.157s] Level 1:colcon.colcon_core.package_identification:_identify(src/thorn_planners) by extension 'ignore_ament_install'
[5.158s] Level 1:colcon.colcon_core.package_identification:_identify(src/thorn_planners) by extensions ['colcon_pkg']
[5.158s] Level 1:colcon.colcon_core.package_identification:_identify(src/thorn_planners) by extension 'colcon_pkg'
[5.159s] Level 1:colcon.colcon_core.package_identification:_identify(src/thorn_planners) by extensions ['colcon_meta']
[5.159s] Level 1:colcon.colcon_core.package_identification:_identify(src/thorn_planners) by extension 'colcon_meta'
[5.160s] Level 1:colcon.colcon_core.package_identification:_identify(src/thorn_planners) by extensions ['ros']
[5.160s] Level 1:colcon.colcon_core.package_identification:_identify(src/thorn_planners) by extension 'ros'
[5.171s] DEBUG:colcon.colcon_core.package_identification:Package 'src/thorn_planners' with type 'ros.ament_python' and name 'thorn_planners'
[5.171s] Level 1:colcon.colcon_core.package_discovery:discover_packages(recursive) using defaults
[5.172s] Level 1:colcon.colcon_core.package_discovery:discover_packages(ignore) discover
[5.172s] Level 1:colcon.colcon_core.package_discovery:discover_packages(ignore) using defaults
[5.172s] Level 1:colcon.colcon_core.package_discovery:discover_packages(path) discover
[5.173s] Level 1:colcon.colcon_core.package_discovery:discover_packages(path) using defaults
[5.498s] Level 1:colcon.colcon_core.package_discovery:discover_packages(prefix_path) check parameters
[5.498s] Level 1:colcon.colcon_core.package_discovery:discover_packages(prefix_path) discover
[5.538s] DEBUG:colcon.colcon_installed_package_information.package_discovery:Found 4 installed packages in /home/marc/ros2_ws/install
[5.560s] DEBUG:colcon.colcon_installed_package_information.package_discovery:Found 194 installed packages in /opt/ros/iron
[5.574s] Level 1:colcon.colcon_core.package_discovery:discover_packages(prefix_path) using defaults
[6.278s] Level 5:colcon.colcon_core.verb:set package 'thorn_controllers' build argument 'cmake_args' from command line to 'None'
[6.278s] Level 5:colcon.colcon_core.verb:set package 'thorn_controllers' build argument 'cmake_target' from command line to 'None'
[6.279s] Level 5:colcon.colcon_core.verb:set package 'thorn_controllers' build argument 'cmake_target_skip_unavailable' from command line to 'False'
[6.279s] Level 5:colcon.colcon_core.verb:set package 'thorn_controllers' build argument 'cmake_clean_cache' from command line to 'False'
[6.279s] Level 5:colcon.colcon_core.verb:set package 'thorn_controllers' build argument 'cmake_clean_first' from command line to 'False'
[6.280s] Level 5:colcon.colcon_core.verb:set package 'thorn_controllers' build argument 'cmake_force_configure' from command line to 'False'
[6.280s] Level 5:colcon.colcon_core.verb:set package 'thorn_controllers' build argument 'ament_cmake_args' from command line to 'None'
[6.280s] Level 5:colcon.colcon_core.verb:set package 'thorn_controllers' build argument 'catkin_cmake_args' from command line to 'None'
[6.280s] Level 5:colcon.colcon_core.verb:set package 'thorn_controllers' build argument 'catkin_skip_building_tests' from command line to 'False'
[6.281s] DEBUG:colcon.colcon_core.verb:Building package 'thorn_controllers' with the following arguments: {'ament_cmake_args': None, 'build_base': '/home/marc/ros2_ws/build/thorn_controllers', 'catkin_cmake_args': None, 'catkin_skip_building_tests': False, 'cmake_args': None, 'cmake_clean_cache': False, 'cmake_clean_first': False, 'cmake_force_configure': False, 'cmake_target': None, 'cmake_target_skip_unavailable': False, 'install_base': '/home/marc/ros2_ws/install/thorn_controllers', 'merge_install': False, 'path': '/home/marc/ros2_ws/src/thorn_controllers', 'symlink_install': False, 'test_result_base': None}
[6.285s] Level 5:colcon.colcon_core.verb:set package 'thorn_drivers' build argument 'cmake_args' from command line to 'None'
[6.285s] Level 5:colcon.colcon_core.verb:set package 'thorn_drivers' build argument 'cmake_target' from command line to 'None'
[6.286s] Level 5:colcon.colcon_core.verb:set package 'thorn_drivers' build argument 'cmake_target_skip_unavailable' from command line to 'False'
[6.286s] Level 5:colcon.colcon_core.verb:set package 'thorn_drivers' build argument 'cmake_clean_cache' from command line to 'False'
[6.286s] Level 5:colcon.colcon_core.verb:set package 'thorn_drivers' build argument 'cmake_clean_first' from command line to 'False'
[6.287s] Level 5:colcon.colcon_core.verb:set package 'thorn_drivers' build argument 'cmake_force_configure' from command line to 'False'
[6.287s] Level 5:colcon.colcon_core.verb:set package 'thorn_drivers' build argument 'ament_cmake_args' from command line to 'None'
[6.287s] Level 5:colcon.colcon_core.verb:set package 'thorn_drivers' build argument 'catkin_cmake_args' from command line to 'None'
[6.287s] Level 5:colcon.colcon_core.verb:set package 'thorn_drivers' build argument 'catkin_skip_building_tests' from command line to 'False'
[6.288s] DEBUG:colcon.colcon_core.verb:Building package 'thorn_drivers' with the following arguments: {'ament_cmake_args': None, 'build_base': '/home/marc/ros2_ws/build/thorn_drivers', 'catkin_cmake_args': None, 'catkin_skip_building_tests': False, 'cmake_args': None, 'cmake_clean_cache': False, 'cmake_clean_first': False, 'cmake_force_configure': False, 'cmake_target': None, 'cmake_target_skip_unavailable': False, 'install_base': '/home/marc/ros2_ws/install/thorn_drivers', 'merge_install': False, 'path': '/home/marc/ros2_ws/src/thorn_drivers', 'symlink_install': False, 'test_result_base': None}
[6.292s] Level 5:colcon.colcon_core.verb:set package 'thorn_launchers' build argument 'cmake_args' from command line to 'None'
[6.293s] Level 5:colcon.colcon_core.verb:set package 'thorn_launchers' build argument 'cmake_target' from command line to 'None'
[6.293s] Level 5:colcon.colcon_core.verb:set package 'thorn_launchers' build argument 'cmake_target_skip_unavailable' from command line to 'False'
[6.293s] Level 5:colcon.colcon_core.verb:set package 'thorn_launchers' build argument 'cmake_clean_cache' from command line to 'False'
[6.293s] Level 5:colcon.colcon_core.verb:set package 'thorn_launchers' build argument 'cmake_clean_first' from command line to 'False'
[6.294s] Level 5:colcon.colcon_core.verb:set package 'thorn_launchers' build argument 'cmake_force_configure' from command line to 'False'
[6.294s] Level 5:colcon.colcon_core.verb:set package 'thorn_launchers' build argument 'ament_cmake_args' from command line to 'None'
[6.294s] Level 5:colcon.colcon_core.verb:set package 'thorn_launchers' build argument 'catkin_cmake_args' from command line to 'None'
[6.295s] Level 5:colcon.colcon_core.verb:set package 'thorn_launchers' build argument 'catkin_skip_building_tests' from command line to 'False'
[6.295s] DEBUG:colcon.colcon_core.verb:Building package 'thorn_launchers' with the following arguments: {'ament_cmake_args': None, 'build_base': '/home/marc/ros2_ws/build/thorn_launchers', 'catkin_cmake_args': None, 'catkin_skip_building_tests': False, 'cmake_args': None, 'cmake_clean_cache': False, 'cmake_clean_first': False, 'cmake_force_configure': False, 'cmake_target': None, 'cmake_target_skip_unavailable': False, 'install_base': '/home/marc/ros2_ws/install/thorn_launchers', 'merge_install': False, 'path': '/home/marc/ros2_ws/src/thorn_launchers', 'symlink_install': False, 'test_result_base': None}
[6.299s] Level 5:colcon.colcon_core.verb:set package 'thorn_planners' build argument 'cmake_args' from command line to 'None'
[6.300s] Level 5:colcon.colcon_core.verb:set package 'thorn_planners' build argument 'cmake_target' from command line to 'None'
[6.300s] Level 5:colcon.colcon_core.verb:set package 'thorn_planners' build argument 'cmake_target_skip_unavailable' from command line to 'False'
[6.300s] Level 5:colcon.colcon_core.verb:set package 'thorn_planners' build argument 'cmake_clean_cache' from command line to 'False'
[6.300s] Level 5:colcon.colcon_core.verb:set package 'thorn_planners' build argument 'cmake_clean_first' from command line to 'False'
[6.301s] Level 5:colcon.colcon_core.verb:set package 'thorn_planners' build argument 'cmake_force_configure' from command line to 'False'
[6.301s] Level 5:colcon.colcon_core.verb:set package 'thorn_planners' build argument 'ament_cmake_args' from command line to 'None'
[6.301s] Level 5:colcon.colcon_core.verb:set package 'thorn_planners' build argument 'catkin_cmake_args' from command line to 'None'
[6.302s] Level 5:colcon.colcon_core.verb:set package 'thorn_planners' build argument 'catkin_skip_building_tests' from command line to 'False'
[6.302s] DEBUG:colcon.colcon_core.verb:Building package 'thorn_planners' with the following arguments: {'ament_cmake_args': None, 'build_base': '/home/marc/ros2_ws/build/thorn_planners', 'catkin_cmake_args': None, 'catkin_skip_building_tests': False, 'cmake_args': None, 'cmake_clean_cache': False, 'cmake_clean_first': False, 'cmake_force_configure': False, 'cmake_target': None, 'cmake_target_skip_unavailable': False, 'install_base': '/home/marc/ros2_ws/install/thorn_planners', 'merge_install': False, 'path': '/home/marc/ros2_ws/src/thorn_planners', 'symlink_install': False, 'test_result_base': None}
[6.303s] INFO:colcon.colcon_core.executor:Executing jobs using 'parallel' executor
[6.311s] DEBUG:colcon.colcon_parallel_executor.executor.parallel:run_until_complete
[6.313s] INFO:colcon.colcon_ros.task.ament_cmake.build:Building ROS package in '/home/marc/ros2_ws/src/thorn_controllers' with build type 'ament_cmake'
[6.315s] INFO:colcon.colcon_cmake.task.cmake.build:Building CMake package in '/home/marc/ros2_ws/src/thorn_controllers'
[6.358s] INFO:colcon.colcon_core.plugin_system:Skipping extension 'colcon_core.shell.bat': Not used on non-Windows systems
[6.361s] INFO:colcon.colcon_core.shell:Skip shell extension 'powershell' for command environment: Not usable outside of PowerShell
[6.361s] DEBUG:colcon.colcon_core.shell:Skip shell extension 'dsv' for command environment
[6.462s] DEBUG:colcon.colcon_core.event_handler.log_command:Invoking command in '/home/marc/ros2_ws/build/thorn_controllers': CMAKE_PREFIX_PATH=${CMAKE_PREFIX_PATH}:/home/marc/ros2_ws/install/thorn_planners:/home/marc/ros2_ws/install/thorn_launchers:/opt/ros/iron /usr/bin/cmake --build /home/marc/ros2_ws/build/thorn_controllers -- -j4 -l4
[7.707s] DEBUG:colcon.colcon_core.event_handler.log_command:Invoked command in '/home/marc/ros2_ws/build/thorn_controllers' returned '0': CMAKE_PREFIX_PATH=${CMAKE_PREFIX_PATH}:/home/marc/ros2_ws/install/thorn_planners:/home/marc/ros2_ws/install/thorn_launchers:/opt/ros/iron /usr/bin/cmake --build /home/marc/ros2_ws/build/thorn_controllers -- -j4 -l4
[8.012s] DEBUG:colcon.colcon_core.event_handler.log_command:Invoking command in '/home/marc/ros2_ws/build/thorn_controllers': CMAKE_PREFIX_PATH=${CMAKE_PREFIX_PATH}:/home/marc/ros2_ws/install/thorn_planners:/home/marc/ros2_ws/install/thorn_launchers:/opt/ros/iron /usr/bin/cmake --install /home/marc/ros2_ws/build/thorn_controllers
[8.122s] Level 1:colcon.colcon_core.environment:create_environment_scripts_only(thorn_controllers)
[8.126s] DEBUG:colcon.colcon_core.event_handler.log_command:Invoked command in '/home/marc/ros2_ws/build/thorn_controllers' returned '0': CMAKE_PREFIX_PATH=${CMAKE_PREFIX_PATH}:/home/marc/ros2_ws/install/thorn_planners:/home/marc/ros2_ws/install/thorn_launchers:/opt/ros/iron /usr/bin/cmake --install /home/marc/ros2_ws/build/thorn_controllers
[8.177s] Level 1:colcon.colcon_core.environment:checking '/home/marc/ros2_ws/install/thorn_controllers' for CMake module files
[8.187s] Level 1:colcon.colcon_core.environment:checking '/home/marc/ros2_ws/install/thorn_controllers' for CMake config files
[8.192s] Level 1:colcon.colcon_core.shell:create_environment_hook('thorn_controllers', 'cmake_prefix_path')
[8.195s] INFO:colcon.colcon_core.shell:Creating environment hook '/home/marc/ros2_ws/install/thorn_controllers/share/thorn_controllers/hook/cmake_prefix_path.ps1'
[8.203s] INFO:colcon.colcon_core.shell:Creating environment descriptor '/home/marc/ros2_ws/install/thorn_controllers/share/thorn_controllers/hook/cmake_prefix_path.dsv'
[8.210s] INFO:colcon.colcon_core.shell:Creating environment hook '/home/marc/ros2_ws/install/thorn_controllers/share/thorn_controllers/hook/cmake_prefix_path.sh'
[8.220s] Level 1:colcon.colcon_core.environment:checking '/home/marc/ros2_ws/install/thorn_controllers/bin'
[8.221s] Level 1:colcon.colcon_core.environment:checking '/home/marc/ros2_ws/install/thorn_controllers/lib/pkgconfig/thorn_controllers.pc'
[8.224s] Level 1:colcon.colcon_core.environment:checking '/home/marc/ros2_ws/install/thorn_controllers/lib/python3.10/site-packages'
[8.226s] Level 1:colcon.colcon_core.environment:checking '/home/marc/ros2_ws/install/thorn_controllers/bin'
[8.230s] INFO:colcon.colcon_core.shell:Creating package script '/home/marc/ros2_ws/install/thorn_controllers/share/thorn_controllers/package.ps1'
[8.241s] INFO:colcon.colcon_core.shell:Creating package descriptor '/home/marc/ros2_ws/install/thorn_controllers/share/thorn_controllers/package.dsv'
[8.249s] INFO:colcon.colcon_core.shell:Creating package script '/home/marc/ros2_ws/install/thorn_controllers/share/thorn_controllers/package.sh'
[8.261s] INFO:colcon.colcon_core.shell:Creating package script '/home/marc/ros2_ws/install/thorn_controllers/share/thorn_controllers/package.bash'
[8.271s] INFO:colcon.colcon_core.shell:Creating package script '/home/marc/ros2_ws/install/thorn_controllers/share/thorn_controllers/package.zsh'
[8.280s] Level 1:colcon.colcon_core.environment:create_file_with_runtime_dependencies(/home/marc/ros2_ws/install/thorn_controllers/share/colcon-core/packages/thorn_controllers)
[8.501s] Level 1:colcon.colcon_core.environment:create_environment_scripts_only(thorn_controllers)
[8.504s] Level 1:colcon.colcon_core.environment:checking '/home/marc/ros2_ws/install/thorn_controllers' for CMake module files
[8.512s] Level 1:colcon.colcon_core.environment:checking '/home/marc/ros2_ws/install/thorn_controllers' for CMake config files
[8.515s] Level 1:colcon.colcon_core.shell:create_environment_hook('thorn_controllers', 'cmake_prefix_path')
[8.518s] INFO:colcon.colcon_core.shell:Creating environment hook '/home/marc/ros2_ws/install/thorn_controllers/share/thorn_controllers/hook/cmake_prefix_path.ps1'
[8.522s] INFO:colcon.colcon_core.shell:Creating environment descriptor '/home/marc/ros2_ws/install/thorn_controllers/share/thorn_controllers/hook/cmake_prefix_path.dsv'
[8.527s] INFO:colcon.colcon_core.shell:Creating environment hook '/home/marc/ros2_ws/install/thorn_controllers/share/thorn_controllers/hook/cmake_prefix_path.sh'
[8.534s] Level 1:colcon.colcon_core.environment:checking '/home/marc/ros2_ws/install/thorn_controllers/bin'
[8.535s] Level 1:colcon.colcon_core.environment:checking '/home/marc/ros2_ws/install/thorn_controllers/lib/pkgconfig/thorn_controllers.pc'
[8.537s] Level 1:colcon.colcon_core.environment:checking '/home/marc/ros2_ws/install/thorn_controllers/lib/python3.10/site-packages'
[8.540s] Level 1:colcon.colcon_core.environment:checking '/home/marc/ros2_ws/install/thorn_controllers/bin'
[8.543s] INFO:colcon.colcon_core.shell:Creating package script '/home/marc/ros2_ws/install/thorn_controllers/share/thorn_controllers/package.ps1'
[8.549s] INFO:colcon.colcon_core.shell:Creating package descriptor '/home/marc/ros2_ws/install/thorn_controllers/share/thorn_controllers/package.dsv'
[8.555s] INFO:colcon.colcon_core.shell:Creating package script '/home/marc/ros2_ws/install/thorn_controllers/share/thorn_controllers/package.sh'
[8.560s] INFO:colcon.colcon_core.shell:Creating package script '/home/marc/ros2_ws/install/thorn_controllers/share/thorn_controllers/package.bash'
[8.566s] INFO:colcon.colcon_core.shell:Creating package script '/home/marc/ros2_ws/install/thorn_controllers/share/thorn_controllers/package.zsh'
[8.572s] Level 1:colcon.colcon_core.environment:create_file_with_runtime_dependencies(/home/marc/ros2_ws/install/thorn_controllers/share/colcon-core/packages/thorn_controllers)
[8.574s] INFO:colcon.colcon_ros.task.ament_cmake.build:Building ROS package in '/home/marc/ros2_ws/src/thorn_drivers' with build type 'ament_cmake'
[8.576s] INFO:colcon.colcon_cmake.task.cmake.build:Building CMake package in '/home/marc/ros2_ws/src/thorn_drivers'
[8.578s] INFO:colcon.colcon_core.shell:Skip shell extension 'powershell' for command environment: Not usable outside of PowerShell
[8.580s] DEBUG:colcon.colcon_core.shell:Skip shell extension 'dsv' for command environment
[8.680s] DEBUG:colcon.colcon_core.event_handler.log_command:Invoking command in '/home/marc/ros2_ws/build/thorn_drivers': CMAKE_PREFIX_PATH=${CMAKE_PREFIX_PATH}:/home/marc/ros2_ws/install/thorn_planners:/home/marc/ros2_ws/install/thorn_launchers:/opt/ros/iron /usr/bin/cmake --build /home/marc/ros2_ws/build/thorn_drivers -- -j4 -l4
[422.262s] DEBUG:colcon.colcon_core.event_handler.log_command:Invoked command in '/home/marc/ros2_ws/build/thorn_drivers' returned '0': CMAKE_PREFIX_PATH=${CMAKE_PREFIX_PATH}:/home/marc/ros2_ws/install/thorn_planners:/home/marc/ros2_ws/install/thorn_launchers:/opt/ros/iron /usr/bin/cmake --build /home/marc/ros2_ws/build/thorn_drivers -- -j4 -l4
[422.788s] DEBUG:colcon.colcon_core.event_handler.log_command:Invoking command in '/home/marc/ros2_ws/build/thorn_drivers': CMAKE_PREFIX_PATH=${CMAKE_PREFIX_PATH}:/home/marc/ros2_ws/install/thorn_planners:/home/marc/ros2_ws/install/thorn_launchers:/opt/ros/iron /usr/bin/cmake --install /home/marc/ros2_ws/build/thorn_drivers
[423.061s] DEBUG:colcon.colcon_core.event_handler.log_command:Invoked command in '/home/marc/ros2_ws/build/thorn_drivers' returned '0': CMAKE_PREFIX_PATH=${CMAKE_PREFIX_PATH}:/home/marc/ros2_ws/install/thorn_planners:/home/marc/ros2_ws/install/thorn_launchers:/opt/ros/iron /usr/bin/cmake --install /home/marc/ros2_ws/build/thorn_drivers
[423.056s] Level 1:colcon.colcon_core.environment:create_environment_scripts_only(thorn_drivers)
[423.173s] Level 1:colcon.colcon_core.environment:checking '/home/marc/ros2_ws/install/thorn_drivers' for CMake module files
[423.203s] Level 1:colcon.colcon_core.environment:checking '/home/marc/ros2_ws/install/thorn_drivers' for CMake config files
[423.222s] Level 1:colcon.colcon_core.shell:create_environment_hook('thorn_drivers', 'cmake_prefix_path')
[423.254s] INFO:colcon.colcon_core.shell:Creating environment hook '/home/marc/ros2_ws/install/thorn_drivers/share/thorn_drivers/hook/cmake_prefix_path.ps1'
[423.394s] INFO:colcon.colcon_core.shell:Creating environment descriptor '/home/marc/ros2_ws/install/thorn_drivers/share/thorn_drivers/hook/cmake_prefix_path.dsv'
[423.426s] INFO:colcon.colcon_core.shell:Creating environment hook '/home/marc/ros2_ws/install/thorn_drivers/share/thorn_drivers/hook/cmake_prefix_path.sh'
[423.476s] Level 1:colcon.colcon_core.environment:checking '/home/marc/ros2_ws/install/thorn_drivers/lib'
[423.564s] Level 1:colcon.colcon_core.environment:checking '/home/marc/ros2_ws/install/thorn_drivers/bin'
[423.567s] Level 1:colcon.colcon_core.environment:checking '/home/marc/ros2_ws/install/thorn_drivers/lib/pkgconfig/thorn_drivers.pc'
[423.620s] Level 1:colcon.colcon_core.environment:checking '/home/marc/ros2_ws/install/thorn_drivers/lib/python3.10/site-packages'
[423.623s] Level 1:colcon.colcon_core.environment:checking '/home/marc/ros2_ws/install/thorn_drivers/bin'
[423.631s] INFO:colcon.colcon_core.shell:Creating package script '/home/marc/ros2_ws/install/thorn_drivers/share/thorn_drivers/package.ps1'
[423.648s] INFO:colcon.colcon_core.shell:Creating package descriptor '/home/marc/ros2_ws/install/thorn_drivers/share/thorn_drivers/package.dsv'
[423.657s] INFO:colcon.colcon_core.shell:Creating package script '/home/marc/ros2_ws/install/thorn_drivers/share/thorn_drivers/package.sh'
[423.672s] INFO:colcon.colcon_core.shell:Creating package script '/home/marc/ros2_ws/install/thorn_drivers/share/thorn_drivers/package.bash'
[423.686s] INFO:colcon.colcon_core.shell:Creating package script '/home/marc/ros2_ws/install/thorn_drivers/share/thorn_drivers/package.zsh'
[423.704s] Level 1:colcon.colcon_core.environment:create_file_with_runtime_dependencies(/home/marc/ros2_ws/install/thorn_drivers/share/colcon-core/packages/thorn_drivers)
[423.979s] Level 1:colcon.colcon_core.environment:create_environment_scripts_only(thorn_drivers)
[423.985s] Level 1:colcon.colcon_core.environment:checking '/home/marc/ros2_ws/install/thorn_drivers' for CMake module files
[423.994s] Level 1:colcon.colcon_core.environment:checking '/home/marc/ros2_ws/install/thorn_drivers' for CMake config files
[423.997s] Level 1:colcon.colcon_core.shell:create_environment_hook('thorn_drivers', 'cmake_prefix_path')
[424.000s] INFO:colcon.colcon_core.shell:Creating environment hook '/home/marc/ros2_ws/install/thorn_drivers/share/thorn_drivers/hook/cmake_prefix_path.ps1'
[424.005s] INFO:colcon.colcon_core.shell:Creating environment descriptor '/home/marc/ros2_ws/install/thorn_drivers/share/thorn_drivers/hook/cmake_prefix_path.dsv'
[424.009s] INFO:colcon.colcon_core.shell:Creating environment hook '/home/marc/ros2_ws/install/thorn_drivers/share/thorn_drivers/hook/cmake_prefix_path.sh'
[424.020s] Level 1:colcon.colcon_core.environment:checking '/home/marc/ros2_ws/install/thorn_drivers/lib'
[424.021s] Level 1:colcon.colcon_core.environment:checking '/home/marc/ros2_ws/install/thorn_drivers/bin'
[424.021s] Level 1:colcon.colcon_core.environment:checking '/home/marc/ros2_ws/install/thorn_drivers/lib/pkgconfig/thorn_drivers.pc'
[424.024s] Level 1:colcon.colcon_core.environment:checking '/home/marc/ros2_ws/install/thorn_drivers/lib/python3.10/site-packages'
[424.027s] Level 1:colcon.colcon_core.environment:checking '/home/marc/ros2_ws/install/thorn_drivers/bin'
[424.032s] INFO:colcon.colcon_core.shell:Creating package script '/home/marc/ros2_ws/install/thorn_drivers/share/thorn_drivers/package.ps1'
[424.045s] INFO:colcon.colcon_core.shell:Creating package descriptor '/home/marc/ros2_ws/install/thorn_drivers/share/thorn_drivers/package.dsv'
[424.056s] INFO:colcon.colcon_core.shell:Creating package script '/home/marc/ros2_ws/install/thorn_drivers/share/thorn_drivers/package.sh'
[424.063s] INFO:colcon.colcon_core.shell:Creating package script '/home/marc/ros2_ws/install/thorn_drivers/share/thorn_drivers/package.bash'
[424.070s] INFO:colcon.colcon_core.shell:Creating package script '/home/marc/ros2_ws/install/thorn_drivers/share/thorn_drivers/package.zsh'
[424.080s] Level 1:colcon.colcon_core.environment:create_file_with_runtime_dependencies(/home/marc/ros2_ws/install/thorn_drivers/share/colcon-core/packages/thorn_drivers)
[424.110s] INFO:colcon.colcon_ros.task.ament_python.build:Building ROS package in '/home/marc/ros2_ws/src/thorn_launchers' with build type 'ament_python'
[424.119s] Level 1:colcon.colcon_core.shell:create_environment_hook('thorn_launchers', 'ament_prefix_path')
[424.129s] INFO:colcon.colcon_core.shell:Creating environment hook '/home/marc/ros2_ws/install/thorn_launchers/share/thorn_launchers/hook/ament_prefix_path.ps1'
[424.152s] INFO:colcon.colcon_core.shell:Creating environment descriptor '/home/marc/ros2_ws/install/thorn_launchers/share/thorn_launchers/hook/ament_prefix_path.dsv'
[424.161s] INFO:colcon.colcon_core.shell:Creating environment hook '/home/marc/ros2_ws/install/thorn_launchers/share/thorn_launchers/hook/ament_prefix_path.sh'
[424.175s] INFO:colcon.colcon_core.shell:Skip shell extension 'powershell' for command environment: Not usable outside of PowerShell
[424.176s] DEBUG:colcon.colcon_core.shell:Skip shell extension 'dsv' for command environment
[429.316s] INFO:colcon.colcon_core.task.python.build:Building Python package in '/home/marc/ros2_ws/src/thorn_launchers'
[429.320s] INFO:colcon.colcon_core.shell:Skip shell extension 'powershell' for command environment: Not usable outside of PowerShell
[429.321s] DEBUG:colcon.colcon_core.shell:Skip shell extension 'dsv' for command environment
[434.488s] DEBUG:colcon.colcon_core.event_handler.log_command:Invoking command in '/home/marc/ros2_ws/src/thorn_launchers': PYTHONPATH=/home/marc/ros2_ws/build/thorn_launchers/prefix_override:/usr/lib/python3/dist-packages/colcon_core/task/python/colcon_distutils_commands:/home/marc/ros2_ws/install/thorn_launchers/lib/python3.10/site-packages:${PYTHONPATH} /usr/bin/python3 -W ignore:setup.py install is deprecated setup.py egg_info --egg-base ../../build/thorn_launchers build --build-base /home/marc/ros2_ws/build/thorn_launchers/build install --record /home/marc/ros2_ws/build/thorn_launchers/install.log --single-version-externally-managed install_data
[437.733s] Level 1:colcon.colcon_core.environment:checking '/home/marc/ros2_ws/install/thorn_launchers' for CMake module files
[437.738s] DEBUG:colcon.colcon_core.event_handler.log_command:Invoked command in '/home/marc/ros2_ws/src/thorn_launchers' returned '0': PYTHONPATH=/home/marc/ros2_ws/build/thorn_launchers/prefix_override:/usr/lib/python3/dist-packages/colcon_core/task/python/colcon_distutils_commands:/home/marc/ros2_ws/install/thorn_launchers/lib/python3.10/site-packages:${PYTHONPATH} /usr/bin/python3 -W ignore:setup.py install is deprecated setup.py egg_info --egg-base ../../build/thorn_launchers build --build-base /home/marc/ros2_ws/build/thorn_launchers/build install --record /home/marc/ros2_ws/build/thorn_launchers/install.log --single-version-externally-managed install_data
[437.744s] Level 1:colcon.colcon_core.environment:checking '/home/marc/ros2_ws/install/thorn_launchers' for CMake config files
[437.754s] Level 1:colcon.colcon_core.environment:checking '/home/marc/ros2_ws/install/thorn_launchers/lib'
[437.755s] Level 1:colcon.colcon_core.environment:checking '/home/marc/ros2_ws/install/thorn_launchers/bin'
[437.756s] Level 1:colcon.colcon_core.environment:checking '/home/marc/ros2_ws/install/thorn_launchers/lib/pkgconfig/thorn_launchers.pc'
[437.760s] Level 1:colcon.colcon_core.environment:checking '/home/marc/ros2_ws/install/thorn_launchers/lib/python3.10/site-packages'
[437.761s] Level 1:colcon.colcon_core.shell:create_environment_hook('thorn_launchers', 'pythonpath')
[437.768s] INFO:colcon.colcon_core.shell:Creating environment hook '/home/marc/ros2_ws/install/thorn_launchers/share/thorn_launchers/hook/pythonpath.ps1'
[437.776s] INFO:colcon.colcon_core.shell:Creating environment descriptor '/home/marc/ros2_ws/install/thorn_launchers/share/thorn_launchers/hook/pythonpath.dsv'
[437.782s] INFO:colcon.colcon_core.shell:Creating environment hook '/home/marc/ros2_ws/install/thorn_launchers/share/thorn_launchers/hook/pythonpath.sh'
[437.789s] Level 1:colcon.colcon_core.environment:checking '/home/marc/ros2_ws/install/thorn_launchers/bin'
[437.790s] Level 1:colcon.colcon_core.environment:create_environment_scripts_only(thorn_launchers)
[437.794s] INFO:colcon.colcon_core.shell:Creating package script '/home/marc/ros2_ws/install/thorn_launchers/share/thorn_launchers/package.ps1'
[437.799s] INFO:colcon.colcon_core.shell:Creating package descriptor '/home/marc/ros2_ws/install/thorn_launchers/share/thorn_launchers/package.dsv'
[437.804s] INFO:colcon.colcon_core.shell:Creating package script '/home/marc/ros2_ws/install/thorn_launchers/share/thorn_launchers/package.sh'
[437.810s] INFO:colcon.colcon_core.shell:Creating package script '/home/marc/ros2_ws/install/thorn_launchers/share/thorn_launchers/package.bash'
[437.815s] INFO:colcon.colcon_core.shell:Creating package script '/home/marc/ros2_ws/install/thorn_launchers/share/thorn_launchers/package.zsh'
[437.822s] Level 1:colcon.colcon_core.environment:create_file_with_runtime_dependencies(/home/marc/ros2_ws/install/thorn_launchers/share/colcon-core/packages/thorn_launchers)
[437.827s] INFO:colcon.colcon_ros.task.ament_python.build:Building ROS package in '/home/marc/ros2_ws/src/thorn_planners' with build type 'ament_python'
[437.829s] Level 1:colcon.colcon_core.shell:create_environment_hook('thorn_planners', 'ament_prefix_path')
[437.833s] INFO:colcon.colcon_core.shell:Creating environment hook '/home/marc/ros2_ws/install/thorn_planners/share/thorn_planners/hook/ament_prefix_path.ps1'
[437.843s] INFO:colcon.colcon_core.shell:Creating environment descriptor '/home/marc/ros2_ws/install/thorn_planners/share/thorn_planners/hook/ament_prefix_path.dsv'
[437.848s] INFO:colcon.colcon_core.shell:Creating environment hook '/home/marc/ros2_ws/install/thorn_planners/share/thorn_planners/hook/ament_prefix_path.sh'
[437.856s] INFO:colcon.colcon_core.shell:Skip shell extension 'powershell' for command environment: Not usable outside of PowerShell
[437.857s] DEBUG:colcon.colcon_core.shell:Skip shell extension 'dsv' for command environment
[440.796s] INFO:colcon.colcon_core.task.python.build:Building Python package in '/home/marc/ros2_ws/src/thorn_planners'
[440.799s] INFO:colcon.colcon_core.shell:Skip shell extension 'powershell' for command environment: Not usable outside of PowerShell
[440.799s] DEBUG:colcon.colcon_core.shell:Skip shell extension 'dsv' for command environment
[444.795s] DEBUG:colcon.colcon_core.event_handler.log_command:Invoking command in '/home/marc/ros2_ws/src/thorn_planners': PYTHONPATH=/home/marc/ros2_ws/build/thorn_planners/prefix_override:/usr/lib/python3/dist-packages/colcon_core/task/python/colcon_distutils_commands:/home/marc/ros2_ws/install/thorn_planners/lib/python3.10/site-packages:${PYTHONPATH} /usr/bin/python3 -W ignore:setup.py install is deprecated setup.py egg_info --egg-base ../../build/thorn_planners build --build-base /home/marc/ros2_ws/build/thorn_planners/build install --record /home/marc/ros2_ws/build/thorn_planners/install.log --single-version-externally-managed install_data
[448.058s] Level 1:colcon.colcon_core.environment:checking '/home/marc/ros2_ws/install/thorn_planners' for CMake module files
[448.063s] DEBUG:colcon.colcon_core.event_handler.log_command:Invoked command in '/home/marc/ros2_ws/src/thorn_planners' returned '0': PYTHONPATH=/home/marc/ros2_ws/build/thorn_planners/prefix_override:/usr/lib/python3/dist-packages/colcon_core/task/python/colcon_distutils_commands:/home/marc/ros2_ws/install/thorn_planners/lib/python3.10/site-packages:${PYTHONPATH} /usr/bin/python3 -W ignore:setup.py install is deprecated setup.py egg_info --egg-base ../../build/thorn_planners build --build-base /home/marc/ros2_ws/build/thorn_planners/build install --record /home/marc/ros2_ws/build/thorn_planners/install.log --single-version-externally-managed install_data
[448.069s] Level 1:colcon.colcon_core.environment:checking '/home/marc/ros2_ws/install/thorn_planners' for CMake config files
[448.080s] Level 1:colcon.colcon_core.environment:checking '/home/marc/ros2_ws/install/thorn_planners/lib'
[448.081s] Level 1:colcon.colcon_core.environment:checking '/home/marc/ros2_ws/install/thorn_planners/bin'
[448.082s] Level 1:colcon.colcon_core.environment:checking '/home/marc/ros2_ws/install/thorn_planners/lib/pkgconfig/thorn_planners.pc'
[448.084s] Level 1:colcon.colcon_core.environment:checking '/home/marc/ros2_ws/install/thorn_planners/lib/python3.10/site-packages'
[448.085s] Level 1:colcon.colcon_core.shell:create_environment_hook('thorn_planners', 'pythonpath')
[448.088s] INFO:colcon.colcon_core.shell:Creating environment hook '/home/marc/ros2_ws/install/thorn_planners/share/thorn_planners/hook/pythonpath.ps1'
[448.094s] INFO:colcon.colcon_core.shell:Creating environment descriptor '/home/marc/ros2_ws/install/thorn_planners/share/thorn_planners/hook/pythonpath.dsv'
[448.102s] INFO:colcon.colcon_core.shell:Creating environment hook '/home/marc/ros2_ws/install/thorn_planners/share/thorn_planners/hook/pythonpath.sh'
[448.110s] Level 1:colcon.colcon_core.environment:checking '/home/marc/ros2_ws/install/thorn_planners/bin'
[448.111s] Level 1:colcon.colcon_core.environment:create_environment_scripts_only(thorn_planners)
[448.116s] INFO:colcon.colcon_core.shell:Creating package script '/home/marc/ros2_ws/install/thorn_planners/share/thorn_planners/package.ps1'
[448.122s] INFO:colcon.colcon_core.shell:Creating package descriptor '/home/marc/ros2_ws/install/thorn_planners/share/thorn_planners/package.dsv'
[448.129s] INFO:colcon.colcon_core.shell:Creating package script '/home/marc/ros2_ws/install/thorn_planners/share/thorn_planners/package.sh'
[448.134s] INFO:colcon.colcon_core.shell:Creating package script '/home/marc/ros2_ws/install/thorn_planners/share/thorn_planners/package.bash'
[448.138s] INFO:colcon.colcon_core.shell:Creating package script '/home/marc/ros2_ws/install/thorn_planners/share/thorn_planners/package.zsh'
[448.143s] Level 1:colcon.colcon_core.environment:create_file_with_runtime_dependencies(/home/marc/ros2_ws/install/thorn_planners/share/colcon-core/packages/thorn_planners)
[448.152s] DEBUG:colcon.colcon_parallel_executor.executor.parallel:closing loop
[448.177s] DEBUG:colcon.colcon_parallel_executor.executor.parallel:loop closed
[448.180s] DEBUG:colcon.colcon_parallel_executor.executor.parallel:run_until_complete finished with '0'
[448.185s] DEBUG:colcon.colcon_core.event_reactor:joining thread
[448.604s] INFO:colcon.colcon_core.plugin_system:Skipping extension 'colcon_notification.desktop_notification.notify_send': Could not find 'notify-send'
[448.605s] INFO:colcon.colcon_core.plugin_system:Skipping extension 'colcon_notification.desktop_notification.terminal_notifier': Not used on non-Darwin systems
[448.606s] INFO:colcon.colcon_core.plugin_system:Skipping extension 'colcon_notification.desktop_notification.win32': Not used on non-Windows systems
[448.609s] INFO:colcon.colcon_notification.desktop_notification:Sending desktop notification using 'notify2'
[448.705s] DEBUG:colcon.colcon_notification.desktop_notification.notify2:Failed to initialize notify2: org.freedesktop.DBus.Error.ServiceUnknown: The name org.freedesktop.Notifications was not provided by any .service files
[448.708s] DEBUG:colcon.colcon_core.event_reactor:joined thread
[448.723s] INFO:colcon.colcon_core.shell:Creating prefix script '/home/marc/ros2_ws/install/local_setup.ps1'
[448.743s] INFO:colcon.colcon_core.shell:Creating prefix util module '/home/marc/ros2_ws/install/_local_setup_util_ps1.py'
[448.774s] INFO:colcon.colcon_core.shell:Creating prefix chain script '/home/marc/ros2_ws/install/setup.ps1'
[448.790s] INFO:colcon.colcon_core.shell:Creating prefix script '/home/marc/ros2_ws/install/local_setup.sh'
[448.802s] INFO:colcon.colcon_core.shell:Creating prefix util module '/home/marc/ros2_ws/install/_local_setup_util_sh.py'
[448.809s] INFO:colcon.colcon_core.shell:Creating prefix chain script '/home/marc/ros2_ws/install/setup.sh'
[448.828s] INFO:colcon.colcon_core.shell:Creating prefix script '/home/marc/ros2_ws/install/local_setup.bash'
[448.836s] INFO:colcon.colcon_core.shell:Creating prefix chain script '/home/marc/ros2_ws/install/setup.bash'
[448.853s] INFO:colcon.colcon_core.shell:Creating prefix script '/home/marc/ros2_ws/install/local_setup.zsh'
[448.864s] INFO:colcon.colcon_core.shell:Creating prefix chain script '/home/marc/ros2_ws/install/setup.zsh'
