[0.089s] Invoking command in '/home/marc/ros2_ws/build/thorn_drivers': CMAKE_PREFIX_PATH=${CMAKE_PREFIX_PATH}:/home/marc/ros2_ws/install/thorn_planners:/home/marc/ros2_ws/install/thorn_launchers:/opt/ros/iron /usr/bin/cmake --build /home/marc/ros2_ws/build/thorn_drivers -- -j4 -l4
[0.319s] -- Found ament_cmake: 2.0.6 (/opt/ros/iron/share/ament_cmake/cmake)
[1.933s] -- Found rclcpp: 21.0.7 (/opt/ros/iron/share/rclcpp/cmake)
[2.295s] -- Found rosidl_generator_c: 4.0.1 (/opt/ros/iron/share/rosidl_generator_c/cmake)
[2.392s] -- Found rosidl_generator_cpp: 4.0.1 (/opt/ros/iron/share/rosidl_generator_cpp/cmake)
[2.535s] -- Using all available rosidl_typesupport_c: rosidl_typesupport_fastrtps_c;rosidl_typesupport_introspection_c
[2.715s] -- Using all available rosidl_typesupport_cpp: rosidl_typesupport_fastrtps_cpp;rosidl_typesupport_introspection_cpp
[4.455s] -- Found rmw_implementation_cmake: 7.1.0 (/opt/ros/iron/share/rmw_implementation_cmake/cmake)
[4.471s] -- Found rmw_fastrtps_cpp: 7.1.4 (/opt/ros/iron/share/rmw_fastrtps_cpp/cmake)
[5.979s] -- Using RMW implementation 'rmw_fastrtps_cpp' as default
[7.871s] -- Found std_msgs: 5.0.1 (/opt/ros/iron/share/std_msgs/cmake)
[8.237s] -- Found ament_lint_auto: 0.14.4 (/opt/ros/iron/share/ament_lint_auto/cmake)
[9.005s] -- Added test 'cppcheck' to perform static code analysis on C / C++ code
[9.006s] -- Configured cppcheck include dirs: 
[9.007s] -- Configured cppcheck exclude dirs and/or files: 
[9.014s] -- Added test 'lint_cmake' to check CMake code style
[9.030s] -- Added test 'uncrustify' to check C / C++ code style
[9.031s] -- Configured uncrustify additional arguments: 
[9.035s] -- Added test 'xmllint' to check XML markup files
[9.044s] -- Configuring done
[9.113s] [31mCMake Error at CMakeLists.txt:48 (add_executable):
[9.114s]   Cannot find source file:
[9.115s] 
[9.116s]     src/Servo_Driver_node.cpp
[9.117s] 
[9.118s]   Tried extensions .c .C .c++ .cc .cpp .cxx .cu .mpp .m .M .mm .ixx .cppm .h
[9.119s]   .hh .h++ .hm .hpp .hxx .in .txx .f .F .for .f77 .f90 .f95 .f03 .hip .ispc
[9.120s] 
[9.121s] [0m
[9.126s] [31mCMake Error at CMakeLists.txt:48 (add_executable):
[9.127s]   No SOURCES given to target: Servo_Driver_node
[9.128s] 
[9.129s] [0m
[9.130s] [0mCMake Generate step failed.  Build files cannot be regenerated correctly.[0m
[9.172s] gmake: *** [Makefile:226: cmake_check_build_system] Error 1
[9.188s] Invoked command in '/home/marc/ros2_ws/build/thorn_drivers' returned '2': CMAKE_PREFIX_PATH=${CMAKE_PREFIX_PATH}:/home/marc/ros2_ws/install/thorn_planners:/home/marc/ros2_ws/install/thorn_launchers:/opt/ros/iron /usr/bin/cmake --build /home/marc/ros2_ws/build/thorn_drivers -- -j4 -l4
