[0.094s] Invoking command in '/home/marc/ros2_ws/build/thorn_drivers': CMAKE_PREFIX_PATH=${CMAKE_PREFIX_PATH}:/home/marc/ros2_ws/install/thorn_planners:/home/marc/ros2_ws/install/thorn_launchers:/opt/ros/iron /usr/bin/cmake --build /home/marc/ros2_ws/build/thorn_drivers -- -j4 -l4
[0.572s] -- Found ament_cmake: 2.0.6 (/opt/ros/iron/share/ament_cmake/cmake)
[2.357s] -- Found rclcpp: 21.0.7 (/opt/ros/iron/share/rclcpp/cmake)
[2.736s] -- Found rosidl_generator_c: 4.0.1 (/opt/ros/iron/share/rosidl_generator_c/cmake)
[2.859s] -- Found rosidl_generator_cpp: 4.0.1 (/opt/ros/iron/share/rosidl_generator_cpp/cmake)
[3.047s] -- Using all available rosidl_typesupport_c: rosidl_typesupport_fastrtps_c;rosidl_typesupport_introspection_c
[3.268s] -- Using all available rosidl_typesupport_cpp: rosidl_typesupport_fastrtps_cpp;rosidl_typesupport_introspection_cpp
[5.163s] -- Found rmw_implementation_cmake: 7.1.0 (/opt/ros/iron/share/rmw_implementation_cmake/cmake)
[5.190s] -- Found rmw_fastrtps_cpp: 7.1.4 (/opt/ros/iron/share/rmw_fastrtps_cpp/cmake)
[6.936s] -- Using RMW implementation 'rmw_fastrtps_cpp' as default
[8.951s] -- Found std_msgs: 5.0.1 (/opt/ros/iron/share/std_msgs/cmake)
[9.349s] [31mCMake Error at CMakeLists.txt:28 (target_include_directories):
[9.350s]   Cannot specify include directories for target "test_pigpiod" which is not
[9.351s]   built by this project.
[9.352s] 
[9.353s] [0m
[9.355s] -- Found ament_lint_auto: 0.14.4 (/opt/ros/iron/share/ament_lint_auto/cmake)
[10.174s] -- Added test 'cppcheck' to perform static code analysis on C / C++ code
[10.176s] -- Configured cppcheck include dirs: 
[10.177s] -- Configured cppcheck exclude dirs and/or files: 
[10.187s] -- Added test 'lint_cmake' to check CMake code style
[10.206s] -- Added test 'uncrustify' to check C / C++ code style
[10.207s] -- Configured uncrustify additional arguments: 
[10.211s] -- Added test 'xmllint' to check XML markup files
[10.231s] -- Configuring incomplete, errors occurred!
[10.232s] See also "/home/marc/ros2_ws/build/thorn_drivers/CMakeFiles/CMakeOutput.log".
[10.294s] gmake: *** [Makefile:267: cmake_check_build_system] Error 1
[10.310s] Invoked command in '/home/marc/ros2_ws/build/thorn_drivers' returned '2': CMAKE_PREFIX_PATH=${CMAKE_PREFIX_PATH}:/home/marc/ros2_ws/install/thorn_planners:/home/marc/ros2_ws/install/thorn_launchers:/opt/ros/iron /usr/bin/cmake --build /home/marc/ros2_ws/build/thorn_drivers -- -j4 -l4
