[6.981s] Invoking command in '/home/marc/ros2_ws/src/thorn_planners': PYTHONPATH=/home/marc/ros2_ws/build/thorn_planners/prefix_override:/usr/lib/python3/dist-packages/colcon_core/task/python/colcon_distutils_commands:/home/marc/ros2_ws/install/thorn_planners/lib/python3.10/site-packages:${PYTHONPATH} /usr/bin/python3 -W ignore:setup.py install is deprecated setup.py egg_info --egg-base ../../build/thorn_planners build --build-base /home/marc/ros2_ws/build/thorn_planners/build install --record /home/marc/ros2_ws/build/thorn_planners/install.log --single-version-externally-managed install_data
[9.647s] running egg_info
[9.653s] writing ../../build/thorn_planners/thorn_planners.egg-info/PKG-INFO
[9.821s] writing dependency_links to ../../build/thorn_planners/thorn_planners.egg-info/dependency_links.txt
[9.825s] writing entry points to ../../build/thorn_planners/thorn_planners.egg-info/entry_points.txt
[9.826s] writing requirements to ../../build/thorn_planners/thorn_planners.egg-info/requires.txt
[9.828s] writing top-level names to ../../build/thorn_planners/thorn_planners.egg-info/top_level.txt
[9.829s] reading manifest file '../../build/thorn_planners/thorn_planners.egg-info/SOURCES.txt'
[9.835s] writing manifest file '../../build/thorn_planners/thorn_planners.egg-info/SOURCES.txt'
[9.836s] running build
[9.838s] running build_py
[9.843s] running install
[9.846s] running install_lib
[9.863s] running install_data
[9.867s] running install_egg_info
[9.886s] removing '/home/marc/ros2_ws/install/thorn_planners/lib/python3.10/site-packages/thorn_planners-0.0.0-py3.10.egg-info' (and everything under it)
[9.890s] Copying ../../build/thorn_planners/thorn_planners.egg-info to /home/marc/ros2_ws/install/thorn_planners/lib/python3.10/site-packages/thorn_planners-0.0.0-py3.10.egg-info
[9.905s] running install_scripts
[10.108s] Installing Flight_Planner_node script to /home/marc/ros2_ws/install/thorn_planners/lib/thorn_planners
[10.113s] writing list of installed files to '/home/marc/ros2_ws/build/thorn_planners/install.log'
[10.380s] Invoked command in '/home/marc/ros2_ws/src/thorn_planners' returned '0': PYTHONPATH=/home/marc/ros2_ws/build/thorn_planners/prefix_override:/usr/lib/python3/dist-packages/colcon_core/task/python/colcon_distutils_commands:/home/marc/ros2_ws/install/thorn_planners/lib/python3.10/site-packages:${PYTHONPATH} /usr/bin/python3 -W ignore:setup.py install is deprecated setup.py egg_info --egg-base ../../build/thorn_planners build --build-base /home/marc/ros2_ws/build/thorn_planners/build install --record /home/marc/ros2_ws/build/thorn_planners/install.log --single-version-externally-managed install_data
