[7.322s] Invoking command in '/home/marc/ros2_ws/src/thorn_planners': PYTHONPATH=/home/marc/ros2_ws/build/thorn_planners/prefix_override:/usr/lib/python3/dist-packages/colcon_core/task/python/colcon_distutils_commands:/home/marc/ros2_ws/install/thorn_planners/lib/python3.10/site-packages:${PYTHONPATH} /usr/bin/python3 -W ignore:setup.py install is deprecated setup.py egg_info --egg-base ../../build/thorn_planners build --build-base /home/marc/ros2_ws/build/thorn_planners/build install --record /home/marc/ros2_ws/build/thorn_planners/install.log --single-version-externally-managed install_data
[10.027s] running egg_info
[10.034s] writing ../../build/thorn_planners/thorn_planners.egg-info/PKG-INFO
[10.038s] writing dependency_links to ../../build/thorn_planners/thorn_planners.egg-info/dependency_links.txt
[10.041s] writing entry points to ../../build/thorn_planners/thorn_planners.egg-info/entry_points.txt
[10.043s] writing requirements to ../../build/thorn_planners/thorn_planners.egg-info/requires.txt
[10.044s] writing top-level names to ../../build/thorn_planners/thorn_planners.egg-info/top_level.txt
[10.065s] reading manifest file '../../build/thorn_planners/thorn_planners.egg-info/SOURCES.txt'
[10.077s] writing manifest file '../../build/thorn_planners/thorn_planners.egg-info/SOURCES.txt'
[10.078s] running build
[10.079s] running build_py
[10.086s] running install
[10.089s] running install_lib
[10.105s] running install_data
[10.110s] running install_egg_info
[10.130s] removing '/home/marc/ros2_ws/install/thorn_planners/lib/python3.10/site-packages/thorn_planners-0.0.0-py3.10.egg-info' (and everything under it)
[10.135s] Copying ../../build/thorn_planners/thorn_planners.egg-info to /home/marc/ros2_ws/install/thorn_planners/lib/python3.10/site-packages/thorn_planners-0.0.0-py3.10.egg-info
[10.149s] running install_scripts
[10.354s] Installing Flight_Planner_node script to /home/marc/ros2_ws/install/thorn_planners/lib/thorn_planners
[10.359s] writing list of installed files to '/home/marc/ros2_ws/build/thorn_planners/install.log'
[10.631s] Invoked command in '/home/marc/ros2_ws/src/thorn_planners' returned '0': PYTHONPATH=/home/marc/ros2_ws/build/thorn_planners/prefix_override:/usr/lib/python3/dist-packages/colcon_core/task/python/colcon_distutils_commands:/home/marc/ros2_ws/install/thorn_planners/lib/python3.10/site-packages:${PYTHONPATH} /usr/bin/python3 -W ignore:setup.py install is deprecated setup.py egg_info --egg-base ../../build/thorn_planners build --build-base /home/marc/ros2_ws/build/thorn_planners/build install --record /home/marc/ros2_ws/build/thorn_planners/install.log --single-version-externally-managed install_data
