[0.089s] Invoking command in '/home/marc/ros2_ws/build/thorn_drivers': CMAKE_PREFIX_PATH=${CMAKE_PREFIX_PATH}:/home/marc/ros2_ws/install/thorn_planners:/home/marc/ros2_ws/install/thorn_launchers:/opt/ros/iron /usr/bin/cmake --build /home/marc/ros2_ws/build/thorn_drivers -- -j4 -l4
[0.437s] -- Found ament_cmake: 2.0.6 (/opt/ros/iron/share/ament_cmake/cmake)
[2.249s] -- Found rclcpp: 21.0.7 (/opt/ros/iron/share/rclcpp/cmake)
[2.721s] -- Found rosidl_generator_c: 4.0.1 (/opt/ros/iron/share/rosidl_generator_c/cmake)
[2.838s] -- Found rosidl_generator_cpp: 4.0.1 (/opt/ros/iron/share/rosidl_generator_cpp/cmake)
[3.018s] -- Using all available rosidl_typesupport_c: rosidl_typesupport_fastrtps_c;rosidl_typesupport_introspection_c
[3.230s] -- Using all available rosidl_typesupport_cpp: rosidl_typesupport_fastrtps_cpp;rosidl_typesupport_introspection_cpp
[5.114s] -- Found rmw_implementation_cmake: 7.1.0 (/opt/ros/iron/share/rmw_implementation_cmake/cmake)
[5.139s] -- Found rmw_fastrtps_cpp: 7.1.4 (/opt/ros/iron/share/rmw_fastrtps_cpp/cmake)
[6.767s] -- Using RMW implementation 'rmw_fastrtps_cpp' as default
[8.774s] -- Found std_msgs: 5.0.1 (/opt/ros/iron/share/std_msgs/cmake)
[9.171s] [31mCMake Error at CMakeLists.txt:51 (install):
[9.173s]   install TARGETS given target "talker" which does not exist.
[9.174s] 
[9.175s] [0m
[9.176s] -- Found ament_lint_auto: 0.14.4 (/opt/ros/iron/share/ament_lint_auto/cmake)
[10.023s] -- Added test 'cppcheck' to perform static code analysis on C / C++ code
[10.024s] -- Configured cppcheck include dirs: 
[10.025s] -- Configured cppcheck exclude dirs and/or files: 
[10.034s] -- Added test 'lint_cmake' to check CMake code style
[10.054s] -- Added test 'uncrustify' to check C / C++ code style
[10.055s] -- Configured uncrustify additional arguments: 
[10.060s] -- Added test 'xmllint' to check XML markup files
[10.087s] -- Configuring incomplete, errors occurred!
[10.088s] See also "/home/marc/ros2_ws/build/thorn_drivers/CMakeFiles/CMakeOutput.log".
[10.148s] gmake: *** [Makefile:226: cmake_check_build_system] Error 1
[10.168s] Invoked command in '/home/marc/ros2_ws/build/thorn_drivers' returned '2': CMAKE_PREFIX_PATH=${CMAKE_PREFIX_PATH}:/home/marc/ros2_ws/install/thorn_planners:/home/marc/ros2_ws/install/thorn_launchers:/opt/ros/iron /usr/bin/cmake --build /home/marc/ros2_ws/build/thorn_drivers -- -j4 -l4
