[8.629s] Invoking command in '/home/marc/ros2_ws/src/thorn_planners': PYTHONPATH=/home/marc/ros2_ws/build/thorn_planners/prefix_override:/usr/lib/python3/dist-packages/colcon_core/task/python/colcon_distutils_commands:/home/marc/ros2_ws/install/thorn_planners/lib/python3.10/site-packages:${PYTHONPATH} /usr/bin/python3 -W ignore:setup.py install is deprecated setup.py egg_info --egg-base ../../build/thorn_planners build --build-base /home/marc/ros2_ws/build/thorn_planners/build install --record /home/marc/ros2_ws/build/thorn_planners/install.log --single-version-externally-managed install_data
[11.345s] running egg_info
[11.352s] writing ../../build/thorn_planners/thorn_planners.egg-info/PKG-INFO
[11.354s] writing dependency_links to ../../build/thorn_planners/thorn_planners.egg-info/dependency_links.txt
[11.356s] writing entry points to ../../build/thorn_planners/thorn_planners.egg-info/entry_points.txt
[11.359s] writing requirements to ../../build/thorn_planners/thorn_planners.egg-info/requires.txt
[11.360s] writing top-level names to ../../build/thorn_planners/thorn_planners.egg-info/top_level.txt
[11.379s] reading manifest file '../../build/thorn_planners/thorn_planners.egg-info/SOURCES.txt'
[11.389s] writing manifest file '../../build/thorn_planners/thorn_planners.egg-info/SOURCES.txt'
[11.391s] running build
[11.392s] running build_py
[11.395s] running install
[11.398s] running install_lib
[11.410s] running install_data
[11.412s] running install_egg_info
[11.430s] removing '/home/marc/ros2_ws/install/thorn_planners/lib/python3.10/site-packages/thorn_planners-0.0.0-py3.10.egg-info' (and everything under it)
[11.434s] Copying ../../build/thorn_planners/thorn_planners.egg-info to /home/marc/ros2_ws/install/thorn_planners/lib/python3.10/site-packages/thorn_planners-0.0.0-py3.10.egg-info
[11.447s] running install_scripts
[11.652s] Installing Flight_Planner_node script to /home/marc/ros2_ws/install/thorn_planners/lib/thorn_planners
[11.655s] writing list of installed files to '/home/marc/ros2_ws/build/thorn_planners/install.log'
[11.919s] Invoked command in '/home/marc/ros2_ws/src/thorn_planners' returned '0': PYTHONPATH=/home/marc/ros2_ws/build/thorn_planners/prefix_override:/usr/lib/python3/dist-packages/colcon_core/task/python/colcon_distutils_commands:/home/marc/ros2_ws/install/thorn_planners/lib/python3.10/site-packages:${PYTHONPATH} /usr/bin/python3 -W ignore:setup.py install is deprecated setup.py egg_info --egg-base ../../build/thorn_planners build --build-base /home/marc/ros2_ws/build/thorn_planners/build install --record /home/marc/ros2_ws/build/thorn_planners/install.log --single-version-externally-managed install_data
