[11.320s] Invoking command in '/home/marc/ros2_ws/src/thorn_planners': PYTHONPATH=/home/marc/ros2_ws/build/thorn_planners/prefix_override:/usr/lib/python3/dist-packages/colcon_core/task/python/colcon_distutils_commands:/home/marc/ros2_ws/install/thorn_planners/lib/python3.10/site-packages:${PYTHONPATH} /usr/bin/python3 -W ignore:setup.py install is deprecated setup.py egg_info --egg-base ../../build/thorn_planners build --build-base /home/marc/ros2_ws/build/thorn_planners/build install --record /home/marc/ros2_ws/build/thorn_planners/install.log --single-version-externally-managed install_data
[14.363s] running egg_info
[14.370s] writing ../../build/thorn_planners/thorn_planners.egg-info/PKG-INFO
[14.374s] writing dependency_links to ../../build/thorn_planners/thorn_planners.egg-info/dependency_links.txt
[14.381s] writing entry points to ../../build/thorn_planners/thorn_planners.egg-info/entry_points.txt
[14.383s] writing requirements to ../../build/thorn_planners/thorn_planners.egg-info/requires.txt
[14.388s] writing top-level names to ../../build/thorn_planners/thorn_planners.egg-info/top_level.txt
[14.401s] reading manifest file '../../build/thorn_planners/thorn_planners.egg-info/SOURCES.txt'
[14.412s] writing manifest file '../../build/thorn_planners/thorn_planners.egg-info/SOURCES.txt'
[14.414s] running build
[14.415s] running build_py
[14.419s] copying thorn_planners/Flight_Planner_node.py -> /home/marc/ros2_ws/build/thorn_planners/build/lib/thorn_planners
[14.424s] running install
[14.427s] running install_lib
[14.433s] copying /home/marc/ros2_ws/build/thorn_planners/build/lib/thorn_planners/Flight_Planner_node.py -> /home/marc/ros2_ws/install/thorn_planners/lib/python3.10/site-packages/thorn_planners
[14.441s] byte-compiling /home/marc/ros2_ws/install/thorn_planners/lib/python3.10/site-packages/thorn_planners/Flight_Planner_node.py to Flight_Planner_node.cpython-310.pyc
[14.452s]   File "/home/marc/ros2_ws/install/thorn_planners/lib/python3.10/site-packages/thorn_planners/Flight_Planner_node.py", line 98
[14.454s]     def main(args=None):
[14.455s] SyntaxError: expected 'except' or 'finally' block
[14.456s] 
[14.458s] running install_data
[14.459s] running install_egg_info
[14.473s] removing '/home/marc/ros2_ws/install/thorn_planners/lib/python3.10/site-packages/thorn_planners-0.0.0-py3.10.egg-info' (and everything under it)
[14.478s] Copying ../../build/thorn_planners/thorn_planners.egg-info to /home/marc/ros2_ws/install/thorn_planners/lib/python3.10/site-packages/thorn_planners-0.0.0-py3.10.egg-info
[14.494s] running install_scripts
[14.713s] Installing Flight_Planner_node script to /home/marc/ros2_ws/install/thorn_planners/lib/thorn_planners
[14.717s] writing list of installed files to '/home/marc/ros2_ws/build/thorn_planners/install.log'
[15.140s] Invoked command in '/home/marc/ros2_ws/src/thorn_planners' returned '0': PYTHONPATH=/home/marc/ros2_ws/build/thorn_planners/prefix_override:/usr/lib/python3/dist-packages/colcon_core/task/python/colcon_distutils_commands:/home/marc/ros2_ws/install/thorn_planners/lib/python3.10/site-packages:${PYTHONPATH} /usr/bin/python3 -W ignore:setup.py install is deprecated setup.py egg_info --egg-base ../../build/thorn_planners build --build-base /home/marc/ros2_ws/build/thorn_planners/build install --record /home/marc/ros2_ws/build/thorn_planners/install.log --single-version-externally-managed install_data
