[7.011s] Invoking command in '/home/marc/ros2_ws/src/thorn_planners': PYTHONPATH=/home/marc/ros2_ws/build/thorn_planners/prefix_override:/usr/lib/python3/dist-packages/colcon_core/task/python/colcon_distutils_commands:/home/marc/ros2_ws/install/thorn_planners/lib/python3.10/site-packages:${PYTHONPATH} /usr/bin/python3 -W ignore:setup.py install is deprecated setup.py egg_info --egg-base ../../build/thorn_planners build --build-base /home/marc/ros2_ws/build/thorn_planners/build install --record /home/marc/ros2_ws/build/thorn_planners/install.log --single-version-externally-managed install_data
[9.711s] running egg_info
[9.717s] writing ../../build/thorn_planners/thorn_planners.egg-info/PKG-INFO
[9.721s] writing dependency_links to ../../build/thorn_planners/thorn_planners.egg-info/dependency_links.txt
[9.724s] writing entry points to ../../build/thorn_planners/thorn_planners.egg-info/entry_points.txt
[9.726s] writing requirements to ../../build/thorn_planners/thorn_planners.egg-info/requires.txt
[9.728s] writing top-level names to ../../build/thorn_planners/thorn_planners.egg-info/top_level.txt
[9.748s] reading manifest file '../../build/thorn_planners/thorn_planners.egg-info/SOURCES.txt'
[9.762s] writing manifest file '../../build/thorn_planners/thorn_planners.egg-info/SOURCES.txt'
[9.763s] running build
[9.764s] running build_py
[9.769s] running install
[9.773s] running install_lib
[9.786s] running install_data
[9.790s] running install_egg_info
[9.807s] removing '/home/marc/ros2_ws/install/thorn_planners/lib/python3.10/site-packages/thorn_planners-0.0.0-py3.10.egg-info' (and everything under it)
[9.812s] Copying ../../build/thorn_planners/thorn_planners.egg-info to /home/marc/ros2_ws/install/thorn_planners/lib/python3.10/site-packages/thorn_planners-0.0.0-py3.10.egg-info
[9.827s] running install_scripts
[10.033s] Installing Flight_Planner_node script to /home/marc/ros2_ws/install/thorn_planners/lib/thorn_planners
[10.036s] writing list of installed files to '/home/marc/ros2_ws/build/thorn_planners/install.log'
[10.304s] Invoked command in '/home/marc/ros2_ws/src/thorn_planners' returned '0': PYTHONPATH=/home/marc/ros2_ws/build/thorn_planners/prefix_override:/usr/lib/python3/dist-packages/colcon_core/task/python/colcon_distutils_commands:/home/marc/ros2_ws/install/thorn_planners/lib/python3.10/site-packages:${PYTHONPATH} /usr/bin/python3 -W ignore:setup.py install is deprecated setup.py egg_info --egg-base ../../build/thorn_planners build --build-base /home/marc/ros2_ws/build/thorn_planners/build install --record /home/marc/ros2_ws/build/thorn_planners/install.log --single-version-externally-managed install_data
