[11.141s] Invoking command in '/home/marc/ros2_ws/src/thorn_planners': PYTHONPATH=/home/marc/ros2_ws/build/thorn_planners/prefix_override:/usr/lib/python3/dist-packages/colcon_core/task/python/colcon_distutils_commands:/home/marc/ros2_ws/install/thorn_planners/lib/python3.10/site-packages:${PYTHONPATH} /usr/bin/python3 -W ignore:setup.py install is deprecated setup.py egg_info --egg-base ../../build/thorn_planners build --build-base /home/marc/ros2_ws/build/thorn_planners/build install --record /home/marc/ros2_ws/build/thorn_planners/install.log --single-version-externally-managed install_data
[14.099s] running egg_info
[14.105s] writing ../../build/thorn_planners/thorn_planners.egg-info/PKG-INFO
[14.113s] writing dependency_links to ../../build/thorn_planners/thorn_planners.egg-info/dependency_links.txt
[14.115s] writing entry points to ../../build/thorn_planners/thorn_planners.egg-info/entry_points.txt
[14.119s] writing requirements to ../../build/thorn_planners/thorn_planners.egg-info/requires.txt
[14.123s] writing top-level names to ../../build/thorn_planners/thorn_planners.egg-info/top_level.txt
[14.136s] reading manifest file '../../build/thorn_planners/thorn_planners.egg-info/SOURCES.txt'
[14.148s] writing manifest file '../../build/thorn_planners/thorn_planners.egg-info/SOURCES.txt'
[14.151s] running build
[14.153s] running build_py
[14.157s] running install
[14.160s] running install_lib
[14.171s] running install_data
[14.176s] running install_egg_info
[14.193s] removing '/home/marc/ros2_ws/install/thorn_planners/lib/python3.10/site-packages/thorn_planners-0.0.0-py3.10.egg-info' (and everything under it)
[14.198s] Copying ../../build/thorn_planners/thorn_planners.egg-info to /home/marc/ros2_ws/install/thorn_planners/lib/python3.10/site-packages/thorn_planners-0.0.0-py3.10.egg-info
[14.212s] running install_scripts
[14.435s] Installing Flight_Planner_node script to /home/marc/ros2_ws/install/thorn_planners/lib/thorn_planners
[14.440s] writing list of installed files to '/home/marc/ros2_ws/build/thorn_planners/install.log'
[14.848s] Invoked command in '/home/marc/ros2_ws/src/thorn_planners' returned '0': PYTHONPATH=/home/marc/ros2_ws/build/thorn_planners/prefix_override:/usr/lib/python3/dist-packages/colcon_core/task/python/colcon_distutils_commands:/home/marc/ros2_ws/install/thorn_planners/lib/python3.10/site-packages:${PYTHONPATH} /usr/bin/python3 -W ignore:setup.py install is deprecated setup.py egg_info --egg-base ../../build/thorn_planners build --build-base /home/marc/ros2_ws/build/thorn_planners/build install --record /home/marc/ros2_ws/build/thorn_planners/install.log --single-version-externally-managed install_data
