[6.926s] Invoking command in '/home/marc/ros2_ws/src/thorn_planners': PYTHONPATH=/home/marc/ros2_ws/build/thorn_planners/prefix_override:/usr/lib/python3/dist-packages/colcon_core/task/python/colcon_distutils_commands:/home/marc/ros2_ws/install/thorn_planners/lib/python3.10/site-packages:${PYTHONPATH} /usr/bin/python3 -W ignore:setup.py install is deprecated setup.py egg_info --egg-base ../../build/thorn_planners build --build-base /home/marc/ros2_ws/build/thorn_planners/build install --record /home/marc/ros2_ws/build/thorn_planners/install.log --single-version-externally-managed install_data
[9.605s] running egg_info
[9.612s] writing ../../build/thorn_planners/thorn_planners.egg-info/PKG-INFO
[9.615s] writing dependency_links to ../../build/thorn_planners/thorn_planners.egg-info/dependency_links.txt
[9.616s] writing entry points to ../../build/thorn_planners/thorn_planners.egg-info/entry_points.txt
[9.619s] writing requirements to ../../build/thorn_planners/thorn_planners.egg-info/requires.txt
[9.621s] writing top-level names to ../../build/thorn_planners/thorn_planners.egg-info/top_level.txt
[9.639s] reading manifest file '../../build/thorn_planners/thorn_planners.egg-info/SOURCES.txt'
[9.649s] writing manifest file '../../build/thorn_planners/thorn_planners.egg-info/SOURCES.txt'
[9.651s] running build
[9.652s] running build_py
[9.653s] copying thorn_planners/Flight_Planner_node.py -> /home/marc/ros2_ws/build/thorn_planners/build/lib/thorn_planners
[9.656s] running install
[9.659s] running install_lib
[9.667s] copying /home/marc/ros2_ws/build/thorn_planners/build/lib/thorn_planners/Flight_Planner_node.py -> /home/marc/ros2_ws/install/thorn_planners/lib/python3.10/site-packages/thorn_planners
[9.674s] byte-compiling /home/marc/ros2_ws/install/thorn_planners/lib/python3.10/site-packages/thorn_planners/Flight_Planner_node.py to Flight_Planner_node.cpython-310.pyc
[9.682s] running install_data
[9.683s] running install_egg_info
[9.701s] removing '/home/marc/ros2_ws/install/thorn_planners/lib/python3.10/site-packages/thorn_planners-0.0.0-py3.10.egg-info' (and everything under it)
[9.705s] Copying ../../build/thorn_planners/thorn_planners.egg-info to /home/marc/ros2_ws/install/thorn_planners/lib/python3.10/site-packages/thorn_planners-0.0.0-py3.10.egg-info
[9.719s] running install_scripts
[9.921s] Installing Flight_Planner_node script to /home/marc/ros2_ws/install/thorn_planners/lib/thorn_planners
[9.925s] writing list of installed files to '/home/marc/ros2_ws/build/thorn_planners/install.log'
[10.190s] Invoked command in '/home/marc/ros2_ws/src/thorn_planners' returned '0': PYTHONPATH=/home/marc/ros2_ws/build/thorn_planners/prefix_override:/usr/lib/python3/dist-packages/colcon_core/task/python/colcon_distutils_commands:/home/marc/ros2_ws/install/thorn_planners/lib/python3.10/site-packages:${PYTHONPATH} /usr/bin/python3 -W ignore:setup.py install is deprecated setup.py egg_info --egg-base ../../build/thorn_planners build --build-base /home/marc/ros2_ws/build/thorn_planners/build install --record /home/marc/ros2_ws/build/thorn_planners/install.log --single-version-externally-managed install_data
