[0.128s] Invoking command in '/home/marc/ros2_ws/build/thorn_controllers': CMAKE_PREFIX_PATH=${CMAKE_PREFIX_PATH}:/home/marc/ros2_ws/install/thorn_planners:/home/marc/ros2_ws/install/thorn_launchers:/opt/ros/iron /usr/bin/cmake --build /home/marc/ros2_ws/build/thorn_controllers -- -j4 -l4
[0.622s] Invoked command in '/home/marc/ros2_ws/build/thorn_controllers' returned '0': CMAKE_PREFIX_PATH=${CMAKE_PREFIX_PATH}:/home/marc/ros2_ws/install/thorn_planners:/home/marc/ros2_ws/install/thorn_launchers:/opt/ros/iron /usr/bin/cmake --build /home/marc/ros2_ws/build/thorn_controllers -- -j4 -l4
[0.929s] Invoking command in '/home/marc/ros2_ws/build/thorn_controllers': CMAKE_PREFIX_PATH=${CMAKE_PREFIX_PATH}:/home/marc/ros2_ws/install/thorn_planners:/home/marc/ros2_ws/install/thorn_launchers:/opt/ros/iron /usr/bin/cmake --install /home/marc/ros2_ws/build/thorn_controllers
[0.995s] -- Install configuration: ""
[0.996s] -- Up-to-date: /home/marc/ros2_ws/install/thorn_controllers/share/ament_index/resource_index/package_run_dependencies/thorn_controllers
[0.998s] -- Up-to-date: /home/marc/ros2_ws/install/thorn_controllers/share/ament_index/resource_index/parent_prefix_path/thorn_controllers
[0.999s] -- Up-to-date: /home/marc/ros2_ws/install/thorn_controllers/share/thorn_controllers/environment/ament_prefix_path.sh
[1.002s] -- Up-to-date: /home/marc/ros2_ws/install/thorn_controllers/share/thorn_controllers/environment/ament_prefix_path.dsv
[1.004s] -- Up-to-date: /home/marc/ros2_ws/install/thorn_controllers/share/thorn_controllers/environment/path.sh
[1.006s] -- Up-to-date: /home/marc/ros2_ws/install/thorn_controllers/share/thorn_controllers/environment/path.dsv
[1.007s] -- Up-to-date: /home/marc/ros2_ws/install/thorn_controllers/share/thorn_controllers/local_setup.bash
[1.008s] -- Up-to-date: /home/marc/ros2_ws/install/thorn_controllers/share/thorn_controllers/local_setup.sh
[1.009s] -- Up-to-date: /home/marc/ros2_ws/install/thorn_controllers/share/thorn_controllers/local_setup.zsh
[1.010s] -- Up-to-date: /home/marc/ros2_ws/install/thorn_controllers/share/thorn_controllers/local_setup.dsv
[1.011s] -- Installing: /home/marc/ros2_ws/install/thorn_controllers/share/thorn_controllers/package.dsv
[1.013s] -- Up-to-date: /home/marc/ros2_ws/install/thorn_controllers/share/ament_index/resource_index/packages/thorn_controllers
[1.014s] -- Up-to-date: /home/marc/ros2_ws/install/thorn_controllers/share/thorn_controllers/cmake/thorn_controllersConfig.cmake
[1.016s] -- Up-to-date: /home/marc/ros2_ws/install/thorn_controllers/share/thorn_controllers/cmake/thorn_controllersConfig-version.cmake
[1.017s] -- Up-to-date: /home/marc/ros2_ws/install/thorn_controllers/share/thorn_controllers/package.xml
[1.031s] Invoked command in '/home/marc/ros2_ws/build/thorn_controllers' returned '0': CMAKE_PREFIX_PATH=${CMAKE_PREFIX_PATH}:/home/marc/ros2_ws/install/thorn_planners:/home/marc/ros2_ws/install/thorn_launchers:/opt/ros/iron /usr/bin/cmake --install /home/marc/ros2_ws/build/thorn_controllers
