[12.720s] Invoking command in '/home/marc/ros2_ws/src/thorn_planners': PYTHONPATH=/home/marc/ros2_ws/build/thorn_planners/prefix_override:/usr/lib/python3/dist-packages/colcon_core/task/python/colcon_distutils_commands:/home/marc/ros2_ws/install/thorn_planners/lib/python3.10/site-packages:${PYTHONPATH} /usr/bin/python3 -W ignore:setup.py install is deprecated setup.py egg_info --egg-base ../../build/thorn_planners build --build-base /home/marc/ros2_ws/build/thorn_planners/build install --record /home/marc/ros2_ws/build/thorn_planners/install.log --single-version-externally-managed install_data
[15.706s] running egg_info
[15.713s] writing ../../build/thorn_planners/thorn_planners.egg-info/PKG-INFO
[15.718s] writing dependency_links to ../../build/thorn_planners/thorn_planners.egg-info/dependency_links.txt
[15.720s] writing entry points to ../../build/thorn_planners/thorn_planners.egg-info/entry_points.txt
[15.723s] writing requirements to ../../build/thorn_planners/thorn_planners.egg-info/requires.txt
[15.728s] writing top-level names to ../../build/thorn_planners/thorn_planners.egg-info/top_level.txt
[15.745s] reading manifest file '../../build/thorn_planners/thorn_planners.egg-info/SOURCES.txt'
[15.759s] writing manifest file '../../build/thorn_planners/thorn_planners.egg-info/SOURCES.txt'
[15.761s] running build
[15.762s] running build_py
[15.770s] running install
[15.773s] running install_lib
[15.789s] running install_data
[15.794s] running install_egg_info
[15.816s] removing '/home/marc/ros2_ws/install/thorn_planners/lib/python3.10/site-packages/thorn_planners-0.0.0-py3.10.egg-info' (and everything under it)
[15.819s] Copying ../../build/thorn_planners/thorn_planners.egg-info to /home/marc/ros2_ws/install/thorn_planners/lib/python3.10/site-packages/thorn_planners-0.0.0-py3.10.egg-info
[15.836s] running install_scripts
[16.062s] Installing Flight_Planner_node script to /home/marc/ros2_ws/install/thorn_planners/lib/thorn_planners
[16.069s] writing list of installed files to '/home/marc/ros2_ws/build/thorn_planners/install.log'
[16.386s] Invoked command in '/home/marc/ros2_ws/src/thorn_planners' returned '0': PYTHONPATH=/home/marc/ros2_ws/build/thorn_planners/prefix_override:/usr/lib/python3/dist-packages/colcon_core/task/python/colcon_distutils_commands:/home/marc/ros2_ws/install/thorn_planners/lib/python3.10/site-packages:${PYTHONPATH} /usr/bin/python3 -W ignore:setup.py install is deprecated setup.py egg_info --egg-base ../../build/thorn_planners build --build-base /home/marc/ros2_ws/build/thorn_planners/build install --record /home/marc/ros2_ws/build/thorn_planners/install.log --single-version-externally-managed install_data
