[0.114s] Invoking command in '/home/marc/ros2_ws/build/thorn_controllers': CMAKE_PREFIX_PATH=${CMAKE_PREFIX_PATH}:/home/marc/ros2_ws/install/thorn_planners:/home/marc/ros2_ws/install/thorn_launchers:/opt/ros/iron /usr/bin/cmake --build /home/marc/ros2_ws/build/thorn_controllers -- -j4 -l4
[0.482s] Invoked command in '/home/marc/ros2_ws/build/thorn_controllers' returned '0': CMAKE_PREFIX_PATH=${CMAKE_PREFIX_PATH}:/home/marc/ros2_ws/install/thorn_planners:/home/marc/ros2_ws/install/thorn_launchers:/opt/ros/iron /usr/bin/cmake --build /home/marc/ros2_ws/build/thorn_controllers -- -j4 -l4
[0.782s] Invoking command in '/home/marc/ros2_ws/build/thorn_controllers': CMAKE_PREFIX_PATH=${CMAKE_PREFIX_PATH}:/home/marc/ros2_ws/install/thorn_planners:/home/marc/ros2_ws/install/thorn_launchers:/opt/ros/iron /usr/bin/cmake --install /home/marc/ros2_ws/build/thorn_controllers
[0.846s] -- Install configuration: ""
[0.848s] -- Up-to-date: /home/marc/ros2_ws/install/thorn_controllers/share/ament_index/resource_index/package_run_dependencies/thorn_controllers
[0.849s] -- Up-to-date: /home/marc/ros2_ws/install/thorn_controllers/share/ament_index/resource_index/parent_prefix_path/thorn_controllers
[0.851s] -- Up-to-date: /home/marc/ros2_ws/install/thorn_controllers/share/thorn_controllers/environment/ament_prefix_path.sh
[0.852s] -- Up-to-date: /home/marc/ros2_ws/install/thorn_controllers/share/thorn_controllers/environment/ament_prefix_path.dsv
[0.854s] -- Up-to-date: /home/marc/ros2_ws/install/thorn_controllers/share/thorn_controllers/environment/path.sh
[0.855s] -- Up-to-date: /home/marc/ros2_ws/install/thorn_controllers/share/thorn_controllers/environment/path.dsv
[0.857s] -- Up-to-date: /home/marc/ros2_ws/install/thorn_controllers/share/thorn_controllers/local_setup.bash
[0.858s] -- Up-to-date: /home/marc/ros2_ws/install/thorn_controllers/share/thorn_controllers/local_setup.sh
[0.859s] -- Up-to-date: /home/marc/ros2_ws/install/thorn_controllers/share/thorn_controllers/local_setup.zsh
[0.860s] -- Up-to-date: /home/marc/ros2_ws/install/thorn_controllers/share/thorn_controllers/local_setup.dsv
[0.862s] -- Installing: /home/marc/ros2_ws/install/thorn_controllers/share/thorn_controllers/package.dsv
[0.863s] -- Up-to-date: /home/marc/ros2_ws/install/thorn_controllers/share/ament_index/resource_index/packages/thorn_controllers
[0.864s] -- Up-to-date: /home/marc/ros2_ws/install/thorn_controllers/share/thorn_controllers/cmake/thorn_controllersConfig.cmake
[0.866s] -- Up-to-date: /home/marc/ros2_ws/install/thorn_controllers/share/thorn_controllers/cmake/thorn_controllersConfig-version.cmake
[0.867s] -- Up-to-date: /home/marc/ros2_ws/install/thorn_controllers/share/thorn_controllers/package.xml
[0.878s] Invoked command in '/home/marc/ros2_ws/build/thorn_controllers' returned '0': CMAKE_PREFIX_PATH=${CMAKE_PREFIX_PATH}:/home/marc/ros2_ws/install/thorn_planners:/home/marc/ros2_ws/install/thorn_launchers:/opt/ros/iron /usr/bin/cmake --install /home/marc/ros2_ws/build/thorn_controllers
