[10.585s] Invoking command in '/home/marc/ros2_ws/src/thorn_planners': PYTHONPATH=/home/marc/ros2_ws/build/thorn_planners/prefix_override:/usr/lib/python3/dist-packages/colcon_core/task/python/colcon_distutils_commands:/home/marc/ros2_ws/install/thorn_planners/lib/python3.10/site-packages:${PYTHONPATH} /usr/bin/python3 -W ignore:setup.py install is deprecated setup.py egg_info --egg-base ../../build/thorn_planners build --build-base /home/marc/ros2_ws/build/thorn_planners/build install --record /home/marc/ros2_ws/build/thorn_planners/install.log --single-version-externally-managed install_data
[13.551s] running egg_info
[13.558s] writing ../../build/thorn_planners/thorn_planners.egg-info/PKG-INFO
[13.561s] writing dependency_links to ../../build/thorn_planners/thorn_planners.egg-info/dependency_links.txt
[13.564s] writing entry points to ../../build/thorn_planners/thorn_planners.egg-info/entry_points.txt
[13.566s] writing requirements to ../../build/thorn_planners/thorn_planners.egg-info/requires.txt
[13.568s] writing top-level names to ../../build/thorn_planners/thorn_planners.egg-info/top_level.txt
[13.589s] reading manifest file '../../build/thorn_planners/thorn_planners.egg-info/SOURCES.txt'
[13.599s] writing manifest file '../../build/thorn_planners/thorn_planners.egg-info/SOURCES.txt'
[13.601s] running build
[13.603s] running build_py
[13.607s] running install
[13.614s] running install_lib
[13.624s] running install_data
[13.626s] running install_egg_info
[13.647s] removing '/home/marc/ros2_ws/install/thorn_planners/lib/python3.10/site-packages/thorn_planners-0.0.0-py3.10.egg-info' (and everything under it)
[13.654s] Copying ../../build/thorn_planners/thorn_planners.egg-info to /home/marc/ros2_ws/install/thorn_planners/lib/python3.10/site-packages/thorn_planners-0.0.0-py3.10.egg-info
[13.668s] running install_scripts
[13.889s] Installing Flight_Planner_node script to /home/marc/ros2_ws/install/thorn_planners/lib/thorn_planners
[13.894s] writing list of installed files to '/home/marc/ros2_ws/build/thorn_planners/install.log'
[14.210s] Invoked command in '/home/marc/ros2_ws/src/thorn_planners' returned '0': PYTHONPATH=/home/marc/ros2_ws/build/thorn_planners/prefix_override:/usr/lib/python3/dist-packages/colcon_core/task/python/colcon_distutils_commands:/home/marc/ros2_ws/install/thorn_planners/lib/python3.10/site-packages:${PYTHONPATH} /usr/bin/python3 -W ignore:setup.py install is deprecated setup.py egg_info --egg-base ../../build/thorn_planners build --build-base /home/marc/ros2_ws/build/thorn_planners/build install --record /home/marc/ros2_ws/build/thorn_planners/install.log --single-version-externally-managed install_data
