[8.594s] Invoking command in '/home/marc/ros2_ws/src/thorn_planners': PYTHONPATH=/home/marc/ros2_ws/build/thorn_planners/prefix_override:/usr/lib/python3/dist-packages/colcon_core/task/python/colcon_distutils_commands:/home/marc/ros2_ws/install/thorn_planners/lib/python3.10/site-packages:${PYTHONPATH} /usr/bin/python3 -W ignore:setup.py install is deprecated setup.py egg_info --egg-base ../../build/thorn_planners build --build-base /home/marc/ros2_ws/build/thorn_planners/build install --record /home/marc/ros2_ws/build/thorn_planners/install.log --single-version-externally-managed install_data
[11.223s] running egg_info
[11.229s] writing ../../build/thorn_planners/thorn_planners.egg-info/PKG-INFO
[11.232s] writing dependency_links to ../../build/thorn_planners/thorn_planners.egg-info/dependency_links.txt
[11.233s] writing entry points to ../../build/thorn_planners/thorn_planners.egg-info/entry_points.txt
[11.235s] writing requirements to ../../build/thorn_planners/thorn_planners.egg-info/requires.txt
[11.237s] writing top-level names to ../../build/thorn_planners/thorn_planners.egg-info/top_level.txt
[11.256s] reading manifest file '../../build/thorn_planners/thorn_planners.egg-info/SOURCES.txt'
[11.267s] writing manifest file '../../build/thorn_planners/thorn_planners.egg-info/SOURCES.txt'
[11.269s] running build
[11.270s] running build_py
[11.273s] running install
[11.276s] running install_lib
[11.288s] running install_data
[11.289s] running install_egg_info
[11.307s] removing '/home/marc/ros2_ws/install/thorn_planners/lib/python3.10/site-packages/thorn_planners-0.0.0-py3.10.egg-info' (and everything under it)
[11.312s] Copying ../../build/thorn_planners/thorn_planners.egg-info to /home/marc/ros2_ws/install/thorn_planners/lib/python3.10/site-packages/thorn_planners-0.0.0-py3.10.egg-info
[11.324s] running install_scripts
[11.526s] Installing Flight_Planner_node script to /home/marc/ros2_ws/install/thorn_planners/lib/thorn_planners
[11.529s] writing list of installed files to '/home/marc/ros2_ws/build/thorn_planners/install.log'
[11.793s] Invoked command in '/home/marc/ros2_ws/src/thorn_planners' returned '0': PYTHONPATH=/home/marc/ros2_ws/build/thorn_planners/prefix_override:/usr/lib/python3/dist-packages/colcon_core/task/python/colcon_distutils_commands:/home/marc/ros2_ws/install/thorn_planners/lib/python3.10/site-packages:${PYTHONPATH} /usr/bin/python3 -W ignore:setup.py install is deprecated setup.py egg_info --egg-base ../../build/thorn_planners build --build-base /home/marc/ros2_ws/build/thorn_planners/build install --record /home/marc/ros2_ws/build/thorn_planners/install.log --single-version-externally-managed install_data
