[1.259s] DEBUG:colcon:Command line arguments: ['/usr/bin/colcon', 'build']
[1.259s] DEBUG:colcon:Parsed command line arguments: Namespace(log_base=None, log_level=None, verb_name='build', build_base='build', install_base='install', merge_install=False, symlink_install=False, test_result_base=None, continue_on_error=False, executor='parallel', parallel_workers=4, event_handlers=None, ignore_user_meta=False, metas=['./colcon.meta'], base_paths=['.'], packages_ignore=None, packages_ignore_regex=None, paths=None, packages_up_to=None, packages_up_to_regex=None, packages_above=None, packages_above_and_dependencies=None, packages_above_depth=None, packages_select_by_dep=None, packages_skip_by_dep=None, packages_skip_up_to=None, packages_select_build_failed=False, packages_skip_build_finished=False, packages_select_test_failures=False, packages_skip_test_passed=False, packages_select=None, packages_skip=None, packages_select_regex=None, packages_skip_regex=None, packages_start=None, packages_end=None, allow_overriding=[], cmake_args=None, cmake_target=None, cmake_target_skip_unavailable=False, cmake_clean_cache=False, cmake_clean_first=False, cmake_force_configure=False, ament_cmake_args=None, catkin_cmake_args=None, catkin_skip_building_tests=False, mixin_files=None, mixin=None, verb_parser=<colcon_mixin.mixin.mixin_argument.MixinArgumentDecorator object at 0xffff81318970>, verb_extension=<colcon_core.verb.build.BuildVerb object at 0xffff814510c0>, main=<bound method BuildVerb.main of <colcon_core.verb.build.BuildVerb object at 0xffff814510c0>>, mixin_verb=('build',))
[3.229s] Level 1:colcon.colcon_core.package_discovery:discover_packages(colcon_meta) check parameters
[3.230s] Level 1:colcon.colcon_core.package_discovery:discover_packages(recursive) check parameters
[3.230s] Level 1:colcon.colcon_core.package_discovery:discover_packages(ignore) check parameters
[3.230s] Level 1:colcon.colcon_core.package_discovery:discover_packages(path) check parameters
[3.231s] Level 1:colcon.colcon_core.package_discovery:discover_packages(colcon_meta) discover
[3.231s] Level 1:colcon.colcon_core.package_discovery:discover_packages(recursive) discover
[3.231s] INFO:colcon.colcon_core.package_discovery:Crawling recursively for packages in '/home/marc/ros2_ws'
[3.232s] Level 1:colcon.colcon_core.package_identification:_identify(.) by extensions ['ignore', 'ignore_ament_install']
[3.233s] Level 1:colcon.colcon_core.package_identification:_identify(.) by extension 'ignore'
[3.234s] Level 1:colcon.colcon_core.package_identification:_identify(.) by extension 'ignore_ament_install'
[3.235s] Level 1:colcon.colcon_core.package_identification:_identify(.) by extensions ['colcon_pkg']
[3.235s] Level 1:colcon.colcon_core.package_identification:_identify(.) by extension 'colcon_pkg'
[3.235s] Level 1:colcon.colcon_core.package_identification:_identify(.) by extensions ['colcon_meta']
[3.236s] Level 1:colcon.colcon_core.package_identification:_identify(.) by extension 'colcon_meta'
[3.236s] Level 1:colcon.colcon_core.package_identification:_identify(.) by extensions ['ros']
[3.237s] Level 1:colcon.colcon_core.package_identification:_identify(.) by extension 'ros'
[3.366s] Level 1:colcon.colcon_core.package_identification:_identify(.) by extensions ['cmake', 'python']
[3.367s] Level 1:colcon.colcon_core.package_identification:_identify(.) by extension 'cmake'
[3.368s] Level 1:colcon.colcon_core.package_identification:_identify(.) by extension 'python'
[3.368s] Level 1:colcon.colcon_core.package_identification:_identify(.) by extensions ['python_setup_py']
[3.368s] Level 1:colcon.colcon_core.package_identification:_identify(.) by extension 'python_setup_py'
[3.370s] Level 1:colcon.colcon_core.package_identification:_identify(build) by extensions ['ignore', 'ignore_ament_install']
[3.371s] Level 1:colcon.colcon_core.package_identification:_identify(build) by extension 'ignore'
[3.371s] Level 1:colcon.colcon_core.package_identification:_identify(build) ignored
[3.373s] Level 1:colcon.colcon_core.package_identification:_identify(install) by extensions ['ignore', 'ignore_ament_install']
[3.374s] Level 1:colcon.colcon_core.package_identification:_identify(install) by extension 'ignore'
[3.374s] Level 1:colcon.colcon_core.package_identification:_identify(install) ignored
[3.377s] Level 1:colcon.colcon_core.package_identification:_identify(log) by extensions ['ignore', 'ignore_ament_install']
[3.378s] Level 1:colcon.colcon_core.package_identification:_identify(log) by extension 'ignore'
[3.379s] Level 1:colcon.colcon_core.package_identification:_identify(log) ignored
[3.380s] Level 1:colcon.colcon_core.package_identification:_identify(src) by extensions ['ignore', 'ignore_ament_install']
[3.381s] Level 1:colcon.colcon_core.package_identification:_identify(src) by extension 'ignore'
[3.382s] Level 1:colcon.colcon_core.package_identification:_identify(src) by extension 'ignore_ament_install'
[3.382s] Level 1:colcon.colcon_core.package_identification:_identify(src) by extensions ['colcon_pkg']
[3.383s] Level 1:colcon.colcon_core.package_identification:_identify(src) by extension 'colcon_pkg'
[3.383s] Level 1:colcon.colcon_core.package_identification:_identify(src) by extensions ['colcon_meta']
[3.383s] Level 1:colcon.colcon_core.package_identification:_identify(src) by extension 'colcon_meta'
[3.384s] Level 1:colcon.colcon_core.package_identification:_identify(src) by extensions ['ros']
[3.384s] Level 1:colcon.colcon_core.package_identification:_identify(src) by extension 'ros'
[3.385s] Level 1:colcon.colcon_core.package_identification:_identify(src) by extensions ['cmake', 'python']
[3.386s] Level 1:colcon.colcon_core.package_identification:_identify(src) by extension 'cmake'
[3.386s] Level 1:colcon.colcon_core.package_identification:_identify(src) by extension 'python'
[3.387s] Level 1:colcon.colcon_core.package_identification:_identify(src) by extensions ['python_setup_py']
[3.387s] Level 1:colcon.colcon_core.package_identification:_identify(src) by extension 'python_setup_py'
[3.388s] Level 1:colcon.colcon_core.package_identification:_identify(src/test_stand) by extensions ['ignore', 'ignore_ament_install']
[3.389s] Level 1:colcon.colcon_core.package_identification:_identify(src/test_stand) by extension 'ignore'
[3.390s] Level 1:colcon.colcon_core.package_identification:_identify(src/test_stand) by extension 'ignore_ament_install'
[3.390s] Level 1:colcon.colcon_core.package_identification:_identify(src/test_stand) by extensions ['colcon_pkg']
[3.391s] Level 1:colcon.colcon_core.package_identification:_identify(src/test_stand) by extension 'colcon_pkg'
[3.391s] Level 1:colcon.colcon_core.package_identification:_identify(src/test_stand) by extensions ['colcon_meta']
[3.392s] Level 1:colcon.colcon_core.package_identification:_identify(src/test_stand) by extension 'colcon_meta'
[3.392s] Level 1:colcon.colcon_core.package_identification:_identify(src/test_stand) by extensions ['ros']
[3.393s] Level 1:colcon.colcon_core.package_identification:_identify(src/test_stand) by extension 'ros'
[3.415s] DEBUG:colcon.colcon_core.package_identification:Package 'src/test_stand' with type 'ros.ament_python' and name 'test_stand'
[3.416s] Level 1:colcon.colcon_core.package_identification:_identify(src/thorn_controllers) by extensions ['ignore', 'ignore_ament_install']
[3.417s] Level 1:colcon.colcon_core.package_identification:_identify(src/thorn_controllers) by extension 'ignore'
[3.418s] Level 1:colcon.colcon_core.package_identification:_identify(src/thorn_controllers) by extension 'ignore_ament_install'
[3.418s] Level 1:colcon.colcon_core.package_identification:_identify(src/thorn_controllers) by extensions ['colcon_pkg']
[3.419s] Level 1:colcon.colcon_core.package_identification:_identify(src/thorn_controllers) by extension 'colcon_pkg'
[3.419s] Level 1:colcon.colcon_core.package_identification:_identify(src/thorn_controllers) by extensions ['colcon_meta']
[3.420s] Level 1:colcon.colcon_core.package_identification:_identify(src/thorn_controllers) by extension 'colcon_meta'
[3.420s] Level 1:colcon.colcon_core.package_identification:_identify(src/thorn_controllers) by extensions ['ros']
[3.421s] Level 1:colcon.colcon_core.package_identification:_identify(src/thorn_controllers) by extension 'ros'
[3.426s] DEBUG:colcon.colcon_core.package_identification:Package 'src/thorn_controllers' with type 'ros.ament_cmake' and name 'thorn_controllers'
[3.427s] Level 1:colcon.colcon_core.package_identification:_identify(src/thorn_drivers) by extensions ['ignore', 'ignore_ament_install']
[3.428s] Level 1:colcon.colcon_core.package_identification:_identify(src/thorn_drivers) by extension 'ignore'
[3.429s] Level 1:colcon.colcon_core.package_identification:_identify(src/thorn_drivers) by extension 'ignore_ament_install'
[3.430s] Level 1:colcon.colcon_core.package_identification:_identify(src/thorn_drivers) by extensions ['colcon_pkg']
[3.430s] Level 1:colcon.colcon_core.package_identification:_identify(src/thorn_drivers) by extension 'colcon_pkg'
[3.431s] Level 1:colcon.colcon_core.package_identification:_identify(src/thorn_drivers) by extensions ['colcon_meta']
[3.431s] Level 1:colcon.colcon_core.package_identification:_identify(src/thorn_drivers) by extension 'colcon_meta'
[3.431s] Level 1:colcon.colcon_core.package_identification:_identify(src/thorn_drivers) by extensions ['ros']
[3.432s] Level 1:colcon.colcon_core.package_identification:_identify(src/thorn_drivers) by extension 'ros'
[3.438s] DEBUG:colcon.colcon_core.package_identification:Package 'src/thorn_drivers' with type 'ros.ament_cmake' and name 'thorn_drivers'
[3.439s] Level 1:colcon.colcon_core.package_identification:_identify(src/thorn_launchers) by extensions ['ignore', 'ignore_ament_install']
[3.440s] Level 1:colcon.colcon_core.package_identification:_identify(src/thorn_launchers) by extension 'ignore'
[3.441s] Level 1:colcon.colcon_core.package_identification:_identify(src/thorn_launchers) by extension 'ignore_ament_install'
[3.442s] Level 1:colcon.colcon_core.package_identification:_identify(src/thorn_launchers) by extensions ['colcon_pkg']
[3.442s] Level 1:colcon.colcon_core.package_identification:_identify(src/thorn_launchers) by extension 'colcon_pkg'
[3.443s] Level 1:colcon.colcon_core.package_identification:_identify(src/thorn_launchers) by extensions ['colcon_meta']
[3.443s] Level 1:colcon.colcon_core.package_identification:_identify(src/thorn_launchers) by extension 'colcon_meta'
[3.444s] Level 1:colcon.colcon_core.package_identification:_identify(src/thorn_launchers) by extensions ['ros']
[3.444s] Level 1:colcon.colcon_core.package_identification:_identify(src/thorn_launchers) by extension 'ros'
[3.450s] DEBUG:colcon.colcon_core.package_identification:Package 'src/thorn_launchers' with type 'ros.ament_python' and name 'thorn_launchers'
[3.451s] Level 1:colcon.colcon_core.package_identification:_identify(src/thorn_planners) by extensions ['ignore', 'ignore_ament_install']
[3.452s] Level 1:colcon.colcon_core.package_identification:_identify(src/thorn_planners) by extension 'ignore'
[3.453s] Level 1:colcon.colcon_core.package_identification:_identify(src/thorn_planners) by extension 'ignore_ament_install'
[3.454s] Level 1:colcon.colcon_core.package_identification:_identify(src/thorn_planners) by extensions ['colcon_pkg']
[3.454s] Level 1:colcon.colcon_core.package_identification:_identify(src/thorn_planners) by extension 'colcon_pkg'
[3.455s] Level 1:colcon.colcon_core.package_identification:_identify(src/thorn_planners) by extensions ['colcon_meta']
[3.455s] Level 1:colcon.colcon_core.package_identification:_identify(src/thorn_planners) by extension 'colcon_meta'
[3.456s] Level 1:colcon.colcon_core.package_identification:_identify(src/thorn_planners) by extensions ['ros']
[3.456s] Level 1:colcon.colcon_core.package_identification:_identify(src/thorn_planners) by extension 'ros'
[3.464s] DEBUG:colcon.colcon_core.package_identification:Package 'src/thorn_planners' with type 'ros.ament_python' and name 'thorn_planners'
[3.465s] Level 1:colcon.colcon_core.package_discovery:discover_packages(recursive) using defaults
[3.466s] Level 1:colcon.colcon_core.package_discovery:discover_packages(ignore) discover
[3.466s] Level 1:colcon.colcon_core.package_discovery:discover_packages(ignore) using defaults
[3.466s] Level 1:colcon.colcon_core.package_discovery:discover_packages(path) discover
[3.467s] Level 1:colcon.colcon_core.package_discovery:discover_packages(path) using defaults
[3.673s] Level 1:colcon.colcon_core.package_discovery:discover_packages(prefix_path) check parameters
[3.674s] Level 1:colcon.colcon_core.package_discovery:discover_packages(prefix_path) discover
[3.698s] DEBUG:colcon.colcon_installed_package_information.package_discovery:Found 5 installed packages in /home/marc/ros2_ws/install
[3.715s] DEBUG:colcon.colcon_installed_package_information.package_discovery:Found 194 installed packages in /opt/ros/iron
[3.729s] Level 1:colcon.colcon_core.package_discovery:discover_packages(prefix_path) using defaults
[4.219s] Level 5:colcon.colcon_core.verb:set package 'test_stand' build argument 'cmake_args' from command line to 'None'
[4.220s] Level 5:colcon.colcon_core.verb:set package 'test_stand' build argument 'cmake_target' from command line to 'None'
[4.220s] Level 5:colcon.colcon_core.verb:set package 'test_stand' build argument 'cmake_target_skip_unavailable' from command line to 'False'
[4.220s] Level 5:colcon.colcon_core.verb:set package 'test_stand' build argument 'cmake_clean_cache' from command line to 'False'
[4.221s] Level 5:colcon.colcon_core.verb:set package 'test_stand' build argument 'cmake_clean_first' from command line to 'False'
[4.221s] Level 5:colcon.colcon_core.verb:set package 'test_stand' build argument 'cmake_force_configure' from command line to 'False'
[4.221s] Level 5:colcon.colcon_core.verb:set package 'test_stand' build argument 'ament_cmake_args' from command line to 'None'
[4.221s] Level 5:colcon.colcon_core.verb:set package 'test_stand' build argument 'catkin_cmake_args' from command line to 'None'
[4.222s] Level 5:colcon.colcon_core.verb:set package 'test_stand' build argument 'catkin_skip_building_tests' from command line to 'False'
[4.222s] DEBUG:colcon.colcon_core.verb:Building package 'test_stand' with the following arguments: {'ament_cmake_args': None, 'build_base': '/home/marc/ros2_ws/build/test_stand', 'catkin_cmake_args': None, 'catkin_skip_building_tests': False, 'cmake_args': None, 'cmake_clean_cache': False, 'cmake_clean_first': False, 'cmake_force_configure': False, 'cmake_target': None, 'cmake_target_skip_unavailable': False, 'install_base': '/home/marc/ros2_ws/install/test_stand', 'merge_install': False, 'path': '/home/marc/ros2_ws/src/test_stand', 'symlink_install': False, 'test_result_base': None}
[4.226s] Level 5:colcon.colcon_core.verb:set package 'thorn_controllers' build argument 'cmake_args' from command line to 'None'
[4.227s] Level 5:colcon.colcon_core.verb:set package 'thorn_controllers' build argument 'cmake_target' from command line to 'None'
[4.227s] Level 5:colcon.colcon_core.verb:set package 'thorn_controllers' build argument 'cmake_target_skip_unavailable' from command line to 'False'
[4.227s] Level 5:colcon.colcon_core.verb:set package 'thorn_controllers' build argument 'cmake_clean_cache' from command line to 'False'
[4.228s] Level 5:colcon.colcon_core.verb:set package 'thorn_controllers' build argument 'cmake_clean_first' from command line to 'False'
[4.228s] Level 5:colcon.colcon_core.verb:set package 'thorn_controllers' build argument 'cmake_force_configure' from command line to 'False'
[4.228s] Level 5:colcon.colcon_core.verb:set package 'thorn_controllers' build argument 'ament_cmake_args' from command line to 'None'
[4.229s] Level 5:colcon.colcon_core.verb:set package 'thorn_controllers' build argument 'catkin_cmake_args' from command line to 'None'
[4.229s] Level 5:colcon.colcon_core.verb:set package 'thorn_controllers' build argument 'catkin_skip_building_tests' from command line to 'False'
[4.229s] DEBUG:colcon.colcon_core.verb:Building package 'thorn_controllers' with the following arguments: {'ament_cmake_args': None, 'build_base': '/home/marc/ros2_ws/build/thorn_controllers', 'catkin_cmake_args': None, 'catkin_skip_building_tests': False, 'cmake_args': None, 'cmake_clean_cache': False, 'cmake_clean_first': False, 'cmake_force_configure': False, 'cmake_target': None, 'cmake_target_skip_unavailable': False, 'install_base': '/home/marc/ros2_ws/install/thorn_controllers', 'merge_install': False, 'path': '/home/marc/ros2_ws/src/thorn_controllers', 'symlink_install': False, 'test_result_base': None}
[4.233s] Level 5:colcon.colcon_core.verb:set package 'thorn_drivers' build argument 'cmake_args' from command line to 'None'
[4.234s] Level 5:colcon.colcon_core.verb:set package 'thorn_drivers' build argument 'cmake_target' from command line to 'None'
[4.234s] Level 5:colcon.colcon_core.verb:set package 'thorn_drivers' build argument 'cmake_target_skip_unavailable' from command line to 'False'
[4.234s] Level 5:colcon.colcon_core.verb:set package 'thorn_drivers' build argument 'cmake_clean_cache' from command line to 'False'
[4.235s] Level 5:colcon.colcon_core.verb:set package 'thorn_drivers' build argument 'cmake_clean_first' from command line to 'False'
[4.235s] Level 5:colcon.colcon_core.verb:set package 'thorn_drivers' build argument 'cmake_force_configure' from command line to 'False'
[4.235s] Level 5:colcon.colcon_core.verb:set package 'thorn_drivers' build argument 'ament_cmake_args' from command line to 'None'
[4.236s] Level 5:colcon.colcon_core.verb:set package 'thorn_drivers' build argument 'catkin_cmake_args' from command line to 'None'
[4.236s] Level 5:colcon.colcon_core.verb:set package 'thorn_drivers' build argument 'catkin_skip_building_tests' from command line to 'False'
[4.236s] DEBUG:colcon.colcon_core.verb:Building package 'thorn_drivers' with the following arguments: {'ament_cmake_args': None, 'build_base': '/home/marc/ros2_ws/build/thorn_drivers', 'catkin_cmake_args': None, 'catkin_skip_building_tests': False, 'cmake_args': None, 'cmake_clean_cache': False, 'cmake_clean_first': False, 'cmake_force_configure': False, 'cmake_target': None, 'cmake_target_skip_unavailable': False, 'install_base': '/home/marc/ros2_ws/install/thorn_drivers', 'merge_install': False, 'path': '/home/marc/ros2_ws/src/thorn_drivers', 'symlink_install': False, 'test_result_base': None}
[4.240s] Level 5:colcon.colcon_core.verb:set package 'thorn_launchers' build argument 'cmake_args' from command line to 'None'
[4.241s] Level 5:colcon.colcon_core.verb:set package 'thorn_launchers' build argument 'cmake_target' from command line to 'None'
[4.241s] Level 5:colcon.colcon_core.verb:set package 'thorn_launchers' build argument 'cmake_target_skip_unavailable' from command line to 'False'
[4.241s] Level 5:colcon.colcon_core.verb:set package 'thorn_launchers' build argument 'cmake_clean_cache' from command line to 'False'
[4.242s] Level 5:colcon.colcon_core.verb:set package 'thorn_launchers' build argument 'cmake_clean_first' from command line to 'False'
[4.242s] Level 5:colcon.colcon_core.verb:set package 'thorn_launchers' build argument 'cmake_force_configure' from command line to 'False'
[4.242s] Level 5:colcon.colcon_core.verb:set package 'thorn_launchers' build argument 'ament_cmake_args' from command line to 'None'
[4.242s] Level 5:colcon.colcon_core.verb:set package 'thorn_launchers' build argument 'catkin_cmake_args' from command line to 'None'
[4.243s] Level 5:colcon.colcon_core.verb:set package 'thorn_launchers' build argument 'catkin_skip_building_tests' from command line to 'False'
[4.243s] DEBUG:colcon.colcon_core.verb:Building package 'thorn_launchers' with the following arguments: {'ament_cmake_args': None, 'build_base': '/home/marc/ros2_ws/build/thorn_launchers', 'catkin_cmake_args': None, 'catkin_skip_building_tests': False, 'cmake_args': None, 'cmake_clean_cache': False, 'cmake_clean_first': False, 'cmake_force_configure': False, 'cmake_target': None, 'cmake_target_skip_unavailable': False, 'install_base': '/home/marc/ros2_ws/install/thorn_launchers', 'merge_install': False, 'path': '/home/marc/ros2_ws/src/thorn_launchers', 'symlink_install': False, 'test_result_base': None}
[4.247s] Level 5:colcon.colcon_core.verb:set package 'thorn_planners' build argument 'cmake_args' from command line to 'None'
[4.248s] Level 5:colcon.colcon_core.verb:set package 'thorn_planners' build argument 'cmake_target' from command line to 'None'
[4.248s] Level 5:colcon.colcon_core.verb:set package 'thorn_planners' build argument 'cmake_target_skip_unavailable' from command line to 'False'
[4.248s] Level 5:colcon.colcon_core.verb:set package 'thorn_planners' build argument 'cmake_clean_cache' from command line to 'False'
[4.249s] Level 5:colcon.colcon_core.verb:set package 'thorn_planners' build argument 'cmake_clean_first' from command line to 'False'
[4.249s] Level 5:colcon.colcon_core.verb:set package 'thorn_planners' build argument 'cmake_force_configure' from command line to 'False'
[4.249s] Level 5:colcon.colcon_core.verb:set package 'thorn_planners' build argument 'ament_cmake_args' from command line to 'None'
[4.250s] Level 5:colcon.colcon_core.verb:set package 'thorn_planners' build argument 'catkin_cmake_args' from command line to 'None'
[4.250s] Level 5:colcon.colcon_core.verb:set package 'thorn_planners' build argument 'catkin_skip_building_tests' from command line to 'False'
[4.250s] DEBUG:colcon.colcon_core.verb:Building package 'thorn_planners' with the following arguments: {'ament_cmake_args': None, 'build_base': '/home/marc/ros2_ws/build/thorn_planners', 'catkin_cmake_args': None, 'catkin_skip_building_tests': False, 'cmake_args': None, 'cmake_clean_cache': False, 'cmake_clean_first': False, 'cmake_force_configure': False, 'cmake_target': None, 'cmake_target_skip_unavailable': False, 'install_base': '/home/marc/ros2_ws/install/thorn_planners', 'merge_install': False, 'path': '/home/marc/ros2_ws/src/thorn_planners', 'symlink_install': False, 'test_result_base': None}
[4.252s] INFO:colcon.colcon_core.executor:Executing jobs using 'parallel' executor
[4.259s] DEBUG:colcon.colcon_parallel_executor.executor.parallel:run_until_complete
[4.262s] INFO:colcon.colcon_ros.task.ament_python.build:Building ROS package in '/home/marc/ros2_ws/src/test_stand' with build type 'ament_python'
[4.263s] Level 1:colcon.colcon_core.shell:create_environment_hook('test_stand', 'ament_prefix_path')
[4.289s] INFO:colcon.colcon_core.plugin_system:Skipping extension 'colcon_core.shell.bat': Not used on non-Windows systems
[4.292s] INFO:colcon.colcon_core.shell:Creating environment hook '/home/marc/ros2_ws/install/test_stand/share/test_stand/hook/ament_prefix_path.ps1'
[4.299s] INFO:colcon.colcon_core.shell:Creating environment descriptor '/home/marc/ros2_ws/install/test_stand/share/test_stand/hook/ament_prefix_path.dsv'
[4.304s] INFO:colcon.colcon_core.shell:Creating environment hook '/home/marc/ros2_ws/install/test_stand/share/test_stand/hook/ament_prefix_path.sh'
[4.313s] INFO:colcon.colcon_core.shell:Skip shell extension 'powershell' for command environment: Not usable outside of PowerShell
[4.313s] DEBUG:colcon.colcon_core.shell:Skip shell extension 'dsv' for command environment
[4.355s] INFO:colcon.colcon_ros.task.ament_cmake.build:Building ROS package in '/home/marc/ros2_ws/src/thorn_controllers' with build type 'ament_cmake'
[4.356s] INFO:colcon.colcon_cmake.task.cmake.build:Building CMake package in '/home/marc/ros2_ws/src/thorn_controllers'
[4.359s] INFO:colcon.colcon_core.shell:Skip shell extension 'powershell' for command environment: Not usable outside of PowerShell
[4.360s] DEBUG:colcon.colcon_core.shell:Skip shell extension 'dsv' for command environment
[4.402s] INFO:colcon.colcon_ros.task.ament_cmake.build:Building ROS package in '/home/marc/ros2_ws/src/thorn_drivers' with build type 'ament_cmake'
[4.404s] INFO:colcon.colcon_cmake.task.cmake.build:Building CMake package in '/home/marc/ros2_ws/src/thorn_drivers'
[4.407s] INFO:colcon.colcon_core.shell:Skip shell extension 'powershell' for command environment: Not usable outside of PowerShell
[4.408s] DEBUG:colcon.colcon_core.shell:Skip shell extension 'dsv' for command environment
[4.449s] INFO:colcon.colcon_ros.task.ament_python.build:Building ROS package in '/home/marc/ros2_ws/src/thorn_launchers' with build type 'ament_python'
[4.450s] Level 1:colcon.colcon_core.shell:create_environment_hook('thorn_launchers', 'ament_prefix_path')
[4.453s] INFO:colcon.colcon_core.shell:Creating environment hook '/home/marc/ros2_ws/install/thorn_launchers/share/thorn_launchers/hook/ament_prefix_path.ps1'
[4.459s] INFO:colcon.colcon_core.shell:Creating environment descriptor '/home/marc/ros2_ws/install/thorn_launchers/share/thorn_launchers/hook/ament_prefix_path.dsv'
[4.466s] INFO:colcon.colcon_core.shell:Creating environment hook '/home/marc/ros2_ws/install/thorn_launchers/share/thorn_launchers/hook/ament_prefix_path.sh'
[4.473s] INFO:colcon.colcon_core.shell:Skip shell extension 'powershell' for command environment: Not usable outside of PowerShell
[4.474s] DEBUG:colcon.colcon_core.shell:Skip shell extension 'dsv' for command environment
[7.399s] INFO:colcon.colcon_core.task.python.build:Building Python package in '/home/marc/ros2_ws/src/test_stand'
[7.402s] INFO:colcon.colcon_core.shell:Skip shell extension 'powershell' for command environment: Not usable outside of PowerShell
[7.402s] DEBUG:colcon.colcon_core.shell:Skip shell extension 'dsv' for command environment
[7.473s] DEBUG:colcon.colcon_core.event_handler.log_command:Invoking command in '/home/marc/ros2_ws/build/thorn_controllers': CMAKE_PREFIX_PATH=${CMAKE_PREFIX_PATH}:/home/marc/ros2_ws/install/thorn_planners:/home/marc/ros2_ws/install/thorn_launchers:/home/marc/ros2_ws/install/test_stand:/opt/ros/iron /usr/bin/cmake --build /home/marc/ros2_ws/build/thorn_controllers -- -j4 -l4
[7.526s] DEBUG:colcon.colcon_core.event_handler.log_command:Invoking command in '/home/marc/ros2_ws/build/thorn_drivers': CMAKE_PREFIX_PATH=${CMAKE_PREFIX_PATH}:/home/marc/ros2_ws/install/thorn_planners:/home/marc/ros2_ws/install/thorn_launchers:/home/marc/ros2_ws/install/test_stand:/opt/ros/iron /usr/bin/cmake --build /home/marc/ros2_ws/build/thorn_drivers -- -j4 -l4
[10.490s] INFO:colcon.colcon_core.task.python.build:Building Python package in '/home/marc/ros2_ws/src/thorn_launchers'
[10.492s] INFO:colcon.colcon_core.shell:Skip shell extension 'powershell' for command environment: Not usable outside of PowerShell
[10.493s] DEBUG:colcon.colcon_core.shell:Skip shell extension 'dsv' for command environment
[10.571s] DEBUG:colcon.colcon_core.event_handler.log_command:Invoked command in '/home/marc/ros2_ws/build/thorn_controllers' returned '0': CMAKE_PREFIX_PATH=${CMAKE_PREFIX_PATH}:/home/marc/ros2_ws/install/thorn_planners:/home/marc/ros2_ws/install/thorn_launchers:/home/marc/ros2_ws/install/test_stand:/opt/ros/iron /usr/bin/cmake --build /home/marc/ros2_ws/build/thorn_controllers -- -j4 -l4
[10.583s] DEBUG:colcon.colcon_core.event_handler.log_command:Invoked command in '/home/marc/ros2_ws/build/thorn_drivers' returned '0': CMAKE_PREFIX_PATH=${CMAKE_PREFIX_PATH}:/home/marc/ros2_ws/install/thorn_planners:/home/marc/ros2_ws/install/thorn_launchers:/home/marc/ros2_ws/install/test_stand:/opt/ros/iron /usr/bin/cmake --build /home/marc/ros2_ws/build/thorn_drivers -- -j4 -l4
[10.928s] DEBUG:colcon.colcon_core.event_handler.log_command:Invoking command in '/home/marc/ros2_ws/build/thorn_controllers': CMAKE_PREFIX_PATH=${CMAKE_PREFIX_PATH}:/home/marc/ros2_ws/install/thorn_planners:/home/marc/ros2_ws/install/thorn_launchers:/home/marc/ros2_ws/install/test_stand:/opt/ros/iron /usr/bin/cmake --install /home/marc/ros2_ws/build/thorn_controllers
[10.958s] DEBUG:colcon.colcon_core.event_handler.log_command:Invoking command in '/home/marc/ros2_ws/build/thorn_drivers': CMAKE_PREFIX_PATH=${CMAKE_PREFIX_PATH}:/home/marc/ros2_ws/install/thorn_planners:/home/marc/ros2_ws/install/thorn_launchers:/home/marc/ros2_ws/install/test_stand:/opt/ros/iron /usr/bin/cmake --install /home/marc/ros2_ws/build/thorn_drivers
[11.053s] Level 1:colcon.colcon_core.environment:create_environment_scripts_only(thorn_controllers)
[11.116s] DEBUG:colcon.colcon_core.event_handler.log_command:Invoked command in '/home/marc/ros2_ws/build/thorn_controllers' returned '0': CMAKE_PREFIX_PATH=${CMAKE_PREFIX_PATH}:/home/marc/ros2_ws/install/thorn_planners:/home/marc/ros2_ws/install/thorn_launchers:/home/marc/ros2_ws/install/test_stand:/opt/ros/iron /usr/bin/cmake --install /home/marc/ros2_ws/build/thorn_controllers
[11.143s] Level 1:colcon.colcon_core.environment:checking '/home/marc/ros2_ws/install/thorn_controllers' for CMake module files
[11.169s] Level 1:colcon.colcon_core.environment:checking '/home/marc/ros2_ws/install/thorn_controllers' for CMake config files
[11.173s] Level 1:colcon.colcon_core.shell:create_environment_hook('thorn_controllers', 'cmake_prefix_path')
[11.177s] INFO:colcon.colcon_core.shell:Creating environment hook '/home/marc/ros2_ws/install/thorn_controllers/share/thorn_controllers/hook/cmake_prefix_path.ps1'
[11.184s] INFO:colcon.colcon_core.shell:Creating environment descriptor '/home/marc/ros2_ws/install/thorn_controllers/share/thorn_controllers/hook/cmake_prefix_path.dsv'
[11.191s] INFO:colcon.colcon_core.shell:Creating environment hook '/home/marc/ros2_ws/install/thorn_controllers/share/thorn_controllers/hook/cmake_prefix_path.sh'
[11.202s] Level 1:colcon.colcon_core.environment:checking '/home/marc/ros2_ws/install/thorn_controllers/bin'
[11.203s] Level 1:colcon.colcon_core.environment:checking '/home/marc/ros2_ws/install/thorn_controllers/lib/pkgconfig/thorn_controllers.pc'
[11.207s] Level 1:colcon.colcon_core.environment:checking '/home/marc/ros2_ws/install/thorn_controllers/lib/python3.10/site-packages'
[11.211s] Level 1:colcon.colcon_core.environment:checking '/home/marc/ros2_ws/install/thorn_controllers/bin'
[11.216s] INFO:colcon.colcon_core.shell:Creating package script '/home/marc/ros2_ws/install/thorn_controllers/share/thorn_controllers/package.ps1'
[11.229s] INFO:colcon.colcon_core.shell:Creating package descriptor '/home/marc/ros2_ws/install/thorn_controllers/share/thorn_controllers/package.dsv'
[11.238s] INFO:colcon.colcon_core.shell:Creating package script '/home/marc/ros2_ws/install/thorn_controllers/share/thorn_controllers/package.sh'
[11.255s] INFO:colcon.colcon_core.shell:Creating package script '/home/marc/ros2_ws/install/thorn_controllers/share/thorn_controllers/package.bash'
[11.269s] INFO:colcon.colcon_core.shell:Creating package script '/home/marc/ros2_ws/install/thorn_controllers/share/thorn_controllers/package.zsh'
[11.281s] Level 1:colcon.colcon_core.environment:create_file_with_runtime_dependencies(/home/marc/ros2_ws/install/thorn_controllers/share/colcon-core/packages/thorn_controllers)
[11.316s] Level 1:colcon.colcon_core.environment:create_environment_scripts_only(thorn_drivers)
[11.320s] DEBUG:colcon.colcon_core.event_handler.log_command:Invoked command in '/home/marc/ros2_ws/build/thorn_drivers' returned '0': CMAKE_PREFIX_PATH=${CMAKE_PREFIX_PATH}:/home/marc/ros2_ws/install/thorn_planners:/home/marc/ros2_ws/install/thorn_launchers:/home/marc/ros2_ws/install/test_stand:/opt/ros/iron /usr/bin/cmake --install /home/marc/ros2_ws/build/thorn_drivers
[11.325s] Level 1:colcon.colcon_core.environment:checking '/home/marc/ros2_ws/install/thorn_drivers' for CMake module files
[11.337s] Level 1:colcon.colcon_core.environment:checking '/home/marc/ros2_ws/install/thorn_drivers' for CMake config files
[11.344s] Level 1:colcon.colcon_core.shell:create_environment_hook('thorn_drivers', 'cmake_prefix_path')
[11.349s] INFO:colcon.colcon_core.shell:Creating environment hook '/home/marc/ros2_ws/install/thorn_drivers/share/thorn_drivers/hook/cmake_prefix_path.ps1'
[11.358s] INFO:colcon.colcon_core.shell:Creating environment descriptor '/home/marc/ros2_ws/install/thorn_drivers/share/thorn_drivers/hook/cmake_prefix_path.dsv'
[11.367s] INFO:colcon.colcon_core.shell:Creating environment hook '/home/marc/ros2_ws/install/thorn_drivers/share/thorn_drivers/hook/cmake_prefix_path.sh'
[11.380s] Level 1:colcon.colcon_core.environment:checking '/home/marc/ros2_ws/install/thorn_drivers/lib'
[11.384s] Level 1:colcon.colcon_core.environment:checking '/home/marc/ros2_ws/install/thorn_drivers/bin'
[11.385s] Level 1:colcon.colcon_core.environment:checking '/home/marc/ros2_ws/install/thorn_drivers/lib/pkgconfig/thorn_drivers.pc'
[11.391s] Level 1:colcon.colcon_core.environment:checking '/home/marc/ros2_ws/install/thorn_drivers/lib/python3.10/site-packages'
[11.395s] Level 1:colcon.colcon_core.environment:checking '/home/marc/ros2_ws/install/thorn_drivers/bin'
[11.401s] INFO:colcon.colcon_core.shell:Creating package script '/home/marc/ros2_ws/install/thorn_drivers/share/thorn_drivers/package.ps1'
[11.409s] INFO:colcon.colcon_core.shell:Creating package descriptor '/home/marc/ros2_ws/install/thorn_drivers/share/thorn_drivers/package.dsv'
[11.418s] INFO:colcon.colcon_core.shell:Creating package script '/home/marc/ros2_ws/install/thorn_drivers/share/thorn_drivers/package.sh'
[11.426s] INFO:colcon.colcon_core.shell:Creating package script '/home/marc/ros2_ws/install/thorn_drivers/share/thorn_drivers/package.bash'
[11.434s] INFO:colcon.colcon_core.shell:Creating package script '/home/marc/ros2_ws/install/thorn_drivers/share/thorn_drivers/package.zsh'
[11.441s] Level 1:colcon.colcon_core.environment:create_file_with_runtime_dependencies(/home/marc/ros2_ws/install/thorn_drivers/share/colcon-core/packages/thorn_drivers)
[11.547s] Level 1:colcon.colcon_core.environment:create_environment_scripts_only(thorn_controllers)
[11.551s] Level 1:colcon.colcon_core.environment:checking '/home/marc/ros2_ws/install/thorn_controllers' for CMake module files
[11.561s] Level 1:colcon.colcon_core.environment:checking '/home/marc/ros2_ws/install/thorn_controllers' for CMake config files
[11.567s] Level 1:colcon.colcon_core.shell:create_environment_hook('thorn_controllers', 'cmake_prefix_path')
[11.571s] INFO:colcon.colcon_core.shell:Creating environment hook '/home/marc/ros2_ws/install/thorn_controllers/share/thorn_controllers/hook/cmake_prefix_path.ps1'
[11.582s] INFO:colcon.colcon_core.shell:Creating environment descriptor '/home/marc/ros2_ws/install/thorn_controllers/share/thorn_controllers/hook/cmake_prefix_path.dsv'
[11.589s] INFO:colcon.colcon_core.shell:Creating environment hook '/home/marc/ros2_ws/install/thorn_controllers/share/thorn_controllers/hook/cmake_prefix_path.sh'
[11.599s] Level 1:colcon.colcon_core.environment:checking '/home/marc/ros2_ws/install/thorn_controllers/bin'
[11.600s] Level 1:colcon.colcon_core.environment:checking '/home/marc/ros2_ws/install/thorn_controllers/lib/pkgconfig/thorn_controllers.pc'
[11.606s] Level 1:colcon.colcon_core.environment:checking '/home/marc/ros2_ws/install/thorn_controllers/lib/python3.10/site-packages'
[11.610s] Level 1:colcon.colcon_core.environment:checking '/home/marc/ros2_ws/install/thorn_controllers/bin'
[11.616s] INFO:colcon.colcon_core.shell:Creating package script '/home/marc/ros2_ws/install/thorn_controllers/share/thorn_controllers/package.ps1'
[11.626s] INFO:colcon.colcon_core.shell:Creating package descriptor '/home/marc/ros2_ws/install/thorn_controllers/share/thorn_controllers/package.dsv'
[11.635s] INFO:colcon.colcon_core.shell:Creating package script '/home/marc/ros2_ws/install/thorn_controllers/share/thorn_controllers/package.sh'
[11.643s] INFO:colcon.colcon_core.shell:Creating package script '/home/marc/ros2_ws/install/thorn_controllers/share/thorn_controllers/package.bash'
[11.653s] INFO:colcon.colcon_core.shell:Creating package script '/home/marc/ros2_ws/install/thorn_controllers/share/thorn_controllers/package.zsh'
[11.662s] Level 1:colcon.colcon_core.environment:create_file_with_runtime_dependencies(/home/marc/ros2_ws/install/thorn_controllers/share/colcon-core/packages/thorn_controllers)
[11.674s] INFO:colcon.colcon_ros.task.ament_python.build:Building ROS package in '/home/marc/ros2_ws/src/thorn_planners' with build type 'ament_python'
[11.679s] Level 1:colcon.colcon_core.shell:create_environment_hook('thorn_planners', 'ament_prefix_path')
[11.682s] INFO:colcon.colcon_core.shell:Creating environment hook '/home/marc/ros2_ws/install/thorn_planners/share/thorn_planners/hook/ament_prefix_path.ps1'
[11.688s] INFO:colcon.colcon_core.shell:Creating environment descriptor '/home/marc/ros2_ws/install/thorn_planners/share/thorn_planners/hook/ament_prefix_path.dsv'
[11.694s] INFO:colcon.colcon_core.shell:Creating environment hook '/home/marc/ros2_ws/install/thorn_planners/share/thorn_planners/hook/ament_prefix_path.sh'
[11.702s] INFO:colcon.colcon_core.shell:Skip shell extension 'powershell' for command environment: Not usable outside of PowerShell
[11.703s] DEBUG:colcon.colcon_core.shell:Skip shell extension 'dsv' for command environment
[15.332s] INFO:colcon.colcon_core.task.python.build:Building Python package in '/home/marc/ros2_ws/src/thorn_planners'
[15.335s] INFO:colcon.colcon_core.shell:Skip shell extension 'powershell' for command environment: Not usable outside of PowerShell
[15.337s] DEBUG:colcon.colcon_core.shell:Skip shell extension 'dsv' for command environment
[15.420s] Level 1:colcon.colcon_core.environment:create_environment_scripts_only(thorn_drivers)
[15.425s] Level 1:colcon.colcon_core.environment:checking '/home/marc/ros2_ws/install/thorn_drivers' for CMake module files
[15.438s] Level 1:colcon.colcon_core.environment:checking '/home/marc/ros2_ws/install/thorn_drivers' for CMake config files
[15.443s] Level 1:colcon.colcon_core.shell:create_environment_hook('thorn_drivers', 'cmake_prefix_path')
[15.446s] INFO:colcon.colcon_core.shell:Creating environment hook '/home/marc/ros2_ws/install/thorn_drivers/share/thorn_drivers/hook/cmake_prefix_path.ps1'
[15.453s] INFO:colcon.colcon_core.shell:Creating environment descriptor '/home/marc/ros2_ws/install/thorn_drivers/share/thorn_drivers/hook/cmake_prefix_path.dsv'
[15.459s] INFO:colcon.colcon_core.shell:Creating environment hook '/home/marc/ros2_ws/install/thorn_drivers/share/thorn_drivers/hook/cmake_prefix_path.sh'
[15.469s] Level 1:colcon.colcon_core.environment:checking '/home/marc/ros2_ws/install/thorn_drivers/lib'
[15.470s] Level 1:colcon.colcon_core.environment:checking '/home/marc/ros2_ws/install/thorn_drivers/bin'
[15.471s] Level 1:colcon.colcon_core.environment:checking '/home/marc/ros2_ws/install/thorn_drivers/lib/pkgconfig/thorn_drivers.pc'
[15.475s] Level 1:colcon.colcon_core.environment:checking '/home/marc/ros2_ws/install/thorn_drivers/lib/python3.10/site-packages'
[15.479s] Level 1:colcon.colcon_core.environment:checking '/home/marc/ros2_ws/install/thorn_drivers/bin'
[15.483s] INFO:colcon.colcon_core.shell:Creating package script '/home/marc/ros2_ws/install/thorn_drivers/share/thorn_drivers/package.ps1'
[15.492s] INFO:colcon.colcon_core.shell:Creating package descriptor '/home/marc/ros2_ws/install/thorn_drivers/share/thorn_drivers/package.dsv'
[15.500s] INFO:colcon.colcon_core.shell:Creating package script '/home/marc/ros2_ws/install/thorn_drivers/share/thorn_drivers/package.sh'
[15.507s] INFO:colcon.colcon_core.shell:Creating package script '/home/marc/ros2_ws/install/thorn_drivers/share/thorn_drivers/package.bash'
[15.515s] INFO:colcon.colcon_core.shell:Creating package script '/home/marc/ros2_ws/install/thorn_drivers/share/thorn_drivers/package.zsh'
[15.521s] Level 1:colcon.colcon_core.environment:create_file_with_runtime_dependencies(/home/marc/ros2_ws/install/thorn_drivers/share/colcon-core/packages/thorn_drivers)
[15.566s] DEBUG:colcon.colcon_core.event_handler.log_command:Invoking command in '/home/marc/ros2_ws/src/test_stand': PYTHONPATH=/home/marc/ros2_ws/build/test_stand/prefix_override:/usr/lib/python3/dist-packages/colcon_core/task/python/colcon_distutils_commands:/home/marc/ros2_ws/install/test_stand/lib/python3.10/site-packages:${PYTHONPATH} /usr/bin/python3 -W ignore:setup.py install is deprecated setup.py egg_info --egg-base ../../build/test_stand build --build-base /home/marc/ros2_ws/build/test_stand/build install --record /home/marc/ros2_ws/build/test_stand/install.log --single-version-externally-managed install_data
[15.655s] DEBUG:colcon.colcon_core.event_handler.log_command:Invoking command in '/home/marc/ros2_ws/src/thorn_launchers': PYTHONPATH=/home/marc/ros2_ws/build/thorn_launchers/prefix_override:/usr/lib/python3/dist-packages/colcon_core/task/python/colcon_distutils_commands:/home/marc/ros2_ws/install/thorn_launchers/lib/python3.10/site-packages:${PYTHONPATH} /usr/bin/python3 -W ignore:setup.py install is deprecated setup.py egg_info --egg-base ../../build/thorn_launchers build --build-base /home/marc/ros2_ws/build/thorn_launchers/build install --record /home/marc/ros2_ws/build/thorn_launchers/install.log --single-version-externally-managed install_data
[19.597s] Level 1:colcon.colcon_core.environment:checking '/home/marc/ros2_ws/install/test_stand' for CMake module files
[19.603s] DEBUG:colcon.colcon_core.event_handler.log_command:Invoked command in '/home/marc/ros2_ws/src/test_stand' returned '0': PYTHONPATH=/home/marc/ros2_ws/build/test_stand/prefix_override:/usr/lib/python3/dist-packages/colcon_core/task/python/colcon_distutils_commands:/home/marc/ros2_ws/install/test_stand/lib/python3.10/site-packages:${PYTHONPATH} /usr/bin/python3 -W ignore:setup.py install is deprecated setup.py egg_info --egg-base ../../build/test_stand build --build-base /home/marc/ros2_ws/build/test_stand/build install --record /home/marc/ros2_ws/build/test_stand/install.log --single-version-externally-managed install_data
[19.608s] Level 1:colcon.colcon_core.environment:checking '/home/marc/ros2_ws/install/test_stand' for CMake config files
[19.618s] Level 1:colcon.colcon_core.environment:checking '/home/marc/ros2_ws/install/test_stand/lib'
[19.619s] Level 1:colcon.colcon_core.environment:checking '/home/marc/ros2_ws/install/test_stand/bin'
[19.620s] Level 1:colcon.colcon_core.environment:checking '/home/marc/ros2_ws/install/test_stand/lib/pkgconfig/test_stand.pc'
[19.623s] Level 1:colcon.colcon_core.environment:checking '/home/marc/ros2_ws/install/test_stand/lib/python3.10/site-packages'
[19.624s] Level 1:colcon.colcon_core.shell:create_environment_hook('test_stand', 'pythonpath')
[19.627s] INFO:colcon.colcon_core.shell:Creating environment hook '/home/marc/ros2_ws/install/test_stand/share/test_stand/hook/pythonpath.ps1'
[19.632s] INFO:colcon.colcon_core.shell:Creating environment descriptor '/home/marc/ros2_ws/install/test_stand/share/test_stand/hook/pythonpath.dsv'
[19.637s] INFO:colcon.colcon_core.shell:Creating environment hook '/home/marc/ros2_ws/install/test_stand/share/test_stand/hook/pythonpath.sh'
[19.644s] Level 1:colcon.colcon_core.environment:checking '/home/marc/ros2_ws/install/test_stand/bin'
[19.645s] Level 1:colcon.colcon_core.environment:create_environment_scripts_only(test_stand)
[19.648s] INFO:colcon.colcon_core.shell:Creating package script '/home/marc/ros2_ws/install/test_stand/share/test_stand/package.ps1'
[19.654s] INFO:colcon.colcon_core.shell:Creating package descriptor '/home/marc/ros2_ws/install/test_stand/share/test_stand/package.dsv'
[19.660s] INFO:colcon.colcon_core.shell:Creating package script '/home/marc/ros2_ws/install/test_stand/share/test_stand/package.sh'
[19.666s] INFO:colcon.colcon_core.shell:Creating package script '/home/marc/ros2_ws/install/test_stand/share/test_stand/package.bash'
[19.671s] INFO:colcon.colcon_core.shell:Creating package script '/home/marc/ros2_ws/install/test_stand/share/test_stand/package.zsh'
[19.675s] Level 1:colcon.colcon_core.environment:create_file_with_runtime_dependencies(/home/marc/ros2_ws/install/test_stand/share/colcon-core/packages/test_stand)
[19.687s] Level 1:colcon.colcon_core.environment:checking '/home/marc/ros2_ws/install/thorn_launchers' for CMake module files
[19.698s] DEBUG:colcon.colcon_core.event_handler.log_command:Invoked command in '/home/marc/ros2_ws/src/thorn_launchers' returned '0': PYTHONPATH=/home/marc/ros2_ws/build/thorn_launchers/prefix_override:/usr/lib/python3/dist-packages/colcon_core/task/python/colcon_distutils_commands:/home/marc/ros2_ws/install/thorn_launchers/lib/python3.10/site-packages:${PYTHONPATH} /usr/bin/python3 -W ignore:setup.py install is deprecated setup.py egg_info --egg-base ../../build/thorn_launchers build --build-base /home/marc/ros2_ws/build/thorn_launchers/build install --record /home/marc/ros2_ws/build/thorn_launchers/install.log --single-version-externally-managed install_data
[19.700s] Level 1:colcon.colcon_core.environment:checking '/home/marc/ros2_ws/install/thorn_launchers' for CMake config files
[19.709s] Level 1:colcon.colcon_core.environment:checking '/home/marc/ros2_ws/install/thorn_launchers/lib'
[19.710s] Level 1:colcon.colcon_core.environment:checking '/home/marc/ros2_ws/install/thorn_launchers/bin'
[19.711s] Level 1:colcon.colcon_core.environment:checking '/home/marc/ros2_ws/install/thorn_launchers/lib/pkgconfig/thorn_launchers.pc'
[19.714s] Level 1:colcon.colcon_core.environment:checking '/home/marc/ros2_ws/install/thorn_launchers/lib/python3.10/site-packages'
[19.714s] Level 1:colcon.colcon_core.shell:create_environment_hook('thorn_launchers', 'pythonpath')
[19.717s] INFO:colcon.colcon_core.shell:Creating environment hook '/home/marc/ros2_ws/install/thorn_launchers/share/thorn_launchers/hook/pythonpath.ps1'
[19.722s] INFO:colcon.colcon_core.shell:Creating environment descriptor '/home/marc/ros2_ws/install/thorn_launchers/share/thorn_launchers/hook/pythonpath.dsv'
[19.726s] INFO:colcon.colcon_core.shell:Creating environment hook '/home/marc/ros2_ws/install/thorn_launchers/share/thorn_launchers/hook/pythonpath.sh'
[19.734s] Level 1:colcon.colcon_core.environment:checking '/home/marc/ros2_ws/install/thorn_launchers/bin'
[19.735s] Level 1:colcon.colcon_core.environment:create_environment_scripts_only(thorn_launchers)
[19.738s] INFO:colcon.colcon_core.shell:Creating package script '/home/marc/ros2_ws/install/thorn_launchers/share/thorn_launchers/package.ps1'
[19.744s] INFO:colcon.colcon_core.shell:Creating package descriptor '/home/marc/ros2_ws/install/thorn_launchers/share/thorn_launchers/package.dsv'
[19.750s] INFO:colcon.colcon_core.shell:Creating package script '/home/marc/ros2_ws/install/thorn_launchers/share/thorn_launchers/package.sh'
[19.756s] INFO:colcon.colcon_core.shell:Creating package script '/home/marc/ros2_ws/install/thorn_launchers/share/thorn_launchers/package.bash'
[19.761s] INFO:colcon.colcon_core.shell:Creating package script '/home/marc/ros2_ws/install/thorn_launchers/share/thorn_launchers/package.zsh'
[19.765s] Level 1:colcon.colcon_core.environment:create_file_with_runtime_dependencies(/home/marc/ros2_ws/install/thorn_launchers/share/colcon-core/packages/thorn_launchers)
[20.319s] DEBUG:colcon.colcon_core.event_handler.log_command:Invoking command in '/home/marc/ros2_ws/src/thorn_planners': PYTHONPATH=/home/marc/ros2_ws/build/thorn_planners/prefix_override:/usr/lib/python3/dist-packages/colcon_core/task/python/colcon_distutils_commands:/home/marc/ros2_ws/install/thorn_planners/lib/python3.10/site-packages:${PYTHONPATH} /usr/bin/python3 -W ignore:setup.py install is deprecated setup.py egg_info --egg-base ../../build/thorn_planners build --build-base /home/marc/ros2_ws/build/thorn_planners/build install --record /home/marc/ros2_ws/build/thorn_planners/install.log --single-version-externally-managed install_data
[23.589s] Level 1:colcon.colcon_core.environment:checking '/home/marc/ros2_ws/install/thorn_planners' for CMake module files
[23.594s] DEBUG:colcon.colcon_core.event_handler.log_command:Invoked command in '/home/marc/ros2_ws/src/thorn_planners' returned '0': PYTHONPATH=/home/marc/ros2_ws/build/thorn_planners/prefix_override:/usr/lib/python3/dist-packages/colcon_core/task/python/colcon_distutils_commands:/home/marc/ros2_ws/install/thorn_planners/lib/python3.10/site-packages:${PYTHONPATH} /usr/bin/python3 -W ignore:setup.py install is deprecated setup.py egg_info --egg-base ../../build/thorn_planners build --build-base /home/marc/ros2_ws/build/thorn_planners/build install --record /home/marc/ros2_ws/build/thorn_planners/install.log --single-version-externally-managed install_data
[23.598s] Level 1:colcon.colcon_core.environment:checking '/home/marc/ros2_ws/install/thorn_planners' for CMake config files
[23.607s] Level 1:colcon.colcon_core.environment:checking '/home/marc/ros2_ws/install/thorn_planners/lib'
[23.608s] Level 1:colcon.colcon_core.environment:checking '/home/marc/ros2_ws/install/thorn_planners/bin'
[23.609s] Level 1:colcon.colcon_core.environment:checking '/home/marc/ros2_ws/install/thorn_planners/lib/pkgconfig/thorn_planners.pc'
[23.611s] Level 1:colcon.colcon_core.environment:checking '/home/marc/ros2_ws/install/thorn_planners/lib/python3.10/site-packages'
[23.612s] Level 1:colcon.colcon_core.shell:create_environment_hook('thorn_planners', 'pythonpath')
[23.615s] INFO:colcon.colcon_core.shell:Creating environment hook '/home/marc/ros2_ws/install/thorn_planners/share/thorn_planners/hook/pythonpath.ps1'
[23.619s] INFO:colcon.colcon_core.shell:Creating environment descriptor '/home/marc/ros2_ws/install/thorn_planners/share/thorn_planners/hook/pythonpath.dsv'
[23.624s] INFO:colcon.colcon_core.shell:Creating environment hook '/home/marc/ros2_ws/install/thorn_planners/share/thorn_planners/hook/pythonpath.sh'
[23.630s] Level 1:colcon.colcon_core.environment:checking '/home/marc/ros2_ws/install/thorn_planners/bin'
[23.631s] Level 1:colcon.colcon_core.environment:create_environment_scripts_only(thorn_planners)
[23.634s] INFO:colcon.colcon_core.shell:Creating package script '/home/marc/ros2_ws/install/thorn_planners/share/thorn_planners/package.ps1'
[23.640s] INFO:colcon.colcon_core.shell:Creating package descriptor '/home/marc/ros2_ws/install/thorn_planners/share/thorn_planners/package.dsv'
[23.645s] INFO:colcon.colcon_core.shell:Creating package script '/home/marc/ros2_ws/install/thorn_planners/share/thorn_planners/package.sh'
[23.651s] INFO:colcon.colcon_core.shell:Creating package script '/home/marc/ros2_ws/install/thorn_planners/share/thorn_planners/package.bash'
[23.655s] INFO:colcon.colcon_core.shell:Creating package script '/home/marc/ros2_ws/install/thorn_planners/share/thorn_planners/package.zsh'
[23.661s] Level 1:colcon.colcon_core.environment:create_file_with_runtime_dependencies(/home/marc/ros2_ws/install/thorn_planners/share/colcon-core/packages/thorn_planners)
[23.663s] DEBUG:colcon.colcon_parallel_executor.executor.parallel:closing loop
[23.667s] DEBUG:colcon.colcon_parallel_executor.executor.parallel:loop closed
[23.668s] DEBUG:colcon.colcon_parallel_executor.executor.parallel:run_until_complete finished with '0'
[23.669s] DEBUG:colcon.colcon_core.event_reactor:joining thread
[23.719s] INFO:colcon.colcon_core.plugin_system:Skipping extension 'colcon_notification.desktop_notification.notify_send': Could not find 'notify-send'
[23.721s] INFO:colcon.colcon_core.plugin_system:Skipping extension 'colcon_notification.desktop_notification.terminal_notifier': Not used on non-Darwin systems
[23.721s] INFO:colcon.colcon_core.plugin_system:Skipping extension 'colcon_notification.desktop_notification.win32': Not used on non-Windows systems
[23.722s] INFO:colcon.colcon_notification.desktop_notification:Sending desktop notification using 'notify2'
[23.728s] DEBUG:colcon.colcon_notification.desktop_notification.notify2:Failed to initialize notify2: org.freedesktop.DBus.Error.ServiceUnknown: The name org.freedesktop.Notifications was not provided by any .service files
[23.729s] DEBUG:colcon.colcon_core.event_reactor:joined thread
[23.732s] INFO:colcon.colcon_core.shell:Creating prefix script '/home/marc/ros2_ws/install/local_setup.ps1'
[23.744s] INFO:colcon.colcon_core.shell:Creating prefix util module '/home/marc/ros2_ws/install/_local_setup_util_ps1.py'
[23.761s] INFO:colcon.colcon_core.shell:Creating prefix chain script '/home/marc/ros2_ws/install/setup.ps1'
[23.775s] INFO:colcon.colcon_core.shell:Creating prefix script '/home/marc/ros2_ws/install/local_setup.sh'
[23.781s] INFO:colcon.colcon_core.shell:Creating prefix util module '/home/marc/ros2_ws/install/_local_setup_util_sh.py'
[23.788s] INFO:colcon.colcon_core.shell:Creating prefix chain script '/home/marc/ros2_ws/install/setup.sh'
[23.802s] INFO:colcon.colcon_core.shell:Creating prefix script '/home/marc/ros2_ws/install/local_setup.bash'
[23.808s] INFO:colcon.colcon_core.shell:Creating prefix chain script '/home/marc/ros2_ws/install/setup.bash'
[23.821s] INFO:colcon.colcon_core.shell:Creating prefix script '/home/marc/ros2_ws/install/local_setup.zsh'
[23.827s] INFO:colcon.colcon_core.shell:Creating prefix chain script '/home/marc/ros2_ws/install/setup.zsh'
