[8.406s] Invoking command in '/home/marc/ros2_ws/src/thorn_launchers': PYTHONPATH=/home/marc/ros2_ws/build/thorn_launchers/prefix_override:/usr/lib/python3/dist-packages/colcon_core/task/python/colcon_distutils_commands:/home/marc/ros2_ws/install/thorn_launchers/lib/python3.10/site-packages:${PYTHONPATH} /usr/bin/python3 -W ignore:setup.py install is deprecated setup.py egg_info --egg-base ../../build/thorn_launchers build --build-base /home/marc/ros2_ws/build/thorn_launchers/build install --record /home/marc/ros2_ws/build/thorn_launchers/install.log --single-version-externally-managed install_data
[11.124s] running egg_info
[11.130s] writing ../../build/thorn_launchers/thorn_launchers.egg-info/PKG-INFO
[11.134s] writing dependency_links to ../../build/thorn_launchers/thorn_launchers.egg-info/dependency_links.txt
[11.137s] writing entry points to ../../build/thorn_launchers/thorn_launchers.egg-info/entry_points.txt
[11.138s] writing requirements to ../../build/thorn_launchers/thorn_launchers.egg-info/requires.txt
[11.140s] writing top-level names to ../../build/thorn_launchers/thorn_launchers.egg-info/top_level.txt
[11.159s] reading manifest file '../../build/thorn_launchers/thorn_launchers.egg-info/SOURCES.txt'
[11.172s] writing manifest file '../../build/thorn_launchers/thorn_launchers.egg-info/SOURCES.txt'
[11.173s] running build
[11.175s] running build_py
[11.179s] running install
[11.183s] running install_lib
[11.199s] running install_data
[11.204s] copying launch/standard_launch.py -> /home/marc/ros2_ws/install/thorn_launchers/share/thorn_launchers/launch
[11.206s] running install_egg_info
[11.225s] removing '/home/marc/ros2_ws/install/thorn_launchers/lib/python3.10/site-packages/thorn_launchers-0.0.0-py3.10.egg-info' (and everything under it)
[11.230s] Copying ../../build/thorn_launchers/thorn_launchers.egg-info to /home/marc/ros2_ws/install/thorn_launchers/lib/python3.10/site-packages/thorn_launchers-0.0.0-py3.10.egg-info
[11.245s] running install_scripts
[11.458s] writing list of installed files to '/home/marc/ros2_ws/build/thorn_launchers/install.log'
[11.727s] Invoked command in '/home/marc/ros2_ws/src/thorn_launchers' returned '0': PYTHONPATH=/home/marc/ros2_ws/build/thorn_launchers/prefix_override:/usr/lib/python3/dist-packages/colcon_core/task/python/colcon_distutils_commands:/home/marc/ros2_ws/install/thorn_launchers/lib/python3.10/site-packages:${PYTHONPATH} /usr/bin/python3 -W ignore:setup.py install is deprecated setup.py egg_info --egg-base ../../build/thorn_launchers build --build-base /home/marc/ros2_ws/build/thorn_launchers/build install --record /home/marc/ros2_ws/build/thorn_launchers/install.log --single-version-externally-managed install_data
