[0.112s] Invoking command in '/home/marc/ros2_ws/build/thorn_controllers': CMAKE_PREFIX_PATH=${CMAKE_PREFIX_PATH}:/home/marc/ros2_ws/install/thorn_planners:/home/marc/ros2_ws/install/thorn_launchers:/opt/ros/iron /usr/bin/cmake --build /home/marc/ros2_ws/build/thorn_controllers -- -j4 -l4
[0.450s] Invoked command in '/home/marc/ros2_ws/build/thorn_controllers' returned '0': CMAKE_PREFIX_PATH=${CMAKE_PREFIX_PATH}:/home/marc/ros2_ws/install/thorn_planners:/home/marc/ros2_ws/install/thorn_launchers:/opt/ros/iron /usr/bin/cmake --build /home/marc/ros2_ws/build/thorn_controllers -- -j4 -l4
[0.746s] Invoking command in '/home/marc/ros2_ws/build/thorn_controllers': CMAKE_PREFIX_PATH=${CMAKE_PREFIX_PATH}:/home/marc/ros2_ws/install/thorn_planners:/home/marc/ros2_ws/install/thorn_launchers:/opt/ros/iron /usr/bin/cmake --install /home/marc/ros2_ws/build/thorn_controllers
[0.810s] -- Install configuration: ""
[0.811s] -- Up-to-date: /home/marc/ros2_ws/install/thorn_controllers/share/ament_index/resource_index/package_run_dependencies/thorn_controllers
[0.813s] -- Up-to-date: /home/marc/ros2_ws/install/thorn_controllers/share/ament_index/resource_index/parent_prefix_path/thorn_controllers
[0.814s] -- Up-to-date: /home/marc/ros2_ws/install/thorn_controllers/share/thorn_controllers/environment/ament_prefix_path.sh
[0.816s] -- Up-to-date: /home/marc/ros2_ws/install/thorn_controllers/share/thorn_controllers/environment/ament_prefix_path.dsv
[0.817s] -- Up-to-date: /home/marc/ros2_ws/install/thorn_controllers/share/thorn_controllers/environment/path.sh
[0.819s] -- Up-to-date: /home/marc/ros2_ws/install/thorn_controllers/share/thorn_controllers/environment/path.dsv
[0.820s] -- Up-to-date: /home/marc/ros2_ws/install/thorn_controllers/share/thorn_controllers/local_setup.bash
[0.821s] -- Up-to-date: /home/marc/ros2_ws/install/thorn_controllers/share/thorn_controllers/local_setup.sh
[0.822s] -- Up-to-date: /home/marc/ros2_ws/install/thorn_controllers/share/thorn_controllers/local_setup.zsh
[0.823s] -- Up-to-date: /home/marc/ros2_ws/install/thorn_controllers/share/thorn_controllers/local_setup.dsv
[0.825s] -- Installing: /home/marc/ros2_ws/install/thorn_controllers/share/thorn_controllers/package.dsv
[0.826s] -- Up-to-date: /home/marc/ros2_ws/install/thorn_controllers/share/ament_index/resource_index/packages/thorn_controllers
[0.827s] -- Up-to-date: /home/marc/ros2_ws/install/thorn_controllers/share/thorn_controllers/cmake/thorn_controllersConfig.cmake
[0.828s] -- Up-to-date: /home/marc/ros2_ws/install/thorn_controllers/share/thorn_controllers/cmake/thorn_controllersConfig-version.cmake
[0.829s] -- Up-to-date: /home/marc/ros2_ws/install/thorn_controllers/share/thorn_controllers/package.xml
[0.842s] Invoked command in '/home/marc/ros2_ws/build/thorn_controllers' returned '0': CMAKE_PREFIX_PATH=${CMAKE_PREFIX_PATH}:/home/marc/ros2_ws/install/thorn_planners:/home/marc/ros2_ws/install/thorn_launchers:/opt/ros/iron /usr/bin/cmake --install /home/marc/ros2_ws/build/thorn_controllers
