[0.090s] Invoking command in '/home/marc/ros2_ws/build/thorn_drivers': CMAKE_PREFIX_PATH=${CMAKE_PREFIX_PATH}:/home/marc/ros2_ws/install/thorn_planners:/home/marc/ros2_ws/install/thorn_launchers:/opt/ros/iron /usr/bin/cmake --build /home/marc/ros2_ws/build/thorn_drivers -- -j4 -l4
[0.628s] [100%] Built target Servo_Driver_node
[0.715s] Invoked command in '/home/marc/ros2_ws/build/thorn_drivers' returned '0': CMAKE_PREFIX_PATH=${CMAKE_PREFIX_PATH}:/home/marc/ros2_ws/install/thorn_planners:/home/marc/ros2_ws/install/thorn_launchers:/opt/ros/iron /usr/bin/cmake --build /home/marc/ros2_ws/build/thorn_drivers -- -j4 -l4
[0.986s] Invoking command in '/home/marc/ros2_ws/build/thorn_drivers': CMAKE_PREFIX_PATH=${CMAKE_PREFIX_PATH}:/home/marc/ros2_ws/install/thorn_planners:/home/marc/ros2_ws/install/thorn_launchers:/opt/ros/iron /usr/bin/cmake --install /home/marc/ros2_ws/build/thorn_drivers
[1.051s] -- Install configuration: ""
[1.054s] -- Up-to-date: /home/marc/ros2_ws/install/thorn_drivers/lib/thorn_drivers/Servo_Driver_node
[1.058s] -- Up-to-date: /home/marc/ros2_ws/install/thorn_drivers/share/ament_index/resource_index/package_run_dependencies/thorn_drivers
[1.060s] -- Up-to-date: /home/marc/ros2_ws/install/thorn_drivers/share/ament_index/resource_index/parent_prefix_path/thorn_drivers
[1.061s] -- Up-to-date: /home/marc/ros2_ws/install/thorn_drivers/share/thorn_drivers/environment/ament_prefix_path.sh
[1.063s] -- Up-to-date: /home/marc/ros2_ws/install/thorn_drivers/share/thorn_drivers/environment/ament_prefix_path.dsv
[1.064s] -- Up-to-date: /home/marc/ros2_ws/install/thorn_drivers/share/thorn_drivers/environment/path.sh
[1.066s] -- Up-to-date: /home/marc/ros2_ws/install/thorn_drivers/share/thorn_drivers/environment/path.dsv
[1.067s] -- Up-to-date: /home/marc/ros2_ws/install/thorn_drivers/share/thorn_drivers/local_setup.bash
[1.068s] -- Up-to-date: /home/marc/ros2_ws/install/thorn_drivers/share/thorn_drivers/local_setup.sh
[1.069s] -- Up-to-date: /home/marc/ros2_ws/install/thorn_drivers/share/thorn_drivers/local_setup.zsh
[1.071s] -- Up-to-date: /home/marc/ros2_ws/install/thorn_drivers/share/thorn_drivers/local_setup.dsv
[1.072s] -- Installing: /home/marc/ros2_ws/install/thorn_drivers/share/thorn_drivers/package.dsv
[1.073s] -- Up-to-date: /home/marc/ros2_ws/install/thorn_drivers/share/ament_index/resource_index/packages/thorn_drivers
[1.075s] -- Up-to-date: /home/marc/ros2_ws/install/thorn_drivers/share/thorn_drivers/cmake/thorn_driversConfig.cmake
[1.076s] -- Up-to-date: /home/marc/ros2_ws/install/thorn_drivers/share/thorn_drivers/cmake/thorn_driversConfig-version.cmake
[1.077s] -- Up-to-date: /home/marc/ros2_ws/install/thorn_drivers/share/thorn_drivers/package.xml
[1.091s] Invoked command in '/home/marc/ros2_ws/build/thorn_drivers' returned '0': CMAKE_PREFIX_PATH=${CMAKE_PREFIX_PATH}:/home/marc/ros2_ws/install/thorn_planners:/home/marc/ros2_ws/install/thorn_launchers:/opt/ros/iron /usr/bin/cmake --install /home/marc/ros2_ws/build/thorn_drivers
