-- Found ament_cmake: 2.0.6 (/opt/ros/iron/share/ament_cmake/cmake)
-- Found rclcpp: 21.0.7 (/opt/ros/iron/share/rclcpp/cmake)
-- Found rosidl_generator_c: 4.0.1 (/opt/ros/iron/share/rosidl_generator_c/cmake)
-- Found rosidl_generator_cpp: 4.0.1 (/opt/ros/iron/share/rosidl_generator_cpp/cmake)
-- Using all available rosidl_typesupport_c: rosidl_typesupport_fastrtps_c;rosidl_typesupport_introspection_c
-- Using all available rosidl_typesupport_cpp: rosidl_typesupport_fastrtps_cpp;rosidl_typesupport_introspection_cpp
-- Found rmw_implementation_cmake: 7.1.0 (/opt/ros/iron/share/rmw_implementation_cmake/cmake)
-- Found rmw_fastrtps_cpp: 7.1.4 (/opt/ros/iron/share/rmw_fastrtps_cpp/cmake)
-- Using RMW implementation 'rmw_fastrtps_cpp' as default
-- Found std_msgs: 5.0.1 (/opt/ros/iron/share/std_msgs/cmake)
-- Found ament_lint_auto: 0.14.4 (/opt/ros/iron/share/ament_lint_auto/cmake)
-- Added test 'cppcheck' to perform static code analysis on C / C++ code
-- Configured cppcheck include dirs: 
-- Configured cppcheck exclude dirs and/or files: 
-- Added test 'lint_cmake' to check CMake code style
-- Added test 'uncrustify' to check C / C++ code style
-- Configured uncrustify additional arguments: 
-- Added test 'xmllint' to check XML markup files
-- Configuring done
-- Generating done
-- Build files have been written to: /home/marc/ros2_ws/build/thorn_drivers
[ 50%] [32mBuilding CXX object CMakeFiles/Servo_Driver_node.dir/src/Servo_Driver_node.cpp.o[0m
[100%] [32m[1mLinking CXX executable Servo_Driver_node[0m
/usr/bin/ld: CMakeFiles/Servo_Driver_node.dir/src/Servo_Driver_node.cpp.o: in function `Servo_Driver_node::Servo_Driver_node()':
Servo_Driver_node.cpp:(.text._ZN17Servo_Driver_nodeC2Ev[_ZN17Servo_Driver_nodeC5Ev]+0x1c4): undefined reference to `pigpio_start'
/usr/bin/ld: Servo_Driver_node.cpp:(.text._ZN17Servo_Driver_nodeC2Ev[_ZN17Servo_Driver_nodeC5Ev]+0x358): undefined reference to `set_mode'
/usr/bin/ld: Servo_Driver_node.cpp:(.text._ZN17Servo_Driver_nodeC2Ev[_ZN17Servo_Driver_nodeC5Ev]+0x36c): undefined reference to `set_mode'
/usr/bin/ld: CMakeFiles/Servo_Driver_node.dir/src/Servo_Driver_node.cpp.o: in function `Servo_Driver_node::~Servo_Driver_node()':
Servo_Driver_node.cpp:(.text._ZN17Servo_Driver_nodeD2Ev[_ZN17Servo_Driver_nodeD5Ev]+0x34): undefined reference to `pigpio_stop'
/usr/bin/ld: CMakeFiles/Servo_Driver_node.dir/src/Servo_Driver_node.cpp.o: in function `Servo_Driver_node::topic_callback(std::shared_ptr<std_msgs::msg::Float32MultiArray_<std::allocator<void> > >)':
Servo_Driver_node.cpp:(.text._ZN17Servo_Driver_node14topic_callbackESt10shared_ptrIN8std_msgs3msg18Float32MultiArray_ISaIvEEEE[_ZN17Servo_Driver_node14topic_callbackESt10shared_ptrIN8std_msgs3msg18Float32MultiArray_ISaIvEEEE]+0x250): undefined reference to `set_servo_pulsewidth'
/usr/bin/ld: Servo_Driver_node.cpp:(.text._ZN17Servo_Driver_node14topic_callbackESt10shared_ptrIN8std_msgs3msg18Float32MultiArray_ISaIvEEEE[_ZN17Servo_Driver_node14topic_callbackESt10shared_ptrIN8std_msgs3msg18Float32MultiArray_ISaIvEEEE]+0x268): undefined reference to `set_servo_pulsewidth'
collect2: error: ld returned 1 exit status
gmake[2]: *** [CMakeFiles/Servo_Driver_node.dir/build.make:174: Servo_Driver_node] Error 1
gmake[1]: *** [CMakeFiles/Makefile2:137: CMakeFiles/Servo_Driver_node.dir/all] Error 2
gmake: *** [Makefile:146: all] Error 2
