[7.970s] Invoking command in '/home/marc/ros2_ws/src/thorn_launchers': PYTHONPATH=/home/marc/ros2_ws/build/thorn_launchers/prefix_override:/usr/lib/python3/dist-packages/colcon_core/task/python/colcon_distutils_commands:/home/marc/ros2_ws/install/thorn_launchers/lib/python3.10/site-packages:${PYTHONPATH} /usr/bin/python3 -W ignore:setup.py install is deprecated setup.py egg_info --egg-base ../../build/thorn_launchers build --build-base /home/marc/ros2_ws/build/thorn_launchers/build install --record /home/marc/ros2_ws/build/thorn_launchers/install.log --single-version-externally-managed install_data
[10.653s] running egg_info
[10.660s] writing ../../build/thorn_launchers/thorn_launchers.egg-info/PKG-INFO
[10.664s] writing dependency_links to ../../build/thorn_launchers/thorn_launchers.egg-info/dependency_links.txt
[10.666s] writing entry points to ../../build/thorn_launchers/thorn_launchers.egg-info/entry_points.txt
[10.668s] writing requirements to ../../build/thorn_launchers/thorn_launchers.egg-info/requires.txt
[10.670s] writing top-level names to ../../build/thorn_launchers/thorn_launchers.egg-info/top_level.txt
[10.688s] reading manifest file '../../build/thorn_launchers/thorn_launchers.egg-info/SOURCES.txt'
[10.700s] writing manifest file '../../build/thorn_launchers/thorn_launchers.egg-info/SOURCES.txt'
[10.702s] running build
[10.703s] running build_py
[10.705s] running install
[10.708s] running install_lib
[10.722s] running install_data
[10.724s] copying launch/standard_launch.py -> /home/marc/ros2_ws/install/thorn_launchers/share/thorn_launchers/launch
[10.728s] running install_egg_info
[10.745s] removing '/home/marc/ros2_ws/install/thorn_launchers/lib/python3.10/site-packages/thorn_launchers-0.0.0-py3.10.egg-info' (and everything under it)
[10.749s] Copying ../../build/thorn_launchers/thorn_launchers.egg-info to /home/marc/ros2_ws/install/thorn_launchers/lib/python3.10/site-packages/thorn_launchers-0.0.0-py3.10.egg-info
[10.765s] running install_scripts
[10.968s] writing list of installed files to '/home/marc/ros2_ws/build/thorn_launchers/install.log'
[11.234s] Invoked command in '/home/marc/ros2_ws/src/thorn_launchers' returned '0': PYTHONPATH=/home/marc/ros2_ws/build/thorn_launchers/prefix_override:/usr/lib/python3/dist-packages/colcon_core/task/python/colcon_distutils_commands:/home/marc/ros2_ws/install/thorn_launchers/lib/python3.10/site-packages:${PYTHONPATH} /usr/bin/python3 -W ignore:setup.py install is deprecated setup.py egg_info --egg-base ../../build/thorn_launchers build --build-base /home/marc/ros2_ws/build/thorn_launchers/build install --record /home/marc/ros2_ws/build/thorn_launchers/install.log --single-version-externally-managed install_data
