[3.308s] Invoking command in '/home/marc/ros2_ws/build/thorn_controllers': CMAKE_PREFIX_PATH=${CMAKE_PREFIX_PATH}:/home/marc/ros2_ws/install/thorn_planners:/home/marc/ros2_ws/install/thorn_launchers:/home/marc/ros2_ws/install/test_stand:/opt/ros/iron /usr/bin/cmake --build /home/marc/ros2_ws/build/thorn_controllers -- -j4 -l4
[6.992s] Invoked command in '/home/marc/ros2_ws/build/thorn_controllers' returned '0': CMAKE_PREFIX_PATH=${CMAKE_PREFIX_PATH}:/home/marc/ros2_ws/install/thorn_planners:/home/marc/ros2_ws/install/thorn_launchers:/home/marc/ros2_ws/install/test_stand:/opt/ros/iron /usr/bin/cmake --build /home/marc/ros2_ws/build/thorn_controllers -- -j4 -l4
[7.432s] Invoking command in '/home/marc/ros2_ws/build/thorn_controllers': CMAKE_PREFIX_PATH=${CMAKE_PREFIX_PATH}:/home/marc/ros2_ws/install/thorn_planners:/home/marc/ros2_ws/install/thorn_launchers:/home/marc/ros2_ws/install/test_stand:/opt/ros/iron /usr/bin/cmake --install /home/marc/ros2_ws/build/thorn_controllers
[7.530s] -- Install configuration: ""
[7.534s] -- Up-to-date: /home/marc/ros2_ws/install/thorn_controllers/share/ament_index/resource_index/package_run_dependencies/thorn_controllers
[7.541s] -- Up-to-date: /home/marc/ros2_ws/install/thorn_controllers/share/ament_index/resource_index/parent_prefix_path/thorn_controllers
[7.548s] -- Up-to-date: /home/marc/ros2_ws/install/thorn_controllers/share/thorn_controllers/environment/ament_prefix_path.sh
[7.550s] -- Up-to-date: /home/marc/ros2_ws/install/thorn_controllers/share/thorn_controllers/environment/ament_prefix_path.dsv
[7.557s] -- Up-to-date: /home/marc/ros2_ws/install/thorn_controllers/share/thorn_controllers/environment/path.sh
[7.562s] -- Up-to-date: /home/marc/ros2_ws/install/thorn_controllers/share/thorn_controllers/environment/path.dsv
[7.566s] -- Up-to-date: /home/marc/ros2_ws/install/thorn_controllers/share/thorn_controllers/local_setup.bash
[7.571s] -- Up-to-date: /home/marc/ros2_ws/install/thorn_controllers/share/thorn_controllers/local_setup.sh
[7.577s] -- Up-to-date: /home/marc/ros2_ws/install/thorn_controllers/share/thorn_controllers/local_setup.zsh
[7.587s] -- Up-to-date: /home/marc/ros2_ws/install/thorn_controllers/share/thorn_controllers/local_setup.dsv
[7.593s] -- Installing: /home/marc/ros2_ws/install/thorn_controllers/share/thorn_controllers/package.dsv
[7.600s] -- Up-to-date: /home/marc/ros2_ws/install/thorn_controllers/share/ament_index/resource_index/packages/thorn_controllers
[7.605s] -- Up-to-date: /home/marc/ros2_ws/install/thorn_controllers/share/thorn_controllers/cmake/thorn_controllersConfig.cmake
[7.624s] -- Up-to-date: /home/marc/ros2_ws/install/thorn_controllers/share/thorn_controllers/cmake/thorn_controllersConfig-version.cmake
[7.626s] -- Up-to-date: /home/marc/ros2_ws/install/thorn_controllers/share/thorn_controllers/package.xml
[7.629s] Invoked command in '/home/marc/ros2_ws/build/thorn_controllers' returned '0': CMAKE_PREFIX_PATH=${CMAKE_PREFIX_PATH}:/home/marc/ros2_ws/install/thorn_planners:/home/marc/ros2_ws/install/thorn_launchers:/home/marc/ros2_ws/install/test_stand:/opt/ros/iron /usr/bin/cmake --install /home/marc/ros2_ws/build/thorn_controllers
