[13.697s] Invoking command in '/home/marc/ros2_ws/src/thorn_launchers': PYTHONPATH=/home/marc/ros2_ws/build/thorn_launchers/prefix_override:/usr/lib/python3/dist-packages/colcon_core/task/python/colcon_distutils_commands:/home/marc/ros2_ws/install/thorn_launchers/lib/python3.10/site-packages:${PYTHONPATH} /usr/bin/python3 -W ignore:setup.py install is deprecated setup.py egg_info --egg-base ../../build/thorn_launchers build --build-base /home/marc/ros2_ws/build/thorn_launchers/build install --record /home/marc/ros2_ws/build/thorn_launchers/install.log --single-version-externally-managed install_data
[16.954s] running egg_info
[16.962s] writing ../../build/thorn_launchers/thorn_launchers.egg-info/PKG-INFO
[16.966s] writing dependency_links to ../../build/thorn_launchers/thorn_launchers.egg-info/dependency_links.txt
[16.970s] writing entry points to ../../build/thorn_launchers/thorn_launchers.egg-info/entry_points.txt
[16.973s] writing requirements to ../../build/thorn_launchers/thorn_launchers.egg-info/requires.txt
[16.976s] writing top-level names to ../../build/thorn_launchers/thorn_launchers.egg-info/top_level.txt
[16.998s] reading manifest file '../../build/thorn_launchers/thorn_launchers.egg-info/SOURCES.txt'
[17.015s] writing manifest file '../../build/thorn_launchers/thorn_launchers.egg-info/SOURCES.txt'
[17.016s] running build
[17.018s] running build_py
[17.022s] running install
[17.027s] running install_lib
[17.053s] running install_data
[17.061s] running install_egg_info
[17.080s] removing '/home/marc/ros2_ws/install/thorn_launchers/lib/python3.10/site-packages/thorn_launchers-0.0.0-py3.10.egg-info' (and everything under it)
[17.091s] Copying ../../build/thorn_launchers/thorn_launchers.egg-info to /home/marc/ros2_ws/install/thorn_launchers/lib/python3.10/site-packages/thorn_launchers-0.0.0-py3.10.egg-info
[17.107s] running install_scripts
[17.359s] writing list of installed files to '/home/marc/ros2_ws/build/thorn_launchers/install.log'
[17.712s] Invoked command in '/home/marc/ros2_ws/src/thorn_launchers' returned '0': PYTHONPATH=/home/marc/ros2_ws/build/thorn_launchers/prefix_override:/usr/lib/python3/dist-packages/colcon_core/task/python/colcon_distutils_commands:/home/marc/ros2_ws/install/thorn_launchers/lib/python3.10/site-packages:${PYTHONPATH} /usr/bin/python3 -W ignore:setup.py install is deprecated setup.py egg_info --egg-base ../../build/thorn_launchers build --build-base /home/marc/ros2_ws/build/thorn_launchers/build install --record /home/marc/ros2_ws/build/thorn_launchers/install.log --single-version-externally-managed install_data
