[1.294s] DEBUG:colcon:Command line arguments: ['/usr/bin/colcon', 'build']
[1.295s] DEBUG:colcon:Parsed command line arguments: Namespace(log_base=None, log_level=None, verb_name='build', build_base='build', install_base='install', merge_install=False, symlink_install=False, test_result_base=None, continue_on_error=False, executor='parallel', parallel_workers=4, event_handlers=None, ignore_user_meta=False, metas=['./colcon.meta'], base_paths=['.'], packages_ignore=None, packages_ignore_regex=None, paths=None, packages_up_to=None, packages_up_to_regex=None, packages_above=None, packages_above_and_dependencies=None, packages_above_depth=None, packages_select_by_dep=None, packages_skip_by_dep=None, packages_skip_up_to=None, packages_select_build_failed=False, packages_skip_build_finished=False, packages_select_test_failures=False, packages_skip_test_passed=False, packages_select=None, packages_skip=None, packages_select_regex=None, packages_skip_regex=None, packages_start=None, packages_end=None, allow_overriding=[], cmake_args=None, cmake_target=None, cmake_target_skip_unavailable=False, cmake_clean_cache=False, cmake_clean_first=False, cmake_force_configure=False, ament_cmake_args=None, catkin_cmake_args=None, catkin_skip_building_tests=False, mixin_files=None, mixin=None, verb_parser=<colcon_mixin.mixin.mixin_argument.MixinArgumentDecorator object at 0xffffaae98970>, verb_extension=<colcon_core.verb.build.BuildVerb object at 0xffffaafcd0c0>, main=<bound method BuildVerb.main of <colcon_core.verb.build.BuildVerb object at 0xffffaafcd0c0>>, mixin_verb=('build',))
[3.274s] Level 1:colcon.colcon_core.package_discovery:discover_packages(colcon_meta) check parameters
[3.275s] Level 1:colcon.colcon_core.package_discovery:discover_packages(recursive) check parameters
[3.275s] Level 1:colcon.colcon_core.package_discovery:discover_packages(ignore) check parameters
[3.275s] Level 1:colcon.colcon_core.package_discovery:discover_packages(path) check parameters
[3.276s] Level 1:colcon.colcon_core.package_discovery:discover_packages(colcon_meta) discover
[3.276s] Level 1:colcon.colcon_core.package_discovery:discover_packages(recursive) discover
[3.277s] INFO:colcon.colcon_core.package_discovery:Crawling recursively for packages in '/home/marc/ros2_ws'
[3.278s] Level 1:colcon.colcon_core.package_identification:_identify(.) by extensions ['ignore', 'ignore_ament_install']
[3.279s] Level 1:colcon.colcon_core.package_identification:_identify(.) by extension 'ignore'
[3.279s] Level 1:colcon.colcon_core.package_identification:_identify(.) by extension 'ignore_ament_install'
[3.280s] Level 1:colcon.colcon_core.package_identification:_identify(.) by extensions ['colcon_pkg']
[3.280s] Level 1:colcon.colcon_core.package_identification:_identify(.) by extension 'colcon_pkg'
[3.281s] Level 1:colcon.colcon_core.package_identification:_identify(.) by extensions ['colcon_meta']
[3.281s] Level 1:colcon.colcon_core.package_identification:_identify(.) by extension 'colcon_meta'
[3.282s] Level 1:colcon.colcon_core.package_identification:_identify(.) by extensions ['ros']
[3.282s] Level 1:colcon.colcon_core.package_identification:_identify(.) by extension 'ros'
[3.422s] Level 1:colcon.colcon_core.package_identification:_identify(.) by extensions ['cmake', 'python']
[3.422s] Level 1:colcon.colcon_core.package_identification:_identify(.) by extension 'cmake'
[3.423s] Level 1:colcon.colcon_core.package_identification:_identify(.) by extension 'python'
[3.423s] Level 1:colcon.colcon_core.package_identification:_identify(.) by extensions ['python_setup_py']
[3.424s] Level 1:colcon.colcon_core.package_identification:_identify(.) by extension 'python_setup_py'
[3.425s] Level 1:colcon.colcon_core.package_identification:_identify(build) by extensions ['ignore', 'ignore_ament_install']
[3.426s] Level 1:colcon.colcon_core.package_identification:_identify(build) by extension 'ignore'
[3.427s] Level 1:colcon.colcon_core.package_identification:_identify(build) ignored
[3.428s] Level 1:colcon.colcon_core.package_identification:_identify(install) by extensions ['ignore', 'ignore_ament_install']
[3.429s] Level 1:colcon.colcon_core.package_identification:_identify(install) by extension 'ignore'
[3.430s] Level 1:colcon.colcon_core.package_identification:_identify(install) ignored
[3.433s] Level 1:colcon.colcon_core.package_identification:_identify(log) by extensions ['ignore', 'ignore_ament_install']
[3.434s] Level 1:colcon.colcon_core.package_identification:_identify(log) by extension 'ignore'
[3.434s] Level 1:colcon.colcon_core.package_identification:_identify(log) ignored
[3.436s] Level 1:colcon.colcon_core.package_identification:_identify(src) by extensions ['ignore', 'ignore_ament_install']
[3.437s] Level 1:colcon.colcon_core.package_identification:_identify(src) by extension 'ignore'
[3.437s] Level 1:colcon.colcon_core.package_identification:_identify(src) by extension 'ignore_ament_install'
[3.438s] Level 1:colcon.colcon_core.package_identification:_identify(src) by extensions ['colcon_pkg']
[3.438s] Level 1:colcon.colcon_core.package_identification:_identify(src) by extension 'colcon_pkg'
[3.439s] Level 1:colcon.colcon_core.package_identification:_identify(src) by extensions ['colcon_meta']
[3.439s] Level 1:colcon.colcon_core.package_identification:_identify(src) by extension 'colcon_meta'
[3.439s] Level 1:colcon.colcon_core.package_identification:_identify(src) by extensions ['ros']
[3.440s] Level 1:colcon.colcon_core.package_identification:_identify(src) by extension 'ros'
[3.441s] Level 1:colcon.colcon_core.package_identification:_identify(src) by extensions ['cmake', 'python']
[3.441s] Level 1:colcon.colcon_core.package_identification:_identify(src) by extension 'cmake'
[3.442s] Level 1:colcon.colcon_core.package_identification:_identify(src) by extension 'python'
[3.442s] Level 1:colcon.colcon_core.package_identification:_identify(src) by extensions ['python_setup_py']
[3.443s] Level 1:colcon.colcon_core.package_identification:_identify(src) by extension 'python_setup_py'
[3.444s] Level 1:colcon.colcon_core.package_identification:_identify(src/test_stand) by extensions ['ignore', 'ignore_ament_install']
[3.445s] Level 1:colcon.colcon_core.package_identification:_identify(src/test_stand) by extension 'ignore'
[3.445s] Level 1:colcon.colcon_core.package_identification:_identify(src/test_stand) by extension 'ignore_ament_install'
[3.446s] Level 1:colcon.colcon_core.package_identification:_identify(src/test_stand) by extensions ['colcon_pkg']
[3.446s] Level 1:colcon.colcon_core.package_identification:_identify(src/test_stand) by extension 'colcon_pkg'
[3.447s] Level 1:colcon.colcon_core.package_identification:_identify(src/test_stand) by extensions ['colcon_meta']
[3.447s] Level 1:colcon.colcon_core.package_identification:_identify(src/test_stand) by extension 'colcon_meta'
[3.448s] Level 1:colcon.colcon_core.package_identification:_identify(src/test_stand) by extensions ['ros']
[3.448s] Level 1:colcon.colcon_core.package_identification:_identify(src/test_stand) by extension 'ros'
[3.471s] DEBUG:colcon.colcon_core.package_identification:Package 'src/test_stand' with type 'ros.ament_python' and name 'test_stand'
[3.473s] Level 1:colcon.colcon_core.package_identification:_identify(src/thorn_controllers) by extensions ['ignore', 'ignore_ament_install']
[3.474s] Level 1:colcon.colcon_core.package_identification:_identify(src/thorn_controllers) by extension 'ignore'
[3.474s] Level 1:colcon.colcon_core.package_identification:_identify(src/thorn_controllers) by extension 'ignore_ament_install'
[3.475s] Level 1:colcon.colcon_core.package_identification:_identify(src/thorn_controllers) by extensions ['colcon_pkg']
[3.475s] Level 1:colcon.colcon_core.package_identification:_identify(src/thorn_controllers) by extension 'colcon_pkg'
[3.476s] Level 1:colcon.colcon_core.package_identification:_identify(src/thorn_controllers) by extensions ['colcon_meta']
[3.476s] Level 1:colcon.colcon_core.package_identification:_identify(src/thorn_controllers) by extension 'colcon_meta'
[3.477s] Level 1:colcon.colcon_core.package_identification:_identify(src/thorn_controllers) by extensions ['ros']
[3.477s] Level 1:colcon.colcon_core.package_identification:_identify(src/thorn_controllers) by extension 'ros'
[3.482s] DEBUG:colcon.colcon_core.package_identification:Package 'src/thorn_controllers' with type 'ros.ament_cmake' and name 'thorn_controllers'
[3.483s] Level 1:colcon.colcon_core.package_identification:_identify(src/thorn_drivers) by extensions ['ignore', 'ignore_ament_install']
[3.484s] Level 1:colcon.colcon_core.package_identification:_identify(src/thorn_drivers) by extension 'ignore'
[3.485s] Level 1:colcon.colcon_core.package_identification:_identify(src/thorn_drivers) by extension 'ignore_ament_install'
[3.486s] Level 1:colcon.colcon_core.package_identification:_identify(src/thorn_drivers) by extensions ['colcon_pkg']
[3.486s] Level 1:colcon.colcon_core.package_identification:_identify(src/thorn_drivers) by extension 'colcon_pkg'
[3.487s] Level 1:colcon.colcon_core.package_identification:_identify(src/thorn_drivers) by extensions ['colcon_meta']
[3.487s] Level 1:colcon.colcon_core.package_identification:_identify(src/thorn_drivers) by extension 'colcon_meta'
[3.487s] Level 1:colcon.colcon_core.package_identification:_identify(src/thorn_drivers) by extensions ['ros']
[3.488s] Level 1:colcon.colcon_core.package_identification:_identify(src/thorn_drivers) by extension 'ros'
[3.494s] DEBUG:colcon.colcon_core.package_identification:Package 'src/thorn_drivers' with type 'ros.ament_cmake' and name 'thorn_drivers'
[3.496s] Level 1:colcon.colcon_core.package_identification:_identify(src/thorn_launchers) by extensions ['ignore', 'ignore_ament_install']
[3.497s] Level 1:colcon.colcon_core.package_identification:_identify(src/thorn_launchers) by extension 'ignore'
[3.497s] Level 1:colcon.colcon_core.package_identification:_identify(src/thorn_launchers) by extension 'ignore_ament_install'
[3.498s] Level 1:colcon.colcon_core.package_identification:_identify(src/thorn_launchers) by extensions ['colcon_pkg']
[3.498s] Level 1:colcon.colcon_core.package_identification:_identify(src/thorn_launchers) by extension 'colcon_pkg'
[3.499s] Level 1:colcon.colcon_core.package_identification:_identify(src/thorn_launchers) by extensions ['colcon_meta']
[3.499s] Level 1:colcon.colcon_core.package_identification:_identify(src/thorn_launchers) by extension 'colcon_meta'
[3.500s] Level 1:colcon.colcon_core.package_identification:_identify(src/thorn_launchers) by extensions ['ros']
[3.500s] Level 1:colcon.colcon_core.package_identification:_identify(src/thorn_launchers) by extension 'ros'
[3.506s] DEBUG:colcon.colcon_core.package_identification:Package 'src/thorn_launchers' with type 'ros.ament_python' and name 'thorn_launchers'
[3.508s] Level 1:colcon.colcon_core.package_identification:_identify(src/thorn_planners) by extensions ['ignore', 'ignore_ament_install']
[3.509s] Level 1:colcon.colcon_core.package_identification:_identify(src/thorn_planners) by extension 'ignore'
[3.509s] Level 1:colcon.colcon_core.package_identification:_identify(src/thorn_planners) by extension 'ignore_ament_install'
[3.510s] Level 1:colcon.colcon_core.package_identification:_identify(src/thorn_planners) by extensions ['colcon_pkg']
[3.510s] Level 1:colcon.colcon_core.package_identification:_identify(src/thorn_planners) by extension 'colcon_pkg'
[3.511s] Level 1:colcon.colcon_core.package_identification:_identify(src/thorn_planners) by extensions ['colcon_meta']
[3.511s] Level 1:colcon.colcon_core.package_identification:_identify(src/thorn_planners) by extension 'colcon_meta'
[3.512s] Level 1:colcon.colcon_core.package_identification:_identify(src/thorn_planners) by extensions ['ros']
[3.512s] Level 1:colcon.colcon_core.package_identification:_identify(src/thorn_planners) by extension 'ros'
[3.521s] DEBUG:colcon.colcon_core.package_identification:Package 'src/thorn_planners' with type 'ros.ament_python' and name 'thorn_planners'
[3.521s] Level 1:colcon.colcon_core.package_discovery:discover_packages(recursive) using defaults
[3.522s] Level 1:colcon.colcon_core.package_discovery:discover_packages(ignore) discover
[3.522s] Level 1:colcon.colcon_core.package_discovery:discover_packages(ignore) using defaults
[3.522s] Level 1:colcon.colcon_core.package_discovery:discover_packages(path) discover
[3.523s] Level 1:colcon.colcon_core.package_discovery:discover_packages(path) using defaults
[3.741s] Level 1:colcon.colcon_core.package_discovery:discover_packages(prefix_path) check parameters
[3.742s] Level 1:colcon.colcon_core.package_discovery:discover_packages(prefix_path) discover
[3.765s] DEBUG:colcon.colcon_installed_package_information.package_discovery:Found 5 installed packages in /home/marc/ros2_ws/install
[3.783s] DEBUG:colcon.colcon_installed_package_information.package_discovery:Found 194 installed packages in /opt/ros/iron
[3.797s] Level 1:colcon.colcon_core.package_discovery:discover_packages(prefix_path) using defaults
[4.297s] Level 5:colcon.colcon_core.verb:set package 'test_stand' build argument 'cmake_args' from command line to 'None'
[4.298s] Level 5:colcon.colcon_core.verb:set package 'test_stand' build argument 'cmake_target' from command line to 'None'
[4.298s] Level 5:colcon.colcon_core.verb:set package 'test_stand' build argument 'cmake_target_skip_unavailable' from command line to 'False'
[4.298s] Level 5:colcon.colcon_core.verb:set package 'test_stand' build argument 'cmake_clean_cache' from command line to 'False'
[4.299s] Level 5:colcon.colcon_core.verb:set package 'test_stand' build argument 'cmake_clean_first' from command line to 'False'
[4.299s] Level 5:colcon.colcon_core.verb:set package 'test_stand' build argument 'cmake_force_configure' from command line to 'False'
[4.299s] Level 5:colcon.colcon_core.verb:set package 'test_stand' build argument 'ament_cmake_args' from command line to 'None'
[4.299s] Level 5:colcon.colcon_core.verb:set package 'test_stand' build argument 'catkin_cmake_args' from command line to 'None'
[4.300s] Level 5:colcon.colcon_core.verb:set package 'test_stand' build argument 'catkin_skip_building_tests' from command line to 'False'
[4.300s] DEBUG:colcon.colcon_core.verb:Building package 'test_stand' with the following arguments: {'ament_cmake_args': None, 'build_base': '/home/marc/ros2_ws/build/test_stand', 'catkin_cmake_args': None, 'catkin_skip_building_tests': False, 'cmake_args': None, 'cmake_clean_cache': False, 'cmake_clean_first': False, 'cmake_force_configure': False, 'cmake_target': None, 'cmake_target_skip_unavailable': False, 'install_base': '/home/marc/ros2_ws/install/test_stand', 'merge_install': False, 'path': '/home/marc/ros2_ws/src/test_stand', 'symlink_install': False, 'test_result_base': None}
[4.304s] Level 5:colcon.colcon_core.verb:set package 'thorn_controllers' build argument 'cmake_args' from command line to 'None'
[4.305s] Level 5:colcon.colcon_core.verb:set package 'thorn_controllers' build argument 'cmake_target' from command line to 'None'
[4.305s] Level 5:colcon.colcon_core.verb:set package 'thorn_controllers' build argument 'cmake_target_skip_unavailable' from command line to 'False'
[4.305s] Level 5:colcon.colcon_core.verb:set package 'thorn_controllers' build argument 'cmake_clean_cache' from command line to 'False'
[4.306s] Level 5:colcon.colcon_core.verb:set package 'thorn_controllers' build argument 'cmake_clean_first' from command line to 'False'
[4.306s] Level 5:colcon.colcon_core.verb:set package 'thorn_controllers' build argument 'cmake_force_configure' from command line to 'False'
[4.306s] Level 5:colcon.colcon_core.verb:set package 'thorn_controllers' build argument 'ament_cmake_args' from command line to 'None'
[4.306s] Level 5:colcon.colcon_core.verb:set package 'thorn_controllers' build argument 'catkin_cmake_args' from command line to 'None'
[4.307s] Level 5:colcon.colcon_core.verb:set package 'thorn_controllers' build argument 'catkin_skip_building_tests' from command line to 'False'
[4.307s] DEBUG:colcon.colcon_core.verb:Building package 'thorn_controllers' with the following arguments: {'ament_cmake_args': None, 'build_base': '/home/marc/ros2_ws/build/thorn_controllers', 'catkin_cmake_args': None, 'catkin_skip_building_tests': False, 'cmake_args': None, 'cmake_clean_cache': False, 'cmake_clean_first': False, 'cmake_force_configure': False, 'cmake_target': None, 'cmake_target_skip_unavailable': False, 'install_base': '/home/marc/ros2_ws/install/thorn_controllers', 'merge_install': False, 'path': '/home/marc/ros2_ws/src/thorn_controllers', 'symlink_install': False, 'test_result_base': None}
[4.311s] Level 5:colcon.colcon_core.verb:set package 'thorn_drivers' build argument 'cmake_args' from command line to 'None'
[4.312s] Level 5:colcon.colcon_core.verb:set package 'thorn_drivers' build argument 'cmake_target' from command line to 'None'
[4.312s] Level 5:colcon.colcon_core.verb:set package 'thorn_drivers' build argument 'cmake_target_skip_unavailable' from command line to 'False'
[4.312s] Level 5:colcon.colcon_core.verb:set package 'thorn_drivers' build argument 'cmake_clean_cache' from command line to 'False'
[4.313s] Level 5:colcon.colcon_core.verb:set package 'thorn_drivers' build argument 'cmake_clean_first' from command line to 'False'
[4.313s] Level 5:colcon.colcon_core.verb:set package 'thorn_drivers' build argument 'cmake_force_configure' from command line to 'False'
[4.313s] Level 5:colcon.colcon_core.verb:set package 'thorn_drivers' build argument 'ament_cmake_args' from command line to 'None'
[4.313s] Level 5:colcon.colcon_core.verb:set package 'thorn_drivers' build argument 'catkin_cmake_args' from command line to 'None'
[4.314s] Level 5:colcon.colcon_core.verb:set package 'thorn_drivers' build argument 'catkin_skip_building_tests' from command line to 'False'
[4.314s] DEBUG:colcon.colcon_core.verb:Building package 'thorn_drivers' with the following arguments: {'ament_cmake_args': None, 'build_base': '/home/marc/ros2_ws/build/thorn_drivers', 'catkin_cmake_args': None, 'catkin_skip_building_tests': False, 'cmake_args': None, 'cmake_clean_cache': False, 'cmake_clean_first': False, 'cmake_force_configure': False, 'cmake_target': None, 'cmake_target_skip_unavailable': False, 'install_base': '/home/marc/ros2_ws/install/thorn_drivers', 'merge_install': False, 'path': '/home/marc/ros2_ws/src/thorn_drivers', 'symlink_install': False, 'test_result_base': None}
[4.318s] Level 5:colcon.colcon_core.verb:set package 'thorn_launchers' build argument 'cmake_args' from command line to 'None'
[4.319s] Level 5:colcon.colcon_core.verb:set package 'thorn_launchers' build argument 'cmake_target' from command line to 'None'
[4.319s] Level 5:colcon.colcon_core.verb:set package 'thorn_launchers' build argument 'cmake_target_skip_unavailable' from command line to 'False'
[4.319s] Level 5:colcon.colcon_core.verb:set package 'thorn_launchers' build argument 'cmake_clean_cache' from command line to 'False'
[4.319s] Level 5:colcon.colcon_core.verb:set package 'thorn_launchers' build argument 'cmake_clean_first' from command line to 'False'
[4.320s] Level 5:colcon.colcon_core.verb:set package 'thorn_launchers' build argument 'cmake_force_configure' from command line to 'False'
[4.320s] Level 5:colcon.colcon_core.verb:set package 'thorn_launchers' build argument 'ament_cmake_args' from command line to 'None'
[4.320s] Level 5:colcon.colcon_core.verb:set package 'thorn_launchers' build argument 'catkin_cmake_args' from command line to 'None'
[4.321s] Level 5:colcon.colcon_core.verb:set package 'thorn_launchers' build argument 'catkin_skip_building_tests' from command line to 'False'
[4.321s] DEBUG:colcon.colcon_core.verb:Building package 'thorn_launchers' with the following arguments: {'ament_cmake_args': None, 'build_base': '/home/marc/ros2_ws/build/thorn_launchers', 'catkin_cmake_args': None, 'catkin_skip_building_tests': False, 'cmake_args': None, 'cmake_clean_cache': False, 'cmake_clean_first': False, 'cmake_force_configure': False, 'cmake_target': None, 'cmake_target_skip_unavailable': False, 'install_base': '/home/marc/ros2_ws/install/thorn_launchers', 'merge_install': False, 'path': '/home/marc/ros2_ws/src/thorn_launchers', 'symlink_install': False, 'test_result_base': None}
[4.325s] Level 5:colcon.colcon_core.verb:set package 'thorn_planners' build argument 'cmake_args' from command line to 'None'
[4.326s] Level 5:colcon.colcon_core.verb:set package 'thorn_planners' build argument 'cmake_target' from command line to 'None'
[4.326s] Level 5:colcon.colcon_core.verb:set package 'thorn_planners' build argument 'cmake_target_skip_unavailable' from command line to 'False'
[4.326s] Level 5:colcon.colcon_core.verb:set package 'thorn_planners' build argument 'cmake_clean_cache' from command line to 'False'
[4.326s] Level 5:colcon.colcon_core.verb:set package 'thorn_planners' build argument 'cmake_clean_first' from command line to 'False'
[4.327s] Level 5:colcon.colcon_core.verb:set package 'thorn_planners' build argument 'cmake_force_configure' from command line to 'False'
[4.327s] Level 5:colcon.colcon_core.verb:set package 'thorn_planners' build argument 'ament_cmake_args' from command line to 'None'
[4.327s] Level 5:colcon.colcon_core.verb:set package 'thorn_planners' build argument 'catkin_cmake_args' from command line to 'None'
[4.328s] Level 5:colcon.colcon_core.verb:set package 'thorn_planners' build argument 'catkin_skip_building_tests' from command line to 'False'
[4.328s] DEBUG:colcon.colcon_core.verb:Building package 'thorn_planners' with the following arguments: {'ament_cmake_args': None, 'build_base': '/home/marc/ros2_ws/build/thorn_planners', 'catkin_cmake_args': None, 'catkin_skip_building_tests': False, 'cmake_args': None, 'cmake_clean_cache': False, 'cmake_clean_first': False, 'cmake_force_configure': False, 'cmake_target': None, 'cmake_target_skip_unavailable': False, 'install_base': '/home/marc/ros2_ws/install/thorn_planners', 'merge_install': False, 'path': '/home/marc/ros2_ws/src/thorn_planners', 'symlink_install': False, 'test_result_base': None}
[4.329s] INFO:colcon.colcon_core.executor:Executing jobs using 'parallel' executor
[4.337s] DEBUG:colcon.colcon_parallel_executor.executor.parallel:run_until_complete
[4.339s] INFO:colcon.colcon_ros.task.ament_python.build:Building ROS package in '/home/marc/ros2_ws/src/test_stand' with build type 'ament_python'
[4.341s] Level 1:colcon.colcon_core.shell:create_environment_hook('test_stand', 'ament_prefix_path')
[4.366s] INFO:colcon.colcon_core.plugin_system:Skipping extension 'colcon_core.shell.bat': Not used on non-Windows systems
[4.370s] INFO:colcon.colcon_core.shell:Creating environment hook '/home/marc/ros2_ws/install/test_stand/share/test_stand/hook/ament_prefix_path.ps1'
[4.376s] INFO:colcon.colcon_core.shell:Creating environment descriptor '/home/marc/ros2_ws/install/test_stand/share/test_stand/hook/ament_prefix_path.dsv'
[4.381s] INFO:colcon.colcon_core.shell:Creating environment hook '/home/marc/ros2_ws/install/test_stand/share/test_stand/hook/ament_prefix_path.sh'
[4.390s] INFO:colcon.colcon_core.shell:Skip shell extension 'powershell' for command environment: Not usable outside of PowerShell
[4.391s] DEBUG:colcon.colcon_core.shell:Skip shell extension 'dsv' for command environment
[4.432s] INFO:colcon.colcon_ros.task.ament_cmake.build:Building ROS package in '/home/marc/ros2_ws/src/thorn_controllers' with build type 'ament_cmake'
[4.434s] INFO:colcon.colcon_cmake.task.cmake.build:Building CMake package in '/home/marc/ros2_ws/src/thorn_controllers'
[4.437s] INFO:colcon.colcon_core.shell:Skip shell extension 'powershell' for command environment: Not usable outside of PowerShell
[4.438s] DEBUG:colcon.colcon_core.shell:Skip shell extension 'dsv' for command environment
[4.480s] INFO:colcon.colcon_ros.task.ament_cmake.build:Building ROS package in '/home/marc/ros2_ws/src/thorn_drivers' with build type 'ament_cmake'
[4.481s] INFO:colcon.colcon_cmake.task.cmake.build:Building CMake package in '/home/marc/ros2_ws/src/thorn_drivers'
[4.484s] INFO:colcon.colcon_core.shell:Skip shell extension 'powershell' for command environment: Not usable outside of PowerShell
[4.485s] DEBUG:colcon.colcon_core.shell:Skip shell extension 'dsv' for command environment
[4.527s] INFO:colcon.colcon_ros.task.ament_python.build:Building ROS package in '/home/marc/ros2_ws/src/thorn_launchers' with build type 'ament_python'
[4.529s] Level 1:colcon.colcon_core.shell:create_environment_hook('thorn_launchers', 'ament_prefix_path')
[4.532s] INFO:colcon.colcon_core.shell:Creating environment hook '/home/marc/ros2_ws/install/thorn_launchers/share/thorn_launchers/hook/ament_prefix_path.ps1'
[4.538s] INFO:colcon.colcon_core.shell:Creating environment descriptor '/home/marc/ros2_ws/install/thorn_launchers/share/thorn_launchers/hook/ament_prefix_path.dsv'
[4.544s] INFO:colcon.colcon_core.shell:Creating environment hook '/home/marc/ros2_ws/install/thorn_launchers/share/thorn_launchers/hook/ament_prefix_path.sh'
[4.551s] INFO:colcon.colcon_core.shell:Skip shell extension 'powershell' for command environment: Not usable outside of PowerShell
[4.551s] DEBUG:colcon.colcon_core.shell:Skip shell extension 'dsv' for command environment
[7.460s] INFO:colcon.colcon_core.task.python.build:Building Python package in '/home/marc/ros2_ws/src/test_stand'
[7.462s] INFO:colcon.colcon_core.shell:Skip shell extension 'powershell' for command environment: Not usable outside of PowerShell
[7.463s] DEBUG:colcon.colcon_core.shell:Skip shell extension 'dsv' for command environment
[7.542s] DEBUG:colcon.colcon_core.event_handler.log_command:Invoking command in '/home/marc/ros2_ws/build/thorn_controllers': CMAKE_PREFIX_PATH=${CMAKE_PREFIX_PATH}:/home/marc/ros2_ws/install/test_stand:/home/marc/ros2_ws/install/thorn_planners:/home/marc/ros2_ws/install/thorn_launchers:/opt/ros/iron /usr/bin/cmake --build /home/marc/ros2_ws/build/thorn_controllers -- -j4 -l4
[7.596s] DEBUG:colcon.colcon_core.event_handler.log_command:Invoking command in '/home/marc/ros2_ws/build/thorn_drivers': CMAKE_PREFIX_PATH=${CMAKE_PREFIX_PATH}:/home/marc/ros2_ws/install/test_stand:/home/marc/ros2_ws/install/thorn_planners:/home/marc/ros2_ws/install/thorn_launchers:/opt/ros/iron /usr/bin/cmake --build /home/marc/ros2_ws/build/thorn_drivers -- -j4 -l4
[10.576s] INFO:colcon.colcon_core.task.python.build:Building Python package in '/home/marc/ros2_ws/src/thorn_launchers'
[10.578s] INFO:colcon.colcon_core.shell:Skip shell extension 'powershell' for command environment: Not usable outside of PowerShell
[10.579s] DEBUG:colcon.colcon_core.shell:Skip shell extension 'dsv' for command environment
[10.653s] DEBUG:colcon.colcon_core.event_handler.log_command:Invoked command in '/home/marc/ros2_ws/build/thorn_drivers' returned '0': CMAKE_PREFIX_PATH=${CMAKE_PREFIX_PATH}:/home/marc/ros2_ws/install/test_stand:/home/marc/ros2_ws/install/thorn_planners:/home/marc/ros2_ws/install/thorn_launchers:/opt/ros/iron /usr/bin/cmake --build /home/marc/ros2_ws/build/thorn_drivers -- -j4 -l4
[10.666s] DEBUG:colcon.colcon_core.event_handler.log_command:Invoked command in '/home/marc/ros2_ws/build/thorn_controllers' returned '0': CMAKE_PREFIX_PATH=${CMAKE_PREFIX_PATH}:/home/marc/ros2_ws/install/test_stand:/home/marc/ros2_ws/install/thorn_planners:/home/marc/ros2_ws/install/thorn_launchers:/opt/ros/iron /usr/bin/cmake --build /home/marc/ros2_ws/build/thorn_controllers -- -j4 -l4
[11.063s] DEBUG:colcon.colcon_core.event_handler.log_command:Invoking command in '/home/marc/ros2_ws/build/thorn_controllers': CMAKE_PREFIX_PATH=${CMAKE_PREFIX_PATH}:/home/marc/ros2_ws/install/test_stand:/home/marc/ros2_ws/install/thorn_planners:/home/marc/ros2_ws/install/thorn_launchers:/opt/ros/iron /usr/bin/cmake --install /home/marc/ros2_ws/build/thorn_controllers
[11.094s] DEBUG:colcon.colcon_core.event_handler.log_command:Invoking command in '/home/marc/ros2_ws/build/thorn_drivers': CMAKE_PREFIX_PATH=${CMAKE_PREFIX_PATH}:/home/marc/ros2_ws/install/test_stand:/home/marc/ros2_ws/install/thorn_planners:/home/marc/ros2_ws/install/thorn_launchers:/opt/ros/iron /usr/bin/cmake --install /home/marc/ros2_ws/build/thorn_drivers
[11.220s] Level 1:colcon.colcon_core.environment:create_environment_scripts_only(thorn_controllers)
[11.227s] DEBUG:colcon.colcon_core.event_handler.log_command:Invoked command in '/home/marc/ros2_ws/build/thorn_controllers' returned '0': CMAKE_PREFIX_PATH=${CMAKE_PREFIX_PATH}:/home/marc/ros2_ws/install/test_stand:/home/marc/ros2_ws/install/thorn_planners:/home/marc/ros2_ws/install/thorn_launchers:/opt/ros/iron /usr/bin/cmake --install /home/marc/ros2_ws/build/thorn_controllers
[11.301s] Level 1:colcon.colcon_core.environment:checking '/home/marc/ros2_ws/install/thorn_controllers' for CMake module files
[11.311s] Level 1:colcon.colcon_core.environment:checking '/home/marc/ros2_ws/install/thorn_controllers' for CMake config files
[11.315s] Level 1:colcon.colcon_core.shell:create_environment_hook('thorn_controllers', 'cmake_prefix_path')
[11.318s] INFO:colcon.colcon_core.shell:Creating environment hook '/home/marc/ros2_ws/install/thorn_controllers/share/thorn_controllers/hook/cmake_prefix_path.ps1'
[11.323s] INFO:colcon.colcon_core.shell:Creating environment descriptor '/home/marc/ros2_ws/install/thorn_controllers/share/thorn_controllers/hook/cmake_prefix_path.dsv'
[11.328s] INFO:colcon.colcon_core.shell:Creating environment hook '/home/marc/ros2_ws/install/thorn_controllers/share/thorn_controllers/hook/cmake_prefix_path.sh'
[11.335s] Level 1:colcon.colcon_core.environment:checking '/home/marc/ros2_ws/install/thorn_controllers/bin'
[11.337s] Level 1:colcon.colcon_core.environment:checking '/home/marc/ros2_ws/install/thorn_controllers/lib/pkgconfig/thorn_controllers.pc'
[11.339s] Level 1:colcon.colcon_core.environment:checking '/home/marc/ros2_ws/install/thorn_controllers/lib/python3.10/site-packages'
[11.343s] Level 1:colcon.colcon_core.environment:checking '/home/marc/ros2_ws/install/thorn_controllers/bin'
[11.346s] INFO:colcon.colcon_core.shell:Creating package script '/home/marc/ros2_ws/install/thorn_controllers/share/thorn_controllers/package.ps1'
[11.357s] INFO:colcon.colcon_core.shell:Creating package descriptor '/home/marc/ros2_ws/install/thorn_controllers/share/thorn_controllers/package.dsv'
[11.366s] INFO:colcon.colcon_core.shell:Creating package script '/home/marc/ros2_ws/install/thorn_controllers/share/thorn_controllers/package.sh'
[11.378s] INFO:colcon.colcon_core.shell:Creating package script '/home/marc/ros2_ws/install/thorn_controllers/share/thorn_controllers/package.bash'
[11.388s] INFO:colcon.colcon_core.shell:Creating package script '/home/marc/ros2_ws/install/thorn_controllers/share/thorn_controllers/package.zsh'
[11.397s] Level 1:colcon.colcon_core.environment:create_file_with_runtime_dependencies(/home/marc/ros2_ws/install/thorn_controllers/share/colcon-core/packages/thorn_controllers)
[11.418s] Level 1:colcon.colcon_core.environment:create_environment_scripts_only(thorn_drivers)
[11.422s] Level 1:colcon.colcon_core.environment:checking '/home/marc/ros2_ws/install/thorn_drivers' for CMake module files
[11.427s] DEBUG:colcon.colcon_core.event_handler.log_command:Invoked command in '/home/marc/ros2_ws/build/thorn_drivers' returned '0': CMAKE_PREFIX_PATH=${CMAKE_PREFIX_PATH}:/home/marc/ros2_ws/install/test_stand:/home/marc/ros2_ws/install/thorn_planners:/home/marc/ros2_ws/install/thorn_launchers:/opt/ros/iron /usr/bin/cmake --install /home/marc/ros2_ws/build/thorn_drivers
[11.434s] Level 1:colcon.colcon_core.environment:checking '/home/marc/ros2_ws/install/thorn_drivers' for CMake config files
[11.438s] Level 1:colcon.colcon_core.shell:create_environment_hook('thorn_drivers', 'cmake_prefix_path')
[11.441s] INFO:colcon.colcon_core.shell:Creating environment hook '/home/marc/ros2_ws/install/thorn_drivers/share/thorn_drivers/hook/cmake_prefix_path.ps1'
[11.448s] INFO:colcon.colcon_core.shell:Creating environment descriptor '/home/marc/ros2_ws/install/thorn_drivers/share/thorn_drivers/hook/cmake_prefix_path.dsv'
[11.454s] INFO:colcon.colcon_core.shell:Creating environment hook '/home/marc/ros2_ws/install/thorn_drivers/share/thorn_drivers/hook/cmake_prefix_path.sh'
[11.467s] Level 1:colcon.colcon_core.environment:checking '/home/marc/ros2_ws/install/thorn_drivers/lib'
[11.471s] Level 1:colcon.colcon_core.environment:checking '/home/marc/ros2_ws/install/thorn_drivers/bin'
[11.473s] Level 1:colcon.colcon_core.environment:checking '/home/marc/ros2_ws/install/thorn_drivers/lib/pkgconfig/thorn_drivers.pc'
[11.478s] Level 1:colcon.colcon_core.environment:checking '/home/marc/ros2_ws/install/thorn_drivers/lib/python3.10/site-packages'
[11.483s] Level 1:colcon.colcon_core.environment:checking '/home/marc/ros2_ws/install/thorn_drivers/bin'
[11.489s] INFO:colcon.colcon_core.shell:Creating package script '/home/marc/ros2_ws/install/thorn_drivers/share/thorn_drivers/package.ps1'
[11.498s] INFO:colcon.colcon_core.shell:Creating package descriptor '/home/marc/ros2_ws/install/thorn_drivers/share/thorn_drivers/package.dsv'
[11.507s] INFO:colcon.colcon_core.shell:Creating package script '/home/marc/ros2_ws/install/thorn_drivers/share/thorn_drivers/package.sh'
[11.516s] INFO:colcon.colcon_core.shell:Creating package script '/home/marc/ros2_ws/install/thorn_drivers/share/thorn_drivers/package.bash'
[11.524s] INFO:colcon.colcon_core.shell:Creating package script '/home/marc/ros2_ws/install/thorn_drivers/share/thorn_drivers/package.zsh'
[11.532s] Level 1:colcon.colcon_core.environment:create_file_with_runtime_dependencies(/home/marc/ros2_ws/install/thorn_drivers/share/colcon-core/packages/thorn_drivers)
[11.715s] Level 1:colcon.colcon_core.environment:create_environment_scripts_only(thorn_controllers)
[11.718s] Level 1:colcon.colcon_core.environment:checking '/home/marc/ros2_ws/install/thorn_controllers' for CMake module files
[11.730s] Level 1:colcon.colcon_core.environment:checking '/home/marc/ros2_ws/install/thorn_controllers' for CMake config files
[11.734s] Level 1:colcon.colcon_core.shell:create_environment_hook('thorn_controllers', 'cmake_prefix_path')
[11.737s] INFO:colcon.colcon_core.shell:Creating environment hook '/home/marc/ros2_ws/install/thorn_controllers/share/thorn_controllers/hook/cmake_prefix_path.ps1'
[11.743s] INFO:colcon.colcon_core.shell:Creating environment descriptor '/home/marc/ros2_ws/install/thorn_controllers/share/thorn_controllers/hook/cmake_prefix_path.dsv'
[11.749s] INFO:colcon.colcon_core.shell:Creating environment hook '/home/marc/ros2_ws/install/thorn_controllers/share/thorn_controllers/hook/cmake_prefix_path.sh'
[11.757s] Level 1:colcon.colcon_core.environment:checking '/home/marc/ros2_ws/install/thorn_controllers/bin'
[11.758s] Level 1:colcon.colcon_core.environment:checking '/home/marc/ros2_ws/install/thorn_controllers/lib/pkgconfig/thorn_controllers.pc'
[11.761s] Level 1:colcon.colcon_core.environment:checking '/home/marc/ros2_ws/install/thorn_controllers/lib/python3.10/site-packages'
[11.764s] Level 1:colcon.colcon_core.environment:checking '/home/marc/ros2_ws/install/thorn_controllers/bin'
[11.768s] INFO:colcon.colcon_core.shell:Creating package script '/home/marc/ros2_ws/install/thorn_controllers/share/thorn_controllers/package.ps1'
[11.777s] INFO:colcon.colcon_core.shell:Creating package descriptor '/home/marc/ros2_ws/install/thorn_controllers/share/thorn_controllers/package.dsv'
[11.785s] INFO:colcon.colcon_core.shell:Creating package script '/home/marc/ros2_ws/install/thorn_controllers/share/thorn_controllers/package.sh'
[11.791s] INFO:colcon.colcon_core.shell:Creating package script '/home/marc/ros2_ws/install/thorn_controllers/share/thorn_controllers/package.bash'
[11.798s] INFO:colcon.colcon_core.shell:Creating package script '/home/marc/ros2_ws/install/thorn_controllers/share/thorn_controllers/package.zsh'
[11.805s] Level 1:colcon.colcon_core.environment:create_file_with_runtime_dependencies(/home/marc/ros2_ws/install/thorn_controllers/share/colcon-core/packages/thorn_controllers)
[11.814s] INFO:colcon.colcon_ros.task.ament_python.build:Building ROS package in '/home/marc/ros2_ws/src/thorn_planners' with build type 'ament_python'
[11.817s] Level 1:colcon.colcon_core.shell:create_environment_hook('thorn_planners', 'ament_prefix_path')
[11.820s] INFO:colcon.colcon_core.shell:Creating environment hook '/home/marc/ros2_ws/install/thorn_planners/share/thorn_planners/hook/ament_prefix_path.ps1'
[11.826s] INFO:colcon.colcon_core.shell:Creating environment descriptor '/home/marc/ros2_ws/install/thorn_planners/share/thorn_planners/hook/ament_prefix_path.dsv'
[11.831s] INFO:colcon.colcon_core.shell:Creating environment hook '/home/marc/ros2_ws/install/thorn_planners/share/thorn_planners/hook/ament_prefix_path.sh'
[11.840s] INFO:colcon.colcon_core.shell:Skip shell extension 'powershell' for command environment: Not usable outside of PowerShell
[11.841s] DEBUG:colcon.colcon_core.shell:Skip shell extension 'dsv' for command environment
[11.919s] Level 1:colcon.colcon_core.environment:create_environment_scripts_only(thorn_drivers)
[11.926s] Level 1:colcon.colcon_core.environment:checking '/home/marc/ros2_ws/install/thorn_drivers' for CMake module files
[11.937s] Level 1:colcon.colcon_core.environment:checking '/home/marc/ros2_ws/install/thorn_drivers' for CMake config files
[11.943s] Level 1:colcon.colcon_core.shell:create_environment_hook('thorn_drivers', 'cmake_prefix_path')
[11.947s] INFO:colcon.colcon_core.shell:Creating environment hook '/home/marc/ros2_ws/install/thorn_drivers/share/thorn_drivers/hook/cmake_prefix_path.ps1'
[11.954s] INFO:colcon.colcon_core.shell:Creating environment descriptor '/home/marc/ros2_ws/install/thorn_drivers/share/thorn_drivers/hook/cmake_prefix_path.dsv'
[11.961s] INFO:colcon.colcon_core.shell:Creating environment hook '/home/marc/ros2_ws/install/thorn_drivers/share/thorn_drivers/hook/cmake_prefix_path.sh'
[11.969s] Level 1:colcon.colcon_core.environment:checking '/home/marc/ros2_ws/install/thorn_drivers/lib'
[11.972s] Level 1:colcon.colcon_core.environment:checking '/home/marc/ros2_ws/install/thorn_drivers/bin'
[11.974s] Level 1:colcon.colcon_core.environment:checking '/home/marc/ros2_ws/install/thorn_drivers/lib/pkgconfig/thorn_drivers.pc'
[11.977s] Level 1:colcon.colcon_core.environment:checking '/home/marc/ros2_ws/install/thorn_drivers/lib/python3.10/site-packages'
[11.981s] Level 1:colcon.colcon_core.environment:checking '/home/marc/ros2_ws/install/thorn_drivers/bin'
[11.985s] INFO:colcon.colcon_core.shell:Creating package script '/home/marc/ros2_ws/install/thorn_drivers/share/thorn_drivers/package.ps1'
[11.992s] INFO:colcon.colcon_core.shell:Creating package descriptor '/home/marc/ros2_ws/install/thorn_drivers/share/thorn_drivers/package.dsv'
[11.999s] INFO:colcon.colcon_core.shell:Creating package script '/home/marc/ros2_ws/install/thorn_drivers/share/thorn_drivers/package.sh'
[12.005s] INFO:colcon.colcon_core.shell:Creating package script '/home/marc/ros2_ws/install/thorn_drivers/share/thorn_drivers/package.bash'
[12.011s] INFO:colcon.colcon_core.shell:Creating package script '/home/marc/ros2_ws/install/thorn_drivers/share/thorn_drivers/package.zsh'
[12.016s] Level 1:colcon.colcon_core.environment:create_file_with_runtime_dependencies(/home/marc/ros2_ws/install/thorn_drivers/share/colcon-core/packages/thorn_drivers)
[15.627s] INFO:colcon.colcon_core.task.python.build:Building Python package in '/home/marc/ros2_ws/src/thorn_planners'
[15.630s] INFO:colcon.colcon_core.shell:Skip shell extension 'powershell' for command environment: Not usable outside of PowerShell
[15.631s] DEBUG:colcon.colcon_core.shell:Skip shell extension 'dsv' for command environment
[15.720s] DEBUG:colcon.colcon_core.event_handler.log_command:Invoking command in '/home/marc/ros2_ws/src/test_stand': PYTHONPATH=/home/marc/ros2_ws/build/test_stand/prefix_override:/usr/lib/python3/dist-packages/colcon_core/task/python/colcon_distutils_commands:/home/marc/ros2_ws/install/test_stand/lib/python3.10/site-packages:${PYTHONPATH} /usr/bin/python3 -W ignore:setup.py install is deprecated setup.py egg_info --egg-base ../../build/test_stand build --build-base /home/marc/ros2_ws/build/test_stand/build install --record /home/marc/ros2_ws/build/test_stand/install.log --single-version-externally-managed install_data
[15.752s] DEBUG:colcon.colcon_core.event_handler.log_command:Invoking command in '/home/marc/ros2_ws/src/thorn_launchers': PYTHONPATH=/home/marc/ros2_ws/build/thorn_launchers/prefix_override:/usr/lib/python3/dist-packages/colcon_core/task/python/colcon_distutils_commands:/home/marc/ros2_ws/install/thorn_launchers/lib/python3.10/site-packages:${PYTHONPATH} /usr/bin/python3 -W ignore:setup.py install is deprecated setup.py egg_info --egg-base ../../build/thorn_launchers build --build-base /home/marc/ros2_ws/build/thorn_launchers/build install --record /home/marc/ros2_ws/build/thorn_launchers/install.log --single-version-externally-managed install_data
[19.693s] Level 1:colcon.colcon_core.environment:checking '/home/marc/ros2_ws/install/thorn_launchers' for CMake module files
[19.699s] DEBUG:colcon.colcon_core.event_handler.log_command:Invoked command in '/home/marc/ros2_ws/src/thorn_launchers' returned '0': PYTHONPATH=/home/marc/ros2_ws/build/thorn_launchers/prefix_override:/usr/lib/python3/dist-packages/colcon_core/task/python/colcon_distutils_commands:/home/marc/ros2_ws/install/thorn_launchers/lib/python3.10/site-packages:${PYTHONPATH} /usr/bin/python3 -W ignore:setup.py install is deprecated setup.py egg_info --egg-base ../../build/thorn_launchers build --build-base /home/marc/ros2_ws/build/thorn_launchers/build install --record /home/marc/ros2_ws/build/thorn_launchers/install.log --single-version-externally-managed install_data
[19.706s] Level 1:colcon.colcon_core.environment:checking '/home/marc/ros2_ws/install/thorn_launchers' for CMake config files
[19.717s] Level 1:colcon.colcon_core.environment:checking '/home/marc/ros2_ws/install/thorn_launchers/lib'
[19.718s] Level 1:colcon.colcon_core.environment:checking '/home/marc/ros2_ws/install/thorn_launchers/bin'
[19.719s] Level 1:colcon.colcon_core.environment:checking '/home/marc/ros2_ws/install/thorn_launchers/lib/pkgconfig/thorn_launchers.pc'
[19.722s] Level 1:colcon.colcon_core.environment:checking '/home/marc/ros2_ws/install/thorn_launchers/lib/python3.10/site-packages'
[19.723s] Level 1:colcon.colcon_core.shell:create_environment_hook('thorn_launchers', 'pythonpath')
[19.726s] INFO:colcon.colcon_core.shell:Creating environment hook '/home/marc/ros2_ws/install/thorn_launchers/share/thorn_launchers/hook/pythonpath.ps1'
[19.732s] INFO:colcon.colcon_core.shell:Creating environment descriptor '/home/marc/ros2_ws/install/thorn_launchers/share/thorn_launchers/hook/pythonpath.dsv'
[19.737s] INFO:colcon.colcon_core.shell:Creating environment hook '/home/marc/ros2_ws/install/thorn_launchers/share/thorn_launchers/hook/pythonpath.sh'
[19.747s] Level 1:colcon.colcon_core.environment:checking '/home/marc/ros2_ws/install/thorn_launchers/bin'
[19.748s] Level 1:colcon.colcon_core.environment:create_environment_scripts_only(thorn_launchers)
[19.752s] INFO:colcon.colcon_core.shell:Creating package script '/home/marc/ros2_ws/install/thorn_launchers/share/thorn_launchers/package.ps1'
[19.758s] INFO:colcon.colcon_core.shell:Creating package descriptor '/home/marc/ros2_ws/install/thorn_launchers/share/thorn_launchers/package.dsv'
[19.764s] INFO:colcon.colcon_core.shell:Creating package script '/home/marc/ros2_ws/install/thorn_launchers/share/thorn_launchers/package.sh'
[19.769s] INFO:colcon.colcon_core.shell:Creating package script '/home/marc/ros2_ws/install/thorn_launchers/share/thorn_launchers/package.bash'
[19.774s] INFO:colcon.colcon_core.shell:Creating package script '/home/marc/ros2_ws/install/thorn_launchers/share/thorn_launchers/package.zsh'
[19.778s] Level 1:colcon.colcon_core.environment:create_file_with_runtime_dependencies(/home/marc/ros2_ws/install/thorn_launchers/share/colcon-core/packages/thorn_launchers)
[19.790s] Level 1:colcon.colcon_core.environment:checking '/home/marc/ros2_ws/install/test_stand' for CMake module files
[19.797s] DEBUG:colcon.colcon_core.event_handler.log_command:Invoked command in '/home/marc/ros2_ws/src/test_stand' returned '0': PYTHONPATH=/home/marc/ros2_ws/build/test_stand/prefix_override:/usr/lib/python3/dist-packages/colcon_core/task/python/colcon_distutils_commands:/home/marc/ros2_ws/install/test_stand/lib/python3.10/site-packages:${PYTHONPATH} /usr/bin/python3 -W ignore:setup.py install is deprecated setup.py egg_info --egg-base ../../build/test_stand build --build-base /home/marc/ros2_ws/build/test_stand/build install --record /home/marc/ros2_ws/build/test_stand/install.log --single-version-externally-managed install_data
[19.800s] Level 1:colcon.colcon_core.environment:checking '/home/marc/ros2_ws/install/test_stand' for CMake config files
[19.808s] Level 1:colcon.colcon_core.environment:checking '/home/marc/ros2_ws/install/test_stand/lib'
[19.810s] Level 1:colcon.colcon_core.environment:checking '/home/marc/ros2_ws/install/test_stand/bin'
[19.810s] Level 1:colcon.colcon_core.environment:checking '/home/marc/ros2_ws/install/test_stand/lib/pkgconfig/test_stand.pc'
[19.813s] Level 1:colcon.colcon_core.environment:checking '/home/marc/ros2_ws/install/test_stand/lib/python3.10/site-packages'
[19.814s] Level 1:colcon.colcon_core.shell:create_environment_hook('test_stand', 'pythonpath')
[19.817s] INFO:colcon.colcon_core.shell:Creating environment hook '/home/marc/ros2_ws/install/test_stand/share/test_stand/hook/pythonpath.ps1'
[19.821s] INFO:colcon.colcon_core.shell:Creating environment descriptor '/home/marc/ros2_ws/install/test_stand/share/test_stand/hook/pythonpath.dsv'
[19.826s] INFO:colcon.colcon_core.shell:Creating environment hook '/home/marc/ros2_ws/install/test_stand/share/test_stand/hook/pythonpath.sh'
[19.833s] Level 1:colcon.colcon_core.environment:checking '/home/marc/ros2_ws/install/test_stand/bin'
[19.833s] Level 1:colcon.colcon_core.environment:create_environment_scripts_only(test_stand)
[19.837s] INFO:colcon.colcon_core.shell:Creating package script '/home/marc/ros2_ws/install/test_stand/share/test_stand/package.ps1'
[19.844s] INFO:colcon.colcon_core.shell:Creating package descriptor '/home/marc/ros2_ws/install/test_stand/share/test_stand/package.dsv'
[19.850s] INFO:colcon.colcon_core.shell:Creating package script '/home/marc/ros2_ws/install/test_stand/share/test_stand/package.sh'
[19.855s] INFO:colcon.colcon_core.shell:Creating package script '/home/marc/ros2_ws/install/test_stand/share/test_stand/package.bash'
[19.860s] INFO:colcon.colcon_core.shell:Creating package script '/home/marc/ros2_ws/install/test_stand/share/test_stand/package.zsh'
[19.865s] Level 1:colcon.colcon_core.environment:create_file_with_runtime_dependencies(/home/marc/ros2_ws/install/test_stand/share/colcon-core/packages/test_stand)
[20.596s] DEBUG:colcon.colcon_core.event_handler.log_command:Invoking command in '/home/marc/ros2_ws/src/thorn_planners': PYTHONPATH=/home/marc/ros2_ws/build/thorn_planners/prefix_override:/usr/lib/python3/dist-packages/colcon_core/task/python/colcon_distutils_commands:/home/marc/ros2_ws/install/thorn_planners/lib/python3.10/site-packages:${PYTHONPATH} /usr/bin/python3 -W ignore:setup.py install is deprecated setup.py egg_info --egg-base ../../build/thorn_planners build --build-base /home/marc/ros2_ws/build/thorn_planners/build install --record /home/marc/ros2_ws/build/thorn_planners/install.log --single-version-externally-managed install_data
[23.896s] Level 1:colcon.colcon_core.environment:checking '/home/marc/ros2_ws/install/thorn_planners' for CMake module files
[23.900s] DEBUG:colcon.colcon_core.event_handler.log_command:Invoked command in '/home/marc/ros2_ws/src/thorn_planners' returned '0': PYTHONPATH=/home/marc/ros2_ws/build/thorn_planners/prefix_override:/usr/lib/python3/dist-packages/colcon_core/task/python/colcon_distutils_commands:/home/marc/ros2_ws/install/thorn_planners/lib/python3.10/site-packages:${PYTHONPATH} /usr/bin/python3 -W ignore:setup.py install is deprecated setup.py egg_info --egg-base ../../build/thorn_planners build --build-base /home/marc/ros2_ws/build/thorn_planners/build install --record /home/marc/ros2_ws/build/thorn_planners/install.log --single-version-externally-managed install_data
[23.907s] Level 1:colcon.colcon_core.environment:checking '/home/marc/ros2_ws/install/thorn_planners' for CMake config files
[23.922s] Level 1:colcon.colcon_core.environment:checking '/home/marc/ros2_ws/install/thorn_planners/lib'
[23.923s] Level 1:colcon.colcon_core.environment:checking '/home/marc/ros2_ws/install/thorn_planners/bin'
[23.924s] Level 1:colcon.colcon_core.environment:checking '/home/marc/ros2_ws/install/thorn_planners/lib/pkgconfig/thorn_planners.pc'
[23.927s] Level 1:colcon.colcon_core.environment:checking '/home/marc/ros2_ws/install/thorn_planners/lib/python3.10/site-packages'
[23.928s] Level 1:colcon.colcon_core.shell:create_environment_hook('thorn_planners', 'pythonpath')
[23.931s] INFO:colcon.colcon_core.shell:Creating environment hook '/home/marc/ros2_ws/install/thorn_planners/share/thorn_planners/hook/pythonpath.ps1'
[23.935s] INFO:colcon.colcon_core.shell:Creating environment descriptor '/home/marc/ros2_ws/install/thorn_planners/share/thorn_planners/hook/pythonpath.dsv'
[23.940s] INFO:colcon.colcon_core.shell:Creating environment hook '/home/marc/ros2_ws/install/thorn_planners/share/thorn_planners/hook/pythonpath.sh'
[23.947s] Level 1:colcon.colcon_core.environment:checking '/home/marc/ros2_ws/install/thorn_planners/bin'
[23.947s] Level 1:colcon.colcon_core.environment:create_environment_scripts_only(thorn_planners)
[23.951s] INFO:colcon.colcon_core.shell:Creating package script '/home/marc/ros2_ws/install/thorn_planners/share/thorn_planners/package.ps1'
[23.956s] INFO:colcon.colcon_core.shell:Creating package descriptor '/home/marc/ros2_ws/install/thorn_planners/share/thorn_planners/package.dsv'
[23.961s] INFO:colcon.colcon_core.shell:Creating package script '/home/marc/ros2_ws/install/thorn_planners/share/thorn_planners/package.sh'
[23.967s] INFO:colcon.colcon_core.shell:Creating package script '/home/marc/ros2_ws/install/thorn_planners/share/thorn_planners/package.bash'
[23.971s] INFO:colcon.colcon_core.shell:Creating package script '/home/marc/ros2_ws/install/thorn_planners/share/thorn_planners/package.zsh'
[23.976s] Level 1:colcon.colcon_core.environment:create_file_with_runtime_dependencies(/home/marc/ros2_ws/install/thorn_planners/share/colcon-core/packages/thorn_planners)
[23.979s] DEBUG:colcon.colcon_parallel_executor.executor.parallel:closing loop
[23.982s] DEBUG:colcon.colcon_parallel_executor.executor.parallel:loop closed
[23.983s] DEBUG:colcon.colcon_parallel_executor.executor.parallel:run_until_complete finished with '0'
[23.984s] DEBUG:colcon.colcon_core.event_reactor:joining thread
[24.050s] INFO:colcon.colcon_core.plugin_system:Skipping extension 'colcon_notification.desktop_notification.notify_send': Could not find 'notify-send'
[24.051s] INFO:colcon.colcon_core.plugin_system:Skipping extension 'colcon_notification.desktop_notification.terminal_notifier': Not used on non-Darwin systems
[24.051s] INFO:colcon.colcon_core.plugin_system:Skipping extension 'colcon_notification.desktop_notification.win32': Not used on non-Windows systems
[24.052s] INFO:colcon.colcon_notification.desktop_notification:Sending desktop notification using 'notify2'
[24.059s] DEBUG:colcon.colcon_notification.desktop_notification.notify2:Failed to initialize notify2: org.freedesktop.DBus.Error.ServiceUnknown: The name org.freedesktop.Notifications was not provided by any .service files
[24.060s] DEBUG:colcon.colcon_core.event_reactor:joined thread
[24.063s] INFO:colcon.colcon_core.shell:Creating prefix script '/home/marc/ros2_ws/install/local_setup.ps1'
[24.073s] INFO:colcon.colcon_core.shell:Creating prefix util module '/home/marc/ros2_ws/install/_local_setup_util_ps1.py'
[24.093s] INFO:colcon.colcon_core.shell:Creating prefix chain script '/home/marc/ros2_ws/install/setup.ps1'
[24.107s] INFO:colcon.colcon_core.shell:Creating prefix script '/home/marc/ros2_ws/install/local_setup.sh'
[24.113s] INFO:colcon.colcon_core.shell:Creating prefix util module '/home/marc/ros2_ws/install/_local_setup_util_sh.py'
[24.120s] INFO:colcon.colcon_core.shell:Creating prefix chain script '/home/marc/ros2_ws/install/setup.sh'
[24.134s] INFO:colcon.colcon_core.shell:Creating prefix script '/home/marc/ros2_ws/install/local_setup.bash'
[24.140s] INFO:colcon.colcon_core.shell:Creating prefix chain script '/home/marc/ros2_ws/install/setup.bash'
[24.153s] INFO:colcon.colcon_core.shell:Creating prefix script '/home/marc/ros2_ws/install/local_setup.zsh'
[24.159s] INFO:colcon.colcon_core.shell:Creating prefix chain script '/home/marc/ros2_ws/install/setup.zsh'
