[0.315s] Invoking command in '/home/marc/ros2_ws/build/thorn_controllers': CMAKE_PREFIX_PATH=${CMAKE_PREFIX_PATH}:/home/marc/ros2_ws/install/thorn_planners:/home/marc/ros2_ws/install/thorn_launchers:/opt/ros/iron /usr/bin/cmake --build /home/marc/ros2_ws/build/thorn_controllers -- -j4 -l4
[3.873s] Invoked command in '/home/marc/ros2_ws/build/thorn_controllers' returned '0': CMAKE_PREFIX_PATH=${CMAKE_PREFIX_PATH}:/home/marc/ros2_ws/install/thorn_planners:/home/marc/ros2_ws/install/thorn_launchers:/opt/ros/iron /usr/bin/cmake --build /home/marc/ros2_ws/build/thorn_controllers -- -j4 -l4
[7.001s] Invoking command in '/home/marc/ros2_ws/build/thorn_controllers': CMAKE_PREFIX_PATH=${CMAKE_PREFIX_PATH}:/home/marc/ros2_ws/install/thorn_planners:/home/marc/ros2_ws/install/thorn_launchers:/opt/ros/iron /usr/bin/cmake --install /home/marc/ros2_ws/build/thorn_controllers
[7.096s] -- Install configuration: ""
[7.101s] -- Up-to-date: /home/marc/ros2_ws/install/thorn_controllers/share/ament_index/resource_index/package_run_dependencies/thorn_controllers
[7.102s] -- Up-to-date: /home/marc/ros2_ws/install/thorn_controllers/share/ament_index/resource_index/parent_prefix_path/thorn_controllers
[7.106s] -- Up-to-date: /home/marc/ros2_ws/install/thorn_controllers/share/thorn_controllers/environment/ament_prefix_path.sh
[7.109s] -- Up-to-date: /home/marc/ros2_ws/install/thorn_controllers/share/thorn_controllers/environment/ament_prefix_path.dsv
[7.111s] -- Up-to-date: /home/marc/ros2_ws/install/thorn_controllers/share/thorn_controllers/environment/path.sh
[7.113s] -- Up-to-date: /home/marc/ros2_ws/install/thorn_controllers/share/thorn_controllers/environment/path.dsv
[7.114s] -- Up-to-date: /home/marc/ros2_ws/install/thorn_controllers/share/thorn_controllers/local_setup.bash
[7.118s] -- Up-to-date: /home/marc/ros2_ws/install/thorn_controllers/share/thorn_controllers/local_setup.sh
[7.119s] -- Up-to-date: /home/marc/ros2_ws/install/thorn_controllers/share/thorn_controllers/local_setup.zsh
[7.121s] -- Up-to-date: /home/marc/ros2_ws/install/thorn_controllers/share/thorn_controllers/local_setup.dsv
[7.122s] -- Installing: /home/marc/ros2_ws/install/thorn_controllers/share/thorn_controllers/package.dsv
[7.127s] -- Up-to-date: /home/marc/ros2_ws/install/thorn_controllers/share/ament_index/resource_index/packages/thorn_controllers
[7.131s] -- Up-to-date: /home/marc/ros2_ws/install/thorn_controllers/share/thorn_controllers/cmake/thorn_controllersConfig.cmake
[7.133s] -- Up-to-date: /home/marc/ros2_ws/install/thorn_controllers/share/thorn_controllers/cmake/thorn_controllersConfig-version.cmake
[7.134s] -- Up-to-date: /home/marc/ros2_ws/install/thorn_controllers/share/thorn_controllers/package.xml
[7.153s] Invoked command in '/home/marc/ros2_ws/build/thorn_controllers' returned '0': CMAKE_PREFIX_PATH=${CMAKE_PREFIX_PATH}:/home/marc/ros2_ws/install/thorn_planners:/home/marc/ros2_ws/install/thorn_launchers:/opt/ros/iron /usr/bin/cmake --install /home/marc/ros2_ws/build/thorn_controllers
