[8.643s] Invoking command in '/home/marc/ros2_ws/src/thorn_planners': PYTHONPATH=/home/marc/ros2_ws/build/thorn_planners/prefix_override:/usr/lib/python3/dist-packages/colcon_core/task/python/colcon_distutils_commands:/home/marc/ros2_ws/install/thorn_planners/lib/python3.10/site-packages:${PYTHONPATH} /usr/bin/python3 -W ignore:setup.py install is deprecated setup.py egg_info --egg-base ../../build/thorn_planners build --build-base /home/marc/ros2_ws/build/thorn_planners/build install --record /home/marc/ros2_ws/build/thorn_planners/install.log --single-version-externally-managed install_data
[11.342s] running egg_info
[11.348s] writing ../../build/thorn_planners/thorn_planners.egg-info/PKG-INFO
[11.351s] writing dependency_links to ../../build/thorn_planners/thorn_planners.egg-info/dependency_links.txt
[11.353s] writing entry points to ../../build/thorn_planners/thorn_planners.egg-info/entry_points.txt
[11.355s] writing requirements to ../../build/thorn_planners/thorn_planners.egg-info/requires.txt
[11.356s] writing top-level names to ../../build/thorn_planners/thorn_planners.egg-info/top_level.txt
[11.375s] reading manifest file '../../build/thorn_planners/thorn_planners.egg-info/SOURCES.txt'
[11.386s] writing manifest file '../../build/thorn_planners/thorn_planners.egg-info/SOURCES.txt'
[11.387s] running build
[11.388s] running build_py
[11.391s] running install
[11.394s] running install_lib
[11.407s] running install_data
[11.408s] running install_egg_info
[11.426s] removing '/home/marc/ros2_ws/install/thorn_planners/lib/python3.10/site-packages/thorn_planners-0.0.0-py3.10.egg-info' (and everything under it)
[11.430s] Copying ../../build/thorn_planners/thorn_planners.egg-info to /home/marc/ros2_ws/install/thorn_planners/lib/python3.10/site-packages/thorn_planners-0.0.0-py3.10.egg-info
[11.443s] running install_scripts
[11.648s] Installing Flight_Planner_node script to /home/marc/ros2_ws/install/thorn_planners/lib/thorn_planners
[11.651s] writing list of installed files to '/home/marc/ros2_ws/build/thorn_planners/install.log'
[11.918s] Invoked command in '/home/marc/ros2_ws/src/thorn_planners' returned '0': PYTHONPATH=/home/marc/ros2_ws/build/thorn_planners/prefix_override:/usr/lib/python3/dist-packages/colcon_core/task/python/colcon_distutils_commands:/home/marc/ros2_ws/install/thorn_planners/lib/python3.10/site-packages:${PYTHONPATH} /usr/bin/python3 -W ignore:setup.py install is deprecated setup.py egg_info --egg-base ../../build/thorn_planners build --build-base /home/marc/ros2_ws/build/thorn_planners/build install --record /home/marc/ros2_ws/build/thorn_planners/install.log --single-version-externally-managed install_data
