[6.932s] Invoking command in '/home/marc/ros2_ws/src/thorn_planners': PYTHONPATH=/home/marc/ros2_ws/build/thorn_planners/prefix_override:/usr/lib/python3/dist-packages/colcon_core/task/python/colcon_distutils_commands:/home/marc/ros2_ws/install/thorn_planners/lib/python3.10/site-packages:${PYTHONPATH} /usr/bin/python3 -W ignore:setup.py install is deprecated setup.py egg_info --egg-base ../../build/thorn_planners build --build-base /home/marc/ros2_ws/build/thorn_planners/build install --record /home/marc/ros2_ws/build/thorn_planners/install.log --single-version-externally-managed install_data
[9.599s] running egg_info
[9.605s] writing ../../build/thorn_planners/thorn_planners.egg-info/PKG-INFO
[9.609s] writing dependency_links to ../../build/thorn_planners/thorn_planners.egg-info/dependency_links.txt
[9.611s] writing entry points to ../../build/thorn_planners/thorn_planners.egg-info/entry_points.txt
[9.614s] writing requirements to ../../build/thorn_planners/thorn_planners.egg-info/requires.txt
[9.615s] writing top-level names to ../../build/thorn_planners/thorn_planners.egg-info/top_level.txt
[9.634s] reading manifest file '../../build/thorn_planners/thorn_planners.egg-info/SOURCES.txt'
[9.646s] writing manifest file '../../build/thorn_planners/thorn_planners.egg-info/SOURCES.txt'
[9.647s] running build
[9.648s] running build_py
[9.653s] copying thorn_planners/Flight_Planner_node.py -> /home/marc/ros2_ws/build/thorn_planners/build/lib/thorn_planners
[9.657s] running install
[9.660s] running install_lib
[9.670s] copying /home/marc/ros2_ws/build/thorn_planners/build/lib/thorn_planners/Flight_Planner_node.py -> /home/marc/ros2_ws/install/thorn_planners/lib/python3.10/site-packages/thorn_planners
[9.678s] byte-compiling /home/marc/ros2_ws/install/thorn_planners/lib/python3.10/site-packages/thorn_planners/Flight_Planner_node.py to Flight_Planner_node.cpython-310.pyc
[9.684s] /home/marc/ros2_ws/install/thorn_planners/lib/python3.10/site-packages/thorn_planners/Flight_Planner_node.py:71: SyntaxWarning: 'str' object is not callable; perhaps you missed a comma?
[9.685s]   self.get_logger().error("Set: %d" (actual_servo_PWM))
[9.687s] running install_data
[9.691s] running install_egg_info
[9.709s] removing '/home/marc/ros2_ws/install/thorn_planners/lib/python3.10/site-packages/thorn_planners-0.0.0-py3.10.egg-info' (and everything under it)
[9.713s] Copying ../../build/thorn_planners/thorn_planners.egg-info to /home/marc/ros2_ws/install/thorn_planners/lib/python3.10/site-packages/thorn_planners-0.0.0-py3.10.egg-info
[9.728s] running install_scripts
[9.930s] Installing Flight_Planner_node script to /home/marc/ros2_ws/install/thorn_planners/lib/thorn_planners
[9.934s] writing list of installed files to '/home/marc/ros2_ws/build/thorn_planners/install.log'
[10.198s] Invoked command in '/home/marc/ros2_ws/src/thorn_planners' returned '0': PYTHONPATH=/home/marc/ros2_ws/build/thorn_planners/prefix_override:/usr/lib/python3/dist-packages/colcon_core/task/python/colcon_distutils_commands:/home/marc/ros2_ws/install/thorn_planners/lib/python3.10/site-packages:${PYTHONPATH} /usr/bin/python3 -W ignore:setup.py install is deprecated setup.py egg_info --egg-base ../../build/thorn_planners build --build-base /home/marc/ros2_ws/build/thorn_planners/build install --record /home/marc/ros2_ws/build/thorn_planners/install.log --single-version-externally-managed install_data
