[10.272s] Invoking command in '/home/marc/ros2_ws/src/thorn_launchers': PYTHONPATH=/home/marc/ros2_ws/build/thorn_launchers/prefix_override:/usr/lib/python3/dist-packages/colcon_core/task/python/colcon_distutils_commands:/home/marc/ros2_ws/install/thorn_launchers/lib/python3.10/site-packages:${PYTHONPATH} /usr/bin/python3 -W ignore:setup.py install is deprecated setup.py egg_info --egg-base ../../build/thorn_launchers build --build-base /home/marc/ros2_ws/build/thorn_launchers/build install --record /home/marc/ros2_ws/build/thorn_launchers/install.log --single-version-externally-managed install_data
[12.970s] running egg_info
[12.977s] writing ../../build/thorn_launchers/thorn_launchers.egg-info/PKG-INFO
[12.981s] writing dependency_links to ../../build/thorn_launchers/thorn_launchers.egg-info/dependency_links.txt
[12.983s] writing entry points to ../../build/thorn_launchers/thorn_launchers.egg-info/entry_points.txt
[12.985s] writing requirements to ../../build/thorn_launchers/thorn_launchers.egg-info/requires.txt
[12.987s] writing top-level names to ../../build/thorn_launchers/thorn_launchers.egg-info/top_level.txt
[13.004s] reading manifest file '../../build/thorn_launchers/thorn_launchers.egg-info/SOURCES.txt'
[13.018s] writing manifest file '../../build/thorn_launchers/thorn_launchers.egg-info/SOURCES.txt'
[13.019s] running build
[13.020s] running build_py
[13.026s] running install
[13.029s] running install_lib
[13.045s] running install_data
[13.052s] running install_egg_info
[13.070s] removing '/home/marc/ros2_ws/install/thorn_launchers/lib/python3.10/site-packages/thorn_launchers-0.0.0-py3.10.egg-info' (and everything under it)
[13.075s] Copying ../../build/thorn_launchers/thorn_launchers.egg-info to /home/marc/ros2_ws/install/thorn_launchers/lib/python3.10/site-packages/thorn_launchers-0.0.0-py3.10.egg-info
[13.090s] running install_scripts
[13.295s] writing list of installed files to '/home/marc/ros2_ws/build/thorn_launchers/install.log'
[13.565s] Invoked command in '/home/marc/ros2_ws/src/thorn_launchers' returned '0': PYTHONPATH=/home/marc/ros2_ws/build/thorn_launchers/prefix_override:/usr/lib/python3/dist-packages/colcon_core/task/python/colcon_distutils_commands:/home/marc/ros2_ws/install/thorn_launchers/lib/python3.10/site-packages:${PYTHONPATH} /usr/bin/python3 -W ignore:setup.py install is deprecated setup.py egg_info --egg-base ../../build/thorn_launchers build --build-base /home/marc/ros2_ws/build/thorn_launchers/build install --record /home/marc/ros2_ws/build/thorn_launchers/install.log --single-version-externally-managed install_data
